Using pre-set license
Built from '2022.3/staging' branch; Version is '2022.3.10f1 (ff3792e53c62) revision 16725906'; Using compiler version '192829333'; Build Type 'Release'
OS: 'Windows 10  (10.0.19045) 64bit Professional' Language: 'ru' Physical Memory: 16221 MB
BatchMode: 1, IsHumanControllingUs: 0, StartBugReporterOnCrash: 0, Is64bit: 1, IsPro: 1

COMMAND LINE ARGUMENTS:
C:\Program Files\Unity\Hub\Editor\2022.3.10f1\Editor\Unity.exe
-adb2
-batchMode
-noUpm
-name
AssetImportWorker12
-projectPath
C:/Users/darkc/Documents/GitHub/Rob/Rob
-logFile
Logs/AssetImportWorker12.log
-srvPort
51963
Successfully changed project path to: C:/Users/darkc/Documents/GitHub/Rob/Rob
C:/Users/darkc/Documents/GitHub/Rob/Rob
[UnityMemory] Configuration Parameters - Can be set up in boot.config
    "memorysetup-bucket-allocator-granularity=16"
    "memorysetup-bucket-allocator-bucket-count=8"
    "memorysetup-bucket-allocator-block-size=33554432"
    "memorysetup-bucket-allocator-block-count=8"
    "memorysetup-main-allocator-block-size=16777216"
    "memorysetup-thread-allocator-block-size=16777216"
    "memorysetup-gfx-main-allocator-block-size=16777216"
    "memorysetup-gfx-thread-allocator-block-size=16777216"
    "memorysetup-cache-allocator-block-size=4194304"
    "memorysetup-typetree-allocator-block-size=2097152"
    "memorysetup-profiler-bucket-allocator-granularity=16"
    "memorysetup-profiler-bucket-allocator-bucket-count=8"
    "memorysetup-profiler-bucket-allocator-block-size=33554432"
    "memorysetup-profiler-bucket-allocator-block-count=8"
    "memorysetup-profiler-allocator-block-size=16777216"
    "memorysetup-profiler-editor-allocator-block-size=1048576"
    "memorysetup-temp-allocator-size-main=16777216"
    "memorysetup-job-temp-allocator-block-size=2097152"
    "memorysetup-job-temp-allocator-block-size-background=1048576"
    "memorysetup-job-temp-allocator-reduction-small-platforms=262144"
    "memorysetup-allocator-temp-initial-block-size-main=262144"
    "memorysetup-allocator-temp-initial-block-size-worker=262144"
    "memorysetup-temp-allocator-size-background-worker=32768"
    "memorysetup-temp-allocator-size-job-worker=262144"
    "memorysetup-temp-allocator-size-preload-manager=33554432"
    "memorysetup-temp-allocator-size-nav-mesh-worker=65536"
    "memorysetup-temp-allocator-size-audio-worker=65536"
    "memorysetup-temp-allocator-size-cloud-worker=32768"
    "memorysetup-temp-allocator-size-gi-baking-worker=262144"
    "memorysetup-temp-allocator-size-gfx=262144"
Player connection [5508] Host "[IP] 10.54.235.250 [Port] 0 [Flags] 2 [Guid] 3426973287 [EditorId] 3426973287 [Version] 1048832 [Id] WindowsEditor(7,DESKTOP-BVBJ8MC) [Debug] 1 [PackageName] WindowsEditor [ProjectName] Editor" joined multi-casting on [225.0.0.222:54997]...

Player connection [5508] Host "[IP] 10.54.235.250 [Port] 0 [Flags] 2 [Guid] 3426973287 [EditorId] 3426973287 [Version] 1048832 [Id] WindowsEditor(7,DESKTOP-BVBJ8MC) [Debug] 1 [PackageName] WindowsEditor [ProjectName] Editor" joined alternative multi-casting on [225.0.0.222:34997]...

[Physics::Module] Initialized MultithreadedJobDispatcher with 11 workers.
Refreshing native plugins compatible for Editor in 33.08 ms, found 6 plugins.
Preloading 0 native plugins for Editor in 0.00 ms.
Initialize engine version: 2022.3.10f1 (ff3792e53c62)
[Subsystems] Discovering subsystems at path C:/Program Files/Unity/Hub/Editor/2022.3.10f1/Editor/Data/Resources/UnitySubsystems
[Subsystems] Discovering subsystems at path C:/Users/darkc/Documents/GitHub/Rob/Rob/Assets
GfxDevice: creating device client; threaded=0; jobified=0
Direct3D:
    Version:  Direct3D 11.0 [level 11.1]
    Renderer: NVIDIA GeForce GTX 1650 (ID=0x1f99)
    Vendor:   NVIDIA
    VRAM:     3962 MB
    Driver:   31.0.15.2230
Initialize mono
Mono path[0] = 'C:/Program Files/Unity/Hub/Editor/2022.3.10f1/Editor/Data/Managed'
Mono path[1] = 'C:/Program Files/Unity/Hub/Editor/2022.3.10f1/Editor/Data/MonoBleedingEdge/lib/mono/unityjit-win32'
Mono config path = 'C:/Program Files/Unity/Hub/Editor/2022.3.10f1/Editor/Data/MonoBleedingEdge/etc'
Using monoOptions --debugger-agent=transport=dt_socket,embedding=1,server=y,suspend=n,address=127.0.0.1:56112
Begin MonoManager ReloadAssembly
Registering precompiled unity dll's ...
Register platform support module: C:/Program Files/Unity/Hub/Editor/2022.3.10f1/Editor/Data/PlaybackEngines/WebGLSupport/UnityEditor.WebGL.Extensions.dll
Register platform support module: C:/Program Files/Unity/Hub/Editor/2022.3.10f1/Editor/Data/PlaybackEngines/WindowsStandaloneSupport/UnityEditor.WindowsStandalone.Extensions.dll
Registered in 0.012506 seconds.
- Loaded All Assemblies, in  0.393 seconds
Native extension for WindowsStandalone target not found
Native extension for WebGL target not found
Mono: successfully reloaded assembly
- Finished resetting the current domain, in  0.259 seconds
Domain Reload Profiling: 650ms
	BeginReloadAssembly (140ms)
		ExecutionOrderSort (0ms)
		DisableScriptedObjects (0ms)
		BackupInstance (0ms)
		ReleaseScriptingObjects (0ms)
		CreateAndSetChildDomain (1ms)
	RebuildCommonClasses (38ms)
	RebuildNativeTypeToScriptingClass (12ms)
	initialDomainReloadingComplete (61ms)
	LoadAllAssembliesAndSetupDomain (140ms)
		LoadAssemblies (137ms)
		RebuildTransferFunctionScriptingTraits (0ms)
		AnalyzeDomain (137ms)
			TypeCache.Refresh (136ms)
				TypeCache.ScanAssembly (123ms)
			ScanForSourceGeneratedMonoScriptInfo (0ms)
			ResolveRequiredComponents (0ms)
	FinalizeReload (259ms)
		ReleaseScriptCaches (0ms)
		RebuildScriptCaches (0ms)
		SetupLoadedEditorAssemblies (188ms)
			LogAssemblyErrors (0ms)
			InitializePlatformSupportModulesInManaged (11ms)
			SetLoadedEditorAssemblies (5ms)
			RefreshPlugins (0ms)
			BeforeProcessingInitializeOnLoad (2ms)
			ProcessInitializeOnLoadAttributes (124ms)
			ProcessInitializeOnLoadMethodAttributes (45ms)
			AfterProcessingInitializeOnLoad (0ms)
			EditorAssembliesLoaded (0ms)
		ExecutionOrderSort2 (0ms)
		AwakeInstancesAfterBackupRestoration (0ms)
========================================================================
Worker process is ready to serve import requests
Begin MonoManager ReloadAssembly
- Loaded All Assemblies, in  0.947 seconds
Refreshing native plugins compatible for Editor in 8.15 ms, found 6 plugins.
Native extension for WindowsStandalone target not found
Native extension for WebGL target not found
Package Manager log level set to [2]
[Package Manager] Server::EnsureServerProcessIsRunning -- launch failed, reason: Unity was launched with the -noUpm command-line argument
[Package Manager] UpmClient::Send -- Unable to send message (not connected to UPM process).
[Package Manager] Cannot connect to Unity Package Manager local server
Launched and connected shader compiler UnityShaderCompiler.exe after 0.05 seconds
Mono: successfully reloaded assembly
- Finished resetting the current domain, in  1.408 seconds
Domain Reload Profiling: 2351ms
	BeginReloadAssembly (161ms)
		ExecutionOrderSort (0ms)
		DisableScriptedObjects (5ms)
		BackupInstance (0ms)
		ReleaseScriptingObjects (0ms)
		CreateAndSetChildDomain (21ms)
	RebuildCommonClasses (34ms)
	RebuildNativeTypeToScriptingClass (13ms)
	initialDomainReloadingComplete (49ms)
	LoadAllAssembliesAndSetupDomain (687ms)
		LoadAssemblies (415ms)
		RebuildTransferFunctionScriptingTraits (0ms)
		AnalyzeDomain (359ms)
			TypeCache.Refresh (290ms)
				TypeCache.ScanAssembly (272ms)
			ScanForSourceGeneratedMonoScriptInfo (47ms)
			ResolveRequiredComponents (20ms)
	FinalizeReload (1408ms)
		ReleaseScriptCaches (0ms)
		RebuildScriptCaches (0ms)
		SetupLoadedEditorAssemblies (1186ms)
			LogAssemblyErrors (0ms)
			InitializePlatformSupportModulesInManaged (11ms)
			SetLoadedEditorAssemblies (7ms)
			RefreshPlugins (0ms)
			BeforeProcessingInitializeOnLoad (127ms)
			ProcessInitializeOnLoadAttributes (669ms)
			ProcessInitializeOnLoadMethodAttributes (365ms)
			AfterProcessingInitializeOnLoad (8ms)
			EditorAssembliesLoaded (0ms)
		ExecutionOrderSort2 (0ms)
		AwakeInstancesAfterBackupRestoration (6ms)
Refreshing native plugins compatible for Editor in 8.08 ms, found 6 plugins.
Preloading 0 native plugins for Editor in 0.00 ms.
Unloading 6506 Unused Serialized files (Serialized files now loaded: 0)
Unloading 113 unused Assets / (66.6 MB). Loaded Objects now: 7026.
Memory consumption went from 482.1 MB to 415.5 MB.
Total: 19.826100 ms (FindLiveObjects: 0.516900 ms CreateObjectMapping: 0.455300 ms MarkObjects: 14.831900 ms  DeleteObjects: 4.021300 ms)

AssetImportParameters requested are different than current active one (requested -> active):
  custom:container-demuxer-ogg: 62fdf1f143b41e24485cea50d1cbac27 -> 
  custom:scripting/monoscript/fileName/EpiShowcase.cs: bc786fe5107a676209768b89581ed7ca -> 560d903eb64b2fb30588ee6fc53dcb76
  custom:framework-win-MediaFoundation: 216162199b28c13a410421893ffa2e32 -> 
  custom:container-muxer-webm: aa71ff27fc2769a1b78a27578f13a17b -> 
  custom:video-decoder-webm-vp8: 9c59270c3fd7afecdb556c50c9e8de78 -> 
  custom:SearchIndexIgnoredProperties: e643bd26f0fe6173181afceb89e7c659 -> 
  custom:AudioImporter_EditorPlatform: d09bf68614088b80899f8185d706f6e7 -> 
  custom:audio-decoder-ogg-vorbis: bf7c407c2cedff20999df2af8eb42d56 -> 
  custom:audio-encoder-webm-vorbis: bf7c407c2cedff20999df2af8eb42d56 -> 
  custom:video-decoder-ogg-theora: a1e56fd34408186e4bbccfd4996cb3dc -> 
  custom:CustomObjectIndexerAttribute: a3ef5dd2817f97addfee359851a9dba5 -> 
  custom:container-demuxer-webm: 4f35f7cbe854078d1ac9338744f61a02 -> 
  custom:video-encoder-webm-vp8: eb34c28f22e8b96e1ab97ce403110664 -> 
========================================================================
Received Import Request.
  Time since last request: 436590.417807 seconds.
  path: Assets/AddedAssets/Characters/Quirky Series Vol.1 [v1.3]/Farm Vol.1/Animations/Buffalo_Animations.fbx
  artifactKey: Guid(f4365bc6de970c24681da4b974dc7de4) Importer(815301076,1909f56bfc062723c751e8b465ee728b)
Start importing Assets/AddedAssets/Characters/Quirky Series Vol.1 [v1.3]/Farm Vol.1/Animations/Buffalo_Animations.fbx using Guid(f4365bc6de970c24681da4b974dc7de4) Importer(815301076,1909f56bfc062723c751e8b465ee728b)  -> (artifact id: '5c5c569c584812c49519b85f868fc556') in 0.175437 seconds
Number of updated asset objects reloaded before import = 0
Number of asset objects unloaded after import = 52
========================================================================
Received Import Request.
  Time since last request: 0.000028 seconds.
  path: Assets/AddedAssets/Characters/Quirky Series Vol.1 [v1.3]/Pets Vol.1/Models/Cat_LOD2.fbx
  artifactKey: Guid(b001be81402789d46a8e8bf202d80bce) Importer(815301076,1909f56bfc062723c751e8b465ee728b)
Start importing Assets/AddedAssets/Characters/Quirky Series Vol.1 [v1.3]/Pets Vol.1/Models/Cat_LOD2.fbx using Guid(b001be81402789d46a8e8bf202d80bce) Importer(815301076,1909f56bfc062723c751e8b465ee728b)  -> (artifact id: '7afce7585fb0214e171057d082d96c32') in 0.034535 seconds
Number of updated asset objects reloaded before import = 0
Number of asset objects unloaded after import = 34
========================================================================
Received Import Request.
  Time since last request: 0.000026 seconds.
  path: Assets/AddedAssets/Characters/Quirky Series Vol.1 [v1.3]/Forest Vol.1/Models/Crow_LOD2.fbx
  artifactKey: Guid(662276d49d8b797469f606d7c07d2bdb) Importer(815301076,1909f56bfc062723c751e8b465ee728b)
Start importing Assets/AddedAssets/Characters/Quirky Series Vol.1 [v1.3]/Forest Vol.1/Models/Crow_LOD2.fbx using Guid(662276d49d8b797469f606d7c07d2bdb) Importer(815301076,1909f56bfc062723c751e8b465ee728b)  -> (artifact id: 'afded3f1740350f7cb84266abc4c051f') in 0.034721 seconds
Number of updated asset objects reloaded before import = 0
Number of asset objects unloaded after import = 34
========================================================================
Received Import Request.
  Time since last request: 0.000016 seconds.
  path: Assets/AddedAssets/Characters/Quirky Series Vol.4 [v1.3]/Jungle Vol.2/Models/Chimp_LOD1.fbx
  artifactKey: Guid(aa9bb30196247304799bb47eaf744f4e) Importer(815301076,1909f56bfc062723c751e8b465ee728b)
Start importing Assets/AddedAssets/Characters/Quirky Series Vol.4 [v1.3]/Jungle Vol.2/Models/Chimp_LOD1.fbx using Guid(aa9bb30196247304799bb47eaf744f4e) Importer(815301076,1909f56bfc062723c751e8b465ee728b)  -> (artifact id: 'f7b587d56cb97c3eaf0c64e8adaa2228') in 0.049698 seconds
Number of updated asset objects reloaded before import = 0
Number of asset objects unloaded after import = 30
========================================================================
Received Import Request.
  Time since last request: 0.000020 seconds.
  path: Assets/AddedAssets/Characters/Quirky Series Vol.1 [v1.3]/Safari Vol.1/Materials/M_Cheetah.mat
  artifactKey: Guid(5c60a3e4a28d3664db93cc99c64c0aef) Importer(815301076,1909f56bfc062723c751e8b465ee728b)
Start importing Assets/AddedAssets/Characters/Quirky Series Vol.1 [v1.3]/Safari Vol.1/Materials/M_Cheetah.mat using Guid(5c60a3e4a28d3664db93cc99c64c0aef) Importer(815301076,1909f56bfc062723c751e8b465ee728b)  -> (artifact id: '6ea496cf130a0f2a0ce9a14bf4d8e8ef') in 0.018239 seconds
Number of updated asset objects reloaded before import = 0
Number of asset objects unloaded after import = 2
========================================================================
Received Import Request.
  Time since last request: 0.000031 seconds.
  path: Assets/AddedAssets/Characters/Quirky Series Vol.1 [v1.3]/Farm Vol.1/Materials/M_Chick.mat
  artifactKey: Guid(dc9720a642fb0b146a28a044fbb0ba3b) Importer(815301076,1909f56bfc062723c751e8b465ee728b)
Start importing Assets/AddedAssets/Characters/Quirky Series Vol.1 [v1.3]/Farm Vol.1/Materials/M_Chick.mat using Guid(dc9720a642fb0b146a28a044fbb0ba3b) Importer(815301076,1909f56bfc062723c751e8b465ee728b)  -> (artifact id: '2aaa435c3d75d5586ea3cf6c1da21ebc') in 0.013931 seconds
Number of updated asset objects reloaded before import = 0
Number of asset objects unloaded after import = 2
========================================================================
Received Import Request.
  Time since last request: 0.000017 seconds.
  path: Assets/AddedAssets/Characters/Quirky Series Vol.1 [v1.3]/Pets Vol.1/Models/Cat_LOD3.fbx
  artifactKey: Guid(c1996632dde0fb0409fb9d73c24ab48f) Importer(815301076,1909f56bfc062723c751e8b465ee728b)
Start importing Assets/AddedAssets/Characters/Quirky Series Vol.1 [v1.3]/Pets Vol.1/Models/Cat_LOD3.fbx using Guid(c1996632dde0fb0409fb9d73c24ab48f) Importer(815301076,1909f56bfc062723c751e8b465ee728b)  -> (artifact id: '6f6831864789f8c47200bba416de870b') in 0.040066 seconds
Number of updated asset objects reloaded before import = 0
Number of asset objects unloaded after import = 34
========================================================================
Received Import Request.
  Time since last request: 0.000023 seconds.
  path: Assets/AddedAssets/Characters/Quirky Series Vol.1 [v1.3]/Farm Vol.1/Models/Chick_LOD2.fbx
  artifactKey: Guid(d97ef623382d47a4eafbf54d5f213920) Importer(815301076,1909f56bfc062723c751e8b465ee728b)
Start importing Assets/AddedAssets/Characters/Quirky Series Vol.1 [v1.3]/Farm Vol.1/Models/Chick_LOD2.fbx using Guid(d97ef623382d47a4eafbf54d5f213920) Importer(815301076,1909f56bfc062723c751e8b465ee728b)  -> (artifact id: '28601f1bd1f60fcdedc908c80291f2e4') in 0.038116 seconds
Number of updated asset objects reloaded before import = 0
Number of asset objects unloaded after import = 34
========================================================================
Received Import Request.
  Time since last request: 0.000034 seconds.
  path: Assets/AddedAssets/Characters/Quirky Series Vol.4 [v1.3]/Jungle Vol.2/Models/Chimp_LOD2.fbx
  artifactKey: Guid(c0cd0f1717a58e34f9deefd4f6258525) Importer(815301076,1909f56bfc062723c751e8b465ee728b)
Start importing Assets/AddedAssets/Characters/Quirky Series Vol.4 [v1.3]/Jungle Vol.2/Models/Chimp_LOD2.fbx using Guid(c0cd0f1717a58e34f9deefd4f6258525) Importer(815301076,1909f56bfc062723c751e8b465ee728b)  -> (artifact id: '04d185e7074e1abb5a4729d18061fc89') in 0.042793 seconds
Number of updated asset objects reloaded before import = 0
Number of asset objects unloaded after import = 30
========================================================================
Received Import Request.
  Time since last request: 0.000022 seconds.
  path: Assets/AddedAssets/Characters/Quirky Series Vol.1 [v1.3]/Forest Vol.1/Models/Crow_LOD1.fbx
  artifactKey: Guid(344551b62603dba439a2ce4831d484cc) Importer(815301076,1909f56bfc062723c751e8b465ee728b)
Start importing Assets/AddedAssets/Characters/Quirky Series Vol.1 [v1.3]/Forest Vol.1/Models/Crow_LOD1.fbx using Guid(344551b62603dba439a2ce4831d484cc) Importer(815301076,1909f56bfc062723c751e8b465ee728b)  -> (artifact id: '62823324471a86c4b429d82846858196') in 0.040744 seconds
Number of updated asset objects reloaded before import = 0
Number of asset objects unloaded after import = 34
Editor requested this worker to shutdown with reason: Scaling down because of idle timeout
TcpMessagingSession - receive error: operation aborted. errorcode: 995, details: Îďĺđŕöč˙ ââîäŕ/âűâîäŕ áűëŕ ďđĺđâŕíŕ čç-çŕ çŕâĺđřĺíč˙ ďîňîęŕ ęîěŕíä čëč ďî çŕďđîńó ďđčëîćĺíč˙.
AssetImportWorker is now disconnected from the server
Process exiting
Exiting without the bug reporter. Application will terminate with return code 0