Using pre-set license
Built from '2022.3/staging' branch; Version is '2022.3.9f1 (ea401c316338) revision 15351836'; Using compiler version '192829333'; Build Type 'Release'
OS: 'Windows 10  (10.0.19045) 64bit Professional' Language: 'ru' Physical Memory: 8029 MB
BatchMode: 1, IsHumanControllingUs: 0, StartBugReporterOnCrash: 0, Is64bit: 1, IsPro: 1

COMMAND LINE ARGUMENTS:
C:\Program Files\Unity\Hub\Editor\2022.3.9f1\Editor\Unity.exe
-adb2
-batchMode
-noUpm
-name
AssetImportWorker7
-projectPath
C:/Users/Acer/OneDrive/ąĀą░ą▒ąŠčćąĖą╣ čüčéąŠą╗/čģčāą╣ ą▓ąŠą╣ąĮąĄ/RobTheHouse/Rob/Rob
-logFile
Logs/AssetImportWorker7.log
-srvPort
62955
Successfully changed project path to: C:/Users/Acer/OneDrive/ąĀą░ą▒ąŠčćąĖą╣ čüčéąŠą╗/čģčāą╣ ą▓ąŠą╣ąĮąĄ/RobTheHouse/Rob/Rob
C:/Users/Acer/OneDrive/ąĀą░ą▒ąŠčćąĖą╣ čüčéąŠą╗/čģčāą╣ ą▓ąŠą╣ąĮąĄ/RobTheHouse/Rob/Rob
[UnityMemory] Configuration Parameters - Can be set up in boot.config
    "memorysetup-bucket-allocator-granularity=16"
    "memorysetup-bucket-allocator-bucket-count=8"
    "memorysetup-bucket-allocator-block-size=33554432"
    "memorysetup-bucket-allocator-block-count=8"
    "memorysetup-main-allocator-block-size=16777216"
    "memorysetup-thread-allocator-block-size=16777216"
    "memorysetup-gfx-main-allocator-block-size=16777216"
    "memorysetup-gfx-thread-allocator-block-size=16777216"
    "memorysetup-cache-allocator-block-size=4194304"
    "memorysetup-typetree-allocator-block-size=2097152"
    "memorysetup-profiler-bucket-allocator-granularity=16"
    "memorysetup-profiler-bucket-allocator-bucket-count=8"
    "memorysetup-profiler-bucket-allocator-block-size=33554432"
    "memorysetup-profiler-bucket-allocator-block-count=8"
    "memorysetup-profiler-allocator-block-size=16777216"
    "memorysetup-profiler-editor-allocator-block-size=1048576"
    "memorysetup-temp-allocator-size-main=16777216"
    "memorysetup-job-temp-allocator-block-size=2097152"
    "memorysetup-job-temp-allocator-block-size-background=1048576"
    "memorysetup-job-temp-allocator-reduction-small-platforms=262144"
    "memorysetup-allocator-temp-initial-block-size-main=262144"
    "memorysetup-allocator-temp-initial-block-size-worker=262144"
    "memorysetup-temp-allocator-size-background-worker=32768"
    "memorysetup-temp-allocator-size-job-worker=262144"
    "memorysetup-temp-allocator-size-preload-manager=33554432"
    "memorysetup-temp-allocator-size-nav-mesh-worker=65536"
    "memorysetup-temp-allocator-size-audio-worker=65536"
    "memorysetup-temp-allocator-size-cloud-worker=32768"
    "memorysetup-temp-allocator-size-gi-baking-worker=262144"
    "memorysetup-temp-allocator-size-gfx=262144"
Player connection [11424] Host "[IP] 172.24.80.1 [Port] 0 [Flags] 2 [Guid] 1467748859 [EditorId] 1467748859 [Version] 1048832 [Id] WindowsEditor(7,DESKTOP-25AVAUJ) [Debug] 1 [PackageName] WindowsEditor [ProjectName] Editor" joined multi-casting on [225.0.0.222:54997]...

Player connection [11424] Host "[IP] 172.24.80.1 [Port] 0 [Flags] 2 [Guid] 1467748859 [EditorId] 1467748859 [Version] 1048832 [Id] WindowsEditor(7,DESKTOP-25AVAUJ) [Debug] 1 [PackageName] WindowsEditor [ProjectName] Editor" joined alternative multi-casting on [225.0.0.222:34997]...

[Physics::Module] Initialized MultithreadedJobDispatcher with 11 workers.
Refreshing native plugins compatible for Editor in 49.03 ms, found 6 plugins.
Preloading 0 native plugins for Editor in 0.00 ms.
Initialize engine version: 2022.3.9f1 (ea401c316338)
[Subsystems] Discovering subsystems at path C:/Program Files/Unity/Hub/Editor/2022.3.9f1/Editor/Data/Resources/UnitySubsystems
[Subsystems] Discovering subsystems at path C:/Users/Acer/OneDrive/ąĀą░ą▒ąŠčćąĖą╣ čüčéąŠą╗/čģčāą╣ ą▓ąŠą╣ąĮąĄ/RobTheHouse/Rob/Rob/Assets
GfxDevice: creating device client; threaded=0; jobified=0
Direct3D:
    Version:  Direct3D 11.0 [level 11.1]
    Renderer: NVIDIA GeForce GTX 1650 (ID=0x1f99)
    Vendor:   NVIDIA
    VRAM:     3962 MB
    Driver:   31.0.15.2230
Initialize mono
Mono path[0] = 'C:/Program Files/Unity/Hub/Editor/2022.3.9f1/Editor/Data/Managed'
Mono path[1] = 'C:/Program Files/Unity/Hub/Editor/2022.3.9f1/Editor/Data/MonoBleedingEdge/lib/mono/unityjit-win32'
Mono config path = 'C:/Program Files/Unity/Hub/Editor/2022.3.9f1/Editor/Data/MonoBleedingEdge/etc'
Using monoOptions --debugger-agent=transport=dt_socket,embedding=1,server=y,suspend=n,address=127.0.0.1:56880
Begin MonoManager ReloadAssembly
Registering precompiled unity dll's ...
Register platform support module: C:/Program Files/Unity/Hub/Editor/2022.3.9f1/Editor/Data/PlaybackEngines/WebGLSupport/UnityEditor.WebGL.Extensions.dll
Register platform support module: C:/Program Files/Unity/Hub/Editor/2022.3.9f1/Editor/Data/PlaybackEngines/WindowsStandaloneSupport/UnityEditor.WindowsStandalone.Extensions.dll
Registered in 0.025278 seconds.
- Loaded All Assemblies, in  0.627 seconds
Native extension for WindowsStandalone target not found
Native extension for WebGL target not found
Mono: successfully reloaded assembly
- Finished resetting the current domain, in  0.320 seconds
Domain Reload Profiling: 943ms
	BeginReloadAssembly (277ms)
		ExecutionOrderSort (0ms)
		DisableScriptedObjects (0ms)
		BackupInstance (0ms)
		ReleaseScriptingObjects (0ms)
		CreateAndSetChildDomain (1ms)
	RebuildCommonClasses (50ms)
	RebuildNativeTypeToScriptingClass (14ms)
	initialDomainReloadingComplete (100ms)
	LoadAllAssembliesAndSetupDomain (182ms)
		LoadAssemblies (269ms)
		RebuildTransferFunctionScriptingTraits (0ms)
		AnalyzeDomain (178ms)
			TypeCache.Refresh (176ms)
				TypeCache.ScanAssembly (158ms)
			ScanForSourceGeneratedMonoScriptInfo (1ms)
			ResolveRequiredComponents (2ms)
	FinalizeReload (320ms)
		ReleaseScriptCaches (0ms)
		RebuildScriptCaches (0ms)
		SetupLoadedEditorAssemblies (249ms)
			LogAssemblyErrors (0ms)
			InitializePlatformSupportModulesInManaged (16ms)
			SetLoadedEditorAssemblies (8ms)
			RefreshPlugins (0ms)
			BeforeProcessingInitializeOnLoad (2ms)
			ProcessInitializeOnLoadAttributes (164ms)
			ProcessInitializeOnLoadMethodAttributes (59ms)
			AfterProcessingInitializeOnLoad (0ms)
			EditorAssembliesLoaded (0ms)
		ExecutionOrderSort2 (0ms)
		AwakeInstancesAfterBackupRestoration (0ms)
========================================================================
Worker process is ready to serve import requests
Begin MonoManager ReloadAssembly
- Loaded All Assemblies, in  2.222 seconds
Refreshing native plugins compatible for Editor in 17.04 ms, found 6 plugins.
Native extension for WindowsStandalone target not found
Native extension for WebGL target not found
Package Manager log level set to [2]
[Package Manager] Server::EnsureServerProcessIsRunning -- launch failed, reason: Unity was launched with the -noUpm command-line argument
[Package Manager] UpmClient::Send -- Unable to send message (not connected to UPM process).
[Package Manager] Cannot connect to Unity Package Manager local server
Mono: successfully reloaded assembly
- Finished resetting the current domain, in  4.384 seconds
Domain Reload Profiling: 6596ms
	BeginReloadAssembly (197ms)
		ExecutionOrderSort (0ms)
		DisableScriptedObjects (7ms)
		BackupInstance (0ms)
		ReleaseScriptingObjects (0ms)
		CreateAndSetChildDomain (26ms)
	RebuildCommonClasses (41ms)
	RebuildNativeTypeToScriptingClass (14ms)
	initialDomainReloadingComplete (72ms)
	LoadAllAssembliesAndSetupDomain (1889ms)
		LoadAssemblies (1620ms)
		RebuildTransferFunctionScriptingTraits (0ms)
		AnalyzeDomain (383ms)
			TypeCache.Refresh (330ms)
				TypeCache.ScanAssembly (305ms)
			ScanForSourceGeneratedMonoScriptInfo (34ms)
			ResolveRequiredComponents (17ms)
	FinalizeReload (4385ms)
		ReleaseScriptCaches (0ms)
		RebuildScriptCaches (0ms)
		SetupLoadedEditorAssemblies (4148ms)
			LogAssemblyErrors (0ms)
			InitializePlatformSupportModulesInManaged (13ms)
			SetLoadedEditorAssemblies (6ms)
			RefreshPlugins (0ms)
			BeforeProcessingInitializeOnLoad (126ms)
			ProcessInitializeOnLoadAttributes (3895ms)
			ProcessInitializeOnLoadMethodAttributes (89ms)
			AfterProcessingInitializeOnLoad (17ms)
			EditorAssembliesLoaded (0ms)
		ExecutionOrderSort2 (0ms)
		AwakeInstancesAfterBackupRestoration (10ms)
Launched and connected shader compiler UnityShaderCompiler.exe after 0.09 seconds
Refreshing native plugins compatible for Editor in 17.76 ms, found 6 plugins.
Preloading 0 native plugins for Editor in 0.00 ms.
Unloading 6046 Unused Serialized files (Serialized files now loaded: 0)
Unloading 107 unused Assets / (66.5 MB). Loaded Objects now: 6556.
Memory consumption went from 439.9 MB to 373.4 MB.
Total: 35.837600 ms (FindLiveObjects: 0.507000 ms CreateObjectMapping: 0.688300 ms MarkObjects: 29.898400 ms  DeleteObjects: 4.742700 ms)

AssetImportParameters requested are different than current active one (requested -> active):
  custom:container-demuxer-ogg: 62fdf1f143b41e24485cea50d1cbac27 -> 
  custom:video-decoder-ogg-theora: a1e56fd34408186e4bbccfd4996cb3dc -> 
  custom:framework-win-MediaFoundation: 216162199b28c13a410421893ffa2e32 -> 
  custom:CustomObjectIndexerAttribute: a3ef5dd2817f97addfee359851a9dba5 -> 
  custom:container-demuxer-webm: 4f35f7cbe854078d1ac9338744f61a02 -> 
  custom:container-muxer-webm: aa71ff27fc2769a1b78a27578f13a17b -> 
  custom:video-decoder-webm-vp8: 9c59270c3fd7afecdb556c50c9e8de78 -> 
  custom:SearchIndexIgnoredProperties: e643bd26f0fe6173181afceb89e7c659 -> 
  custom:AudioImporter_EditorPlatform: d09bf68614088b80899f8185d706f6e7 -> 
  custom:video-encoder-webm-vp8: eb34c28f22e8b96e1ab97ce403110664 -> 
  custom:audio-decoder-ogg-vorbis: bf7c407c2cedff20999df2af8eb42d56 -> 
  custom:audio-encoder-webm-vorbis: bf7c407c2cedff20999df2af8eb42d56 -> 
========================================================================
Received Import Request.
  Time since last request: 114308.700228 seconds.
  path: Assets/AddedAssets/Props/polyperfect/Low Poly Ultimate Pack/M/- Prefabs_M/Terrains_M/hexagon-water.prefab
  artifactKey: Guid(0b9ed59aab3254a46b4b2a2383b7517f) Importer(815301076,1909f56bfc062723c751e8b465ee728b)
Start importing Assets/AddedAssets/Props/polyperfect/Low Poly Ultimate Pack/M/- Prefabs_M/Terrains_M/hexagon-water.prefab using Guid(0b9ed59aab3254a46b4b2a2383b7517f) Importer(815301076,1909f56bfc062723c751e8b465ee728b)  -> (artifact id: 'e36d02d4211cba422d52ed36db7a1075') in 0.182834 seconds
Number of updated asset objects reloaded before import = 0
Number of asset objects unloaded after import = 10
========================================================================
Received Import Request.
  Time since last request: 47.268535 seconds.
  path: Assets/AddedAssets/Props/polyperfect/Low Poly Ultimate Pack/M/- Prefabs_M/Props_M/House_M/grill-gas.prefab
  artifactKey: Guid(64416c752d5e92a4bad418b53ace06ff) Importer(815301076,1909f56bfc062723c751e8b465ee728b)
Start importing Assets/AddedAssets/Props/polyperfect/Low Poly Ultimate Pack/M/- Prefabs_M/Props_M/House_M/grill-gas.prefab using Guid(64416c752d5e92a4bad418b53ace06ff) Importer(815301076,1909f56bfc062723c751e8b465ee728b)  -> (artifact id: '33d88c9a0c7bff57c16a7751a11c50c7') in 0.024195 seconds
Number of updated asset objects reloaded before import = 0
Number of asset objects unloaded after import = 19
========================================================================
Received Import Request.
  Time since last request: 0.000017 seconds.
  path: Assets/AddedAssets/Props/polyperfect/Low Poly Ultimate Pack/M/- Prefabs_M/Props_M/House_M/wallbox.prefab
  artifactKey: Guid(f15482685ca561742b72aa1440e21b04) Importer(815301076,1909f56bfc062723c751e8b465ee728b)
Start importing Assets/AddedAssets/Props/polyperfect/Low Poly Ultimate Pack/M/- Prefabs_M/Props_M/House_M/wallbox.prefab using Guid(f15482685ca561742b72aa1440e21b04) Importer(815301076,1909f56bfc062723c751e8b465ee728b)  -> (artifact id: '75962d904655cb0f80db2056b9ecf383') in 0.034814 seconds
Number of updated asset objects reloaded before import = 0
Number of asset objects unloaded after import = 10
========================================================================
Received Import Request.
  Time since last request: 0.000023 seconds.
  path: Assets/AddedAssets/Props/polyperfect/Low Poly Ultimate Pack/M/- Prefabs_M/Props_M/House_M/solar-panel-house.prefab
  artifactKey: Guid(c756ee2612e338d4d9a130a98cb3732e) Importer(815301076,1909f56bfc062723c751e8b465ee728b)
Start importing Assets/AddedAssets/Props/polyperfect/Low Poly Ultimate Pack/M/- Prefabs_M/Props_M/House_M/solar-panel-house.prefab using Guid(c756ee2612e338d4d9a130a98cb3732e) Importer(815301076,1909f56bfc062723c751e8b465ee728b)  -> (artifact id: '166ec2b3702ff4a9365c78668ba86ae4') in 0.028101 seconds
Number of updated asset objects reloaded before import = 0
Number of asset objects unloaded after import = 11
========================================================================
Received Import Request.
  Time since last request: 0.000024 seconds.
  path: Assets/AddedAssets/Props/polyperfect/Low Poly Ultimate Pack/M/- Prefabs_M/Props_M/House_M/sand-box.prefab
  artifactKey: Guid(f3520be904c88496080ea448c7fc1735) Importer(815301076,1909f56bfc062723c751e8b465ee728b)
Start importing Assets/AddedAssets/Props/polyperfect/Low Poly Ultimate Pack/M/- Prefabs_M/Props_M/House_M/sand-box.prefab using Guid(f3520be904c88496080ea448c7fc1735) Importer(815301076,1909f56bfc062723c751e8b465ee728b)  -> (artifact id: '967ee10bba84c3f383ecf2cdc94bb228') in 0.019943 seconds
Number of updated asset objects reloaded before import = 0
Number of asset objects unloaded after import = 10
========================================================================
Received Import Request.
  Time since last request: 79.629139 seconds.
  path: Assets/AddedAssets/Props/polyperfect/Low Poly Ultimate Pack/M/- Prefabs_M/Props_M/Fence_M/fence-stone-gate-small.prefab
  artifactKey: Guid(4f005f6f965b24cbaa08f1e5563155b4) Importer(815301076,1909f56bfc062723c751e8b465ee728b)
Start importing Assets/AddedAssets/Props/polyperfect/Low Poly Ultimate Pack/M/- Prefabs_M/Props_M/Fence_M/fence-stone-gate-small.prefab using Guid(4f005f6f965b24cbaa08f1e5563155b4) Importer(815301076,1909f56bfc062723c751e8b465ee728b)  -> (artifact id: 'b19ea6ca0a52a14005316fd62c3a28bb') in 0.037183 seconds
Number of updated asset objects reloaded before import = 0
Number of asset objects unloaded after import = 9
========================================================================
Received Import Request.
  Time since last request: 0.000031 seconds.
  path: Assets/AddedAssets/Props/polyperfect/Low Poly Ultimate Pack/M/- Prefabs_M/Props_M/Fence_M/fence-stone-metal.prefab
  artifactKey: Guid(f9cacfe73fe18478ab1d9320a681bd93) Importer(815301076,1909f56bfc062723c751e8b465ee728b)
Start importing Assets/AddedAssets/Props/polyperfect/Low Poly Ultimate Pack/M/- Prefabs_M/Props_M/Fence_M/fence-stone-metal.prefab using Guid(f9cacfe73fe18478ab1d9320a681bd93) Importer(815301076,1909f56bfc062723c751e8b465ee728b)  -> (artifact id: '0092be4e6d1d69f74d122881173216a0') in 0.033217 seconds
Number of updated asset objects reloaded before import = 0
Number of asset objects unloaded after import = 10
========================================================================
Received Import Request.
  Time since last request: 9.915294 seconds.
  path: Assets/AddedAssets/Props/polyperfect/Low Poly Ultimate Pack/M/- Prefabs_M/Props_M/Pier_M/pier-tile-straight.prefab
  artifactKey: Guid(330d851959e3d5e40ae5817e0e330322) Importer(815301076,1909f56bfc062723c751e8b465ee728b)
Start importing Assets/AddedAssets/Props/polyperfect/Low Poly Ultimate Pack/M/- Prefabs_M/Props_M/Pier_M/pier-tile-straight.prefab using Guid(330d851959e3d5e40ae5817e0e330322) Importer(815301076,1909f56bfc062723c751e8b465ee728b)  -> (artifact id: 'd2c31557c40e06b597cc1a1336d33f30') in 0.049235 seconds
Number of updated asset objects reloaded before import = 0
Number of asset objects unloaded after import = 10
========================================================================
Received Import Request.
  Time since last request: 27.576159 seconds.
  path: Assets/AddedAssets/Props/polyperfect/Low Poly Ultimate Pack/M/- Prefabs_M/People_M/man-ski.prefab
  artifactKey: Guid(ad2c1657ce10f8944b77ffb61db8ff38) Importer(815301076,1909f56bfc062723c751e8b465ee728b)
Start importing Assets/AddedAssets/Props/polyperfect/Low Poly Ultimate Pack/M/- Prefabs_M/People_M/man-ski.prefab using Guid(ad2c1657ce10f8944b77ffb61db8ff38) Importer(815301076,1909f56bfc062723c751e8b465ee728b)  -> (artifact id: 'e7efe44e90a0caa320412d1934f216ef') in 0.030939 seconds
Number of updated asset objects reloaded before import = 0
Number of asset objects unloaded after import = 15
========================================================================
Received Import Request.
  Time since last request: 0.000039 seconds.
  path: Assets/AddedAssets/Props/polyperfect/Low Poly Ultimate Pack/M/- Prefabs_M/People_M/man-soldier-special-ge.prefab
  artifactKey: Guid(2bc870d4420e24b75adb136706b76d9b) Importer(815301076,1909f56bfc062723c751e8b465ee728b)
Start importing Assets/AddedAssets/Props/polyperfect/Low Poly Ultimate Pack/M/- Prefabs_M/People_M/man-soldier-special-ge.prefab using Guid(2bc870d4420e24b75adb136706b76d9b) Importer(815301076,1909f56bfc062723c751e8b465ee728b)  -> (artifact id: '3b209a8b66624c4d6441c201b530a44e') in 0.036832 seconds
Number of updated asset objects reloaded before import = 0
Number of asset objects unloaded after import = 11
========================================================================
Received Import Request.
  Time since last request: 0.000034 seconds.
  path: Assets/AddedAssets/Props/polyperfect/Low Poly Ultimate Pack/M/- Prefabs_M/People_M/man-soldier-us.prefab
  artifactKey: Guid(b199a1dfc3f5646a394c2c7667b99447) Importer(815301076,1909f56bfc062723c751e8b465ee728b)
Start importing Assets/AddedAssets/Props/polyperfect/Low Poly Ultimate Pack/M/- Prefabs_M/People_M/man-soldier-us.prefab using Guid(b199a1dfc3f5646a394c2c7667b99447) Importer(815301076,1909f56bfc062723c751e8b465ee728b)  -> (artifact id: 'fcc4e5f5608f1e15a3ad7da85bec3f83') in 0.036951 seconds
Number of updated asset objects reloaded before import = 0
Number of asset objects unloaded after import = 13
========================================================================
Received Import Request.
  Time since last request: 0.000044 seconds.
  path: Assets/AddedAssets/Props/polyperfect/Low Poly Ultimate Pack/M/- Prefabs_M/People_M/man-tie.prefab
  artifactKey: Guid(868d5d71ccf7f64479135f6c2355fa66) Importer(815301076,1909f56bfc062723c751e8b465ee728b)
Start importing Assets/AddedAssets/Props/polyperfect/Low Poly Ultimate Pack/M/- Prefabs_M/People_M/man-tie.prefab using Guid(868d5d71ccf7f64479135f6c2355fa66) Importer(815301076,1909f56bfc062723c751e8b465ee728b)  -> (artifact id: 'd802de720c5a606c2e3fdae49509e52e') in 0.035109 seconds
Number of updated asset objects reloaded before import = 0
Number of asset objects unloaded after import = 13
========================================================================
Received Import Request.
  Time since last request: 0.000060 seconds.
  path: Assets/AddedAssets/Props/polyperfect/Low Poly Ultimate Pack/M/- Prefabs_M/People_M/man-worker.prefab
  artifactKey: Guid(461478c486547af4db63a5f80cd812d6) Importer(815301076,1909f56bfc062723c751e8b465ee728b)
Start importing Assets/AddedAssets/Props/polyperfect/Low Poly Ultimate Pack/M/- Prefabs_M/People_M/man-worker.prefab using Guid(461478c486547af4db63a5f80cd812d6) Importer(815301076,1909f56bfc062723c751e8b465ee728b)  -> (artifact id: '50e14dae28c4c99f2d27ea36634d6429') in 0.035507 seconds
Number of updated asset objects reloaded before import = 0
Number of asset objects unloaded after import = 12
========================================================================
Received Import Request.
  Time since last request: 0.000028 seconds.
  path: Assets/AddedAssets/Props/polyperfect/Low Poly Ultimate Pack/M/- Prefabs_M/People_M/man-tie-bold.prefab
  artifactKey: Guid(28ecf0197c2e7844ba996d7a65133f4e) Importer(815301076,1909f56bfc062723c751e8b465ee728b)
Start importing Assets/AddedAssets/Props/polyperfect/Low Poly Ultimate Pack/M/- Prefabs_M/People_M/man-tie-bold.prefab using Guid(28ecf0197c2e7844ba996d7a65133f4e) Importer(815301076,1909f56bfc062723c751e8b465ee728b)  -> (artifact id: '4deec71d33f013aa85d77caaffca599d') in 0.032564 seconds
Number of updated asset objects reloaded before import = 0
Number of asset objects unloaded after import = 13
========================================================================
Received Import Request.
  Time since last request: 0.000023 seconds.
  path: Assets/AddedAssets/Props/polyperfect/Low Poly Ultimate Pack/M/- Prefabs_M/People_M/man-sweater.prefab
  artifactKey: Guid(cb5e0b81c3530ce4c84b90bc25e434be) Importer(815301076,1909f56bfc062723c751e8b465ee728b)
Start importing Assets/AddedAssets/Props/polyperfect/Low Poly Ultimate Pack/M/- Prefabs_M/People_M/man-sweater.prefab using Guid(cb5e0b81c3530ce4c84b90bc25e434be) Importer(815301076,1909f56bfc062723c751e8b465ee728b)  -> (artifact id: 'b6316877debe4ee74694843229225a1f') in 0.031925 seconds
Number of updated asset objects reloaded before import = 0
Number of asset objects unloaded after import = 14
========================================================================
Received Import Request.
  Time since last request: 0.220297 seconds.
  path: Assets/AddedAssets/Props/polyperfect/Low Poly Ultimate Pack/M/- Prefabs_M/People_M/man-zulu.prefab
  artifactKey: Guid(7f0316afc606e244ebb56e2a0d3ad9d2) Importer(815301076,1909f56bfc062723c751e8b465ee728b)
Start importing Assets/AddedAssets/Props/polyperfect/Low Poly Ultimate Pack/M/- Prefabs_M/People_M/man-zulu.prefab using Guid(7f0316afc606e244ebb56e2a0d3ad9d2) Importer(815301076,1909f56bfc062723c751e8b465ee728b)  -> (artifact id: 'fcd218b6abfc00ee1cfce3aae189adea') in 0.025914 seconds
Number of updated asset objects reloaded before import = 0
Number of asset objects unloaded after import = 11
========================================================================
Received Import Request.
  Time since last request: 0.000020 seconds.
  path: Assets/AddedAssets/Props/polyperfect/Low Poly Ultimate Pack/M/- Prefabs_M/People_M/woman-casual-pants.prefab
  artifactKey: Guid(0e23592225c058e49872a80ab3a98dd0) Importer(815301076,1909f56bfc062723c751e8b465ee728b)
Start importing Assets/AddedAssets/Props/polyperfect/Low Poly Ultimate Pack/M/- Prefabs_M/People_M/woman-casual-pants.prefab using Guid(0e23592225c058e49872a80ab3a98dd0) Importer(815301076,1909f56bfc062723c751e8b465ee728b)  -> (artifact id: 'ed9bba1fe591120885c6dab38ed714ee') in 0.032993 seconds
Number of updated asset objects reloaded before import = 0
Number of asset objects unloaded after import = 13
========================================================================
Received Import Request.
  Time since last request: 0.000025 seconds.
  path: Assets/AddedAssets/Props/polyperfect/Low Poly Ultimate Pack/M/- Prefabs_M/People_M/woman-lady-rival.prefab
  artifactKey: Guid(d9cdeabe35d9f6249bd24288feb0f3c3) Importer(815301076,1909f56bfc062723c751e8b465ee728b)
Start importing Assets/AddedAssets/Props/polyperfect/Low Poly Ultimate Pack/M/- Prefabs_M/People_M/woman-lady-rival.prefab using Guid(d9cdeabe35d9f6249bd24288feb0f3c3) Importer(815301076,1909f56bfc062723c751e8b465ee728b)  -> (artifact id: 'be61edeed57ea0840857e6a37978951c') in 0.038992 seconds
Number of updated asset objects reloaded before import = 0
Number of asset objects unloaded after import = 13
========================================================================
Received Import Request.
  Time since last request: 0.000038 seconds.
  path: Assets/AddedAssets/Props/polyperfect/Low Poly Ultimate Pack/M/- Prefabs_M/People_M/woman-hazard.prefab
  artifactKey: Guid(14c19ecafb104452a847f291acc598ea) Importer(815301076,1909f56bfc062723c751e8b465ee728b)
Start importing Assets/AddedAssets/Props/polyperfect/Low Poly Ultimate Pack/M/- Prefabs_M/People_M/woman-hazard.prefab using Guid(14c19ecafb104452a847f291acc598ea) Importer(815301076,1909f56bfc062723c751e8b465ee728b)  -> (artifact id: '619f3b9696db006ad07622e21d044915') in 0.113143 seconds
Number of updated asset objects reloaded before import = 0
Number of asset objects unloaded after import = 14
========================================================================
Received Import Request.
  Time since last request: 0.000045 seconds.
  path: Assets/AddedAssets/Props/polyperfect/Low Poly Ultimate Pack/M/- Prefabs_M/People_M/woman-geisha.prefab
  artifactKey: Guid(f4c9c74b27bed4a02b468a078a83bb5c) Importer(815301076,1909f56bfc062723c751e8b465ee728b)
Start importing Assets/AddedAssets/Props/polyperfect/Low Poly Ultimate Pack/M/- Prefabs_M/People_M/woman-geisha.prefab using Guid(f4c9c74b27bed4a02b468a078a83bb5c) Importer(815301076,1909f56bfc062723c751e8b465ee728b)  -> (artifact id: 'f913303561f4dc2d34faf269267f827c') in 0.035691 seconds
Number of updated asset objects reloaded before import = 0
Number of asset objects unloaded after import = 13
========================================================================
Received Import Request.
  Time since last request: 0.000050 seconds.
  path: Assets/AddedAssets/Props/polyperfect/Low Poly Ultimate Pack/M/- Prefabs_M/People_M/woman-lady.prefab
  artifactKey: Guid(fd4c125e61d5a9941ac518288bedfe73) Importer(815301076,1909f56bfc062723c751e8b465ee728b)
Start importing Assets/AddedAssets/Props/polyperfect/Low Poly Ultimate Pack/M/- Prefabs_M/People_M/woman-lady.prefab using Guid(fd4c125e61d5a9941ac518288bedfe73) Importer(815301076,1909f56bfc062723c751e8b465ee728b)  -> (artifact id: '3cba14763ddbb6f3b093220a71d1be7e') in 0.029418 seconds
Number of updated asset objects reloaded before import = 0
Number of asset objects unloaded after import = 13
========================================================================
Received Import Request.
  Time since last request: 3.239541 seconds.
  path: Assets/AddedAssets/Props/polyperfect/Low Poly Ultimate Pack/M/- Prefabs_M/People_M/woman-native.prefab
  artifactKey: Guid(84cd7ebc47ddf41cbb0378b21ee4e738) Importer(815301076,1909f56bfc062723c751e8b465ee728b)
Start importing Assets/AddedAssets/Props/polyperfect/Low Poly Ultimate Pack/M/- Prefabs_M/People_M/woman-native.prefab using Guid(84cd7ebc47ddf41cbb0378b21ee4e738) Importer(815301076,1909f56bfc062723c751e8b465ee728b)  -> (artifact id: '1e01d87976f38f1b21107f619a0959a3') in 0.020488 seconds
Number of updated asset objects reloaded before import = 0
Number of asset objects unloaded after import = 12
========================================================================
Received Import Request.
  Time since last request: 0.000018 seconds.
  path: Assets/AddedAssets/Props/polyperfect/Low Poly Ultimate Pack/M/- Prefabs_M/People_M/woman-ski.prefab
  artifactKey: Guid(6781df8089f1572459394eaad06a2dd2) Importer(815301076,1909f56bfc062723c751e8b465ee728b)
Start importing Assets/AddedAssets/Props/polyperfect/Low Poly Ultimate Pack/M/- Prefabs_M/People_M/woman-ski.prefab using Guid(6781df8089f1572459394eaad06a2dd2) Importer(815301076,1909f56bfc062723c751e8b465ee728b)  -> (artifact id: 'c7378a32cc3c369149ec1f4e0f2693ed') in 0.034002 seconds
Number of updated asset objects reloaded before import = 0
Number of asset objects unloaded after import = 16
========================================================================
Received Import Request.
  Time since last request: 0.000023 seconds.
  path: Assets/AddedAssets/Props/polyperfect/Low Poly Ultimate Pack/M/- Prefabs_M/People_M/woman-viking.prefab
  artifactKey: Guid(185eb23b30118a44db86fc722ca32ea9) Importer(815301076,1909f56bfc062723c751e8b465ee728b)
Start importing Assets/AddedAssets/Props/polyperfect/Low Poly Ultimate Pack/M/- Prefabs_M/People_M/woman-viking.prefab using Guid(185eb23b30118a44db86fc722ca32ea9) Importer(815301076,1909f56bfc062723c751e8b465ee728b)  -> (artifact id: 'dac2f2a39e138b08cf8e51cc8576afba') in 0.036583 seconds
Number of updated asset objects reloaded before import = 0
Number of asset objects unloaded after import = 13
========================================================================
Received Import Request.
  Time since last request: 0.000025 seconds.
  path: Assets/AddedAssets/Props/polyperfect/Low Poly Ultimate Pack/M/- Prefabs_M/People_M/woman-suit.prefab
  artifactKey: Guid(65f73b988a0827f4981f311a6c6a8bf6) Importer(815301076,1909f56bfc062723c751e8b465ee728b)
Start importing Assets/AddedAssets/Props/polyperfect/Low Poly Ultimate Pack/M/- Prefabs_M/People_M/woman-suit.prefab using Guid(65f73b988a0827f4981f311a6c6a8bf6) Importer(815301076,1909f56bfc062723c751e8b465ee728b)  -> (artifact id: '5abe97c8b2223e8ca0c832c556c244bc') in 0.051556 seconds
Number of updated asset objects reloaded before import = 0
Number of asset objects unloaded after import = 14
========================================================================
Received Import Request.
  Time since last request: 0.000042 seconds.
  path: Assets/AddedAssets/Props/polyperfect/Low Poly Ultimate Pack/M/- Prefabs_M/People_M/woman-swimming-guard.prefab
  artifactKey: Guid(fe7d7e005aa902545987b15ace5d8fe4) Importer(815301076,1909f56bfc062723c751e8b465ee728b)
Start importing Assets/AddedAssets/Props/polyperfect/Low Poly Ultimate Pack/M/- Prefabs_M/People_M/woman-swimming-guard.prefab using Guid(fe7d7e005aa902545987b15ace5d8fe4) Importer(815301076,1909f56bfc062723c751e8b465ee728b)  -> (artifact id: '43543c3b9d7478ad390c706cab24ca5c') in 0.033207 seconds
Number of updated asset objects reloaded before import = 0
Number of asset objects unloaded after import = 11
Editor requested this worker to shutdown with reason: Scaling down because of idle timeout
TcpMessagingSession - receive error: operation aborted. errorcode: 995, details: ╬’Õ­Ó÷Ķ  ŌŌŅõÓ/Ō¹ŌŅõÓ ß¹ļÓ ’­Õ­ŌÓĒÓ Ķń-ńÓ ńÓŌÕ­°ÕĒĶ  ’Ņ“ŅĻÓ ĻŅņÓĒõ ĶļĶ ’Ņ ńÓ’­Ņ±¾ ’­ĶļŅµÕĒĶ .
AssetImportWorker is now disconnected from the server
Process exiting
Exiting without the bug reporter. Application will terminate with return code 0