Using pre-set license
Built from '2022.3/staging' branch; Version is '2022.3.9f1 (ea401c316338) revision 15351836'; Using compiler version '192829333'; Build Type 'Release'
OS: 'Windows 10  (10.0.19045) 64bit Professional' Language: 'ru' Physical Memory: 8029 MB
BatchMode: 1, IsHumanControllingUs: 0, StartBugReporterOnCrash: 0, Is64bit: 1, IsPro: 1

COMMAND LINE ARGUMENTS:
C:\Program Files\Unity\Hub\Editor\2022.3.9f1\Editor\Unity.exe
-adb2
-batchMode
-noUpm
-name
AssetImportWorker5
-projectPath
C:/Users/Acer/OneDrive/ąĀą░ą▒ąŠčćąĖą╣ čüčéąŠą╗/čģčāą╣ ą▓ąŠą╣ąĮąĄ/RobTheHouse/Rob/Rob
-logFile
Logs/AssetImportWorker5.log
-srvPort
62955
Successfully changed project path to: C:/Users/Acer/OneDrive/ąĀą░ą▒ąŠčćąĖą╣ čüčéąŠą╗/čģčāą╣ ą▓ąŠą╣ąĮąĄ/RobTheHouse/Rob/Rob
C:/Users/Acer/OneDrive/ąĀą░ą▒ąŠčćąĖą╣ čüčéąŠą╗/čģčāą╣ ą▓ąŠą╣ąĮąĄ/RobTheHouse/Rob/Rob
[UnityMemory] Configuration Parameters - Can be set up in boot.config
    "memorysetup-bucket-allocator-granularity=16"
    "memorysetup-bucket-allocator-bucket-count=8"
    "memorysetup-bucket-allocator-block-size=33554432"
    "memorysetup-bucket-allocator-block-count=8"
    "memorysetup-main-allocator-block-size=16777216"
    "memorysetup-thread-allocator-block-size=16777216"
    "memorysetup-gfx-main-allocator-block-size=16777216"
    "memorysetup-gfx-thread-allocator-block-size=16777216"
    "memorysetup-cache-allocator-block-size=4194304"
    "memorysetup-typetree-allocator-block-size=2097152"
    "memorysetup-profiler-bucket-allocator-granularity=16"
    "memorysetup-profiler-bucket-allocator-bucket-count=8"
    "memorysetup-profiler-bucket-allocator-block-size=33554432"
    "memorysetup-profiler-bucket-allocator-block-count=8"
    "memorysetup-profiler-allocator-block-size=16777216"
    "memorysetup-profiler-editor-allocator-block-size=1048576"
    "memorysetup-temp-allocator-size-main=16777216"
    "memorysetup-job-temp-allocator-block-size=2097152"
    "memorysetup-job-temp-allocator-block-size-background=1048576"
    "memorysetup-job-temp-allocator-reduction-small-platforms=262144"
    "memorysetup-allocator-temp-initial-block-size-main=262144"
    "memorysetup-allocator-temp-initial-block-size-worker=262144"
    "memorysetup-temp-allocator-size-background-worker=32768"
    "memorysetup-temp-allocator-size-job-worker=262144"
    "memorysetup-temp-allocator-size-preload-manager=33554432"
    "memorysetup-temp-allocator-size-nav-mesh-worker=65536"
    "memorysetup-temp-allocator-size-audio-worker=65536"
    "memorysetup-temp-allocator-size-cloud-worker=32768"
    "memorysetup-temp-allocator-size-gi-baking-worker=262144"
    "memorysetup-temp-allocator-size-gfx=262144"
Player connection [20800] Host "[IP] 172.24.80.1 [Port] 0 [Flags] 2 [Guid] 683251496 [EditorId] 683251496 [Version] 1048832 [Id] WindowsEditor(7,DESKTOP-25AVAUJ) [Debug] 1 [PackageName] WindowsEditor [ProjectName] Editor" joined multi-casting on [225.0.0.222:54997]...

Player connection [20800] Host "[IP] 172.24.80.1 [Port] 0 [Flags] 2 [Guid] 683251496 [EditorId] 683251496 [Version] 1048832 [Id] WindowsEditor(7,DESKTOP-25AVAUJ) [Debug] 1 [PackageName] WindowsEditor [ProjectName] Editor" joined alternative multi-casting on [225.0.0.222:34997]...

[Physics::Module] Initialized MultithreadedJobDispatcher with 11 workers.
Refreshing native plugins compatible for Editor in 85.76 ms, found 6 plugins.
Preloading 0 native plugins for Editor in 0.00 ms.
Initialize engine version: 2022.3.9f1 (ea401c316338)
[Subsystems] Discovering subsystems at path C:/Program Files/Unity/Hub/Editor/2022.3.9f1/Editor/Data/Resources/UnitySubsystems
[Subsystems] Discovering subsystems at path C:/Users/Acer/OneDrive/ąĀą░ą▒ąŠčćąĖą╣ čüčéąŠą╗/čģčāą╣ ą▓ąŠą╣ąĮąĄ/RobTheHouse/Rob/Rob/Assets
GfxDevice: creating device client; threaded=0; jobified=0
Direct3D:
    Version:  Direct3D 11.0 [level 11.1]
    Renderer: NVIDIA GeForce GTX 1650 (ID=0x1f99)
    Vendor:   NVIDIA
    VRAM:     3962 MB
    Driver:   31.0.15.2230
Initialize mono
Mono path[0] = 'C:/Program Files/Unity/Hub/Editor/2022.3.9f1/Editor/Data/Managed'
Mono path[1] = 'C:/Program Files/Unity/Hub/Editor/2022.3.9f1/Editor/Data/MonoBleedingEdge/lib/mono/unityjit-win32'
Mono config path = 'C:/Program Files/Unity/Hub/Editor/2022.3.9f1/Editor/Data/MonoBleedingEdge/etc'
Using monoOptions --debugger-agent=transport=dt_socket,embedding=1,server=y,suspend=n,address=127.0.0.1:56660
Begin MonoManager ReloadAssembly
Registering precompiled unity dll's ...
Register platform support module: C:/Program Files/Unity/Hub/Editor/2022.3.9f1/Editor/Data/PlaybackEngines/WebGLSupport/UnityEditor.WebGL.Extensions.dll
Register platform support module: C:/Program Files/Unity/Hub/Editor/2022.3.9f1/Editor/Data/PlaybackEngines/WindowsStandaloneSupport/UnityEditor.WindowsStandalone.Extensions.dll
Registered in 0.025670 seconds.
- Loaded All Assemblies, in  0.615 seconds
Native extension for WindowsStandalone target not found
Native extension for WebGL target not found
Mono: successfully reloaded assembly
- Finished resetting the current domain, in  0.467 seconds
Domain Reload Profiling: 1078ms
	BeginReloadAssembly (209ms)
		ExecutionOrderSort (0ms)
		DisableScriptedObjects (0ms)
		BackupInstance (0ms)
		ReleaseScriptingObjects (0ms)
		CreateAndSetChildDomain (1ms)
	RebuildCommonClasses (53ms)
	RebuildNativeTypeToScriptingClass (16ms)
	initialDomainReloadingComplete (113ms)
	LoadAllAssembliesAndSetupDomain (218ms)
		LoadAssemblies (204ms)
		RebuildTransferFunctionScriptingTraits (0ms)
		AnalyzeDomain (214ms)
			TypeCache.Refresh (212ms)
				TypeCache.ScanAssembly (190ms)
			ScanForSourceGeneratedMonoScriptInfo (0ms)
			ResolveRequiredComponents (1ms)
	FinalizeReload (468ms)
		ReleaseScriptCaches (0ms)
		RebuildScriptCaches (0ms)
		SetupLoadedEditorAssemblies (370ms)
			LogAssemblyErrors (0ms)
			InitializePlatformSupportModulesInManaged (24ms)
			SetLoadedEditorAssemblies (9ms)
			RefreshPlugins (0ms)
			BeforeProcessingInitializeOnLoad (4ms)
			ProcessInitializeOnLoadAttributes (247ms)
			ProcessInitializeOnLoadMethodAttributes (86ms)
			AfterProcessingInitializeOnLoad (0ms)
			EditorAssembliesLoaded (0ms)
		ExecutionOrderSort2 (0ms)
		AwakeInstancesAfterBackupRestoration (0ms)
========================================================================
Worker process is ready to serve import requests
Begin MonoManager ReloadAssembly
- Loaded All Assemblies, in  2.265 seconds
Refreshing native plugins compatible for Editor in 33.02 ms, found 6 plugins.
Native extension for WindowsStandalone target not found
Native extension for WebGL target not found
Package Manager log level set to [2]
[Package Manager] Server::EnsureServerProcessIsRunning -- launch failed, reason: Unity was launched with the -noUpm command-line argument
[Package Manager] UpmClient::Send -- Unable to send message (not connected to UPM process).
[Package Manager] Cannot connect to Unity Package Manager local server
Mono: successfully reloaded assembly
- Finished resetting the current domain, in  5.128 seconds
Domain Reload Profiling: 7383ms
	BeginReloadAssembly (309ms)
		ExecutionOrderSort (0ms)
		DisableScriptedObjects (7ms)
		BackupInstance (0ms)
		ReleaseScriptingObjects (0ms)
		CreateAndSetChildDomain (49ms)
	RebuildCommonClasses (57ms)
	RebuildNativeTypeToScriptingClass (17ms)
	initialDomainReloadingComplete (92ms)
	LoadAllAssembliesAndSetupDomain (1780ms)
		LoadAssemblies (1283ms)
		RebuildTransferFunctionScriptingTraits (0ms)
		AnalyzeDomain (687ms)
			TypeCache.Refresh (565ms)
				TypeCache.ScanAssembly (522ms)
			ScanForSourceGeneratedMonoScriptInfo (70ms)
			ResolveRequiredComponents (47ms)
	FinalizeReload (5129ms)
		ReleaseScriptCaches (0ms)
		RebuildScriptCaches (0ms)
		SetupLoadedEditorAssemblies (4792ms)
			LogAssemblyErrors (0ms)
			InitializePlatformSupportModulesInManaged (22ms)
			SetLoadedEditorAssemblies (9ms)
			RefreshPlugins (0ms)
			BeforeProcessingInitializeOnLoad (182ms)
			ProcessInitializeOnLoadAttributes (4448ms)
			ProcessInitializeOnLoadMethodAttributes (111ms)
			AfterProcessingInitializeOnLoad (20ms)
			EditorAssembliesLoaded (0ms)
		ExecutionOrderSort2 (0ms)
		AwakeInstancesAfterBackupRestoration (11ms)
Launched and connected shader compiler UnityShaderCompiler.exe after 0.11 seconds
Refreshing native plugins compatible for Editor in 37.24 ms, found 6 plugins.
Preloading 0 native plugins for Editor in 0.00 ms.
Unloading 6046 Unused Serialized files (Serialized files now loaded: 0)
Unloading 107 unused Assets / (66.5 MB). Loaded Objects now: 6556.
Memory consumption went from 439.9 MB to 373.4 MB.
Total: 419.566800 ms (FindLiveObjects: 3.778600 ms CreateObjectMapping: 1.128600 ms MarkObjects: 76.995300 ms  DeleteObjects: 337.662300 ms)

AssetImportParameters requested are different than current active one (requested -> active):
  custom:container-demuxer-ogg: 62fdf1f143b41e24485cea50d1cbac27 -> 
  custom:video-decoder-ogg-theora: a1e56fd34408186e4bbccfd4996cb3dc -> 
  custom:framework-win-MediaFoundation: 216162199b28c13a410421893ffa2e32 -> 
  custom:CustomObjectIndexerAttribute: a3ef5dd2817f97addfee359851a9dba5 -> 
  custom:container-demuxer-webm: 4f35f7cbe854078d1ac9338744f61a02 -> 
  custom:container-muxer-webm: aa71ff27fc2769a1b78a27578f13a17b -> 
  custom:video-decoder-webm-vp8: 9c59270c3fd7afecdb556c50c9e8de78 -> 
  custom:SearchIndexIgnoredProperties: e643bd26f0fe6173181afceb89e7c659 -> 
  custom:AudioImporter_EditorPlatform: d09bf68614088b80899f8185d706f6e7 -> 
  custom:video-encoder-webm-vp8: eb34c28f22e8b96e1ab97ce403110664 -> 
  custom:audio-decoder-ogg-vorbis: bf7c407c2cedff20999df2af8eb42d56 -> 
  custom:audio-encoder-webm-vorbis: bf7c407c2cedff20999df2af8eb42d56 -> 
========================================================================
Received Import Request.
  Time since last request: 113789.593747 seconds.
  path: Assets/AddedAssets/Props/polyperfect/Low Poly Ultimate Pack/M/- Prefabs_M/Buildings_M/airport-hangar.prefab
  artifactKey: Guid(dd02b94f55aafb047989a3edee903f87) Importer(815301076,1909f56bfc062723c751e8b465ee728b)
Start importing Assets/AddedAssets/Props/polyperfect/Low Poly Ultimate Pack/M/- Prefabs_M/Buildings_M/airport-hangar.prefab using Guid(dd02b94f55aafb047989a3edee903f87) Importer(815301076,1909f56bfc062723c751e8b465ee728b)  -> (artifact id: 'f717eca49a7657d70c06655d54b74907') in 0.433011 seconds
Number of updated asset objects reloaded before import = 0
Number of asset objects unloaded after import = 15
========================================================================
Received Import Request.
  Time since last request: 0.000059 seconds.
  path: Assets/AddedAssets/Props/polyperfect/Low Poly Ultimate Pack/M/- Prefabs_M/Buildings_M/building-house-family-large.prefab
  artifactKey: Guid(fd8da50932c75b14abe24e7b0b44fa1a) Importer(815301076,1909f56bfc062723c751e8b465ee728b)
Start importing Assets/AddedAssets/Props/polyperfect/Low Poly Ultimate Pack/M/- Prefabs_M/Buildings_M/building-house-family-large.prefab using Guid(fd8da50932c75b14abe24e7b0b44fa1a) Importer(815301076,1909f56bfc062723c751e8b465ee728b)  -> (artifact id: '4e3bc0b8d44f064f3b9e8657ca44b493') in 0.047792 seconds
Number of updated asset objects reloaded before import = 0
Number of asset objects unloaded after import = 16
========================================================================
Received Import Request.
  Time since last request: 0.000035 seconds.
  path: Assets/AddedAssets/Props/polyperfect/Low Poly Ultimate Pack/M/- Prefabs_M/Buildings_M/building-house-block.prefab
  artifactKey: Guid(1ccae6125fbc82e4a99470df847bde43) Importer(815301076,1909f56bfc062723c751e8b465ee728b)
Start importing Assets/AddedAssets/Props/polyperfect/Low Poly Ultimate Pack/M/- Prefabs_M/Buildings_M/building-house-block.prefab using Guid(1ccae6125fbc82e4a99470df847bde43) Importer(815301076,1909f56bfc062723c751e8b465ee728b)  -> (artifact id: '0c4e9a71be39236df97b11ad69d607ea') in 0.051876 seconds
Number of updated asset objects reloaded before import = 0
Number of asset objects unloaded after import = 18
========================================================================
Received Import Request.
  Time since last request: 0.000033 seconds.
  path: Assets/AddedAssets/Props/polyperfect/Low Poly Ultimate Pack/M/- Prefabs_M/Buildings_M/building-house-block-big.prefab
  artifactKey: Guid(5e8cf0d8640189647a0f126318e6bf23) Importer(815301076,1909f56bfc062723c751e8b465ee728b)
Start importing Assets/AddedAssets/Props/polyperfect/Low Poly Ultimate Pack/M/- Prefabs_M/Buildings_M/building-house-block-big.prefab using Guid(5e8cf0d8640189647a0f126318e6bf23) Importer(815301076,1909f56bfc062723c751e8b465ee728b)  -> (artifact id: 'f32d36eb56f6d53fa8a51c3eec0c10b1') in 0.047364 seconds
Number of updated asset objects reloaded before import = 0
Number of asset objects unloaded after import = 17
========================================================================
Received Import Request.
  Time since last request: 0.000031 seconds.
  path: Assets/AddedAssets/Props/polyperfect/Low Poly Ultimate Pack/M/- Prefabs_M/Buildings_M/bar-tropic.prefab
  artifactKey: Guid(b457d944bd198f84faa1e7cf2e371385) Importer(815301076,1909f56bfc062723c751e8b465ee728b)
Start importing Assets/AddedAssets/Props/polyperfect/Low Poly Ultimate Pack/M/- Prefabs_M/Buildings_M/bar-tropic.prefab using Guid(b457d944bd198f84faa1e7cf2e371385) Importer(815301076,1909f56bfc062723c751e8b465ee728b)  -> (artifact id: '51942705cc17db302a8f01ec23c2c491') in 0.034933 seconds
Number of updated asset objects reloaded before import = 0
Number of asset objects unloaded after import = 12
========================================================================
Received Import Request.
  Time since last request: 0.000029 seconds.
  path: Assets/AddedAssets/Props/polyperfect/Low Poly Ultimate Pack/M/- Prefabs_M/Buildings_M/building-house-block-old.prefab
  artifactKey: Guid(31c65bd26630ee74a8dab48546ff2e47) Importer(815301076,1909f56bfc062723c751e8b465ee728b)
Start importing Assets/AddedAssets/Props/polyperfect/Low Poly Ultimate Pack/M/- Prefabs_M/Buildings_M/building-house-block-old.prefab using Guid(31c65bd26630ee74a8dab48546ff2e47) Importer(815301076,1909f56bfc062723c751e8b465ee728b)  -> (artifact id: '0cecaffd2894947cb4b488fbcb7fd1fe') in 0.047729 seconds
Number of updated asset objects reloaded before import = 0
Number of asset objects unloaded after import = 17
========================================================================
Received Import Request.
  Time since last request: 0.000047 seconds.
  path: Assets/AddedAssets/Props/polyperfect/Low Poly Ultimate Pack/M/- Prefabs_M/Buildings_M/building-hospital.prefab
  artifactKey: Guid(3190755edf08a774ebb102836dda8f2b) Importer(815301076,1909f56bfc062723c751e8b465ee728b)
Start importing Assets/AddedAssets/Props/polyperfect/Low Poly Ultimate Pack/M/- Prefabs_M/Buildings_M/building-hospital.prefab using Guid(3190755edf08a774ebb102836dda8f2b) Importer(815301076,1909f56bfc062723c751e8b465ee728b)  -> (artifact id: '1c40e3440b78cae7d417bf6c139f012e') in 0.055734 seconds
Number of updated asset objects reloaded before import = 0
Number of asset objects unloaded after import = 17
========================================================================
Received Import Request.
  Time since last request: 0.000066 seconds.
  path: Assets/AddedAssets/Props/polyperfect/Low Poly Ultimate Pack/M/- Prefabs_M/Buildings_M/building-block-5floor.prefab
  artifactKey: Guid(8688660e9f5492a4982e9d9c74892692) Importer(815301076,1909f56bfc062723c751e8b465ee728b)
Start importing Assets/AddedAssets/Props/polyperfect/Low Poly Ultimate Pack/M/- Prefabs_M/Buildings_M/building-block-5floor.prefab using Guid(8688660e9f5492a4982e9d9c74892692) Importer(815301076,1909f56bfc062723c751e8b465ee728b)  -> (artifact id: '8e02b20b27344ce0638e0b66593e6ce8') in 0.059875 seconds
Number of updated asset objects reloaded before import = 0
Number of asset objects unloaded after import = 20
========================================================================
Received Import Request.
  Time since last request: 0.000026 seconds.
  path: Assets/AddedAssets/Props/polyperfect/Low Poly Ultimate Pack/M/- Prefabs_M/Buildings_M/building-cinema.prefab
  artifactKey: Guid(8fae91f3b09c6644ba8d8684015795a6) Importer(815301076,1909f56bfc062723c751e8b465ee728b)
Start importing Assets/AddedAssets/Props/polyperfect/Low Poly Ultimate Pack/M/- Prefabs_M/Buildings_M/building-cinema.prefab using Guid(8fae91f3b09c6644ba8d8684015795a6) Importer(815301076,1909f56bfc062723c751e8b465ee728b)  -> (artifact id: '584a270e06734bf61a4afe508a759469') in 0.043371 seconds
Number of updated asset objects reloaded before import = 0
Number of asset objects unloaded after import = 17
========================================================================
Received Import Request.
  Time since last request: 0.000024 seconds.
  path: Assets/AddedAssets/Props/polyperfect/Low Poly Ultimate Pack/M/- Prefabs_M/Buildings_M/airport-terminal.prefab
  artifactKey: Guid(d09f858f18294d34698c85cf763ffca1) Importer(815301076,1909f56bfc062723c751e8b465ee728b)
Start importing Assets/AddedAssets/Props/polyperfect/Low Poly Ultimate Pack/M/- Prefabs_M/Buildings_M/airport-terminal.prefab using Guid(d09f858f18294d34698c85cf763ffca1) Importer(815301076,1909f56bfc062723c751e8b465ee728b)  -> (artifact id: '8d8805356303bd6ceddd0e7fc542a2d3') in 0.045190 seconds
Number of updated asset objects reloaded before import = 0
Number of asset objects unloaded after import = 14
========================================================================
Received Import Request.
  Time since last request: 0.000046 seconds.
  path: Assets/AddedAssets/Props/polyperfect/Low Poly Ultimate Pack/M/- Prefabs_M/Buildings_M/airport-jet-bridge.prefab
  artifactKey: Guid(7345c7e08b96ca149846be52bf8d996d) Importer(815301076,1909f56bfc062723c751e8b465ee728b)
Start importing Assets/AddedAssets/Props/polyperfect/Low Poly Ultimate Pack/M/- Prefabs_M/Buildings_M/airport-jet-bridge.prefab using Guid(7345c7e08b96ca149846be52bf8d996d) Importer(815301076,1909f56bfc062723c751e8b465ee728b)  -> (artifact id: 'e8d93b86239db7aa375f983735d897c3') in 0.047136 seconds
Number of updated asset objects reloaded before import = 0
Number of asset objects unloaded after import = 13
========================================================================
Received Import Request.
  Time since last request: 0.000048 seconds.
  path: Assets/AddedAssets/Props/polyperfect/Low Poly Ultimate Pack/M/- Prefabs_M/Buildings_M/building-house-family-small.prefab
  artifactKey: Guid(dc0fee812acc1b04d988e0fd5058403c) Importer(815301076,1909f56bfc062723c751e8b465ee728b)
Start importing Assets/AddedAssets/Props/polyperfect/Low Poly Ultimate Pack/M/- Prefabs_M/Buildings_M/building-house-family-small.prefab using Guid(dc0fee812acc1b04d988e0fd5058403c) Importer(815301076,1909f56bfc062723c751e8b465ee728b)  -> (artifact id: '024369628a916fa0c8db316c42e3ea0c') in 0.051362 seconds
Number of updated asset objects reloaded before import = 0
Number of asset objects unloaded after import = 16
========================================================================
Received Import Request.
  Time since last request: 0.000028 seconds.
  path: Assets/AddedAssets/Props/polyperfect/Low Poly Ultimate Pack/M/- Prefabs_M/Buildings_M/building-block-4floor-corner.prefab
  artifactKey: Guid(41298c6ff2dd79f4485adca15b109283) Importer(815301076,1909f56bfc062723c751e8b465ee728b)
Start importing Assets/AddedAssets/Props/polyperfect/Low Poly Ultimate Pack/M/- Prefabs_M/Buildings_M/building-block-4floor-corner.prefab using Guid(41298c6ff2dd79f4485adca15b109283) Importer(815301076,1909f56bfc062723c751e8b465ee728b)  -> (artifact id: '6d09a124c0ff54e33a12804a5d0df32b') in 0.063581 seconds
Number of updated asset objects reloaded before import = 0
Number of asset objects unloaded after import = 18
========================================================================
Received Import Request.
  Time since last request: 0.000039 seconds.
  path: Assets/AddedAssets/Props/polyperfect/Low Poly Ultimate Pack/M/- Prefabs_M/Buildings_M/building-burger-joint.prefab
  artifactKey: Guid(943625908a983794d965c806455fc9e3) Importer(815301076,1909f56bfc062723c751e8b465ee728b)
Start importing Assets/AddedAssets/Props/polyperfect/Low Poly Ultimate Pack/M/- Prefabs_M/Buildings_M/building-burger-joint.prefab using Guid(943625908a983794d965c806455fc9e3) Importer(815301076,1909f56bfc062723c751e8b465ee728b)  -> (artifact id: '7518dd34b6b66508b818720043bd20e3') in 0.060779 seconds
Number of updated asset objects reloaded before import = 0
Number of asset objects unloaded after import = 16
========================================================================
Received Import Request.
  Time since last request: 0.000036 seconds.
  path: Assets/AddedAssets/Props/polyperfect/Low Poly Ultimate Pack/M/- Prefabs_M/Buildings_M/building-house-middle.prefab
  artifactKey: Guid(5f4808ea74a764372b965aa467f2ce05) Importer(815301076,1909f56bfc062723c751e8b465ee728b)
Start importing Assets/AddedAssets/Props/polyperfect/Low Poly Ultimate Pack/M/- Prefabs_M/Buildings_M/building-house-middle.prefab using Guid(5f4808ea74a764372b965aa467f2ce05) Importer(815301076,1909f56bfc062723c751e8b465ee728b)  -> (artifact id: 'b8629d84d14940f82f5c39561b1668cc') in 0.052044 seconds
Number of updated asset objects reloaded before import = 0
Number of asset objects unloaded after import = 15
========================================================================
Received Import Request.
  Time since last request: 2.464404 seconds.
  path: Assets/AddedAssets/Props/polyperfect/Low Poly Ultimate Pack/M/- Prefabs_M/Buildings_M/parts/door-garage.prefab
  artifactKey: Guid(7e0c2d632e7c44a57b55fa1148c9be68) Importer(815301076,1909f56bfc062723c751e8b465ee728b)
Start importing Assets/AddedAssets/Props/polyperfect/Low Poly Ultimate Pack/M/- Prefabs_M/Buildings_M/parts/door-garage.prefab using Guid(7e0c2d632e7c44a57b55fa1148c9be68) Importer(815301076,1909f56bfc062723c751e8b465ee728b)  -> (artifact id: '230a5eef356e6a8d8c20d4d6b56d607e') in 0.028913 seconds
Number of updated asset objects reloaded before import = 0
Number of asset objects unloaded after import = 9
========================================================================
Received Import Request.
  Time since last request: 0.000025 seconds.
  path: Assets/AddedAssets/Props/polyperfect/Low Poly Ultimate Pack/M/- Prefabs_M/Buildings_M/parts/door-house-simple.prefab
  artifactKey: Guid(a89fb4c5717e04af7b826dd5fa720ae3) Importer(815301076,1909f56bfc062723c751e8b465ee728b)
Start importing Assets/AddedAssets/Props/polyperfect/Low Poly Ultimate Pack/M/- Prefabs_M/Buildings_M/parts/door-house-simple.prefab using Guid(a89fb4c5717e04af7b826dd5fa720ae3) Importer(815301076,1909f56bfc062723c751e8b465ee728b)  -> (artifact id: '9b6b6a2a7e840093fd6f2edbc8694f13') in 0.030138 seconds
Number of updated asset objects reloaded before import = 0
Number of asset objects unloaded after import = 10
========================================================================
Received Import Request.
  Time since last request: 0.000026 seconds.
  path: Assets/AddedAssets/Props/polyperfect/Low Poly Ultimate Pack/M/- Prefabs_M/Buildings_M/parts/house-roof-porch-edge.prefab
  artifactKey: Guid(c78a38c75933a4a5daa46be3dce4b1a1) Importer(815301076,1909f56bfc062723c751e8b465ee728b)
Start importing Assets/AddedAssets/Props/polyperfect/Low Poly Ultimate Pack/M/- Prefabs_M/Buildings_M/parts/house-roof-porch-edge.prefab using Guid(c78a38c75933a4a5daa46be3dce4b1a1) Importer(815301076,1909f56bfc062723c751e8b465ee728b)  -> (artifact id: '3e636d6870c9153e1f393d1e5a81d162') in 0.030146 seconds
Number of updated asset objects reloaded before import = 0
Number of asset objects unloaded after import = 11
========================================================================
Received Import Request.
  Time since last request: 0.000027 seconds.
  path: Assets/AddedAssets/Props/polyperfect/Low Poly Ultimate Pack/M/- Prefabs_M/Buildings_M/parts/house-wall-window-two.prefab
  artifactKey: Guid(6c9240d65ec01421abf47aa7ff348fef) Importer(815301076,1909f56bfc062723c751e8b465ee728b)
Start importing Assets/AddedAssets/Props/polyperfect/Low Poly Ultimate Pack/M/- Prefabs_M/Buildings_M/parts/house-wall-window-two.prefab using Guid(6c9240d65ec01421abf47aa7ff348fef) Importer(815301076,1909f56bfc062723c751e8b465ee728b)  -> (artifact id: '2dd54db744ebbcd29254fc7c017fb35e') in 0.048885 seconds
Number of updated asset objects reloaded before import = 0
Number of asset objects unloaded after import = 13
========================================================================
Received Import Request.
  Time since last request: 0.000029 seconds.
  path: Assets/AddedAssets/Props/polyperfect/Low Poly Ultimate Pack/M/- Prefabs_M/Buildings_M/parts/house-wall-corner-half.prefab
  artifactKey: Guid(98e71a117d8e244ca88f67876f143904) Importer(815301076,1909f56bfc062723c751e8b465ee728b)
Start importing Assets/AddedAssets/Props/polyperfect/Low Poly Ultimate Pack/M/- Prefabs_M/Buildings_M/parts/house-wall-corner-half.prefab using Guid(98e71a117d8e244ca88f67876f143904) Importer(815301076,1909f56bfc062723c751e8b465ee728b)  -> (artifact id: 'f8be71ae2faf2c87360069f32a0b6a1e') in 0.039204 seconds
Number of updated asset objects reloaded before import = 0
Number of asset objects unloaded after import = 11
========================================================================
Received Import Request.
  Time since last request: 0.000035 seconds.
  path: Assets/AddedAssets/Props/polyperfect/Low Poly Ultimate Pack/M/- Prefabs_M/Buildings_M/parts/house-wall-door.prefab
  artifactKey: Guid(1e212581da1d146fca5233289052a32f) Importer(815301076,1909f56bfc062723c751e8b465ee728b)
Start importing Assets/AddedAssets/Props/polyperfect/Low Poly Ultimate Pack/M/- Prefabs_M/Buildings_M/parts/house-wall-door.prefab using Guid(1e212581da1d146fca5233289052a32f) Importer(815301076,1909f56bfc062723c751e8b465ee728b)  -> (artifact id: 'a250fe0511251ffe77af9b7f6ed09862') in 0.025932 seconds
Number of updated asset objects reloaded before import = 0
Number of asset objects unloaded after import = 11
========================================================================
Received Import Request.
  Time since last request: 0.000043 seconds.
  path: Assets/AddedAssets/Props/polyperfect/Low Poly Ultimate Pack/M/- Prefabs_M/Buildings_M/parts/house-wall.prefab
  artifactKey: Guid(91f25435ba3bc40d79f6f617363886d8) Importer(815301076,1909f56bfc062723c751e8b465ee728b)
Start importing Assets/AddedAssets/Props/polyperfect/Low Poly Ultimate Pack/M/- Prefabs_M/Buildings_M/parts/house-wall.prefab using Guid(91f25435ba3bc40d79f6f617363886d8) Importer(815301076,1909f56bfc062723c751e8b465ee728b)  -> (artifact id: 'feb364fd0e750132b170b2e712ba2bad') in 0.026344 seconds
Number of updated asset objects reloaded before import = 0
Number of asset objects unloaded after import = 10
========================================================================
Received Import Request.
  Time since last request: 0.000030 seconds.
  path: Assets/AddedAssets/Props/polyperfect/Low Poly Ultimate Pack/M/- Prefabs_M/Buildings_M/parts/house-wall-window-construction.prefab
  artifactKey: Guid(6ada76ec81db045acabeed80b5551eb5) Importer(815301076,1909f56bfc062723c751e8b465ee728b)
Start importing Assets/AddedAssets/Props/polyperfect/Low Poly Ultimate Pack/M/- Prefabs_M/Buildings_M/parts/house-wall-window-construction.prefab using Guid(6ada76ec81db045acabeed80b5551eb5) Importer(815301076,1909f56bfc062723c751e8b465ee728b)  -> (artifact id: 'a74b41015dd42be8f33955fe9fec9010') in 0.029184 seconds
Number of updated asset objects reloaded before import = 0
Number of asset objects unloaded after import = 9
========================================================================
Received Import Request.
  Time since last request: 0.000031 seconds.
  path: Assets/AddedAssets/Props/polyperfect/Low Poly Ultimate Pack/M/- Prefabs_M/Buildings_M/parts/house-roof.prefab
  artifactKey: Guid(513f6ba8cd6a44d10b5129836d70c8a5) Importer(815301076,1909f56bfc062723c751e8b465ee728b)
Start importing Assets/AddedAssets/Props/polyperfect/Low Poly Ultimate Pack/M/- Prefabs_M/Buildings_M/parts/house-roof.prefab using Guid(513f6ba8cd6a44d10b5129836d70c8a5) Importer(815301076,1909f56bfc062723c751e8b465ee728b)  -> (artifact id: 'c05c6e48a237d3f6fb454c1557cd0844') in 0.044068 seconds
Number of updated asset objects reloaded before import = 0
Number of asset objects unloaded after import = 11
========================================================================
Received Import Request.
  Time since last request: 0.000034 seconds.
  path: Assets/AddedAssets/Props/polyperfect/Low Poly Ultimate Pack/M/- Prefabs_M/Buildings_M/parts/house-wall-door-garage.prefab
  artifactKey: Guid(8057c8ff954aa4ec3afd2e48a73e1637) Importer(815301076,1909f56bfc062723c751e8b465ee728b)
Start importing Assets/AddedAssets/Props/polyperfect/Low Poly Ultimate Pack/M/- Prefabs_M/Buildings_M/parts/house-wall-door-garage.prefab using Guid(8057c8ff954aa4ec3afd2e48a73e1637) Importer(815301076,1909f56bfc062723c751e8b465ee728b)  -> (artifact id: 'e1d6dad9d9426784bb609fa96a2faf7d') in 0.045086 seconds
Number of updated asset objects reloaded before import = 0
Number of asset objects unloaded after import = 11
========================================================================
Received Import Request.
  Time since last request: 0.000045 seconds.
  path: Assets/AddedAssets/Props/polyperfect/Low Poly Ultimate Pack/M/- Prefabs_M/Buildings_M/parts/house-roof-window-two.prefab
  artifactKey: Guid(d444fae48f5c24ef194f74bf52a925f6) Importer(815301076,1909f56bfc062723c751e8b465ee728b)
Start importing Assets/AddedAssets/Props/polyperfect/Low Poly Ultimate Pack/M/- Prefabs_M/Buildings_M/parts/house-roof-window-two.prefab using Guid(d444fae48f5c24ef194f74bf52a925f6) Importer(815301076,1909f56bfc062723c751e8b465ee728b)  -> (artifact id: '608271315553b948a97d4bed337653bf') in 0.062710 seconds
Number of updated asset objects reloaded before import = 0
Number of asset objects unloaded after import = 14
========================================================================
Received Import Request.
  Time since last request: 23.435991 seconds.
  path: Assets/AddedAssets/Props/polyperfect/Low Poly Ultimate Pack/M/- Meshes_M/Buildings_M/Parts_M/door-house-simple.fbx
  artifactKey: Guid(d907b3d49693545b7b7af486b43f3921) Importer(815301076,1909f56bfc062723c751e8b465ee728b)
Start importing Assets/AddedAssets/Props/polyperfect/Low Poly Ultimate Pack/M/- Meshes_M/Buildings_M/Parts_M/door-house-simple.fbx using Guid(d907b3d49693545b7b7af486b43f3921) Importer(815301076,1909f56bfc062723c751e8b465ee728b)  -> (artifact id: 'd552eaec90267f8741b6faf287899e54') in 0.192972 seconds
Number of updated asset objects reloaded before import = 0
Number of asset objects unloaded after import = 7
========================================================================
Received Import Request.
  Time since last request: 0.000039 seconds.
  path: Assets/AddedAssets/Props/polyperfect/Low Poly Ultimate Pack/M/- Meshes_M/Buildings_M/Parts_M/house-wall.fbx
  artifactKey: Guid(cbfb6d28791b449c78ea9c7a472f2f2e) Importer(815301076,1909f56bfc062723c751e8b465ee728b)
Start importing Assets/AddedAssets/Props/polyperfect/Low Poly Ultimate Pack/M/- Meshes_M/Buildings_M/Parts_M/house-wall.fbx using Guid(cbfb6d28791b449c78ea9c7a472f2f2e) Importer(815301076,1909f56bfc062723c751e8b465ee728b)  -> (artifact id: 'fa9abbecd46c8bfda2b7785b7eb4e64d') in 0.033927 seconds
Number of updated asset objects reloaded before import = 0
Number of asset objects unloaded after import = 7
========================================================================
Received Import Request.
  Time since last request: 0.000056 seconds.
  path: Assets/AddedAssets/Props/polyperfect/Low Poly Ultimate Pack/M/- Meshes_M/Buildings_M/Parts_M/house-wall-door-garage.fbx
  artifactKey: Guid(120b7e533944c419c8c30f777c2396fb) Importer(815301076,1909f56bfc062723c751e8b465ee728b)
Start importing Assets/AddedAssets/Props/polyperfect/Low Poly Ultimate Pack/M/- Meshes_M/Buildings_M/Parts_M/house-wall-door-garage.fbx using Guid(120b7e533944c419c8c30f777c2396fb) Importer(815301076,1909f56bfc062723c751e8b465ee728b)  -> (artifact id: '11c29a1422f7d032bd174fd19fc8f719') in 0.032314 seconds
Number of updated asset objects reloaded before import = 0
Number of asset objects unloaded after import = 7
========================================================================
Received Import Request.
  Time since last request: 0.000067 seconds.
  path: Assets/AddedAssets/Props/polyperfect/Low Poly Ultimate Pack/M/- Meshes_M/Buildings_M/Parts_M/house-chimney.fbx
  artifactKey: Guid(9111a981ac6e2404faf7cb842912b164) Importer(815301076,1909f56bfc062723c751e8b465ee728b)
Start importing Assets/AddedAssets/Props/polyperfect/Low Poly Ultimate Pack/M/- Meshes_M/Buildings_M/Parts_M/house-chimney.fbx using Guid(9111a981ac6e2404faf7cb842912b164) Importer(815301076,1909f56bfc062723c751e8b465ee728b)  -> (artifact id: '97613f51d609f83d0d99a5741bd23762') in 0.028159 seconds
Number of updated asset objects reloaded before import = 0
Number of asset objects unloaded after import = 7
========================================================================
Received Import Request.
  Time since last request: 0.000020 seconds.
  path: Assets/AddedAssets/Props/polyperfect/Low Poly Ultimate Pack/M/- Meshes_M/Buildings_M/Parts_M/house-roof-porch.fbx
  artifactKey: Guid(e092585c4769e4bd6a25dce160dd0f27) Importer(815301076,1909f56bfc062723c751e8b465ee728b)
Start importing Assets/AddedAssets/Props/polyperfect/Low Poly Ultimate Pack/M/- Meshes_M/Buildings_M/Parts_M/house-roof-porch.fbx using Guid(e092585c4769e4bd6a25dce160dd0f27) Importer(815301076,1909f56bfc062723c751e8b465ee728b)  -> (artifact id: '4188d4efd0e8474443283ef2354b0f05') in 0.034105 seconds
Number of updated asset objects reloaded before import = 0
Number of asset objects unloaded after import = 7
========================================================================
Received Import Request.
  Time since last request: 0.000023 seconds.
  path: Assets/AddedAssets/Props/polyperfect/Low Poly Ultimate Pack/M/- Meshes_M/Buildings_M/Parts_M/house-wall-window-construction.fbx
  artifactKey: Guid(eb60392810e8243ada848a6241dc7735) Importer(815301076,1909f56bfc062723c751e8b465ee728b)
Start importing Assets/AddedAssets/Props/polyperfect/Low Poly Ultimate Pack/M/- Meshes_M/Buildings_M/Parts_M/house-wall-window-construction.fbx using Guid(eb60392810e8243ada848a6241dc7735) Importer(815301076,1909f56bfc062723c751e8b465ee728b)  -> (artifact id: '02529757711cd8a58195db9b5387392e') in 0.028565 seconds
Number of updated asset objects reloaded before import = 0
Number of asset objects unloaded after import = 7
========================================================================
Received Import Request.
  Time since last request: 0.000023 seconds.
  path: Assets/AddedAssets/Props/polyperfect/Low Poly Ultimate Pack/M/- Meshes_M/Buildings_M/Parts_M/house-roof-window-two.fbx
  artifactKey: Guid(bc5000f8ae6064f14afb21927782d1e2) Importer(815301076,1909f56bfc062723c751e8b465ee728b)
Start importing Assets/AddedAssets/Props/polyperfect/Low Poly Ultimate Pack/M/- Meshes_M/Buildings_M/Parts_M/house-roof-window-two.fbx using Guid(bc5000f8ae6064f14afb21927782d1e2) Importer(815301076,1909f56bfc062723c751e8b465ee728b)  -> (artifact id: '01fa4d7069f17dfac71ded0bb449ddc0') in 0.026523 seconds
Number of updated asset objects reloaded before import = 0
Number of asset objects unloaded after import = 7
========================================================================
Received Import Request.
  Time since last request: 0.000026 seconds.
  path: Assets/AddedAssets/Props/polyperfect/Low Poly Ultimate Pack/M/- Meshes_M/Buildings_M/Parts_M/house-wall-corner-half.fbx
  artifactKey: Guid(c3eb871243eda4961ba58c688d813967) Importer(815301076,1909f56bfc062723c751e8b465ee728b)
Start importing Assets/AddedAssets/Props/polyperfect/Low Poly Ultimate Pack/M/- Meshes_M/Buildings_M/Parts_M/house-wall-corner-half.fbx using Guid(c3eb871243eda4961ba58c688d813967) Importer(815301076,1909f56bfc062723c751e8b465ee728b)  -> (artifact id: '5eb06e3c932e9dd3c4269d9acb6d04d1') in 0.024801 seconds
Number of updated asset objects reloaded before import = 0
Number of asset objects unloaded after import = 7
========================================================================
Received Import Request.
  Time since last request: 40.067775 seconds.
  path: Assets/AddedAssets/Props/polyperfect/Low Poly Ultimate Pack/M/- Meshes_M/Buildings_M/airport-jet-bridge.fbx
  artifactKey: Guid(be5209e5cf484264ba1a50803df05123) Importer(815301076,1909f56bfc062723c751e8b465ee728b)
Start importing Assets/AddedAssets/Props/polyperfect/Low Poly Ultimate Pack/M/- Meshes_M/Buildings_M/airport-jet-bridge.fbx using Guid(be5209e5cf484264ba1a50803df05123) Importer(815301076,1909f56bfc062723c751e8b465ee728b)  -> (artifact id: 'ff02b125364b061807e7b2f01e8b18cb') in 0.027221 seconds
Number of updated asset objects reloaded before import = 0
Number of asset objects unloaded after import = 7
========================================================================
Received Import Request.
  Time since last request: 0.000027 seconds.
  path: Assets/AddedAssets/Props/polyperfect/Low Poly Ultimate Pack/M/- Meshes_M/Buildings_M/building-house-block-old.fbx
  artifactKey: Guid(24557990f869ded4bacdfde43c1fb2e8) Importer(815301076,1909f56bfc062723c751e8b465ee728b)
Start importing Assets/AddedAssets/Props/polyperfect/Low Poly Ultimate Pack/M/- Meshes_M/Buildings_M/building-house-block-old.fbx using Guid(24557990f869ded4bacdfde43c1fb2e8) Importer(815301076,1909f56bfc062723c751e8b465ee728b)  -> (artifact id: '523c806d382347f2f86cffca823ec357') in 0.030894 seconds
Number of updated asset objects reloaded before import = 0
Number of asset objects unloaded after import = 7
========================================================================
Received Import Request.
  Time since last request: 0.000037 seconds.
  path: Assets/AddedAssets/Props/polyperfect/Low Poly Ultimate Pack/M/- Meshes_M/Buildings_M/building-hospital.fbx
  artifactKey: Guid(aa37584c46fca25439c5fbaffb6f8d5d) Importer(815301076,1909f56bfc062723c751e8b465ee728b)
Start importing Assets/AddedAssets/Props/polyperfect/Low Poly Ultimate Pack/M/- Meshes_M/Buildings_M/building-hospital.fbx using Guid(aa37584c46fca25439c5fbaffb6f8d5d) Importer(815301076,1909f56bfc062723c751e8b465ee728b)  -> (artifact id: 'dccad599145931b401ef00c8755aa26c') in 0.047945 seconds
Number of updated asset objects reloaded before import = 0
Number of asset objects unloaded after import = 7
========================================================================
Received Import Request.
  Time since last request: 0.000038 seconds.
  path: Assets/AddedAssets/Props/polyperfect/Low Poly Ultimate Pack/M/- Meshes_M/Buildings_M/building-cabin-big.fbx
  artifactKey: Guid(77f494467d4ebcc4cadaeca0fe8ca8f1) Importer(815301076,1909f56bfc062723c751e8b465ee728b)
Start importing Assets/AddedAssets/Props/polyperfect/Low Poly Ultimate Pack/M/- Meshes_M/Buildings_M/building-cabin-big.fbx using Guid(77f494467d4ebcc4cadaeca0fe8ca8f1) Importer(815301076,1909f56bfc062723c751e8b465ee728b)  -> (artifact id: '32f52516528a3ff71fb3608ba59ec84e') in 0.048414 seconds
Number of updated asset objects reloaded before import = 0
Number of asset objects unloaded after import = 7
========================================================================
Received Import Request.
  Time since last request: 0.000050 seconds.
  path: Assets/AddedAssets/Props/polyperfect/Low Poly Ultimate Pack/M/- Meshes_M/Buildings_M/building-house-modern.fbx
  artifactKey: Guid(9ffdb834941d9144e865dd8bbc9d3ffe) Importer(815301076,1909f56bfc062723c751e8b465ee728b)
Start importing Assets/AddedAssets/Props/polyperfect/Low Poly Ultimate Pack/M/- Meshes_M/Buildings_M/building-house-modern.fbx using Guid(9ffdb834941d9144e865dd8bbc9d3ffe) Importer(815301076,1909f56bfc062723c751e8b465ee728b)  -> (artifact id: 'd11927337ac5804ac5f0ee61adffa41a') in 0.037031 seconds
Number of updated asset objects reloaded before import = 0
Number of asset objects unloaded after import = 7
========================================================================
Received Import Request.
  Time since last request: 0.000049 seconds.
  path: Assets/AddedAssets/Props/polyperfect/Low Poly Ultimate Pack/M/- Meshes_M/Buildings_M/building-block-5floor-front.fbx
  artifactKey: Guid(c0da3b53d88c4ce41aec63739eb11de4) Importer(815301076,1909f56bfc062723c751e8b465ee728b)
Start importing Assets/AddedAssets/Props/polyperfect/Low Poly Ultimate Pack/M/- Meshes_M/Buildings_M/building-block-5floor-front.fbx using Guid(c0da3b53d88c4ce41aec63739eb11de4) Importer(815301076,1909f56bfc062723c751e8b465ee728b)  -> (artifact id: '9b8dd120e1871b4f8ddf9c73ead17a51') in 0.044059 seconds
Number of updated asset objects reloaded before import = 0
Number of asset objects unloaded after import = 7
========================================================================
Received Import Request.
  Time since last request: 0.000030 seconds.
  path: Assets/AddedAssets/Props/polyperfect/Low Poly Ultimate Pack/M/- Meshes_M/Buildings_M/building-cinema.fbx
  artifactKey: Guid(431f5e9ecf0f8f94daaf2d6b1d96273a) Importer(815301076,1909f56bfc062723c751e8b465ee728b)
Start importing Assets/AddedAssets/Props/polyperfect/Low Poly Ultimate Pack/M/- Meshes_M/Buildings_M/building-cinema.fbx using Guid(431f5e9ecf0f8f94daaf2d6b1d96273a) Importer(815301076,1909f56bfc062723c751e8b465ee728b)  -> (artifact id: 'c8e1573f177a312fabd51ceeaa06eb97') in 0.051124 seconds
Number of updated asset objects reloaded before import = 0
Number of asset objects unloaded after import = 7
========================================================================
Received Import Request.
  Time since last request: 0.000044 seconds.
  path: Assets/AddedAssets/Props/polyperfect/Low Poly Ultimate Pack/M/- Meshes_M/Buildings_M/building-house-middle.fbx
  artifactKey: Guid(14c4d0e97d3f440e3a961d051edabe27) Importer(815301076,1909f56bfc062723c751e8b465ee728b)
Start importing Assets/AddedAssets/Props/polyperfect/Low Poly Ultimate Pack/M/- Meshes_M/Buildings_M/building-house-middle.fbx using Guid(14c4d0e97d3f440e3a961d051edabe27) Importer(815301076,1909f56bfc062723c751e8b465ee728b)  -> (artifact id: '34d9e6f4c188819a914f7c3eafac2b7c') in 0.044957 seconds
Number of updated asset objects reloaded before import = 0
Number of asset objects unloaded after import = 7
========================================================================
Received Import Request.
  Time since last request: 0.000038 seconds.
  path: Assets/AddedAssets/Props/polyperfect/Low Poly Ultimate Pack/M/- Meshes_M/Buildings_M/bar-tropic.fbx
  artifactKey: Guid(833e4b00c15ecb440bf746f63a9396e4) Importer(815301076,1909f56bfc062723c751e8b465ee728b)
Start importing Assets/AddedAssets/Props/polyperfect/Low Poly Ultimate Pack/M/- Meshes_M/Buildings_M/bar-tropic.fbx using Guid(833e4b00c15ecb440bf746f63a9396e4) Importer(815301076,1909f56bfc062723c751e8b465ee728b)  -> (artifact id: '7d2a422094c35868b8761e0c9fceaf25') in 0.181887 seconds
Number of updated asset objects reloaded before import = 0
Number of asset objects unloaded after import = 7
========================================================================
Received Import Request.
  Time since last request: 0.000044 seconds.
  path: Assets/AddedAssets/Props/polyperfect/Low Poly Ultimate Pack/M/- Meshes_M/Buildings_M/building-house-family-small.fbx
  artifactKey: Guid(e054da1da4240aa43a8f79ca782b8ce3) Importer(815301076,1909f56bfc062723c751e8b465ee728b)
Start importing Assets/AddedAssets/Props/polyperfect/Low Poly Ultimate Pack/M/- Meshes_M/Buildings_M/building-house-family-small.fbx using Guid(e054da1da4240aa43a8f79ca782b8ce3) Importer(815301076,1909f56bfc062723c751e8b465ee728b)  -> (artifact id: 'bd5a2f4358435f682fab7ef7f155f9b7') in 0.044477 seconds
Number of updated asset objects reloaded before import = 0
Number of asset objects unloaded after import = 7
========================================================================
Received Import Request.
  Time since last request: 0.000048 seconds.
  path: Assets/AddedAssets/Props/polyperfect/Low Poly Ultimate Pack/M/- Meshes_M/Buildings_M/building-house-big.fbx
  artifactKey: Guid(d4817e0c8af4f425db4e25fdf58fadbc) Importer(815301076,1909f56bfc062723c751e8b465ee728b)
Start importing Assets/AddedAssets/Props/polyperfect/Low Poly Ultimate Pack/M/- Meshes_M/Buildings_M/building-house-big.fbx using Guid(d4817e0c8af4f425db4e25fdf58fadbc) Importer(815301076,1909f56bfc062723c751e8b465ee728b)  -> (artifact id: '42b6119f3ada6a7aa6b6b298111b891c') in 0.046392 seconds
Number of updated asset objects reloaded before import = 0
Number of asset objects unloaded after import = 7
========================================================================
Received Import Request.
  Time since last request: 0.000045 seconds.
  path: Assets/AddedAssets/Props/polyperfect/Low Poly Ultimate Pack/M/- Meshes_M/Buildings_M/building-apartment-china.fbx
  artifactKey: Guid(a92b7d8fa53e00241b0a7d3b526cb947) Importer(815301076,1909f56bfc062723c751e8b465ee728b)
Start importing Assets/AddedAssets/Props/polyperfect/Low Poly Ultimate Pack/M/- Meshes_M/Buildings_M/building-apartment-china.fbx using Guid(a92b7d8fa53e00241b0a7d3b526cb947) Importer(815301076,1909f56bfc062723c751e8b465ee728b)  -> (artifact id: 'aa7e2cab3ee63d02fb1e8af986723087') in 0.049872 seconds
Number of updated asset objects reloaded before import = 0
Number of asset objects unloaded after import = 7
========================================================================
Received Import Request.
  Time since last request: 11.386993 seconds.
  path: Assets/AddedAssets/Props/polyperfect/Low Poly Ultimate Pack/M/- Prefabs_M/Electronics_M/camera-dslr-objective-small.prefab
  artifactKey: Guid(62937ac8d2ece484988c77622ccce677) Importer(815301076,1909f56bfc062723c751e8b465ee728b)
Start importing Assets/AddedAssets/Props/polyperfect/Low Poly Ultimate Pack/M/- Prefabs_M/Electronics_M/camera-dslr-objective-small.prefab using Guid(62937ac8d2ece484988c77622ccce677) Importer(815301076,1909f56bfc062723c751e8b465ee728b)  -> (artifact id: '2d4e449db1ccb99b105c5454608f0fd4') in 0.049734 seconds
Number of updated asset objects reloaded before import = 0
Number of asset objects unloaded after import = 12
========================================================================
Received Import Request.
  Time since last request: 0.000053 seconds.
  path: Assets/AddedAssets/Props/polyperfect/Low Poly Ultimate Pack/M/- Prefabs_M/Electronics_M/vr-headset.prefab
  artifactKey: Guid(f683cf6d52d6063428ab3257826c51ec) Importer(815301076,1909f56bfc062723c751e8b465ee728b)
Start importing Assets/AddedAssets/Props/polyperfect/Low Poly Ultimate Pack/M/- Prefabs_M/Electronics_M/vr-headset.prefab using Guid(f683cf6d52d6063428ab3257826c51ec) Importer(815301076,1909f56bfc062723c751e8b465ee728b)  -> (artifact id: '54a684f2450f5784e5a6ad93e171914b') in 0.059775 seconds
Number of updated asset objects reloaded before import = 0
Number of asset objects unloaded after import = 12
========================================================================
Received Import Request.
  Time since last request: 0.000041 seconds.
  path: Assets/AddedAssets/Props/polyperfect/Low Poly Ultimate Pack/M/- Prefabs_M/Electronics_M/television-old.prefab
  artifactKey: Guid(f7ed959805216424087925ba3859c726) Importer(815301076,1909f56bfc062723c751e8b465ee728b)
Start importing Assets/AddedAssets/Props/polyperfect/Low Poly Ultimate Pack/M/- Prefabs_M/Electronics_M/television-old.prefab using Guid(f7ed959805216424087925ba3859c726) Importer(815301076,1909f56bfc062723c751e8b465ee728b)  -> (artifact id: 'e8cb79539ae730b992d8bfd257ebb488') in 0.048868 seconds
Number of updated asset objects reloaded before import = 0
Number of asset objects unloaded after import = 13
========================================================================
Received Import Request.
  Time since last request: 0.000052 seconds.
  path: Assets/AddedAssets/Props/polyperfect/Low Poly Ultimate Pack/M/- Prefabs_M/Electronics_M/pc-desktop.prefab
  artifactKey: Guid(781bf50a7ddf04a74add6b7a8150f571) Importer(815301076,1909f56bfc062723c751e8b465ee728b)
Start importing Assets/AddedAssets/Props/polyperfect/Low Poly Ultimate Pack/M/- Prefabs_M/Electronics_M/pc-desktop.prefab using Guid(781bf50a7ddf04a74add6b7a8150f571) Importer(815301076,1909f56bfc062723c751e8b465ee728b)  -> (artifact id: 'c610cf0f117ff4f1c44b514fc5cb5d64') in 0.028057 seconds
Number of updated asset objects reloaded before import = 0
Number of asset objects unloaded after import = 9
========================================================================
Received Import Request.
  Time since last request: 39.954091 seconds.
  path: Assets/AddedAssets/Props/polyperfect/Low Poly Ultimate Pack/M/- Prefabs_M/Fantasy_M/ladder-small-wood.prefab
  artifactKey: Guid(1dce6e46679e848a2923dd90a24982c4) Importer(815301076,1909f56bfc062723c751e8b465ee728b)
Start importing Assets/AddedAssets/Props/polyperfect/Low Poly Ultimate Pack/M/- Prefabs_M/Fantasy_M/ladder-small-wood.prefab using Guid(1dce6e46679e848a2923dd90a24982c4) Importer(815301076,1909f56bfc062723c751e8b465ee728b)  -> (artifact id: '2635d2789ff3b085dc19f286f9842b48') in 0.022954 seconds
Number of updated asset objects reloaded before import = 0
Number of asset objects unloaded after import = 9
========================================================================
Received Import Request.
  Time since last request: 0.000035 seconds.
  path: Assets/AddedAssets/Props/polyperfect/Low Poly Ultimate Pack/M/- Prefabs_M/Fantasy_M/library-books.prefab
  artifactKey: Guid(749d1a7f57e9347479aa9ba64aef0657) Importer(815301076,1909f56bfc062723c751e8b465ee728b)
Start importing Assets/AddedAssets/Props/polyperfect/Low Poly Ultimate Pack/M/- Prefabs_M/Fantasy_M/library-books.prefab using Guid(749d1a7f57e9347479aa9ba64aef0657) Importer(815301076,1909f56bfc062723c751e8b465ee728b)  -> (artifact id: 'be93955de04bbc61dbfdccd9343083d4') in 0.035058 seconds
Number of updated asset objects reloaded before import = 0
Number of asset objects unloaded after import = 18
========================================================================
Received Import Request.
  Time since last request: 0.000078 seconds.
  path: Assets/AddedAssets/Props/polyperfect/Low Poly Ultimate Pack/M/- Prefabs_M/Fantasy_M/library.prefab
  artifactKey: Guid(209d1084f90d24df2903902969097dae) Importer(815301076,1909f56bfc062723c751e8b465ee728b)
Start importing Assets/AddedAssets/Props/polyperfect/Low Poly Ultimate Pack/M/- Prefabs_M/Fantasy_M/library.prefab using Guid(209d1084f90d24df2903902969097dae) Importer(815301076,1909f56bfc062723c751e8b465ee728b)  -> (artifact id: '821c5d384ac68e3620eaaa29d7914505') in 0.019943 seconds
Number of updated asset objects reloaded before import = 0
Number of asset objects unloaded after import = 10
========================================================================
Received Import Request.
  Time since last request: 0.963195 seconds.
  path: Assets/AddedAssets/Props/polyperfect/Low Poly Ultimate Pack/M/- Prefabs_M/Fantasy_M/railing-stairs-stone.prefab
  artifactKey: Guid(8469f8cc9756247be8d6465ca34f5466) Importer(815301076,1909f56bfc062723c751e8b465ee728b)
Start importing Assets/AddedAssets/Props/polyperfect/Low Poly Ultimate Pack/M/- Prefabs_M/Fantasy_M/railing-stairs-stone.prefab using Guid(8469f8cc9756247be8d6465ca34f5466) Importer(815301076,1909f56bfc062723c751e8b465ee728b)  -> (artifact id: 'c534c81692d9ed63d39a196c7861c1b8') in 0.022639 seconds
Number of updated asset objects reloaded before import = 0
Number of asset objects unloaded after import = 10
========================================================================
Received Import Request.
  Time since last request: 0.000022 seconds.
  path: Assets/AddedAssets/Props/polyperfect/Low Poly Ultimate Pack/M/- Prefabs_M/Fantasy_M/skull-human.prefab
  artifactKey: Guid(51e0c53a1bb69254c8f18c44fe4579d5) Importer(815301076,1909f56bfc062723c751e8b465ee728b)
Start importing Assets/AddedAssets/Props/polyperfect/Low Poly Ultimate Pack/M/- Prefabs_M/Fantasy_M/skull-human.prefab using Guid(51e0c53a1bb69254c8f18c44fe4579d5) Importer(815301076,1909f56bfc062723c751e8b465ee728b)  -> (artifact id: '23f05730b77fd42395dfa41c7d43b8f6') in 0.035049 seconds
Number of updated asset objects reloaded before import = 0
Number of asset objects unloaded after import = 10
========================================================================
Received Import Request.
  Time since last request: 0.000030 seconds.
  path: Assets/AddedAssets/Props/polyperfect/Low Poly Ultimate Pack/M/- Prefabs_M/Fantasy_M/skull-human-candle.prefab
  artifactKey: Guid(3fda45bc6763a433baf23f83525e9abd) Importer(815301076,1909f56bfc062723c751e8b465ee728b)
Start importing Assets/AddedAssets/Props/polyperfect/Low Poly Ultimate Pack/M/- Prefabs_M/Fantasy_M/skull-human-candle.prefab using Guid(3fda45bc6763a433baf23f83525e9abd) Importer(815301076,1909f56bfc062723c751e8b465ee728b)  -> (artifact id: 'c88cf9ec20afe386d544bc541ddbbec0') in 0.043139 seconds
Number of updated asset objects reloaded before import = 0
Number of asset objects unloaded after import = 11
========================================================================
Received Import Request.
  Time since last request: 0.155245 seconds.
  path: Assets/AddedAssets/Props/polyperfect/Low Poly Ultimate Pack/M/- Prefabs_M/Fantasy_M/table-wood.prefab
  artifactKey: Guid(8036420a35be94a7fb651ad06f9c6a7d) Importer(815301076,1909f56bfc062723c751e8b465ee728b)
Start importing Assets/AddedAssets/Props/polyperfect/Low Poly Ultimate Pack/M/- Prefabs_M/Fantasy_M/table-wood.prefab using Guid(8036420a35be94a7fb651ad06f9c6a7d) Importer(815301076,1909f56bfc062723c751e8b465ee728b)  -> (artifact id: '217a9b7d08890b4c63d6d47201c6b0e0') in 0.031781 seconds
Number of updated asset objects reloaded before import = 0
Number of asset objects unloaded after import = 10
========================================================================
Received Import Request.
  Time since last request: 0.000021 seconds.
  path: Assets/AddedAssets/Props/polyperfect/Low Poly Ultimate Pack/M/- Prefabs_M/Fantasy_M/torche-wall.prefab
  artifactKey: Guid(58ea094a6ac5e4cdc899c4827b82a38c) Importer(815301076,1909f56bfc062723c751e8b465ee728b)
Start importing Assets/AddedAssets/Props/polyperfect/Low Poly Ultimate Pack/M/- Prefabs_M/Fantasy_M/torche-wall.prefab using Guid(58ea094a6ac5e4cdc899c4827b82a38c) Importer(815301076,1909f56bfc062723c751e8b465ee728b)  -> (artifact id: '19229adcf42ddcc48158e44f4cac3d46') in 0.021069 seconds
Number of updated asset objects reloaded before import = 0
Number of asset objects unloaded after import = 10
========================================================================
Received Import Request.
  Time since last request: 375.122444 seconds.
  path: Assets/AddedAssets/Props/polyperfect/Low Poly Ultimate Pack/M/- Prefabs_M/Survival_M/battery-9v.prefab
  artifactKey: Guid(87465934f7da5465489d8a1c53ad8821) Importer(815301076,1909f56bfc062723c751e8b465ee728b)
Start importing Assets/AddedAssets/Props/polyperfect/Low Poly Ultimate Pack/M/- Prefabs_M/Survival_M/battery-9v.prefab using Guid(87465934f7da5465489d8a1c53ad8821) Importer(815301076,1909f56bfc062723c751e8b465ee728b)  -> (artifact id: '2f6d0045ef5d54b83acd8db2d7f12b82') in 0.039534 seconds
Number of updated asset objects reloaded before import = 0
Number of asset objects unloaded after import = 11
========================================================================
Received Import Request.
  Time since last request: 0.000031 seconds.
  path: Assets/AddedAssets/Props/polyperfect/Low Poly Ultimate Pack/M/- Prefabs_M/Survival_M/bear-trap.prefab
  artifactKey: Guid(f7234947f3b2a43508a1ead6ce2e7d6e) Importer(815301076,1909f56bfc062723c751e8b465ee728b)
Start importing Assets/AddedAssets/Props/polyperfect/Low Poly Ultimate Pack/M/- Prefabs_M/Survival_M/bear-trap.prefab using Guid(f7234947f3b2a43508a1ead6ce2e7d6e) Importer(815301076,1909f56bfc062723c751e8b465ee728b)  -> (artifact id: '0ab1dd4ddf55e379e109bb5cefa84eab') in 0.050457 seconds
Number of updated asset objects reloaded before import = 0
Number of asset objects unloaded after import = 9
========================================================================
Received Import Request.
  Time since last request: 0.000022 seconds.
  path: Assets/AddedAssets/Props/polyperfect/Low Poly Ultimate Pack/M/- Prefabs_M/Survival_M/fireplace.prefab
  artifactKey: Guid(eafb6c39ba701a541a6473aa217fa9c3) Importer(815301076,1909f56bfc062723c751e8b465ee728b)
Start importing Assets/AddedAssets/Props/polyperfect/Low Poly Ultimate Pack/M/- Prefabs_M/Survival_M/fireplace.prefab using Guid(eafb6c39ba701a541a6473aa217fa9c3) Importer(815301076,1909f56bfc062723c751e8b465ee728b)  -> (artifact id: '579e9e6a21da6396472452143a64a598') in 0.022501 seconds
Number of updated asset objects reloaded before import = 0
Number of asset objects unloaded after import = 11
========================================================================
Received Import Request.
  Time since last request: 0.000031 seconds.
  path: Assets/AddedAssets/Props/polyperfect/Low Poly Ultimate Pack/M/- Prefabs_M/Survival_M/drugs.prefab
  artifactKey: Guid(7ef6542bb5e70428ba2450b5c38db9f3) Importer(815301076,1909f56bfc062723c751e8b465ee728b)
Start importing Assets/AddedAssets/Props/polyperfect/Low Poly Ultimate Pack/M/- Prefabs_M/Survival_M/drugs.prefab using Guid(7ef6542bb5e70428ba2450b5c38db9f3) Importer(815301076,1909f56bfc062723c751e8b465ee728b)  -> (artifact id: '2946aa99c9a7f9d0fe425f07f3c81f3c') in 0.026057 seconds
Number of updated asset objects reloaded before import = 0
Number of asset objects unloaded after import = 10
========================================================================
Received Import Request.
  Time since last request: 0.000023 seconds.
  path: Assets/AddedAssets/Props/polyperfect/Low Poly Ultimate Pack/M/- Prefabs_M/Survival_M/medkit.prefab
  artifactKey: Guid(d5b2614762ebc42d290249842061a434) Importer(815301076,1909f56bfc062723c751e8b465ee728b)
Start importing Assets/AddedAssets/Props/polyperfect/Low Poly Ultimate Pack/M/- Prefabs_M/Survival_M/medkit.prefab using Guid(d5b2614762ebc42d290249842061a434) Importer(815301076,1909f56bfc062723c751e8b465ee728b)  -> (artifact id: 'e4a5f3f6c9eb6f5483453f0fed93ff91') in 0.035956 seconds
Number of updated asset objects reloaded before import = 0
Number of asset objects unloaded after import = 11
========================================================================
Received Import Request.
  Time since last request: 0.000031 seconds.
  path: Assets/AddedAssets/Props/polyperfect/Low Poly Ultimate Pack/M/- Prefabs_M/Survival_M/gas-bottle.prefab
  artifactKey: Guid(d02ba351b58e8fe499b622cce168f0a1) Importer(815301076,1909f56bfc062723c751e8b465ee728b)
Start importing Assets/AddedAssets/Props/polyperfect/Low Poly Ultimate Pack/M/- Prefabs_M/Survival_M/gas-bottle.prefab using Guid(d02ba351b58e8fe499b622cce168f0a1) Importer(815301076,1909f56bfc062723c751e8b465ee728b)  -> (artifact id: '91ae5f8c62125c2231ee7ff603a50278') in 0.029118 seconds
Number of updated asset objects reloaded before import = 0
Number of asset objects unloaded after import = 10
========================================================================
Received Import Request.
  Time since last request: 0.000053 seconds.
  path: Assets/AddedAssets/Props/polyperfect/Low Poly Ultimate Pack/M/- Prefabs_M/Survival_M/cooker.prefab
  artifactKey: Guid(2a42daeba3c1142abbf125bb048ca9f9) Importer(815301076,1909f56bfc062723c751e8b465ee728b)
Start importing Assets/AddedAssets/Props/polyperfect/Low Poly Ultimate Pack/M/- Prefabs_M/Survival_M/cooker.prefab using Guid(2a42daeba3c1142abbf125bb048ca9f9) Importer(815301076,1909f56bfc062723c751e8b465ee728b)  -> (artifact id: 'a76634e39dfe166b7293ab2d1a3e19e4') in 0.031982 seconds
Number of updated asset objects reloaded before import = 0
Number of asset objects unloaded after import = 11
========================================================================
Received Import Request.
  Time since last request: 0.000034 seconds.
  path: Assets/AddedAssets/Props/polyperfect/Low Poly Ultimate Pack/M/- Prefabs_M/Survival_M/fuel-canister.prefab
  artifactKey: Guid(c2f91be5ba9ee4ea7a319810fb85be27) Importer(815301076,1909f56bfc062723c751e8b465ee728b)
Start importing Assets/AddedAssets/Props/polyperfect/Low Poly Ultimate Pack/M/- Prefabs_M/Survival_M/fuel-canister.prefab using Guid(c2f91be5ba9ee4ea7a319810fb85be27) Importer(815301076,1909f56bfc062723c751e8b465ee728b)  -> (artifact id: '528d8215577576e70336dffe68c7f2bf') in 0.019688 seconds
Number of updated asset objects reloaded before import = 0
Number of asset objects unloaded after import = 9
========================================================================
Received Import Request.
  Time since last request: 0.000026 seconds.
  path: Assets/AddedAssets/Props/polyperfect/Low Poly Ultimate Pack/M/- Prefabs_M/Survival_M/fire.prefab
  artifactKey: Guid(485faa9f712b47945a4619dbb8b2f9b1) Importer(815301076,1909f56bfc062723c751e8b465ee728b)
Start importing Assets/AddedAssets/Props/polyperfect/Low Poly Ultimate Pack/M/- Prefabs_M/Survival_M/fire.prefab using Guid(485faa9f712b47945a4619dbb8b2f9b1) Importer(815301076,1909f56bfc062723c751e8b465ee728b)  -> (artifact id: '19ae1bb0133bfe6c489290042f2af9d7') in 0.019249 seconds
Number of updated asset objects reloaded before import = 0
Number of asset objects unloaded after import = 8
========================================================================
Received Import Request.
  Time since last request: 0.000023 seconds.
  path: Assets/AddedAssets/Props/polyperfect/Low Poly Ultimate Pack/M/- Prefabs_M/Survival_M/toilet-paper.prefab
  artifactKey: Guid(5de019b2052344985ad2a12126ae93c3) Importer(815301076,1909f56bfc062723c751e8b465ee728b)
Start importing Assets/AddedAssets/Props/polyperfect/Low Poly Ultimate Pack/M/- Prefabs_M/Survival_M/toilet-paper.prefab using Guid(5de019b2052344985ad2a12126ae93c3) Importer(815301076,1909f56bfc062723c751e8b465ee728b)  -> (artifact id: '9e1f579e14f37cd4d6a704f8db2259d2') in 0.023965 seconds
Number of updated asset objects reloaded before import = 0
Number of asset objects unloaded after import = 9
========================================================================
Received Import Request.
  Time since last request: 0.000023 seconds.
  path: Assets/AddedAssets/Props/polyperfect/Low Poly Ultimate Pack/M/- Prefabs_M/Survival_M/candle.prefab
  artifactKey: Guid(bf214548bb3ca4e1c876873eb7d0e258) Importer(815301076,1909f56bfc062723c751e8b465ee728b)
Start importing Assets/AddedAssets/Props/polyperfect/Low Poly Ultimate Pack/M/- Prefabs_M/Survival_M/candle.prefab using Guid(bf214548bb3ca4e1c876873eb7d0e258) Importer(815301076,1909f56bfc062723c751e8b465ee728b)  -> (artifact id: '0db1458cda45ba9366e0b92e85d4b5a7') in 0.022376 seconds
Number of updated asset objects reloaded before import = 0
Number of asset objects unloaded after import = 9
========================================================================
Received Import Request.
  Time since last request: 0.000027 seconds.
  path: Assets/AddedAssets/Props/polyperfect/Low Poly Ultimate Pack/M/- Prefabs_M/Survival_M/gas-mask.prefab
  artifactKey: Guid(869c4f0d82b441943afad26af0a18456) Importer(815301076,1909f56bfc062723c751e8b465ee728b)
Start importing Assets/AddedAssets/Props/polyperfect/Low Poly Ultimate Pack/M/- Prefabs_M/Survival_M/gas-mask.prefab using Guid(869c4f0d82b441943afad26af0a18456) Importer(815301076,1909f56bfc062723c751e8b465ee728b)  -> (artifact id: '398c0e152db3912569b8fb7a18e97087') in 0.039975 seconds
Number of updated asset objects reloaded before import = 0
Number of asset objects unloaded after import = 12
========================================================================
Received Import Request.
  Time since last request: 20.839315 seconds.
  path: Assets/AddedAssets/Props/polyperfect/Low Poly Ultimate Pack/M/- Prefabs_M/Terrains_M/hexagon-land.prefab
  artifactKey: Guid(0437e05764a3d4003acaf7747b1d2aa4) Importer(815301076,1909f56bfc062723c751e8b465ee728b)
Start importing Assets/AddedAssets/Props/polyperfect/Low Poly Ultimate Pack/M/- Prefabs_M/Terrains_M/hexagon-land.prefab using Guid(0437e05764a3d4003acaf7747b1d2aa4) Importer(815301076,1909f56bfc062723c751e8b465ee728b)  -> (artifact id: 'f21d44eeeed2bc920d5cf5cb84ff7dde') in 0.038896 seconds
Number of updated asset objects reloaded before import = 0
Number of asset objects unloaded after import = 11
========================================================================
Received Import Request.
  Time since last request: 0.000060 seconds.
  path: Assets/AddedAssets/Props/polyperfect/Low Poly Ultimate Pack/M/- Prefabs_M/Terrains_M/terrain-mountain-range.prefab
  artifactKey: Guid(d0fb19b74a6974b988756d6b0c6351e0) Importer(815301076,1909f56bfc062723c751e8b465ee728b)
Start importing Assets/AddedAssets/Props/polyperfect/Low Poly Ultimate Pack/M/- Prefabs_M/Terrains_M/terrain-mountain-range.prefab using Guid(d0fb19b74a6974b988756d6b0c6351e0) Importer(815301076,1909f56bfc062723c751e8b465ee728b)  -> (artifact id: '66b20c32df4d9cc87d9926a21d4d41cd') in 0.028620 seconds
Number of updated asset objects reloaded before import = 0
Number of asset objects unloaded after import = 9
========================================================================
Received Import Request.
  Time since last request: 0.000024 seconds.
  path: Assets/AddedAssets/Props/polyperfect/Low Poly Ultimate Pack/M/- Prefabs_M/Terrains_M/terrain-valley.prefab
  artifactKey: Guid(95169dbcb9b934c3380ca9f90b03e212) Importer(815301076,1909f56bfc062723c751e8b465ee728b)
Start importing Assets/AddedAssets/Props/polyperfect/Low Poly Ultimate Pack/M/- Prefabs_M/Terrains_M/terrain-valley.prefab using Guid(95169dbcb9b934c3380ca9f90b03e212) Importer(815301076,1909f56bfc062723c751e8b465ee728b)  -> (artifact id: '3c8abe8e3bf82e0b5959f4634b4caf75') in 0.037380 seconds
Number of updated asset objects reloaded before import = 0
Number of asset objects unloaded after import = 9
========================================================================
Received Import Request.
  Time since last request: 0.000065 seconds.
  path: Assets/AddedAssets/Props/polyperfect/Low Poly Ultimate Pack/M/- Prefabs_M/Terrains_M/mountains.prefab
  artifactKey: Guid(c16b273bb66f2484da70cc699a851863) Importer(815301076,1909f56bfc062723c751e8b465ee728b)
Start importing Assets/AddedAssets/Props/polyperfect/Low Poly Ultimate Pack/M/- Prefabs_M/Terrains_M/mountains.prefab using Guid(c16b273bb66f2484da70cc699a851863) Importer(815301076,1909f56bfc062723c751e8b465ee728b)  -> (artifact id: '6a97f291e714f9a31258844a7f5a39ec') in 0.022586 seconds
Number of updated asset objects reloaded before import = 0
Number of asset objects unloaded after import = 11
========================================================================
Received Import Request.
  Time since last request: 47.293173 seconds.
  path: Assets/AddedAssets/Props/polyperfect/Low Poly Ultimate Pack/M/- Prefabs_M/Props_M/House_M/flowers-window.prefab
  artifactKey: Guid(12806afb936964845a50813d99e35a76) Importer(815301076,1909f56bfc062723c751e8b465ee728b)
Start importing Assets/AddedAssets/Props/polyperfect/Low Poly Ultimate Pack/M/- Prefabs_M/Props_M/House_M/flowers-window.prefab using Guid(12806afb936964845a50813d99e35a76) Importer(815301076,1909f56bfc062723c751e8b465ee728b)  -> (artifact id: '95f9f6a80e5656aba53246d3f40c4bb0') in 0.021513 seconds
Number of updated asset objects reloaded before import = 0
Number of asset objects unloaded after import = 11
========================================================================
Received Import Request.
  Time since last request: 0.000021 seconds.
  path: Assets/AddedAssets/Props/polyperfect/Low Poly Ultimate Pack/M/- Prefabs_M/Props_M/House_M/solar-panel.prefab
  artifactKey: Guid(6c9202504fe5bc14d9e86c3c66a91dcb) Importer(815301076,1909f56bfc062723c751e8b465ee728b)
Start importing Assets/AddedAssets/Props/polyperfect/Low Poly Ultimate Pack/M/- Prefabs_M/Props_M/House_M/solar-panel.prefab using Guid(6c9202504fe5bc14d9e86c3c66a91dcb) Importer(815301076,1909f56bfc062723c751e8b465ee728b)  -> (artifact id: 'd7e1623732dfa6769a11498938412008') in 0.027720 seconds
Number of updated asset objects reloaded before import = 0
Number of asset objects unloaded after import = 11
========================================================================
Received Import Request.
  Time since last request: 0.000037 seconds.
  path: Assets/AddedAssets/Props/polyperfect/Low Poly Ultimate Pack/M/- Prefabs_M/Props_M/House_M/wallbox-hose.prefab
  artifactKey: Guid(9debd5bc92d9a05408588bc50dee0a15) Importer(815301076,1909f56bfc062723c751e8b465ee728b)
Start importing Assets/AddedAssets/Props/polyperfect/Low Poly Ultimate Pack/M/- Prefabs_M/Props_M/House_M/wallbox-hose.prefab using Guid(9debd5bc92d9a05408588bc50dee0a15) Importer(815301076,1909f56bfc062723c751e8b465ee728b)  -> (artifact id: '8ef1ef68d813a581942e0ed88ad03e29') in 0.030732 seconds
Number of updated asset objects reloaded before import = 0
Number of asset objects unloaded after import = 11
========================================================================
Received Import Request.
  Time since last request: 0.000025 seconds.
  path: Assets/AddedAssets/Props/polyperfect/Low Poly Ultimate Pack/M/- Prefabs_M/Props_M/House_M/grill-round.prefab
  artifactKey: Guid(f3c9d7ec97be443e18df02738dc4d40d) Importer(815301076,1909f56bfc062723c751e8b465ee728b)
Start importing Assets/AddedAssets/Props/polyperfect/Low Poly Ultimate Pack/M/- Prefabs_M/Props_M/House_M/grill-round.prefab using Guid(f3c9d7ec97be443e18df02738dc4d40d) Importer(815301076,1909f56bfc062723c751e8b465ee728b)  -> (artifact id: '4483d68293990768c87e9ffae2e29776') in 0.021948 seconds
Number of updated asset objects reloaded before import = 0
Number of asset objects unloaded after import = 18
Editor requested this worker to shutdown with reason: Scaling down because of idle timeout
TcpMessagingSession - receive error: operation aborted. errorcode: 995, details: ╬’Õ­Ó÷Ķ  ŌŌŅõÓ/Ō¹ŌŅõÓ ß¹ļÓ ’­Õ­ŌÓĒÓ Ķń-ńÓ ńÓŌÕ­°ÕĒĶ  ’Ņ“ŅĻÓ ĻŅņÓĒõ ĶļĶ ’Ņ ńÓ’­Ņ±¾ ’­ĶļŅµÕĒĶ .
AssetImportWorker is now disconnected from the server
Process exiting
Exiting without the bug reporter. Application will terminate with return code 0