Using pre-set license
Built from '2022.3/staging' branch; Version is '2022.3.10f1 (ff3792e53c62) revision 16725906'; Using compiler version '192829333'; Build Type 'Release'
OS: 'Windows 10  (10.0.19045) 64bit Professional' Language: 'ru' Physical Memory: 16221 MB
BatchMode: 1, IsHumanControllingUs: 0, StartBugReporterOnCrash: 0, Is64bit: 1, IsPro: 1

COMMAND LINE ARGUMENTS:
C:\Program Files\Unity\Hub\Editor\2022.3.10f1\Editor\Unity.exe
-adb2
-batchMode
-noUpm
-name
AssetImportWorker3
-projectPath
C:/Users/darkc/Documents/GitHub/Rob/Rob
-logFile
Logs/AssetImportWorker3.log
-srvPort
64378
Successfully changed project path to: C:/Users/darkc/Documents/GitHub/Rob/Rob
C:/Users/darkc/Documents/GitHub/Rob/Rob
[UnityMemory] Configuration Parameters - Can be set up in boot.config
    "memorysetup-bucket-allocator-granularity=16"
    "memorysetup-bucket-allocator-bucket-count=8"
    "memorysetup-bucket-allocator-block-size=33554432"
    "memorysetup-bucket-allocator-block-count=8"
    "memorysetup-main-allocator-block-size=16777216"
    "memorysetup-thread-allocator-block-size=16777216"
    "memorysetup-gfx-main-allocator-block-size=16777216"
    "memorysetup-gfx-thread-allocator-block-size=16777216"
    "memorysetup-cache-allocator-block-size=4194304"
    "memorysetup-typetree-allocator-block-size=2097152"
    "memorysetup-profiler-bucket-allocator-granularity=16"
    "memorysetup-profiler-bucket-allocator-bucket-count=8"
    "memorysetup-profiler-bucket-allocator-block-size=33554432"
    "memorysetup-profiler-bucket-allocator-block-count=8"
    "memorysetup-profiler-allocator-block-size=16777216"
    "memorysetup-profiler-editor-allocator-block-size=1048576"
    "memorysetup-temp-allocator-size-main=16777216"
    "memorysetup-job-temp-allocator-block-size=2097152"
    "memorysetup-job-temp-allocator-block-size-background=1048576"
    "memorysetup-job-temp-allocator-reduction-small-platforms=262144"
    "memorysetup-allocator-temp-initial-block-size-main=262144"
    "memorysetup-allocator-temp-initial-block-size-worker=262144"
    "memorysetup-temp-allocator-size-background-worker=32768"
    "memorysetup-temp-allocator-size-job-worker=262144"
    "memorysetup-temp-allocator-size-preload-manager=33554432"
    "memorysetup-temp-allocator-size-nav-mesh-worker=65536"
    "memorysetup-temp-allocator-size-audio-worker=65536"
    "memorysetup-temp-allocator-size-cloud-worker=32768"
    "memorysetup-temp-allocator-size-gi-baking-worker=262144"
    "memorysetup-temp-allocator-size-gfx=262144"
Player connection [22944] Host "[IP] 10.54.235.250 [Port] 0 [Flags] 2 [Guid] 4210522036 [EditorId] 4210522036 [Version] 1048832 [Id] WindowsEditor(7,DESKTOP-BVBJ8MC) [Debug] 1 [PackageName] WindowsEditor [ProjectName] Editor" joined multi-casting on [225.0.0.222:54997]...

Player connection [22944] Host "[IP] 10.54.235.250 [Port] 0 [Flags] 2 [Guid] 4210522036 [EditorId] 4210522036 [Version] 1048832 [Id] WindowsEditor(7,DESKTOP-BVBJ8MC) [Debug] 1 [PackageName] WindowsEditor [ProjectName] Editor" joined alternative multi-casting on [225.0.0.222:34997]...

[Physics::Module] Initialized MultithreadedJobDispatcher with 11 workers.
Refreshing native plugins compatible for Editor in 23.88 ms, found 6 plugins.
Preloading 0 native plugins for Editor in 0.00 ms.
Initialize engine version: 2022.3.10f1 (ff3792e53c62)
[Subsystems] Discovering subsystems at path C:/Program Files/Unity/Hub/Editor/2022.3.10f1/Editor/Data/Resources/UnitySubsystems
[Subsystems] Discovering subsystems at path C:/Users/darkc/Documents/GitHub/Rob/Rob/Assets
GfxDevice: creating device client; threaded=0; jobified=0
Direct3D:
    Version:  Direct3D 11.0 [level 11.1]
    Renderer: NVIDIA GeForce GTX 1650 (ID=0x1f99)
    Vendor:   NVIDIA
    VRAM:     3962 MB
    Driver:   31.0.15.2230
Initialize mono
Mono path[0] = 'C:/Program Files/Unity/Hub/Editor/2022.3.10f1/Editor/Data/Managed'
Mono path[1] = 'C:/Program Files/Unity/Hub/Editor/2022.3.10f1/Editor/Data/MonoBleedingEdge/lib/mono/unityjit-win32'
Mono config path = 'C:/Program Files/Unity/Hub/Editor/2022.3.10f1/Editor/Data/MonoBleedingEdge/etc'
Using monoOptions --debugger-agent=transport=dt_socket,embedding=1,server=y,suspend=n,address=127.0.0.1:56164
Begin MonoManager ReloadAssembly
Registering precompiled unity dll's ...
Register platform support module: C:/Program Files/Unity/Hub/Editor/2022.3.10f1/Editor/Data/PlaybackEngines/WebGLSupport/UnityEditor.WebGL.Extensions.dll
Register platform support module: C:/Program Files/Unity/Hub/Editor/2022.3.10f1/Editor/Data/PlaybackEngines/WindowsStandaloneSupport/UnityEditor.WindowsStandalone.Extensions.dll
Registered in 0.010677 seconds.
- Loaded All Assemblies, in  0.351 seconds
Native extension for WindowsStandalone target not found
Native extension for WebGL target not found
Mono: successfully reloaded assembly
- Finished resetting the current domain, in  0.246 seconds
Domain Reload Profiling: 596ms
	BeginReloadAssembly (101ms)
		ExecutionOrderSort (0ms)
		DisableScriptedObjects (0ms)
		BackupInstance (0ms)
		ReleaseScriptingObjects (0ms)
		CreateAndSetChildDomain (1ms)
	RebuildCommonClasses (34ms)
	RebuildNativeTypeToScriptingClass (11ms)
	initialDomainReloadingComplete (59ms)
	LoadAllAssembliesAndSetupDomain (144ms)
		LoadAssemblies (99ms)
		RebuildTransferFunctionScriptingTraits (0ms)
		AnalyzeDomain (143ms)
			TypeCache.Refresh (141ms)
				TypeCache.ScanAssembly (128ms)
			ScanForSourceGeneratedMonoScriptInfo (0ms)
			ResolveRequiredComponents (0ms)
	FinalizeReload (246ms)
		ReleaseScriptCaches (0ms)
		RebuildScriptCaches (0ms)
		SetupLoadedEditorAssemblies (187ms)
			LogAssemblyErrors (0ms)
			InitializePlatformSupportModulesInManaged (10ms)
			SetLoadedEditorAssemblies (6ms)
			RefreshPlugins (0ms)
			BeforeProcessingInitializeOnLoad (2ms)
			ProcessInitializeOnLoadAttributes (123ms)
			ProcessInitializeOnLoadMethodAttributes (46ms)
			AfterProcessingInitializeOnLoad (0ms)
			EditorAssembliesLoaded (0ms)
		ExecutionOrderSort2 (0ms)
		AwakeInstancesAfterBackupRestoration (0ms)
========================================================================
Worker process is ready to serve import requests
Begin MonoManager ReloadAssembly
- Loaded All Assemblies, in  0.942 seconds
Refreshing native plugins compatible for Editor in 9.52 ms, found 6 plugins.
Native extension for WindowsStandalone target not found
Native extension for WebGL target not found
Package Manager log level set to [2]
[Package Manager] Server::EnsureServerProcessIsRunning -- launch failed, reason: Unity was launched with the -noUpm command-line argument
[Package Manager] UpmClient::Send -- Unable to send message (not connected to UPM process).
[Package Manager] Cannot connect to Unity Package Manager local server
Launched and connected shader compiler UnityShaderCompiler.exe after 0.05 seconds
Mono: successfully reloaded assembly
- Finished resetting the current domain, in  1.420 seconds
Domain Reload Profiling: 2358ms
	BeginReloadAssembly (139ms)
		ExecutionOrderSort (0ms)
		DisableScriptedObjects (5ms)
		BackupInstance (0ms)
		ReleaseScriptingObjects (0ms)
		CreateAndSetChildDomain (20ms)
	RebuildCommonClasses (33ms)
	RebuildNativeTypeToScriptingClass (12ms)
	initialDomainReloadingComplete (47ms)
	LoadAllAssembliesAndSetupDomain (706ms)
		LoadAssemblies (424ms)
		RebuildTransferFunctionScriptingTraits (0ms)
		AnalyzeDomain (362ms)
			TypeCache.Refresh (297ms)
				TypeCache.ScanAssembly (272ms)
			ScanForSourceGeneratedMonoScriptInfo (43ms)
			ResolveRequiredComponents (19ms)
	FinalizeReload (1421ms)
		ReleaseScriptCaches (0ms)
		RebuildScriptCaches (0ms)
		SetupLoadedEditorAssemblies (1199ms)
			LogAssemblyErrors (0ms)
			InitializePlatformSupportModulesInManaged (11ms)
			SetLoadedEditorAssemblies (5ms)
			RefreshPlugins (0ms)
			BeforeProcessingInitializeOnLoad (109ms)
			ProcessInitializeOnLoadAttributes (652ms)
			ProcessInitializeOnLoadMethodAttributes (415ms)
			AfterProcessingInitializeOnLoad (8ms)
			EditorAssembliesLoaded (0ms)
		ExecutionOrderSort2 (0ms)
		AwakeInstancesAfterBackupRestoration (7ms)
Refreshing native plugins compatible for Editor in 8.94 ms, found 6 plugins.
Preloading 0 native plugins for Editor in 0.00 ms.
Unloading 6589 Unused Serialized files (Serialized files now loaded: 0)
Unloading 114 unused Assets / (66.5 MB). Loaded Objects now: 7109.
Memory consumption went from 485.0 MB to 418.5 MB.
Total: 20.553700 ms (FindLiveObjects: 0.513400 ms CreateObjectMapping: 0.515200 ms MarkObjects: 15.285600 ms  DeleteObjects: 4.238300 ms)

AssetImportParameters requested are different than current active one (requested -> active):
  custom:container-demuxer-ogg: 62fdf1f143b41e24485cea50d1cbac27 -> 
  custom:framework-win-MediaFoundation: 216162199b28c13a410421893ffa2e32 -> 
  custom:container-muxer-webm: aa71ff27fc2769a1b78a27578f13a17b -> 
  custom:video-decoder-webm-vp8: 9c59270c3fd7afecdb556c50c9e8de78 -> 
  custom:SearchIndexIgnoredProperties: e643bd26f0fe6173181afceb89e7c659 -> 
  custom:AudioImporter_EditorPlatform: d09bf68614088b80899f8185d706f6e7 -> 
  custom:audio-decoder-ogg-vorbis: bf7c407c2cedff20999df2af8eb42d56 -> 
  custom:audio-encoder-webm-vorbis: bf7c407c2cedff20999df2af8eb42d56 -> 
  custom:video-decoder-ogg-theora: a1e56fd34408186e4bbccfd4996cb3dc -> 
  custom:CustomObjectIndexerAttribute: a3ef5dd2817f97addfee359851a9dba5 -> 
  custom:container-demuxer-webm: 4f35f7cbe854078d1ac9338744f61a02 -> 
  custom:video-encoder-webm-vp8: eb34c28f22e8b96e1ab97ce403110664 -> 
========================================================================
Received Import Request.
  Time since last request: 327110.019516 seconds.
  path: Assets/AddedAssets/Props/polyperfect/Low Poly Ultimate Pack/M/- Prefabs_M/Vehicles_M/bumper-car.prefab
  artifactKey: Guid(d0bfc0a22f0554f4a806ced3f36ca69e) Importer(815301076,1909f56bfc062723c751e8b465ee728b)
Start importing Assets/AddedAssets/Props/polyperfect/Low Poly Ultimate Pack/M/- Prefabs_M/Vehicles_M/bumper-car.prefab using Guid(d0bfc0a22f0554f4a806ced3f36ca69e) Importer(815301076,1909f56bfc062723c751e8b465ee728b)  -> (artifact id: '4b4335725d45c83d532c55ef32fc3ff8') in 0.154578 seconds
Number of updated asset objects reloaded before import = 0
Number of asset objects unloaded after import = 11
========================================================================
Received Import Request.
  Time since last request: 4.376471 seconds.
  path: Assets/AddedAssets/Props/polyperfect/Low Poly Ultimate Pack/M/- Prefabs_M/Vehicles_M/Cars_M/bus-school.prefab
  artifactKey: Guid(5c0bb1a21161f4a8f964a691cc1310e7) Importer(815301076,1909f56bfc062723c751e8b465ee728b)
Start importing Assets/AddedAssets/Props/polyperfect/Low Poly Ultimate Pack/M/- Prefabs_M/Vehicles_M/Cars_M/bus-school.prefab using Guid(5c0bb1a21161f4a8f964a691cc1310e7) Importer(815301076,1909f56bfc062723c751e8b465ee728b)  -> (artifact id: 'e3d9c054e8507633ec0209e40ad14100') in 0.062672 seconds
Number of updated asset objects reloaded before import = 0
Number of asset objects unloaded after import = 36
========================================================================
Received Import Request.
  Time since last request: 0.000017 seconds.
  path: Assets/AddedAssets/Props/polyperfect/Low Poly Ultimate Pack/M/- Prefabs_M/Vehicles_M/Cars_M/car-taxi-china.prefab
  artifactKey: Guid(8fe4557c18a5d3646b23d85bc8a261c4) Importer(815301076,1909f56bfc062723c751e8b465ee728b)
Start importing Assets/AddedAssets/Props/polyperfect/Low Poly Ultimate Pack/M/- Prefabs_M/Vehicles_M/Cars_M/car-taxi-china.prefab using Guid(8fe4557c18a5d3646b23d85bc8a261c4) Importer(815301076,1909f56bfc062723c751e8b465ee728b)  -> (artifact id: 'f3cbd55a3044d1ee1cbe478bc116455a') in 0.032437 seconds
Number of updated asset objects reloaded before import = 0
Number of asset objects unloaded after import = 42
========================================================================
Received Import Request.
  Time since last request: 0.000025 seconds.
  path: Assets/AddedAssets/Props/polyperfect/Low Poly Ultimate Pack/M/- Prefabs_M/Vehicles_M/Cars_M/car-veteran.prefab
  artifactKey: Guid(58c7dcfc2a50bc3499084141558b9045) Importer(815301076,1909f56bfc062723c751e8b465ee728b)
Start importing Assets/AddedAssets/Props/polyperfect/Low Poly Ultimate Pack/M/- Prefabs_M/Vehicles_M/Cars_M/car-veteran.prefab using Guid(58c7dcfc2a50bc3499084141558b9045) Importer(815301076,1909f56bfc062723c751e8b465ee728b)  -> (artifact id: '5486225505f93baadf3c446ffd52d58e') in 0.031705 seconds
Number of updated asset objects reloaded before import = 0
Number of asset objects unloaded after import = 41
========================================================================
Received Import Request.
  Time since last request: 0.000026 seconds.
  path: Assets/AddedAssets/Props/polyperfect/Low Poly Ultimate Pack/M/- Prefabs_M/Vehicles_M/Cars_M/golf-cart.prefab
  artifactKey: Guid(fd22b2c95c8dc954fb22c5fac4ce7ce9) Importer(815301076,1909f56bfc062723c751e8b465ee728b)
Start importing Assets/AddedAssets/Props/polyperfect/Low Poly Ultimate Pack/M/- Prefabs_M/Vehicles_M/Cars_M/golf-cart.prefab using Guid(fd22b2c95c8dc954fb22c5fac4ce7ce9) Importer(815301076,1909f56bfc062723c751e8b465ee728b)  -> (artifact id: 'd1ec1be7a36c85cac648b319a7b34788') in 0.034371 seconds
Number of updated asset objects reloaded before import = 0
Number of asset objects unloaded after import = 38
========================================================================
Received Import Request.
  Time since last request: 0.000018 seconds.
  path: Assets/AddedAssets/Props/polyperfect/Low Poly Ultimate Pack/M/- Prefabs_M/Vehicles_M/Cars_M/car-police.prefab
  artifactKey: Guid(1120b1f0d25bd1c49928071222840047) Importer(815301076,1909f56bfc062723c751e8b465ee728b)
Start importing Assets/AddedAssets/Props/polyperfect/Low Poly Ultimate Pack/M/- Prefabs_M/Vehicles_M/Cars_M/car-police.prefab using Guid(1120b1f0d25bd1c49928071222840047) Importer(815301076,1909f56bfc062723c751e8b465ee728b)  -> (artifact id: 'ead2cf7129ff1ffd1feba18fe0c0026e') in 0.074102 seconds
Number of updated asset objects reloaded before import = 0
Number of asset objects unloaded after import = 44
========================================================================
Received Import Request.
  Time since last request: 0.000027 seconds.
  path: Assets/AddedAssets/Props/polyperfect/Low Poly Ultimate Pack/M/- Prefabs_M/Vehicles_M/Cars_M/car-passenger.prefab
  artifactKey: Guid(7a1d88942353f4528b7e0dcbf832516b) Importer(815301076,1909f56bfc062723c751e8b465ee728b)
Start importing Assets/AddedAssets/Props/polyperfect/Low Poly Ultimate Pack/M/- Prefabs_M/Vehicles_M/Cars_M/car-passenger.prefab using Guid(7a1d88942353f4528b7e0dcbf832516b) Importer(815301076,1909f56bfc062723c751e8b465ee728b)  -> (artifact id: '129a08bf12397930cd374f6bf1c932b4') in 0.064678 seconds
Number of updated asset objects reloaded before import = 0
Number of asset objects unloaded after import = 37
========================================================================
Received Import Request.
  Time since last request: 0.000025 seconds.
  path: Assets/AddedAssets/Props/polyperfect/Low Poly Ultimate Pack/M/- Prefabs_M/Vehicles_M/Cars_M/tram-china.prefab
  artifactKey: Guid(f10217d8d0394af4fbf3279a620c8fbe) Importer(815301076,1909f56bfc062723c751e8b465ee728b)
Start importing Assets/AddedAssets/Props/polyperfect/Low Poly Ultimate Pack/M/- Prefabs_M/Vehicles_M/Cars_M/tram-china.prefab using Guid(f10217d8d0394af4fbf3279a620c8fbe) Importer(815301076,1909f56bfc062723c751e8b465ee728b)  -> (artifact id: 'c5c4daa204f9c3455fe0eed09f2f2584') in 0.069088 seconds
Number of updated asset objects reloaded before import = 0
Number of asset objects unloaded after import = 29
========================================================================
Received Import Request.
  Time since last request: 0.000021 seconds.
  path: Assets/AddedAssets/Props/polyperfect/Low Poly Ultimate Pack/M/- Prefabs_M/Vehicles_M/Cars_M/car-tow-truck.prefab
  artifactKey: Guid(a23308f142d9af248ab98bafd919082a) Importer(815301076,1909f56bfc062723c751e8b465ee728b)
Start importing Assets/AddedAssets/Props/polyperfect/Low Poly Ultimate Pack/M/- Prefabs_M/Vehicles_M/Cars_M/car-tow-truck.prefab using Guid(a23308f142d9af248ab98bafd919082a) Importer(815301076,1909f56bfc062723c751e8b465ee728b)  -> (artifact id: '6431e0f77323f8b891835de67ecb3ab2') in 0.035926 seconds
Number of updated asset objects reloaded before import = 0
Number of asset objects unloaded after import = 42
========================================================================
Received Import Request.
  Time since last request: 0.000055 seconds.
  path: Assets/AddedAssets/Props/polyperfect/Low Poly Ultimate Pack/M/- Prefabs_M/Vehicles_M/Cars_M/excavator.prefab
  artifactKey: Guid(4ccddf6119f0a904ca3d4ee5da387710) Importer(815301076,1909f56bfc062723c751e8b465ee728b)
Start importing Assets/AddedAssets/Props/polyperfect/Low Poly Ultimate Pack/M/- Prefabs_M/Vehicles_M/Cars_M/excavator.prefab using Guid(4ccddf6119f0a904ca3d4ee5da387710) Importer(815301076,1909f56bfc062723c751e8b465ee728b)  -> (artifact id: 'd7b3fb66a1de8810601b71d7d7eac840') in 0.032535 seconds
Number of updated asset objects reloaded before import = 0
Number of asset objects unloaded after import = 76
========================================================================
Received Import Request.
  Time since last request: 2.808710 seconds.
  path: Assets/AddedAssets/Props/polyperfect/Low Poly Ultimate Pack/M/- Prefabs_M/Vehicles_M/Trains_M/train-freight.prefab
  artifactKey: Guid(acdc5f57e77b83b4bb1fb95939a3294d) Importer(815301076,1909f56bfc062723c751e8b465ee728b)
Start importing Assets/AddedAssets/Props/polyperfect/Low Poly Ultimate Pack/M/- Prefabs_M/Vehicles_M/Trains_M/train-freight.prefab using Guid(acdc5f57e77b83b4bb1fb95939a3294d) Importer(815301076,1909f56bfc062723c751e8b465ee728b)  -> (artifact id: 'e52ab3992011c4527d02178290224fe2') in 0.029353 seconds
Number of updated asset objects reloaded before import = 0
Number of asset objects unloaded after import = 53
========================================================================
Received Import Request.
  Time since last request: 0.000022 seconds.
  path: Assets/AddedAssets/Props/polyperfect/Low Poly Ultimate Pack/M/- Prefabs_M/Vehicles_M/Trains_M/train-freight-short.prefab
  artifactKey: Guid(9c3faa8ab3827b34899ecff35e19195f) Importer(815301076,1909f56bfc062723c751e8b465ee728b)
Start importing Assets/AddedAssets/Props/polyperfect/Low Poly Ultimate Pack/M/- Prefabs_M/Vehicles_M/Trains_M/train-freight-short.prefab using Guid(9c3faa8ab3827b34899ecff35e19195f) Importer(815301076,1909f56bfc062723c751e8b465ee728b)  -> (artifact id: '71886f4f40ef32715ac02b12d80ce420') in 0.032114 seconds
Number of updated asset objects reloaded before import = 0
Number of asset objects unloaded after import = 52
========================================================================
Received Import Request.
  Time since last request: 0.000034 seconds.
  path: Assets/AddedAssets/Props/polyperfect/Low Poly Ultimate Pack/M/- Prefabs_M/Vehicles_M/Trains_M/train-wagon-hopper.prefab
  artifactKey: Guid(adf956c22424f264288c722cae79fa7f) Importer(815301076,1909f56bfc062723c751e8b465ee728b)
Start importing Assets/AddedAssets/Props/polyperfect/Low Poly Ultimate Pack/M/- Prefabs_M/Vehicles_M/Trains_M/train-wagon-hopper.prefab using Guid(adf956c22424f264288c722cae79fa7f) Importer(815301076,1909f56bfc062723c751e8b465ee728b)  -> (artifact id: 'c0f4f906df71e3497b695f52722f5eb1') in 0.028767 seconds
Number of updated asset objects reloaded before import = 0
Number of asset objects unloaded after import = 49
========================================================================
Received Import Request.
  Time since last request: 0.000019 seconds.
  path: Assets/AddedAssets/Props/polyperfect/Low Poly Ultimate Pack/M/- Prefabs_M/Vehicles_M/Trains_M/train-freight-big.prefab
  artifactKey: Guid(e60ac5ac1bed7ce4ca63bf4a4ec81173) Importer(815301076,1909f56bfc062723c751e8b465ee728b)
Start importing Assets/AddedAssets/Props/polyperfect/Low Poly Ultimate Pack/M/- Prefabs_M/Vehicles_M/Trains_M/train-freight-big.prefab using Guid(e60ac5ac1bed7ce4ca63bf4a4ec81173) Importer(815301076,1909f56bfc062723c751e8b465ee728b)  -> (artifact id: 'b5860343ccc55fcfea3272dd54ae5eef') in 0.035870 seconds
Number of updated asset objects reloaded before import = 0
Number of asset objects unloaded after import = 65
========================================================================
Received Import Request.
  Time since last request: 3.043806 seconds.
  path: Assets/AddedAssets/Props/polyperfect/Low Poly Ultimate Pack/M/- Prefabs_M/Vehicles_M/Air_M/floatplane.prefab
  artifactKey: Guid(94df8d17e46a69848b3608066efa71c0) Importer(815301076,1909f56bfc062723c751e8b465ee728b)
Start importing Assets/AddedAssets/Props/polyperfect/Low Poly Ultimate Pack/M/- Prefabs_M/Vehicles_M/Air_M/floatplane.prefab using Guid(94df8d17e46a69848b3608066efa71c0) Importer(815301076,1909f56bfc062723c751e8b465ee728b)  -> (artifact id: '164807baaec3ffd0c037a1048006fd0f') in 0.037086 seconds
Number of updated asset objects reloaded before import = 0
Number of asset objects unloaded after import = 22
========================================================================
Received Import Request.
  Time since last request: 3.219492 seconds.
  path: Assets/AddedAssets/Props/polyperfect/Low Poly Ultimate Pack/M/- Prefabs_M/Vehicles_M/Boats_M/boat-sail.prefab
  artifactKey: Guid(11f413bd028be614cbe33f1da7904349) Importer(815301076,1909f56bfc062723c751e8b465ee728b)
Start importing Assets/AddedAssets/Props/polyperfect/Low Poly Ultimate Pack/M/- Prefabs_M/Vehicles_M/Boats_M/boat-sail.prefab using Guid(11f413bd028be614cbe33f1da7904349) Importer(815301076,1909f56bfc062723c751e8b465ee728b)  -> (artifact id: '28d3772e88b6b3b1456470147d99999d') in 0.040911 seconds
Number of updated asset objects reloaded before import = 0
Number of asset objects unloaded after import = 15
========================================================================
Received Import Request.
  Time since last request: 0.000017 seconds.
  path: Assets/AddedAssets/Props/polyperfect/Low Poly Ultimate Pack/M/- Prefabs_M/Vehicles_M/Boats_M/ship-yacht.prefab
  artifactKey: Guid(0adcd60a1c813e24ba2cde191ac499d0) Importer(815301076,1909f56bfc062723c751e8b465ee728b)
Start importing Assets/AddedAssets/Props/polyperfect/Low Poly Ultimate Pack/M/- Prefabs_M/Vehicles_M/Boats_M/ship-yacht.prefab using Guid(0adcd60a1c813e24ba2cde191ac499d0) Importer(815301076,1909f56bfc062723c751e8b465ee728b)  -> (artifact id: '0fcdf8875bbff9b637b4826289a9682a') in 0.039710 seconds
Number of updated asset objects reloaded before import = 0
Number of asset objects unloaded after import = 15
========================================================================
Received Import Request.
  Time since last request: 10.454365 seconds.
  path: Assets/AddedAssets/Props/polyperfect/Low Poly Ultimate Pack/M/- Prefabs_M/Weapons_M/bullet-line.prefab
  artifactKey: Guid(c0501fa8ee3ee469d91218231e9dd5aa) Importer(815301076,1909f56bfc062723c751e8b465ee728b)
Start importing Assets/AddedAssets/Props/polyperfect/Low Poly Ultimate Pack/M/- Prefabs_M/Weapons_M/bullet-line.prefab using Guid(c0501fa8ee3ee469d91218231e9dd5aa) Importer(815301076,1909f56bfc062723c751e8b465ee728b)  -> (artifact id: '183e24dd08f40a788189eb19a63be651') in 0.019594 seconds
Number of updated asset objects reloaded before import = 0
Number of asset objects unloaded after import = 8
========================================================================
Received Import Request.
  Time since last request: 0.000020 seconds.
  path: Assets/AddedAssets/Props/polyperfect/Low Poly Ultimate Pack/M/- Prefabs_M/Weapons_M/pistol.prefab
  artifactKey: Guid(d4c00971c8036754cbcda3da87ea6e03) Importer(815301076,1909f56bfc062723c751e8b465ee728b)
Start importing Assets/AddedAssets/Props/polyperfect/Low Poly Ultimate Pack/M/- Prefabs_M/Weapons_M/pistol.prefab using Guid(d4c00971c8036754cbcda3da87ea6e03) Importer(815301076,1909f56bfc062723c751e8b465ee728b)  -> (artifact id: '23bd70322df7d642347d23d23ebf1b1b') in 0.019161 seconds
Number of updated asset objects reloaded before import = 0
Number of asset objects unloaded after import = 9
========================================================================
Received Import Request.
  Time since last request: 0.000023 seconds.
  path: Assets/AddedAssets/Props/polyperfect/Low Poly Ultimate Pack/M/- Prefabs_M/Weapons_M/tellermine42.prefab
  artifactKey: Guid(fb38d1e6ba9aa421ba79a6abc3f0758e) Importer(815301076,1909f56bfc062723c751e8b465ee728b)
Start importing Assets/AddedAssets/Props/polyperfect/Low Poly Ultimate Pack/M/- Prefabs_M/Weapons_M/tellermine42.prefab using Guid(fb38d1e6ba9aa421ba79a6abc3f0758e) Importer(815301076,1909f56bfc062723c751e8b465ee728b)  -> (artifact id: '040583cfa254321fe353d2fd9bbdc10d') in 0.024119 seconds
Number of updated asset objects reloaded before import = 0
Number of asset objects unloaded after import = 9
========================================================================
Received Import Request.
  Time since last request: 0.000017 seconds.
  path: Assets/AddedAssets/Props/polyperfect/Low Poly Ultimate Pack/M/- Prefabs_M/Weapons_M/pistol-bullet.prefab
  artifactKey: Guid(631b75cc1aaa81642a7b01c5c0379f9a) Importer(815301076,1909f56bfc062723c751e8b465ee728b)
Start importing Assets/AddedAssets/Props/polyperfect/Low Poly Ultimate Pack/M/- Prefabs_M/Weapons_M/pistol-bullet.prefab using Guid(631b75cc1aaa81642a7b01c5c0379f9a) Importer(815301076,1909f56bfc062723c751e8b465ee728b)  -> (artifact id: '6febf0ea4d8ae4a7c89eb21f7ed1e1ef') in 0.025742 seconds
Number of updated asset objects reloaded before import = 0
Number of asset objects unloaded after import = 10
========================================================================
Received Import Request.
  Time since last request: 4.658893 seconds.
  path: Assets/AddedAssets/Props/polyperfect/Low Poly Ultimate Pack/M/- Prefabs_M/Western_M/canoe.prefab
  artifactKey: Guid(01ccbdfe73fdf47a2878af8036c2cd13) Importer(815301076,1909f56bfc062723c751e8b465ee728b)
Start importing Assets/AddedAssets/Props/polyperfect/Low Poly Ultimate Pack/M/- Prefabs_M/Western_M/canoe.prefab using Guid(01ccbdfe73fdf47a2878af8036c2cd13) Importer(815301076,1909f56bfc062723c751e8b465ee728b)  -> (artifact id: '8ffece8b9bf86820113612d5d04f1165') in 0.021924 seconds
Number of updated asset objects reloaded before import = 0
Number of asset objects unloaded after import = 10
========================================================================
Received Import Request.
  Time since last request: 0.000015 seconds.
  path: Assets/AddedAssets/Props/polyperfect/Low Poly Ultimate Pack/M/- Prefabs_M/Western_M/gunsmith-western.prefab
  artifactKey: Guid(61dd0c3629dc34f0782b09f899b1a8b4) Importer(815301076,1909f56bfc062723c751e8b465ee728b)
Start importing Assets/AddedAssets/Props/polyperfect/Low Poly Ultimate Pack/M/- Prefabs_M/Western_M/gunsmith-western.prefab using Guid(61dd0c3629dc34f0782b09f899b1a8b4) Importer(815301076,1909f56bfc062723c751e8b465ee728b)  -> (artifact id: 'c0fdede64c49e16f64ac440e290e9802') in 0.028078 seconds
Number of updated asset objects reloaded before import = 0
Number of asset objects unloaded after import = 13
========================================================================
Received Import Request.
  Time since last request: 0.000016 seconds.
  path: Assets/AddedAssets/Props/polyperfect/Low Poly Ultimate Pack/M/- Prefabs_M/Western_M/pipe-peace.prefab
  artifactKey: Guid(b2391208d93464be6bd31bd635d6e3e0) Importer(815301076,1909f56bfc062723c751e8b465ee728b)
Start importing Assets/AddedAssets/Props/polyperfect/Low Poly Ultimate Pack/M/- Prefabs_M/Western_M/pipe-peace.prefab using Guid(b2391208d93464be6bd31bd635d6e3e0) Importer(815301076,1909f56bfc062723c751e8b465ee728b)  -> (artifact id: '948c1a18a62b16a26421609407b84d7e') in 0.022649 seconds
Number of updated asset objects reloaded before import = 0
Number of asset objects unloaded after import = 11
========================================================================
Received Import Request.
  Time since last request: 0.000015 seconds.
  path: Assets/AddedAssets/Props/polyperfect/Low Poly Ultimate Pack/M/- Prefabs_M/Western_M/tumbleweed.prefab
  artifactKey: Guid(5e4598f3060674e4b9abf4ee47e00197) Importer(815301076,1909f56bfc062723c751e8b465ee728b)
Start importing Assets/AddedAssets/Props/polyperfect/Low Poly Ultimate Pack/M/- Prefabs_M/Western_M/tumbleweed.prefab using Guid(5e4598f3060674e4b9abf4ee47e00197) Importer(815301076,1909f56bfc062723c751e8b465ee728b)  -> (artifact id: 'fb7a7a4c96fa5fe05611dbd43a5016a7') in 0.030919 seconds
Number of updated asset objects reloaded before import = 0
Number of asset objects unloaded after import = 10
========================================================================
Received Import Request.
  Time since last request: 0.000034 seconds.
  path: Assets/AddedAssets/Props/polyperfect/Low Poly Ultimate Pack/M/- Prefabs_M/Western_M/church-western.prefab
  artifactKey: Guid(d6b163b52befa4068bbd873a74b6c600) Importer(815301076,1909f56bfc062723c751e8b465ee728b)
Start importing Assets/AddedAssets/Props/polyperfect/Low Poly Ultimate Pack/M/- Prefabs_M/Western_M/church-western.prefab using Guid(d6b163b52befa4068bbd873a74b6c600) Importer(815301076,1909f56bfc062723c751e8b465ee728b)  -> (artifact id: '87f97c87e3779f9e0b8e6f82af6127f4') in 0.034429 seconds
Number of updated asset objects reloaded before import = 0
Number of asset objects unloaded after import = 13
========================================================================
Received Import Request.
  Time since last request: 0.000020 seconds.
  path: Assets/AddedAssets/Props/polyperfect/Low Poly Ultimate Pack/M/- Prefabs_M/Western_M/pole-electric.prefab
  artifactKey: Guid(4b66b3e95c9654989b606017f52bb4b4) Importer(815301076,1909f56bfc062723c751e8b465ee728b)
Start importing Assets/AddedAssets/Props/polyperfect/Low Poly Ultimate Pack/M/- Prefabs_M/Western_M/pole-electric.prefab using Guid(4b66b3e95c9654989b606017f52bb4b4) Importer(815301076,1909f56bfc062723c751e8b465ee728b)  -> (artifact id: 'cd8a4e02f701d2361f40c0222098708f') in 0.025260 seconds
Number of updated asset objects reloaded before import = 0
Number of asset objects unloaded after import = 10
========================================================================
Received Import Request.
  Time since last request: 0.000026 seconds.
  path: Assets/AddedAssets/Props/polyperfect/Low Poly Ultimate Pack/M/- Prefabs_M/Western_M/wheel-wood.prefab
  artifactKey: Guid(bec9726b8eaf54d9eb3f25cb70fc3b88) Importer(815301076,1909f56bfc062723c751e8b465ee728b)
Start importing Assets/AddedAssets/Props/polyperfect/Low Poly Ultimate Pack/M/- Prefabs_M/Western_M/wheel-wood.prefab using Guid(bec9726b8eaf54d9eb3f25cb70fc3b88) Importer(815301076,1909f56bfc062723c751e8b465ee728b)  -> (artifact id: '670e978854bf35ecb359d4f6253e36dc') in 0.024120 seconds
Number of updated asset objects reloaded before import = 0
Number of asset objects unloaded after import = 9
========================================================================
Received Import Request.
  Time since last request: 6.076920 seconds.
  path: Assets/AddedAssets/Props/polyperfect/Low Poly Ultimate Pack/M/- Prefabs_M/WW2_M/bunker-medium.prefab
  artifactKey: Guid(5c94ba58963784cb5b6771847be0bd64) Importer(815301076,1909f56bfc062723c751e8b465ee728b)
Start importing Assets/AddedAssets/Props/polyperfect/Low Poly Ultimate Pack/M/- Prefabs_M/WW2_M/bunker-medium.prefab using Guid(5c94ba58963784cb5b6771847be0bd64) Importer(815301076,1909f56bfc062723c751e8b465ee728b)  -> (artifact id: '0f2f513adbec4bedf89ab377e405a860') in 0.018870 seconds
Number of updated asset objects reloaded before import = 0
Number of asset objects unloaded after import = 11
========================================================================
Received Import Request.
  Time since last request: 0.000014 seconds.
  path: Assets/AddedAssets/Props/polyperfect/Low Poly Ultimate Pack/M/- Prefabs_M/WW2_M/log-ramp.prefab
  artifactKey: Guid(338556b9985ce47f2be5c922df4895d4) Importer(815301076,1909f56bfc062723c751e8b465ee728b)
Start importing Assets/AddedAssets/Props/polyperfect/Low Poly Ultimate Pack/M/- Prefabs_M/WW2_M/log-ramp.prefab using Guid(338556b9985ce47f2be5c922df4895d4) Importer(815301076,1909f56bfc062723c751e8b465ee728b)  -> (artifact id: '7b79a4e1e120e3a92f5f4f7acbb7174f') in 0.020083 seconds
Number of updated asset objects reloaded before import = 0
Number of asset objects unloaded after import = 10
========================================================================
Received Import Request.
  Time since last request: 0.000017 seconds.
  path: Assets/AddedAssets/Props/polyperfect/Low Poly Ultimate Pack/M/- Prefabs_M/WW2_M/sandbag.prefab
  artifactKey: Guid(0f038397fb5d54037a3daa81a94886db) Importer(815301076,1909f56bfc062723c751e8b465ee728b)
Start importing Assets/AddedAssets/Props/polyperfect/Low Poly Ultimate Pack/M/- Prefabs_M/WW2_M/sandbag.prefab using Guid(0f038397fb5d54037a3daa81a94886db) Importer(815301076,1909f56bfc062723c751e8b465ee728b)  -> (artifact id: 'ab4bfe0d50048990eb4fba3976548e2f') in 0.021512 seconds
Number of updated asset objects reloaded before import = 0
Number of asset objects unloaded after import = 9
========================================================================
Received Import Request.
  Time since last request: 0.000015 seconds.
  path: Assets/AddedAssets/Props/polyperfect/Low Poly Ultimate Pack/M/- Prefabs_M/WW2_M/trenches-wood.prefab
  artifactKey: Guid(c5bfdd631964d475e81fb25185fcc0d7) Importer(815301076,1909f56bfc062723c751e8b465ee728b)
Start importing Assets/AddedAssets/Props/polyperfect/Low Poly Ultimate Pack/M/- Prefabs_M/WW2_M/trenches-wood.prefab using Guid(c5bfdd631964d475e81fb25185fcc0d7) Importer(815301076,1909f56bfc062723c751e8b465ee728b)  -> (artifact id: 'c848a3e93634ea20d1a1eed07ea81193') in 0.025655 seconds
Number of updated asset objects reloaded before import = 0
Number of asset objects unloaded after import = 10
========================================================================
Received Import Request.
  Time since last request: 0.000020 seconds.
  path: Assets/AddedAssets/Props/polyperfect/Low Poly Ultimate Pack/M/- Prefabs_M/WW2_M/tent-war.prefab
  artifactKey: Guid(d10427625eeee4d5d837dbbc49931c49) Importer(815301076,1909f56bfc062723c751e8b465ee728b)
Start importing Assets/AddedAssets/Props/polyperfect/Low Poly Ultimate Pack/M/- Prefabs_M/WW2_M/tent-war.prefab using Guid(d10427625eeee4d5d837dbbc49931c49) Importer(815301076,1909f56bfc062723c751e8b465ee728b)  -> (artifact id: 'a8b23e6d103ae1217afd65e9dd152853') in 0.024519 seconds
Number of updated asset objects reloaded before import = 0
Number of asset objects unloaded after import = 10
========================================================================
Received Import Request.
  Time since last request: 0.000017 seconds.
  path: Assets/AddedAssets/Props/polyperfect/Low Poly Ultimate Pack/M/- Prefabs_M/WW2_M/spitfire.prefab
  artifactKey: Guid(e691fa5dfd2984d0596bc3b649215cc2) Importer(815301076,1909f56bfc062723c751e8b465ee728b)
Start importing Assets/AddedAssets/Props/polyperfect/Low Poly Ultimate Pack/M/- Prefabs_M/WW2_M/spitfire.prefab using Guid(e691fa5dfd2984d0596bc3b649215cc2) Importer(815301076,1909f56bfc062723c751e8b465ee728b)  -> (artifact id: '100a26c8e8944544b21b61bc48bf0220') in 0.028519 seconds
Number of updated asset objects reloaded before import = 0
Number of asset objects unloaded after import = 54
========================================================================
Received Import Request.
  Time since last request: 3.631889 seconds.
  path: Assets/AddedAssets/Props/polyperfect/Low Poly Ultimate Pack/M/- Prefabs_M/Zulu_M/cannon-naval.prefab
  artifactKey: Guid(1184004e7d843264d98d3b4fc3ae0407) Importer(815301076,1909f56bfc062723c751e8b465ee728b)
Start importing Assets/AddedAssets/Props/polyperfect/Low Poly Ultimate Pack/M/- Prefabs_M/Zulu_M/cannon-naval.prefab using Guid(1184004e7d843264d98d3b4fc3ae0407) Importer(815301076,1909f56bfc062723c751e8b465ee728b)  -> (artifact id: '3eb67f01727467bcd9729f15ed25aa44') in 0.021352 seconds
Number of updated asset objects reloaded before import = 0
Number of asset objects unloaded after import = 12
========================================================================
Received Import Request.
  Time since last request: 0.000016 seconds.
  path: Assets/AddedAssets/Props/polyperfect/Low Poly Ultimate Pack/M/- Prefabs_M/Zulu_M/shield-zulu.prefab
  artifactKey: Guid(e3df8eb2526ed5e4f88266cda23f4723) Importer(815301076,1909f56bfc062723c751e8b465ee728b)
Start importing Assets/AddedAssets/Props/polyperfect/Low Poly Ultimate Pack/M/- Prefabs_M/Zulu_M/shield-zulu.prefab using Guid(e3df8eb2526ed5e4f88266cda23f4723) Importer(815301076,1909f56bfc062723c751e8b465ee728b)  -> (artifact id: '018f7e34101a7a5c2e298a68995068e5') in 0.019133 seconds
Number of updated asset objects reloaded before import = 0
Number of asset objects unloaded after import = 10
========================================================================
Received Import Request.
  Time since last request: 0.000020 seconds.
  path: Assets/AddedAssets/Props/polyperfect/Low Poly Ultimate Pack/M/- Prefabs_M/Zulu_M/tent-bloemfontein-small.prefab
  artifactKey: Guid(b6c504d85e631874391d3315cc59326e) Importer(815301076,1909f56bfc062723c751e8b465ee728b)
Start importing Assets/AddedAssets/Props/polyperfect/Low Poly Ultimate Pack/M/- Prefabs_M/Zulu_M/tent-bloemfontein-small.prefab using Guid(b6c504d85e631874391d3315cc59326e) Importer(815301076,1909f56bfc062723c751e8b465ee728b)  -> (artifact id: '7c53d3444fdbbdd32476b8c90b2f0b3a') in 0.027286 seconds
Number of updated asset objects reloaded before import = 0
Number of asset objects unloaded after import = 12
========================================================================
Received Import Request.
  Time since last request: 0.000068 seconds.
  path: Assets/AddedAssets/Props/polyperfect/Low Poly Ultimate Pack/M/- Prefabs_M/Zulu_M/sword-cavalry-scabbard.prefab
  artifactKey: Guid(bcde40eadcd90204f88eea66a7bdcf87) Importer(815301076,1909f56bfc062723c751e8b465ee728b)
Start importing Assets/AddedAssets/Props/polyperfect/Low Poly Ultimate Pack/M/- Prefabs_M/Zulu_M/sword-cavalry-scabbard.prefab using Guid(bcde40eadcd90204f88eea66a7bdcf87) Importer(815301076,1909f56bfc062723c751e8b465ee728b)  -> (artifact id: '793db1a740b4e88bb1554a858fd28e1f') in 0.025518 seconds
Number of updated asset objects reloaded before import = 0
Number of asset objects unloaded after import = 10
Editor requested this worker to shutdown with reason: Scaling down because of idle timeout
TcpMessagingSession - receive error: operation aborted. errorcode: 995, details: Îďĺđŕöč˙ ââîäŕ/âűâîäŕ áűëŕ ďđĺđâŕíŕ čç-çŕ çŕâĺđřĺíč˙ ďîňîęŕ ęîěŕíä čëč ďî çŕďđîńó ďđčëîćĺíč˙.
AssetImportWorker is now disconnected from the server
Process exiting
Exiting without the bug reporter. Application will terminate with return code 0