Using pre-set license
Built from '2022.3/staging' branch; Version is '2022.3.4f1 (35713cd46cd7) revision 3502396'; Using compiler version '192829333'; Build Type 'Release'
OS: 'Windows 10  (10.0.19045) 64bit Professional' Language: 'ru' Physical Memory: 16221 MB
BatchMode: 1, IsHumanControllingUs: 0, StartBugReporterOnCrash: 0, Is64bit: 1, IsPro: 1

COMMAND LINE ARGUMENTS:
C:\Program Files\Unity 2022.3.4f1\Editor\Unity.exe
-adb2
-batchMode
-noUpm
-name
AssetImportWorker2
-projectPath
C:/Users/darkc/Documents/GitHub/Rob/Rob
-logFile
Logs/AssetImportWorker2.log
-srvPort
61335
Successfully changed project path to: C:/Users/darkc/Documents/GitHub/Rob/Rob
C:/Users/darkc/Documents/GitHub/Rob/Rob
[UnityMemory] Configuration Parameters - Can be set up in boot.config
    "memorysetup-bucket-allocator-granularity=16"
    "memorysetup-bucket-allocator-bucket-count=8"
    "memorysetup-bucket-allocator-block-size=33554432"
    "memorysetup-bucket-allocator-block-count=8"
    "memorysetup-main-allocator-block-size=16777216"
    "memorysetup-thread-allocator-block-size=16777216"
    "memorysetup-gfx-main-allocator-block-size=16777216"
    "memorysetup-gfx-thread-allocator-block-size=16777216"
    "memorysetup-cache-allocator-block-size=4194304"
    "memorysetup-typetree-allocator-block-size=2097152"
    "memorysetup-profiler-bucket-allocator-granularity=16"
    "memorysetup-profiler-bucket-allocator-bucket-count=8"
    "memorysetup-profiler-bucket-allocator-block-size=33554432"
    "memorysetup-profiler-bucket-allocator-block-count=8"
    "memorysetup-profiler-allocator-block-size=16777216"
    "memorysetup-profiler-editor-allocator-block-size=1048576"
    "memorysetup-temp-allocator-size-main=16777216"
    "memorysetup-job-temp-allocator-block-size=2097152"
    "memorysetup-job-temp-allocator-block-size-background=1048576"
    "memorysetup-job-temp-allocator-reduction-small-platforms=262144"
    "memorysetup-allocator-temp-initial-block-size-main=262144"
    "memorysetup-allocator-temp-initial-block-size-worker=262144"
    "memorysetup-temp-allocator-size-background-worker=32768"
    "memorysetup-temp-allocator-size-job-worker=262144"
    "memorysetup-temp-allocator-size-preload-manager=33554432"
    "memorysetup-temp-allocator-size-nav-mesh-worker=65536"
    "memorysetup-temp-allocator-size-audio-worker=65536"
    "memorysetup-temp-allocator-size-cloud-worker=32768"
    "memorysetup-temp-allocator-size-gi-baking-worker=262144"
    "memorysetup-temp-allocator-size-gfx=262144"
Player connection [10800] Host "[IP] 10.54.235.250 [Port] 0 [Flags] 2 [Guid] 1173932973 [EditorId] 1173932973 [Version] 1048832 [Id] WindowsEditor(7,DESKTOP-BVBJ8MC) [Debug] 1 [PackageName] WindowsEditor [ProjectName] Editor" joined multi-casting on [225.0.0.222:54997]...

Player connection [10800] Host "[IP] 10.54.235.250 [Port] 0 [Flags] 2 [Guid] 1173932973 [EditorId] 1173932973 [Version] 1048832 [Id] WindowsEditor(7,DESKTOP-BVBJ8MC) [Debug] 1 [PackageName] WindowsEditor [ProjectName] Editor" joined alternative multi-casting on [225.0.0.222:34997]...

Refreshing native plugins compatible for Editor in 612.22 ms, found 6 plugins.
Preloading 0 native plugins for Editor in 0.00 ms.
Initialize engine version: 2022.3.4f1 (35713cd46cd7)
[Subsystems] Discovering subsystems at path C:/Program Files/Unity 2022.3.4f1/Editor/Data/Resources/UnitySubsystems
[Subsystems] Discovering subsystems at path C:/Users/darkc/Documents/GitHub/Rob/Rob/Assets
GfxDevice: creating device client; threaded=0; jobified=0
Direct3D:
    Version:  Direct3D 11.0 [level 11.1]
    Renderer: NVIDIA GeForce GTX 1650 (ID=0x1f99)
    Vendor:   NVIDIA
    VRAM:     3962 MB
    Driver:   31.0.15.2230
Initialize mono
Mono path[0] = 'C:/Program Files/Unity 2022.3.4f1/Editor/Data/Managed'
Mono path[1] = 'C:/Program Files/Unity 2022.3.4f1/Editor/Data/MonoBleedingEdge/lib/mono/unityjit-win32'
Mono config path = 'C:/Program Files/Unity 2022.3.4f1/Editor/Data/MonoBleedingEdge/etc'
Using monoOptions --debugger-agent=transport=dt_socket,embedding=1,server=y,suspend=n,address=127.0.0.1:56924
Begin MonoManager ReloadAssembly
Registering precompiled unity dll's ...
Register platform support module: C:/Program Files/Unity 2022.3.4f1/Editor/Data/PlaybackEngines/WebGLSupport/UnityEditor.WebGL.Extensions.dll
Register platform support module: C:/Program Files/Unity 2022.3.4f1/Editor/Data/PlaybackEngines/WindowsStandaloneSupport/UnityEditor.WindowsStandalone.Extensions.dll
Registered in 0.011547 seconds.
- Loaded All Assemblies, in  0.429 seconds
Native extension for WindowsStandalone target not found
Native extension for WebGL target not found
Mono: successfully reloaded assembly
- Finished resetting the current domain, in  0.300 seconds
Domain Reload Profiling: 728ms
	BeginReloadAssembly (138ms)
		ExecutionOrderSort (0ms)
		DisableScriptedObjects (0ms)
		BackupInstance (0ms)
		ReleaseScriptingObjects (0ms)
		CreateAndSetChildDomain (1ms)
	RebuildCommonClasses (40ms)
	RebuildNativeTypeToScriptingClass (12ms)
	initialDomainReloadingComplete (70ms)
	LoadAllAssembliesAndSetupDomain (166ms)
		LoadAssemblies (136ms)
		RebuildTransferFunctionScriptingTraits (0ms)
		AnalyzeDomain (159ms)
			TypeCache.Refresh (158ms)
				TypeCache.ScanAssembly (143ms)
			ScanForSourceGeneratedMonoScriptInfo (0ms)
			ResolveRequiredComponents (1ms)
	FinalizeReload (300ms)
		ReleaseScriptCaches (0ms)
		RebuildScriptCaches (0ms)
		SetupLoadedEditorAssemblies (233ms)
			LogAssemblyErrors (0ms)
			InitializePlatformSupportModulesInManaged (12ms)
			SetLoadedEditorAssemblies (7ms)
			RefreshPlugins (0ms)
			BeforeProcessingInitializeOnLoad (2ms)
			ProcessInitializeOnLoadAttributes (149ms)
			ProcessInitializeOnLoadMethodAttributes (63ms)
			AfterProcessingInitializeOnLoad (0ms)
			EditorAssembliesLoaded (0ms)
		ExecutionOrderSort2 (0ms)
		AwakeInstancesAfterBackupRestoration (0ms)
========================================================================
Worker process is ready to serve import requests
Begin MonoManager ReloadAssembly
- Loaded All Assemblies, in  5.314 seconds
Refreshing native plugins compatible for Editor in 9.44 ms, found 6 plugins.
Native extension for WindowsStandalone target not found
Native extension for WebGL target not found
Package Manager log level set to [2]
[Package Manager] Server::EnsureServerProcessIsRunning -- launch failed, reason: Unity was launched with the -noUpm command-line argument
[Package Manager] UpmClient::Send -- Unable to send message (not connected to UPM process).
[Package Manager] Cannot connect to Unity Package Manager local server
Launched and connected shader compiler UnityShaderCompiler.exe after 0.05 seconds
Mono: successfully reloaded assembly
- Finished resetting the current domain, in  1.928 seconds
Domain Reload Profiling: 7235ms
	BeginReloadAssembly (139ms)
		ExecutionOrderSort (0ms)
		DisableScriptedObjects (6ms)
		BackupInstance (0ms)
		ReleaseScriptingObjects (0ms)
		CreateAndSetChildDomain (22ms)
	RebuildCommonClasses (37ms)
	RebuildNativeTypeToScriptingClass (13ms)
	initialDomainReloadingComplete (56ms)
	LoadAllAssembliesAndSetupDomain (5061ms)
		LoadAssemblies (4551ms)
		RebuildTransferFunctionScriptingTraits (0ms)
		AnalyzeDomain (569ms)
			TypeCache.Refresh (510ms)
				TypeCache.ScanAssembly (494ms)
			ScanForSourceGeneratedMonoScriptInfo (41ms)
			ResolveRequiredComponents (18ms)
	FinalizeReload (1929ms)
		ReleaseScriptCaches (0ms)
		RebuildScriptCaches (0ms)
		SetupLoadedEditorAssemblies (1711ms)
			LogAssemblyErrors (0ms)
			InitializePlatformSupportModulesInManaged (8ms)
			SetLoadedEditorAssemblies (7ms)
			RefreshPlugins (0ms)
			BeforeProcessingInitializeOnLoad (124ms)
			ProcessInitializeOnLoadAttributes (1191ms)
			ProcessInitializeOnLoadMethodAttributes (372ms)
			AfterProcessingInitializeOnLoad (9ms)
			EditorAssembliesLoaded (0ms)
		ExecutionOrderSort2 (0ms)
		AwakeInstancesAfterBackupRestoration (11ms)
Refreshing native plugins compatible for Editor in 11.06 ms, found 6 plugins.
Preloading 0 native plugins for Editor in 0.00 ms.
Unloading 6728 Unused Serialized files (Serialized files now loaded: 0)
Unloading 132 unused Assets / (6.7 MB). Loaded Objects now: 7240.
Memory consumption went from 334.5 MB to 327.8 MB.
Total: 19.324100 ms (FindLiveObjects: 0.525100 ms CreateObjectMapping: 0.549500 ms MarkObjects: 16.235500 ms  DeleteObjects: 2.012400 ms)

AssetImportParameters requested are different than current active one (requested -> active):
  custom:container-demuxer-ogg: 62fdf1f143b41e24485cea50d1cbac27 -> 
  custom:framework-win-MediaFoundation: 216162199b28c13a410421893ffa2e32 -> 
  custom:container-muxer-webm: aa71ff27fc2769a1b78a27578f13a17b -> 
  custom:video-decoder-webm-vp8: 9c59270c3fd7afecdb556c50c9e8de78 -> 
  custom:AudioImporter_EditorPlatform: d09bf68614088b80899f8185d706f6e7 -> 
  custom:audio-decoder-ogg-vorbis: bf7c407c2cedff20999df2af8eb42d56 -> 
  custom:audio-encoder-webm-vorbis: bf7c407c2cedff20999df2af8eb42d56 -> 
  custom:video-decoder-ogg-theora: a1e56fd34408186e4bbccfd4996cb3dc -> 
  custom:CustomObjectIndexerAttribute: a3ef5dd2817f97addfee359851a9dba5 -> 
  custom:container-demuxer-webm: 4f35f7cbe854078d1ac9338744f61a02 -> 
  custom:video-encoder-webm-vp8: eb34c28f22e8b96e1ab97ce403110664 -> 
========================================================================
Received Import Request.
  Time since last request: 445993.779195 seconds.
  path: Assets/Scenes/Levels/Level05.unity
  artifactKey: Guid(b854b737524ee1849beebf26f7bcbf2e) Importer(815301076,1909f56bfc062723c751e8b465ee728b)
Start importing Assets/Scenes/Levels/Level05.unity using Guid(b854b737524ee1849beebf26f7bcbf2e) Importer(815301076,1909f56bfc062723c751e8b465ee728b)  -> (artifact id: '1f854f8b7b7c1dd676c1a51d4f6b6e19') in 0.004222 seconds
Number of updated asset objects reloaded before import = 0
Number of asset objects unloaded after import = 0
========================================================================
Received Import Request.
  Time since last request: 16.672654 seconds.
  path: Assets/Scenes/Levels/Level07.unity
  artifactKey: Guid(d7dfaea12a596f844be427e4a6888e38) Importer(815301076,1909f56bfc062723c751e8b465ee728b)
Start importing Assets/Scenes/Levels/Level07.unity using Guid(d7dfaea12a596f844be427e4a6888e38) Importer(815301076,1909f56bfc062723c751e8b465ee728b)  -> (artifact id: '55d22e4b08dc1c13633eda5a1c4195d4') in 0.001892 seconds
Number of updated asset objects reloaded before import = 0
Number of asset objects unloaded after import = 0
========================================================================
Received Import Request.
  Time since last request: 7.686753 seconds.
  path: Assets/Scenes/Levels/Level08.unity
  artifactKey: Guid(93abb272b3b02134db5b55e8918876d2) Importer(815301076,1909f56bfc062723c751e8b465ee728b)
Start importing Assets/Scenes/Levels/Level08.unity using Guid(93abb272b3b02134db5b55e8918876d2) Importer(815301076,1909f56bfc062723c751e8b465ee728b)  -> (artifact id: '53431cc175a7d6906f7ec1447a2fdcd5') in 0.001375 seconds
Number of updated asset objects reloaded before import = 0
Number of asset objects unloaded after import = 0
========================================================================
Received Import Request.
  Time since last request: 7.903696 seconds.
  path: Assets/Scenes/Levels/Level09.unity
  artifactKey: Guid(ef8784e1e0a04f746bdfdc58eb2666e9) Importer(815301076,1909f56bfc062723c751e8b465ee728b)
Start importing Assets/Scenes/Levels/Level09.unity using Guid(ef8784e1e0a04f746bdfdc58eb2666e9) Importer(815301076,1909f56bfc062723c751e8b465ee728b)  -> (artifact id: '7efa0b0c5b80b9773a0a504592e3fde7') in 0.001180 seconds
Number of updated asset objects reloaded before import = 0
Number of asset objects unloaded after import = 0
========================================================================
Received Import Request.
  Time since last request: 7.537623 seconds.
  path: Assets/Scenes/Levels/Level10.unity
  artifactKey: Guid(dc715bc8622a9304d8583d4977356e9e) Importer(815301076,1909f56bfc062723c751e8b465ee728b)
Start importing Assets/Scenes/Levels/Level10.unity using Guid(dc715bc8622a9304d8583d4977356e9e) Importer(815301076,1909f56bfc062723c751e8b465ee728b)  -> (artifact id: '27736f357f023f4bf15e5ac6f09c033a') in 0.000819 seconds
Number of updated asset objects reloaded before import = 0
Number of asset objects unloaded after import = 0
========================================================================
Received Import Request.
  Time since last request: 7.257314 seconds.
  path: Assets/Scenes/Levels/Level11.unity
  artifactKey: Guid(c8c2a2e912375fc419c6df79291acc91) Importer(815301076,1909f56bfc062723c751e8b465ee728b)
Start importing Assets/Scenes/Levels/Level11.unity using Guid(c8c2a2e912375fc419c6df79291acc91) Importer(815301076,1909f56bfc062723c751e8b465ee728b)  -> (artifact id: 'f65121dac1d9c7945a4e2bc91ce1b9e6') in 0.000688 seconds
Number of updated asset objects reloaded before import = 0
Number of asset objects unloaded after import = 0
========================================================================
Received Import Request.
  Time since last request: 6.718190 seconds.
  path: Assets/Scenes/Levels/Level13.unity
  artifactKey: Guid(ea68df28325ef1f4b991d3b9540ba20a) Importer(815301076,1909f56bfc062723c751e8b465ee728b)
Start importing Assets/Scenes/Levels/Level13.unity using Guid(ea68df28325ef1f4b991d3b9540ba20a) Importer(815301076,1909f56bfc062723c751e8b465ee728b)  -> (artifact id: '3839d4d7bbad594f0370adb52f487866') in 0.000853 seconds
Number of updated asset objects reloaded before import = 0
Number of asset objects unloaded after import = 0
========================================================================
Received Import Request.
  Time since last request: 0.767294 seconds.
  path: Assets/Scenes/Levels/Level12.unity
  artifactKey: Guid(6b18e9a8914858f42b9ad91ae2d3b1da) Importer(815301076,1909f56bfc062723c751e8b465ee728b)
Start importing Assets/Scenes/Levels/Level12.unity using Guid(6b18e9a8914858f42b9ad91ae2d3b1da) Importer(815301076,1909f56bfc062723c751e8b465ee728b)  -> (artifact id: '54b5df4afa98ace17bd35f70b9159a62') in 0.001225 seconds
Number of updated asset objects reloaded before import = 0
Number of asset objects unloaded after import = 0
========================================================================
Received Import Request.
  Time since last request: 18.742106 seconds.
  path: Assets/Scenes/Levels/Level15.unity
  artifactKey: Guid(31f6071a87ff1c4439b242a2eb76705d) Importer(815301076,1909f56bfc062723c751e8b465ee728b)
Start importing Assets/Scenes/Levels/Level15.unity using Guid(31f6071a87ff1c4439b242a2eb76705d) Importer(815301076,1909f56bfc062723c751e8b465ee728b)  -> (artifact id: '6849330a8c9594191065c96ee306251b') in 0.000810 seconds
Number of updated asset objects reloaded before import = 0
Number of asset objects unloaded after import = 0
========================================================================
Received Prepare
Refreshing native plugins compatible for Editor in 15.00 ms, found 6 plugins.
Preloading 0 native plugins for Editor in 0.00 ms.
Unloading 22 Unused Serialized files (Serialized files now loaded: 0)
Unloading 23 unused Assets / (6.6 MB). Loaded Objects now: 7240.
Memory consumption went from 180.4 MB to 173.8 MB.
Total: 30.887200 ms (FindLiveObjects: 0.665400 ms CreateObjectMapping: 0.722000 ms MarkObjects: 26.880100 ms  DeleteObjects: 2.618300 ms)

Prepare: number of updated asset objects reloaded= 0
AssetImportParameters requested are different than current active one (requested -> active):
  custom:container-demuxer-ogg: 62fdf1f143b41e24485cea50d1cbac27 -> 
  custom:framework-win-MediaFoundation: 216162199b28c13a410421893ffa2e32 -> 
  custom:container-muxer-webm: aa71ff27fc2769a1b78a27578f13a17b -> 
  custom:video-decoder-webm-vp8: 9c59270c3fd7afecdb556c50c9e8de78 -> 
  custom:AudioImporter_EditorPlatform: d09bf68614088b80899f8185d706f6e7 -> 
  custom:audio-decoder-ogg-vorbis: bf7c407c2cedff20999df2af8eb42d56 -> 
  custom:audio-encoder-webm-vorbis: bf7c407c2cedff20999df2af8eb42d56 -> 
  custom:video-decoder-ogg-theora: a1e56fd34408186e4bbccfd4996cb3dc -> 
  custom:CustomObjectIndexerAttribute: a3ef5dd2817f97addfee359851a9dba5 -> 
  custom:container-demuxer-webm: 4f35f7cbe854078d1ac9338744f61a02 -> 
  custom:video-encoder-webm-vp8: eb34c28f22e8b96e1ab97ce403110664 -> 
========================================================================
Received Import Request.
  Time since last request: 381.720257 seconds.
  path: Packages/com.unity.render-pipelines.core/Runtime/RenderPipelineResources/Mesh/UnityMaterialBall.fbx
  artifactKey: Guid(39857cfad1651644682ff5b772e6e697) Importer(815301076,1909f56bfc062723c751e8b465ee728b)
Start importing Packages/com.unity.render-pipelines.core/Runtime/RenderPipelineResources/Mesh/UnityMaterialBall.fbx using Guid(39857cfad1651644682ff5b772e6e697) Importer(815301076,1909f56bfc062723c751e8b465ee728b)  -> (artifact id: '6b3dda036b524a8471444c4612d9d38a') in 0.288816 seconds
Number of updated asset objects reloaded before import = 0
Number of asset objects unloaded after import = 63
========================================================================
Received Import Request.
  Time since last request: 0.000051 seconds.
  path: Assets/AddedAssets/Characters/Quirky Series Vol.4 [v1.3]/River Vol.2/Prefabs/Capybara.prefab
  artifactKey: Guid(0317f01d1d68fd94eb9002fc8502a9a5) Importer(815301076,1909f56bfc062723c751e8b465ee728b)
Start importing Assets/AddedAssets/Characters/Quirky Series Vol.4 [v1.3]/River Vol.2/Prefabs/Capybara.prefab using Guid(0317f01d1d68fd94eb9002fc8502a9a5) Importer(815301076,1909f56bfc062723c751e8b465ee728b)  -> (artifact id: 'dec66849c9c5494c305ca079105db45a') in 0.235200 seconds
Internal: There are remaining Allocations on the JobTempAlloc. This is a leak, and will impact performance
To Debug, run app with -diag-job-temp-memory-leak-validation cmd line argument. This will output the callstacks of the leaked allocations.
Number of updated asset objects reloaded before import = 0
Number of asset objects unloaded after import = 365
========================================================================
Received Import Request.
  Time since last request: 0.000031 seconds.
  path: Assets/AddedAssets/Props/polyperfect/Low Poly Ultimate Pack/M/- Meshes_M/Props_M/cap-baseball.fbx
  artifactKey: Guid(2186efbd83a0b8242a8f519a8066462f) Importer(815301076,1909f56bfc062723c751e8b465ee728b)
Start importing Assets/AddedAssets/Props/polyperfect/Low Poly Ultimate Pack/M/- Meshes_M/Props_M/cap-baseball.fbx using Guid(2186efbd83a0b8242a8f519a8066462f) Importer(815301076,1909f56bfc062723c751e8b465ee728b)  -> (artifact id: 'b0c8112f8b478712512ef8a774ddeb52') in 0.024785 seconds
Internal: There are remaining Allocations on the JobTempAlloc. This is a leak, and will impact performance
To Debug, run app with -diag-job-temp-memory-leak-validation cmd line argument. This will output the callstacks of the leaked allocations.
Number of updated asset objects reloaded before import = 0
Number of asset objects unloaded after import = 7
========================================================================
Received Import Request.
  Time since last request: 16.356213 seconds.
  path: Assets/AddedAssets/Characters/Quirky Series Vol.4 [v1.3]/River Vol.2/Models/Capybara_LOD0.fbx
  artifactKey: Guid(6ffed2dd93e9bab4fb3b3684d5332dfc) Importer(815301076,1909f56bfc062723c751e8b465ee728b)
Start importing Assets/AddedAssets/Characters/Quirky Series Vol.4 [v1.3]/River Vol.2/Models/Capybara_LOD0.fbx using Guid(6ffed2dd93e9bab4fb3b3684d5332dfc) Importer(815301076,1909f56bfc062723c751e8b465ee728b)  -> (artifact id: '3ea4cc278386ad84d190d6bc0452039d') in 0.074601 seconds
Internal: There are remaining Allocations on the JobTempAlloc. This is a leak, and will impact performance
To Debug, run app with -diag-job-temp-memory-leak-validation cmd line argument. This will output the callstacks of the leaked allocations.
Number of updated asset objects reloaded before import = 0
Number of asset objects unloaded after import = 32
========================================================================
Received Import Request.
  Time since last request: 7.629655 seconds.
  path: Assets/AddedAssets/Characters/Quirky Series Vol.4 [v1.3]/River Vol.2/Prefabs/Bass.prefab
  artifactKey: Guid(9ff3b4047691bba439780ac7d82ef0a6) Importer(815301076,1909f56bfc062723c751e8b465ee728b)
Start importing Assets/AddedAssets/Characters/Quirky Series Vol.4 [v1.3]/River Vol.2/Prefabs/Bass.prefab using Guid(9ff3b4047691bba439780ac7d82ef0a6) Importer(815301076,1909f56bfc062723c751e8b465ee728b)  -> (artifact id: '25bacdae884ff0db58b253423791d5d9') in 0.084466 seconds
Internal: There are remaining Allocations on the JobTempAlloc. This is a leak, and will impact performance
To Debug, run app with -diag-job-temp-memory-leak-validation cmd line argument. This will output the callstacks of the leaked allocations.
Number of updated asset objects reloaded before import = 0
Number of asset objects unloaded after import = 460
========================================================================
Received Import Request.
  Time since last request: 0.000017 seconds.
  path: Assets/AddedAssets/Characters/Quirky Series Vol.4 [v1.3]/River Vol.2/Prefabs/Mudskipper_LOD2.prefab
  artifactKey: Guid(1a003f0fb954187469f5ea1863e34905) Importer(815301076,1909f56bfc062723c751e8b465ee728b)
Start importing Assets/AddedAssets/Characters/Quirky Series Vol.4 [v1.3]/River Vol.2/Prefabs/Mudskipper_LOD2.prefab using Guid(1a003f0fb954187469f5ea1863e34905) Importer(815301076,1909f56bfc062723c751e8b465ee728b)  -> (artifact id: '0c15fde2ebcb6ea9c668ad90472f7131') in 0.001718 seconds
Internal: There are remaining Allocations on the JobTempAlloc. This is a leak, and will impact performance
To Debug, run app with -diag-job-temp-memory-leak-validation cmd line argument. This will output the callstacks of the leaked allocations.
Number of updated asset objects reloaded before import = 0
Number of asset objects unloaded after import = 1
========================================================================
Received Import Request.
  Time since last request: 0.000020 seconds.
  path: Assets/AddedAssets/Characters/Quirky Series Vol.4 [v1.3]/River Vol.2/Prefabs/Otter.prefab
  artifactKey: Guid(6fd25a8d3adc1364398e9e47a20c8ec4) Importer(815301076,1909f56bfc062723c751e8b465ee728b)
Start importing Assets/AddedAssets/Characters/Quirky Series Vol.4 [v1.3]/River Vol.2/Prefabs/Otter.prefab using Guid(6fd25a8d3adc1364398e9e47a20c8ec4) Importer(815301076,1909f56bfc062723c751e8b465ee728b)  -> (artifact id: '2477ade8a37abf887680ca117fc82eb7') in 0.098665 seconds
Internal: JobTempAlloc has allocations that are more than the maximum lifespan of 4 frames old - this is not allowed and likely a leak
To Debug, run app with -diag-job-temp-memory-leak-validation cmd line argument. This will output the callstacks of the leaked allocations.
Internal: There are remaining Allocations on the JobTempAlloc. This is a leak, and will impact performance
To Debug, run app with -diag-job-temp-memory-leak-validation cmd line argument. This will output the callstacks of the leaked allocations.
Number of updated asset objects reloaded before import = 0
Number of asset objects unloaded after import = 460
========================================================================
Received Import Request.
  Time since last request: 0.000023 seconds.
  path: Assets/AddedAssets/Characters/Quirky Series Vol.4 [v1.3]/River Vol.2/Prefabs/Shoebill_LOD2.prefab
  artifactKey: Guid(225ae92f220ccd341a9a615aeccc0ff7) Importer(815301076,1909f56bfc062723c751e8b465ee728b)
Start importing Assets/AddedAssets/Characters/Quirky Series Vol.4 [v1.3]/River Vol.2/Prefabs/Shoebill_LOD2.prefab using Guid(225ae92f220ccd341a9a615aeccc0ff7) Importer(815301076,1909f56bfc062723c751e8b465ee728b)  -> (artifact id: '2f6aeb36da8baaab4bd708bf2f5121f9') in 0.001588 seconds
Internal: There are remaining Allocations on the JobTempAlloc. This is a leak, and will impact performance
To Debug, run app with -diag-job-temp-memory-leak-validation cmd line argument. This will output the callstacks of the leaked allocations.
Number of updated asset objects reloaded before import = 0
Number of asset objects unloaded after import = 1
========================================================================
Received Import Request.
  Time since last request: 0.000034 seconds.
  path: Assets/AddedAssets/Characters/Quirky Series Vol.4 [v1.3]/River Vol.2/Prefabs/Mudskipper_LOD1.prefab
  artifactKey: Guid(dd904edc3aa9566438677ee150724c49) Importer(815301076,1909f56bfc062723c751e8b465ee728b)
Start importing Assets/AddedAssets/Characters/Quirky Series Vol.4 [v1.3]/River Vol.2/Prefabs/Mudskipper_LOD1.prefab using Guid(dd904edc3aa9566438677ee150724c49) Importer(815301076,1909f56bfc062723c751e8b465ee728b)  -> (artifact id: '94985e4ae79a8b0b51db078693eecd7b') in 0.001786 seconds
Internal: There are remaining Allocations on the JobTempAlloc. This is a leak, and will impact performance
To Debug, run app with -diag-job-temp-memory-leak-validation cmd line argument. This will output the callstacks of the leaked allocations.
Number of updated asset objects reloaded before import = 0
Number of asset objects unloaded after import = 1
========================================================================
Received Import Request.
  Time since last request: 0.000014 seconds.
  path: Assets/AddedAssets/Characters/Quirky Series Vol.4 [v1.3]/River Vol.2/Prefabs/RiverDolphin_LOD3.prefab
  artifactKey: Guid(8f6ecc75c0e0e404b8ad3fc15fd5fbce) Importer(815301076,1909f56bfc062723c751e8b465ee728b)
Start importing Assets/AddedAssets/Characters/Quirky Series Vol.4 [v1.3]/River Vol.2/Prefabs/RiverDolphin_LOD3.prefab using Guid(8f6ecc75c0e0e404b8ad3fc15fd5fbce) Importer(815301076,1909f56bfc062723c751e8b465ee728b)  -> (artifact id: 'bc40f26116c0fc1191fe84ad11ad7076') in 0.001789 seconds
Internal: There are remaining Allocations on the JobTempAlloc. This is a leak, and will impact performance
To Debug, run app with -diag-job-temp-memory-leak-validation cmd line argument. This will output the callstacks of the leaked allocations.
Number of updated asset objects reloaded before import = 0
Number of asset objects unloaded after import = 1
========================================================================
Received Import Request.
  Time since last request: 0.000016 seconds.
  path: Assets/AddedAssets/Characters/Quirky Series Vol.4 [v1.3]/River Vol.2/Prefabs/RiverDolphin_LOD2.prefab
  artifactKey: Guid(ae63fcefb76606c46822bae6571739f9) Importer(815301076,1909f56bfc062723c751e8b465ee728b)
Start importing Assets/AddedAssets/Characters/Quirky Series Vol.4 [v1.3]/River Vol.2/Prefabs/RiverDolphin_LOD2.prefab using Guid(ae63fcefb76606c46822bae6571739f9) Importer(815301076,1909f56bfc062723c751e8b465ee728b)  -> (artifact id: 'c4df822ab48d30b8fd6963dd97a2b79c') in 0.001734 seconds
Internal: There are remaining Allocations on the JobTempAlloc. This is a leak, and will impact performance
To Debug, run app with -diag-job-temp-memory-leak-validation cmd line argument. This will output the callstacks of the leaked allocations.
Number of updated asset objects reloaded before import = 0
Number of asset objects unloaded after import = 1
========================================================================
Received Import Request.
  Time since last request: 0.000016 seconds.
  path: Assets/AddedAssets/Characters/Quirky Series Vol.4 [v1.3]/River Vol.2/Prefabs/Catfish_LOD3.prefab
  artifactKey: Guid(bc87754ea8fd04e48b9d50a0359493be) Importer(815301076,1909f56bfc062723c751e8b465ee728b)
Start importing Assets/AddedAssets/Characters/Quirky Series Vol.4 [v1.3]/River Vol.2/Prefabs/Catfish_LOD3.prefab using Guid(bc87754ea8fd04e48b9d50a0359493be) Importer(815301076,1909f56bfc062723c751e8b465ee728b)  -> (artifact id: '30500b4629b4de790b65ddcf70d2a851') in 0.001291 seconds
Internal: There are remaining Allocations on the JobTempAlloc. This is a leak, and will impact performance
To Debug, run app with -diag-job-temp-memory-leak-validation cmd line argument. This will output the callstacks of the leaked allocations.
Number of updated asset objects reloaded before import = 0
Number of asset objects unloaded after import = 1
========================================================================
Received Import Request.
  Time since last request: 0.000023 seconds.
  path: Assets/AddedAssets/Characters/Quirky Series Vol.4 [v1.3]/River Vol.2/Prefabs/Catfish.prefab
  artifactKey: Guid(88485630c5206e446b7b0fab24c8adba) Importer(815301076,1909f56bfc062723c751e8b465ee728b)
Start importing Assets/AddedAssets/Characters/Quirky Series Vol.4 [v1.3]/River Vol.2/Prefabs/Catfish.prefab using Guid(88485630c5206e446b7b0fab24c8adba) Importer(815301076,1909f56bfc062723c751e8b465ee728b)  -> (artifact id: '5bcfd6a6ee722ef906f832baa5a58e62') in 0.003160 seconds
Internal: There are remaining Allocations on the JobTempAlloc. This is a leak, and will impact performance
To Debug, run app with -diag-job-temp-memory-leak-validation cmd line argument. This will output the callstacks of the leaked allocations.
Number of updated asset objects reloaded before import = 0
Number of asset objects unloaded after import = 14
========================================================================
Received Import Request.
  Time since last request: 0.000056 seconds.
  path: Assets/AddedAssets/Characters/Quirky Series Vol.4 [v1.3]/River Vol.2/Prefabs/Otter_LOD3.prefab
  artifactKey: Guid(cf4130ecf45209f47aa78938814f8bd9) Importer(815301076,1909f56bfc062723c751e8b465ee728b)
Start importing Assets/AddedAssets/Characters/Quirky Series Vol.4 [v1.3]/River Vol.2/Prefabs/Otter_LOD3.prefab using Guid(cf4130ecf45209f47aa78938814f8bd9) Importer(815301076,1909f56bfc062723c751e8b465ee728b)  -> (artifact id: '6d683c6625854c37f44aeaf75a8c887b') in 0.034381 seconds
Internal: There are remaining Allocations on the JobTempAlloc. This is a leak, and will impact performance
To Debug, run app with -diag-job-temp-memory-leak-validation cmd line argument. This will output the callstacks of the leaked allocations.
Number of updated asset objects reloaded before import = 0
Number of asset objects unloaded after import = 147
========================================================================
Received Import Request.
  Time since last request: 0.000019 seconds.
  path: Assets/AddedAssets/Characters/Quirky Series Vol.4 [v1.3]/River Vol.2/Prefabs/Bass_LOD3.prefab
  artifactKey: Guid(87444bdeffc8f294f8b54e1713acb6e2) Importer(815301076,1909f56bfc062723c751e8b465ee728b)
Start importing Assets/AddedAssets/Characters/Quirky Series Vol.4 [v1.3]/River Vol.2/Prefabs/Bass_LOD3.prefab using Guid(87444bdeffc8f294f8b54e1713acb6e2) Importer(815301076,1909f56bfc062723c751e8b465ee728b)  -> (artifact id: '59ab86a609bc2eb739b15689f5760164') in 0.040636 seconds
Internal: There are remaining Allocations on the JobTempAlloc. This is a leak, and will impact performance
To Debug, run app with -diag-job-temp-memory-leak-validation cmd line argument. This will output the callstacks of the leaked allocations.
Number of updated asset objects reloaded before import = 0
Number of asset objects unloaded after import = 147
Editor requested this worker to shutdown with reason: Scaling down because of idle timeout
TcpMessagingSession - receive error: operation aborted. errorcode: 995, details: Îďĺđŕöč˙ ââîäŕ/âűâîäŕ áűëŕ ďđĺđâŕíŕ čç-çŕ çŕâĺđřĺíč˙ ďîňîęŕ ęîěŕíä čëč ďî çŕďđîńó ďđčëîćĺíč˙.
AssetImportWorker is now disconnected from the server
Process exiting
Exiting without the bug reporter. Application will terminate with return code 0