Using pre-set license
Built from '2022.3/staging' branch; Version is '2022.3.10f1 (ff3792e53c62) revision 16725906'; Using compiler version '192829333'; Build Type 'Release'
OS: 'Windows 10  (10.0.19045) 64bit Professional' Language: 'ru' Physical Memory: 16221 MB
BatchMode: 1, IsHumanControllingUs: 0, StartBugReporterOnCrash: 0, Is64bit: 1, IsPro: 1

COMMAND LINE ARGUMENTS:
C:\Program Files\Unity\Hub\Editor\2022.3.10f1\Editor\Unity.exe
-adb2
-batchMode
-noUpm
-name
AssetImportWorker1
-projectPath
C:/Users/darkc/Documents/GitHub/Rob/Rob
-logFile
Logs/AssetImportWorker1.log
-srvPort
61250
Successfully changed project path to: C:/Users/darkc/Documents/GitHub/Rob/Rob
C:/Users/darkc/Documents/GitHub/Rob/Rob
[UnityMemory] Configuration Parameters - Can be set up in boot.config
    "memorysetup-bucket-allocator-granularity=16"
    "memorysetup-bucket-allocator-bucket-count=8"
    "memorysetup-bucket-allocator-block-size=33554432"
    "memorysetup-bucket-allocator-block-count=8"
    "memorysetup-main-allocator-block-size=16777216"
    "memorysetup-thread-allocator-block-size=16777216"
    "memorysetup-gfx-main-allocator-block-size=16777216"
    "memorysetup-gfx-thread-allocator-block-size=16777216"
    "memorysetup-cache-allocator-block-size=4194304"
    "memorysetup-typetree-allocator-block-size=2097152"
    "memorysetup-profiler-bucket-allocator-granularity=16"
    "memorysetup-profiler-bucket-allocator-bucket-count=8"
    "memorysetup-profiler-bucket-allocator-block-size=33554432"
    "memorysetup-profiler-bucket-allocator-block-count=8"
    "memorysetup-profiler-allocator-block-size=16777216"
    "memorysetup-profiler-editor-allocator-block-size=1048576"
    "memorysetup-temp-allocator-size-main=16777216"
    "memorysetup-job-temp-allocator-block-size=2097152"
    "memorysetup-job-temp-allocator-block-size-background=1048576"
    "memorysetup-job-temp-allocator-reduction-small-platforms=262144"
    "memorysetup-allocator-temp-initial-block-size-main=262144"
    "memorysetup-allocator-temp-initial-block-size-worker=262144"
    "memorysetup-temp-allocator-size-background-worker=32768"
    "memorysetup-temp-allocator-size-job-worker=262144"
    "memorysetup-temp-allocator-size-preload-manager=33554432"
    "memorysetup-temp-allocator-size-nav-mesh-worker=65536"
    "memorysetup-temp-allocator-size-audio-worker=65536"
    "memorysetup-temp-allocator-size-cloud-worker=32768"
    "memorysetup-temp-allocator-size-gi-baking-worker=262144"
    "memorysetup-temp-allocator-size-gfx=262144"
Player connection [20872] Host "[IP] 10.54.235.250 [Port] 0 [Flags] 2 [Guid] 751958465 [EditorId] 751958465 [Version] 1048832 [Id] WindowsEditor(7,DESKTOP-BVBJ8MC) [Debug] 1 [PackageName] WindowsEditor [ProjectName] Editor" joined multi-casting on [225.0.0.222:54997]...

Player connection [20872] Host "[IP] 10.54.235.250 [Port] 0 [Flags] 2 [Guid] 751958465 [EditorId] 751958465 [Version] 1048832 [Id] WindowsEditor(7,DESKTOP-BVBJ8MC) [Debug] 1 [PackageName] WindowsEditor [ProjectName] Editor" joined alternative multi-casting on [225.0.0.222:34997]...

[Physics::Module] Initialized MultithreadedJobDispatcher with 11 workers.
Refreshing native plugins compatible for Editor in 33.86 ms, found 6 plugins.
Preloading 0 native plugins for Editor in 0.00 ms.
Initialize engine version: 2022.3.10f1 (ff3792e53c62)
[Subsystems] Discovering subsystems at path C:/Program Files/Unity/Hub/Editor/2022.3.10f1/Editor/Data/Resources/UnitySubsystems
[Subsystems] Discovering subsystems at path C:/Users/darkc/Documents/GitHub/Rob/Rob/Assets
GfxDevice: creating device client; threaded=0; jobified=0
Direct3D:
    Version:  Direct3D 11.0 [level 11.1]
    Renderer: NVIDIA GeForce GTX 1650 (ID=0x1f99)
    Vendor:   NVIDIA
    VRAM:     3962 MB
    Driver:   31.0.15.2230
Initialize mono
Mono path[0] = 'C:/Program Files/Unity/Hub/Editor/2022.3.10f1/Editor/Data/Managed'
Mono path[1] = 'C:/Program Files/Unity/Hub/Editor/2022.3.10f1/Editor/Data/MonoBleedingEdge/lib/mono/unityjit-win32'
Mono config path = 'C:/Program Files/Unity/Hub/Editor/2022.3.10f1/Editor/Data/MonoBleedingEdge/etc'
Using monoOptions --debugger-agent=transport=dt_socket,embedding=1,server=y,suspend=n,address=127.0.0.1:56892
Begin MonoManager ReloadAssembly
Registering precompiled unity dll's ...
Register platform support module: C:/Program Files/Unity/Hub/Editor/2022.3.10f1/Editor/Data/PlaybackEngines/WebGLSupport/UnityEditor.WebGL.Extensions.dll
Register platform support module: C:/Program Files/Unity/Hub/Editor/2022.3.10f1/Editor/Data/PlaybackEngines/WindowsStandaloneSupport/UnityEditor.WindowsStandalone.Extensions.dll
Registered in 0.016015 seconds.
- Loaded All Assemblies, in  0.562 seconds
Native extension for WindowsStandalone target not found
Native extension for WebGL target not found
Mono: successfully reloaded assembly
- Finished resetting the current domain, in  0.325 seconds
Domain Reload Profiling: 884ms
	BeginReloadAssembly (158ms)
		ExecutionOrderSort (0ms)
		DisableScriptedObjects (0ms)
		BackupInstance (0ms)
		ReleaseScriptingObjects (0ms)
		CreateAndSetChildDomain (1ms)
	RebuildCommonClasses (50ms)
	RebuildNativeTypeToScriptingClass (16ms)
	initialDomainReloadingComplete (87ms)
	LoadAllAssembliesAndSetupDomain (247ms)
		LoadAssemblies (155ms)
		RebuildTransferFunctionScriptingTraits (0ms)
		AnalyzeDomain (244ms)
			TypeCache.Refresh (242ms)
				TypeCache.ScanAssembly (222ms)
			ScanForSourceGeneratedMonoScriptInfo (1ms)
			ResolveRequiredComponents (1ms)
	FinalizeReload (326ms)
		ReleaseScriptCaches (0ms)
		RebuildScriptCaches (0ms)
		SetupLoadedEditorAssemblies (248ms)
			LogAssemblyErrors (0ms)
			InitializePlatformSupportModulesInManaged (14ms)
			SetLoadedEditorAssemblies (7ms)
			RefreshPlugins (0ms)
			BeforeProcessingInitializeOnLoad (3ms)
			ProcessInitializeOnLoadAttributes (158ms)
			ProcessInitializeOnLoadMethodAttributes (68ms)
			AfterProcessingInitializeOnLoad (0ms)
			EditorAssembliesLoaded (0ms)
		ExecutionOrderSort2 (0ms)
		AwakeInstancesAfterBackupRestoration (0ms)
========================================================================
Worker process is ready to serve import requests
Begin MonoManager ReloadAssembly
- Loaded All Assemblies, in  1.289 seconds
Refreshing native plugins compatible for Editor in 15.26 ms, found 6 plugins.
Native extension for WindowsStandalone target not found
Native extension for WebGL target not found
Package Manager log level set to [2]
[Package Manager] Server::EnsureServerProcessIsRunning -- launch failed, reason: Unity was launched with the -noUpm command-line argument
[Package Manager] UpmClient::Send -- Unable to send message (not connected to UPM process).
[Package Manager] Cannot connect to Unity Package Manager local server
Launched and connected shader compiler UnityShaderCompiler.exe after 0.07 seconds
Mono: successfully reloaded assembly
- Finished resetting the current domain, in  1.886 seconds
Domain Reload Profiling: 3170ms
	BeginReloadAssembly (212ms)
		ExecutionOrderSort (0ms)
		DisableScriptedObjects (9ms)
		BackupInstance (0ms)
		ReleaseScriptingObjects (0ms)
		CreateAndSetChildDomain (32ms)
	RebuildCommonClasses (49ms)
	RebuildNativeTypeToScriptingClass (20ms)
	initialDomainReloadingComplete (63ms)
	LoadAllAssembliesAndSetupDomain (938ms)
		LoadAssemblies (622ms)
		RebuildTransferFunctionScriptingTraits (0ms)
		AnalyzeDomain (429ms)
			TypeCache.Refresh (363ms)
				TypeCache.ScanAssembly (335ms)
			ScanForSourceGeneratedMonoScriptInfo (42ms)
			ResolveRequiredComponents (21ms)
	FinalizeReload (1887ms)
		ReleaseScriptCaches (0ms)
		RebuildScriptCaches (0ms)
		SetupLoadedEditorAssemblies (1607ms)
			LogAssemblyErrors (0ms)
			InitializePlatformSupportModulesInManaged (10ms)
			SetLoadedEditorAssemblies (7ms)
			RefreshPlugins (0ms)
			BeforeProcessingInitializeOnLoad (141ms)
			ProcessInitializeOnLoadAttributes (795ms)
			ProcessInitializeOnLoadMethodAttributes (642ms)
			AfterProcessingInitializeOnLoad (11ms)
			EditorAssembliesLoaded (0ms)
		ExecutionOrderSort2 (0ms)
		AwakeInstancesAfterBackupRestoration (9ms)
Refreshing native plugins compatible for Editor in 11.81 ms, found 6 plugins.
Preloading 0 native plugins for Editor in 0.00 ms.
Unloading 6111 Unused Serialized files (Serialized files now loaded: 0)
Unloading 108 unused Assets / (66.4 MB). Loaded Objects now: 6628.
Memory consumption went from 454.3 MB to 387.9 MB.
Total: 27.469600 ms (FindLiveObjects: 0.596000 ms CreateObjectMapping: 0.603600 ms MarkObjects: 20.826100 ms  DeleteObjects: 5.442700 ms)

AssetImportParameters requested are different than current active one (requested -> active):
  custom:container-demuxer-ogg: 62fdf1f143b41e24485cea50d1cbac27 -> 
  custom:video-decoder-ogg-theora: a1e56fd34408186e4bbccfd4996cb3dc -> 
  custom:framework-win-MediaFoundation: 216162199b28c13a410421893ffa2e32 -> 
  custom:CustomObjectIndexerAttribute: a3ef5dd2817f97addfee359851a9dba5 -> 
  custom:container-demuxer-webm: 4f35f7cbe854078d1ac9338744f61a02 -> 
  custom:container-muxer-webm: aa71ff27fc2769a1b78a27578f13a17b -> 
  custom:video-decoder-webm-vp8: 9c59270c3fd7afecdb556c50c9e8de78 -> 
  custom:SearchIndexIgnoredProperties: e643bd26f0fe6173181afceb89e7c659 -> 
  custom:AudioImporter_EditorPlatform: d09bf68614088b80899f8185d706f6e7 -> 
  custom:video-encoder-webm-vp8: eb34c28f22e8b96e1ab97ce403110664 -> 
  custom:audio-decoder-ogg-vorbis: bf7c407c2cedff20999df2af8eb42d56 -> 
  custom:audio-encoder-webm-vorbis: bf7c407c2cedff20999df2af8eb42d56 -> 
========================================================================
Received Import Request.
  Time since last request: 187443.852542 seconds.
  path: Assets/AddedAssets/Characters/Quirky Series Vol.4 [v1.3]/River Vol.2/Animations/Catfish_Animations.fbx
  artifactKey: Guid(fade4d6d75801c144928c73368e8c56e) Importer(815301076,1909f56bfc062723c751e8b465ee728b)
Start importing Assets/AddedAssets/Characters/Quirky Series Vol.4 [v1.3]/River Vol.2/Animations/Catfish_Animations.fbx using Guid(fade4d6d75801c144928c73368e8c56e) Importer(815301076,1909f56bfc062723c751e8b465ee728b)  -> (artifact id: 'e361e27d07c575616ff1855e68c7bd32') in 0.220941 seconds
Number of updated asset objects reloaded before import = 0
Number of asset objects unloaded after import = 54
========================================================================
Received Import Request.
  Time since last request: 0.000041 seconds.
  path: Assets/AddedAssets/Characters/Quirky Series Vol.4 [v1.3]/River Vol.2/Animations/Mudskipper_Animations.fbx
  artifactKey: Guid(7625b88f79d52a14a8958c0e5f3f31de) Importer(815301076,1909f56bfc062723c751e8b465ee728b)
Start importing Assets/AddedAssets/Characters/Quirky Series Vol.4 [v1.3]/River Vol.2/Animations/Mudskipper_Animations.fbx using Guid(7625b88f79d52a14a8958c0e5f3f31de) Importer(815301076,1909f56bfc062723c751e8b465ee728b)  -> (artifact id: '18ccd128261b390a8a7ea7851f27c31d') in 0.056629 seconds
Number of updated asset objects reloaded before import = 0
Number of asset objects unloaded after import = 46
========================================================================
Received Import Request.
  Time since last request: 0.000020 seconds.
  path: Assets/AddedAssets/Characters/Quirky Series Vol.4 [v1.3]/River Vol.2/Animations
  artifactKey: Guid(de3ea83b690d8034d98230e9acc67001) Importer(815301076,1909f56bfc062723c751e8b465ee728b)
Start importing Assets/AddedAssets/Characters/Quirky Series Vol.4 [v1.3]/River Vol.2/Animations using Guid(de3ea83b690d8034d98230e9acc67001) Importer(815301076,1909f56bfc062723c751e8b465ee728b)  -> (artifact id: '58296ccf74588cb9cd842f0ff66ac358') in 0.000672 seconds
Number of updated asset objects reloaded before import = 0
Number of asset objects unloaded after import = 0
========================================================================
Received Import Request.
  Time since last request: 0.000068 seconds.
  path: Assets/AddedAssets/Characters/Quirky Series Vol.4 [v1.3]/River Vol.2/Animations/Piranha_Animations.fbx
  artifactKey: Guid(085084bf5ae80fd4ca6037aa897cb9d5) Importer(815301076,1909f56bfc062723c751e8b465ee728b)
Start importing Assets/AddedAssets/Characters/Quirky Series Vol.4 [v1.3]/River Vol.2/Animations/Piranha_Animations.fbx using Guid(085084bf5ae80fd4ca6037aa897cb9d5) Importer(815301076,1909f56bfc062723c751e8b465ee728b)  -> (artifact id: 'efcab74f3aa44adf414de820abb8e7a2') in 0.048802 seconds
Number of updated asset objects reloaded before import = 0
Number of asset objects unloaded after import = 48
========================================================================
Received Import Request.
  Time since last request: 0.000020 seconds.
  path: Assets/AddedAssets/Characters/Quirky Series Vol.4 [v1.3]
  artifactKey: Guid(d8a7f80c18d8a6d45b8321f61deed0d9) Importer(815301076,1909f56bfc062723c751e8b465ee728b)
Start importing Assets/AddedAssets/Characters/Quirky Series Vol.4 [v1.3] using Guid(d8a7f80c18d8a6d45b8321f61deed0d9) Importer(815301076,1909f56bfc062723c751e8b465ee728b)  -> (artifact id: 'f4728bf8074f9c582b3fc1b2fbddadbd') in 0.000700 seconds
Number of updated asset objects reloaded before import = 0
Number of asset objects unloaded after import = 0
========================================================================
Received Import Request.
  Time since last request: 0.000059 seconds.
  path: Assets/AddedAssets/Characters/Quirky Series Vol.4 [v1.3]/River Vol.2
  artifactKey: Guid(7dc2c35bb341e6b43998125e515c4426) Importer(815301076,1909f56bfc062723c751e8b465ee728b)
Start importing Assets/AddedAssets/Characters/Quirky Series Vol.4 [v1.3]/River Vol.2 using Guid(7dc2c35bb341e6b43998125e515c4426) Importer(815301076,1909f56bfc062723c751e8b465ee728b)  -> (artifact id: '3400bcdfc46a8fc0dc9bf1a0d1e2214d') in 0.000585 seconds
Number of updated asset objects reloaded before import = 0
Number of asset objects unloaded after import = 0
========================================================================
Received Import Request.
  Time since last request: 0.000068 seconds.
  path: Assets/AddedAssets/Characters/Quirky Series Vol.4 [v1.3]/River Vol.2/Animations/Alligator_Animations.fbx
  artifactKey: Guid(0b10ce111f41f034a810d440f723a869) Importer(815301076,1909f56bfc062723c751e8b465ee728b)
Start importing Assets/AddedAssets/Characters/Quirky Series Vol.4 [v1.3]/River Vol.2/Animations/Alligator_Animations.fbx using Guid(0b10ce111f41f034a810d440f723a869) Importer(815301076,1909f56bfc062723c751e8b465ee728b)  -> (artifact id: 'dd09266f7810c8b0bb4dae65838dfcd5') in 0.051645 seconds
Number of updated asset objects reloaded before import = 0
Number of asset objects unloaded after import = 48
========================================================================
Received Import Request.
  Time since last request: 300.761740 seconds.
  path: Assets/AddedAssets/Characters/BizulkaProduction/Stickman sphere head vol.1 gang/Prefabs/Items/Stand.prefab
  artifactKey: Guid(b4c9b441da5d1c24aacee9fbdd6b7096) Importer(815301076,1909f56bfc062723c751e8b465ee728b)
Start importing Assets/AddedAssets/Characters/BizulkaProduction/Stickman sphere head vol.1 gang/Prefabs/Items/Stand.prefab using Guid(b4c9b441da5d1c24aacee9fbdd6b7096) Importer(815301076,1909f56bfc062723c751e8b465ee728b)  -> (artifact id: '9f129f626d64e03835e2b89d892b215e') in 0.014730 seconds
Number of updated asset objects reloaded before import = 0
Number of asset objects unloaded after import = 13
========================================================================
Received Import Request.
  Time since last request: 2.538255 seconds.
  path: Assets/AddedAssets/Characters/BizulkaProduction/Stickman sphere head vol.1 gang/Prefabs/Characters/Stickman_sphere_Boxer.prefab
  artifactKey: Guid(2d754b5c5e957be4ca09992bd6400f43) Importer(815301076,1909f56bfc062723c751e8b465ee728b)
Start importing Assets/AddedAssets/Characters/BizulkaProduction/Stickman sphere head vol.1 gang/Prefabs/Characters/Stickman_sphere_Boxer.prefab using Guid(2d754b5c5e957be4ca09992bd6400f43) Importer(815301076,1909f56bfc062723c751e8b465ee728b)  -> (artifact id: '489c6c7a43f7ce6f3c9aa1d106fdc2d4') in 0.026831 seconds
Number of updated asset objects reloaded before import = 0
Number of asset objects unloaded after import = 165
========================================================================
Received Import Request.
  Time since last request: 0.000025 seconds.
  path: Assets/AddedAssets/Characters/BizulkaProduction/Stickman sphere head vol.1 gang/Prefabs/Characters/Stickman_sphere_Prisoner.prefab
  artifactKey: Guid(b92251cec53c12a4ca98e619f908cbaf) Importer(815301076,1909f56bfc062723c751e8b465ee728b)
Start importing Assets/AddedAssets/Characters/BizulkaProduction/Stickman sphere head vol.1 gang/Prefabs/Characters/Stickman_sphere_Prisoner.prefab using Guid(b92251cec53c12a4ca98e619f908cbaf) Importer(815301076,1909f56bfc062723c751e8b465ee728b)  -> (artifact id: 'e9a79485dfc5b1d0e9c9c8d2cdd40aa9') in 0.023826 seconds
Number of updated asset objects reloaded before import = 0
Number of asset objects unloaded after import = 85
========================================================================
Received Import Request.
  Time since last request: 0.000023 seconds.
  path: Assets/AddedAssets/Characters/BizulkaProduction/Stickman sphere head vol.1 gang/Prefabs/Characters/Stickman_sphere_Criminal_01.prefab
  artifactKey: Guid(73a99725b26dd4f498080fe935cbb996) Importer(815301076,1909f56bfc062723c751e8b465ee728b)
Start importing Assets/AddedAssets/Characters/BizulkaProduction/Stickman sphere head vol.1 gang/Prefabs/Characters/Stickman_sphere_Criminal_01.prefab using Guid(73a99725b26dd4f498080fe935cbb996) Importer(815301076,1909f56bfc062723c751e8b465ee728b)  -> (artifact id: 'c5326e9d59b95d207d3a033f62211170') in 0.022090 seconds
Number of updated asset objects reloaded before import = 0
Number of asset objects unloaded after import = 184
========================================================================
Received Import Request.
  Time since last request: 0.000028 seconds.
  path: Assets/AddedAssets/Characters/BizulkaProduction/Stickman sphere head vol.1 gang/Prefabs/Characters/Stickman_sphere_Criminal_02.prefab
  artifactKey: Guid(8e9ab83424f745745b7620b3d8fbf9c4) Importer(815301076,1909f56bfc062723c751e8b465ee728b)
Start importing Assets/AddedAssets/Characters/BizulkaProduction/Stickman sphere head vol.1 gang/Prefabs/Characters/Stickman_sphere_Criminal_02.prefab using Guid(8e9ab83424f745745b7620b3d8fbf9c4) Importer(815301076,1909f56bfc062723c751e8b465ee728b)  -> (artifact id: 'f04b28a3d0691b94a0552fa783801920') in 0.024338 seconds
Number of updated asset objects reloaded before import = 0
Number of asset objects unloaded after import = 107
========================================================================
Received Import Request.
  Time since last request: 7.059428 seconds.
  path: Assets/AddedAssets/Characters/BizulkaProduction/Stickman sphere head vol.1 gang/Materials/Blue.mat
  artifactKey: Guid(9c71a1245dba6294da110107373e56c8) Importer(815301076,1909f56bfc062723c751e8b465ee728b)
Start importing Assets/AddedAssets/Characters/BizulkaProduction/Stickman sphere head vol.1 gang/Materials/Blue.mat using Guid(9c71a1245dba6294da110107373e56c8) Importer(815301076,1909f56bfc062723c751e8b465ee728b)  -> (artifact id: 'a21d9a49adeaeb8ec6dc579b8cc4efc2') in 0.013328 seconds
Number of updated asset objects reloaded before import = 0
Number of asset objects unloaded after import = 1
========================================================================
Received Import Request.
  Time since last request: 0.000021 seconds.
  path: Assets/AddedAssets/Characters/BizulkaProduction/Stickman sphere head vol.1 gang/Materials/White.mat
  artifactKey: Guid(5ebf10ef0153066488e75ed746859927) Importer(815301076,1909f56bfc062723c751e8b465ee728b)
Start importing Assets/AddedAssets/Characters/BizulkaProduction/Stickman sphere head vol.1 gang/Materials/White.mat using Guid(5ebf10ef0153066488e75ed746859927) Importer(815301076,1909f56bfc062723c751e8b465ee728b)  -> (artifact id: '0dbc51e76ab5825e67874f3305d14e56') in 0.016066 seconds
Number of updated asset objects reloaded before import = 0
Number of asset objects unloaded after import = 1
========================================================================
Received Import Request.
  Time since last request: 0.000023 seconds.
  path: Assets/AddedAssets/Characters/BizulkaProduction/Stickman sphere head vol.1 gang/Materials/Pink.mat
  artifactKey: Guid(15e2279d1c17ac7469894f97520a549c) Importer(815301076,1909f56bfc062723c751e8b465ee728b)
Start importing Assets/AddedAssets/Characters/BizulkaProduction/Stickman sphere head vol.1 gang/Materials/Pink.mat using Guid(15e2279d1c17ac7469894f97520a549c) Importer(815301076,1909f56bfc062723c751e8b465ee728b)  -> (artifact id: '7c4b569b7174e7305c65ef393d64137f') in 0.017743 seconds
Number of updated asset objects reloaded before import = 0
Number of asset objects unloaded after import = 1
========================================================================
Received Import Request.
  Time since last request: 0.000040 seconds.
  path: Assets/AddedAssets/Characters/BizulkaProduction/Stickman sphere head vol.1 gang/Materials/White_01.mat
  artifactKey: Guid(0bcdca085445acc4aa21304ffa02deba) Importer(815301076,1909f56bfc062723c751e8b465ee728b)
Start importing Assets/AddedAssets/Characters/BizulkaProduction/Stickman sphere head vol.1 gang/Materials/White_01.mat using Guid(0bcdca085445acc4aa21304ffa02deba) Importer(815301076,1909f56bfc062723c751e8b465ee728b)  -> (artifact id: 'af2f981f665420250df9960a91956560') in 0.021801 seconds
Number of updated asset objects reloaded before import = 0
Number of asset objects unloaded after import = 1
========================================================================
Received Import Request.
  Time since last request: 0.000028 seconds.
  path: Assets/AddedAssets/Characters/BizulkaProduction/Stickman sphere head vol.1 gang/Materials/Green.mat
  artifactKey: Guid(b955a159d4b07284f8823aaa79d1c8c0) Importer(815301076,1909f56bfc062723c751e8b465ee728b)
Start importing Assets/AddedAssets/Characters/BizulkaProduction/Stickman sphere head vol.1 gang/Materials/Green.mat using Guid(b955a159d4b07284f8823aaa79d1c8c0) Importer(815301076,1909f56bfc062723c751e8b465ee728b)  -> (artifact id: '45b52cae10206edcfd0db02906fb6dfb') in 0.025634 seconds
Number of updated asset objects reloaded before import = 0
Number of asset objects unloaded after import = 1
========================================================================
Received Import Request.
  Time since last request: 0.000036 seconds.
  path: Assets/AddedAssets/Characters/BizulkaProduction/Stickman sphere head vol.1 gang/Materials/White_Stickman_heads_sphere.mat
  artifactKey: Guid(977c56b0762f435408d789d97a6b5555) Importer(815301076,1909f56bfc062723c751e8b465ee728b)
Start importing Assets/AddedAssets/Characters/BizulkaProduction/Stickman sphere head vol.1 gang/Materials/White_Stickman_heads_sphere.mat using Guid(977c56b0762f435408d789d97a6b5555) Importer(815301076,1909f56bfc062723c751e8b465ee728b)  -> (artifact id: '71d520ab5214db2ebc84c8e9e1effe53') in 0.023400 seconds
Number of updated asset objects reloaded before import = 0
Number of asset objects unloaded after import = 1
========================================================================
Received Import Request.
  Time since last request: 0.000020 seconds.
  path: Assets/AddedAssets/Characters/BizulkaProduction/Stickman sphere head vol.1 gang/Materials/Purple.mat
  artifactKey: Guid(435b2888d5c81d34fb3ebfd0ee9e1c61) Importer(815301076,1909f56bfc062723c751e8b465ee728b)
Start importing Assets/AddedAssets/Characters/BizulkaProduction/Stickman sphere head vol.1 gang/Materials/Purple.mat using Guid(435b2888d5c81d34fb3ebfd0ee9e1c61) Importer(815301076,1909f56bfc062723c751e8b465ee728b)  -> (artifact id: '8428a1b2b845a6247970de7bcfe81842') in 0.018375 seconds
Number of updated asset objects reloaded before import = 0
Number of asset objects unloaded after import = 1
========================================================================
Received Import Request.
  Time since last request: 0.000040 seconds.
  path: Assets/AddedAssets/Characters/BizulkaProduction/Stickman sphere head vol.1 gang/Materials/Blue_02.mat
  artifactKey: Guid(10445ba59bbf77f4394aec71c0c381d6) Importer(815301076,1909f56bfc062723c751e8b465ee728b)
Start importing Assets/AddedAssets/Characters/BizulkaProduction/Stickman sphere head vol.1 gang/Materials/Blue_02.mat using Guid(10445ba59bbf77f4394aec71c0c381d6) Importer(815301076,1909f56bfc062723c751e8b465ee728b)  -> (artifact id: 'dda4b4bfbef367f2ef9a9a257453b29a') in 0.015808 seconds
Number of updated asset objects reloaded before import = 0
Number of asset objects unloaded after import = 1
========================================================================
Received Import Request.
  Time since last request: 4.243976 seconds.
  path: Assets/AddedAssets/Characters/BizulkaProduction/Stickman sphere head vol.1 gang/Models/Characters/Stickman_sphere_Boxer.fbx
  artifactKey: Guid(74a16e09a9315f340a71b4b62575d18c) Importer(815301076,1909f56bfc062723c751e8b465ee728b)
Start importing Assets/AddedAssets/Characters/BizulkaProduction/Stickman sphere head vol.1 gang/Models/Characters/Stickman_sphere_Boxer.fbx using Guid(74a16e09a9315f340a71b4b62575d18c) Importer(815301076,1909f56bfc062723c751e8b465ee728b)  -> (artifact id: '7520f9cd0a5d1ed6a1f831ab3bd31397') in 0.088733 seconds
Number of updated asset objects reloaded before import = 0
Number of asset objects unloaded after import = 86
========================================================================
Received Import Request.
  Time since last request: 0.000017 seconds.
  path: Assets/AddedAssets/Characters/BizulkaProduction/Stickman sphere head vol.1 gang/Models/Characters/Stickman_sphere_Criminal_02.fbx
  artifactKey: Guid(5ad20ef734769b344a01cde65c49397f) Importer(815301076,1909f56bfc062723c751e8b465ee728b)
Start importing Assets/AddedAssets/Characters/BizulkaProduction/Stickman sphere head vol.1 gang/Models/Characters/Stickman_sphere_Criminal_02.fbx using Guid(5ad20ef734769b344a01cde65c49397f) Importer(815301076,1909f56bfc062723c751e8b465ee728b)  -> (artifact id: '9ae8ed98d8072ef15a1e3890e77252e0') in 0.161969 seconds
Number of updated asset objects reloaded before import = 0
Number of asset objects unloaded after import = 108
Editor requested this worker to shutdown with reason: Scaling down because of idle timeout
TcpMessagingSession - receive error: operation aborted. errorcode: 995, details: Îďĺđŕöč˙ ââîäŕ/âűâîäŕ áűëŕ ďđĺđâŕíŕ čç-çŕ çŕâĺđřĺíč˙ ďîňîęŕ ęîěŕíä čëč ďî çŕďđîńó ďđčëîćĺíč˙.
AssetImportWorker is now disconnected from the server
Process exiting
Exiting without the bug reporter. Application will terminate with return code 0