Using pre-set license
Built from '2022.3/staging' branch; Version is '2022.3.10f1 (ff3792e53c62) revision 16725906'; Using compiler version '192829333'; Build Type 'Release'
OS: 'Windows 10  (10.0.19045) 64bit Professional' Language: 'ru' Physical Memory: 16221 MB
BatchMode: 1, IsHumanControllingUs: 0, StartBugReporterOnCrash: 0, Is64bit: 1, IsPro: 1

COMMAND LINE ARGUMENTS:
C:\Program Files\Unity\Hub\Editor\2022.3.10f1\Editor\Unity.exe
-adb2
-batchMode
-noUpm
-name
AssetImportWorker17
-projectPath
C:/Users/darkc/Documents/GitHub/Rob/Rob
-logFile
Logs/AssetImportWorker17.log
-srvPort
51963
Successfully changed project path to: C:/Users/darkc/Documents/GitHub/Rob/Rob
C:/Users/darkc/Documents/GitHub/Rob/Rob
[UnityMemory] Configuration Parameters - Can be set up in boot.config
    "memorysetup-bucket-allocator-granularity=16"
    "memorysetup-bucket-allocator-bucket-count=8"
    "memorysetup-bucket-allocator-block-size=33554432"
    "memorysetup-bucket-allocator-block-count=8"
    "memorysetup-main-allocator-block-size=16777216"
    "memorysetup-thread-allocator-block-size=16777216"
    "memorysetup-gfx-main-allocator-block-size=16777216"
    "memorysetup-gfx-thread-allocator-block-size=16777216"
    "memorysetup-cache-allocator-block-size=4194304"
    "memorysetup-typetree-allocator-block-size=2097152"
    "memorysetup-profiler-bucket-allocator-granularity=16"
    "memorysetup-profiler-bucket-allocator-bucket-count=8"
    "memorysetup-profiler-bucket-allocator-block-size=33554432"
    "memorysetup-profiler-bucket-allocator-block-count=8"
    "memorysetup-profiler-allocator-block-size=16777216"
    "memorysetup-profiler-editor-allocator-block-size=1048576"
    "memorysetup-temp-allocator-size-main=16777216"
    "memorysetup-job-temp-allocator-block-size=2097152"
    "memorysetup-job-temp-allocator-block-size-background=1048576"
    "memorysetup-job-temp-allocator-reduction-small-platforms=262144"
    "memorysetup-allocator-temp-initial-block-size-main=262144"
    "memorysetup-allocator-temp-initial-block-size-worker=262144"
    "memorysetup-temp-allocator-size-background-worker=32768"
    "memorysetup-temp-allocator-size-job-worker=262144"
    "memorysetup-temp-allocator-size-preload-manager=33554432"
    "memorysetup-temp-allocator-size-nav-mesh-worker=65536"
    "memorysetup-temp-allocator-size-audio-worker=65536"
    "memorysetup-temp-allocator-size-cloud-worker=32768"
    "memorysetup-temp-allocator-size-gi-baking-worker=262144"
    "memorysetup-temp-allocator-size-gfx=262144"
Player connection [9900] Host "[IP] 10.54.235.250 [Port] 0 [Flags] 2 [Guid] 820310520 [EditorId] 820310520 [Version] 1048832 [Id] WindowsEditor(7,DESKTOP-BVBJ8MC) [Debug] 1 [PackageName] WindowsEditor [ProjectName] Editor" joined multi-casting on [225.0.0.222:54997]...

Player connection [9900] Host "[IP] 10.54.235.250 [Port] 0 [Flags] 2 [Guid] 820310520 [EditorId] 820310520 [Version] 1048832 [Id] WindowsEditor(7,DESKTOP-BVBJ8MC) [Debug] 1 [PackageName] WindowsEditor [ProjectName] Editor" joined alternative multi-casting on [225.0.0.222:34997]...

[Physics::Module] Initialized MultithreadedJobDispatcher with 11 workers.
Refreshing native plugins compatible for Editor in 27.16 ms, found 6 plugins.
Preloading 0 native plugins for Editor in 0.00 ms.
Initialize engine version: 2022.3.10f1 (ff3792e53c62)
[Subsystems] Discovering subsystems at path C:/Program Files/Unity/Hub/Editor/2022.3.10f1/Editor/Data/Resources/UnitySubsystems
[Subsystems] Discovering subsystems at path C:/Users/darkc/Documents/GitHub/Rob/Rob/Assets
GfxDevice: creating device client; threaded=0; jobified=0
Direct3D:
    Version:  Direct3D 11.0 [level 11.1]
    Renderer: NVIDIA GeForce GTX 1650 (ID=0x1f99)
    Vendor:   NVIDIA
    VRAM:     3962 MB
    Driver:   31.0.15.2230
Initialize mono
Mono path[0] = 'C:/Program Files/Unity/Hub/Editor/2022.3.10f1/Editor/Data/Managed'
Mono path[1] = 'C:/Program Files/Unity/Hub/Editor/2022.3.10f1/Editor/Data/MonoBleedingEdge/lib/mono/unityjit-win32'
Mono config path = 'C:/Program Files/Unity/Hub/Editor/2022.3.10f1/Editor/Data/MonoBleedingEdge/etc'
Using monoOptions --debugger-agent=transport=dt_socket,embedding=1,server=y,suspend=n,address=127.0.0.1:56608
Begin MonoManager ReloadAssembly
Registering precompiled unity dll's ...
Register platform support module: C:/Program Files/Unity/Hub/Editor/2022.3.10f1/Editor/Data/PlaybackEngines/WebGLSupport/UnityEditor.WebGL.Extensions.dll
Register platform support module: C:/Program Files/Unity/Hub/Editor/2022.3.10f1/Editor/Data/PlaybackEngines/WindowsStandaloneSupport/UnityEditor.WindowsStandalone.Extensions.dll
Registered in 0.010413 seconds.
- Loaded All Assemblies, in  0.346 seconds
Native extension for WindowsStandalone target not found
Native extension for WebGL target not found
Mono: successfully reloaded assembly
- Finished resetting the current domain, in  0.256 seconds
Domain Reload Profiling: 601ms
	BeginReloadAssembly (106ms)
		ExecutionOrderSort (0ms)
		DisableScriptedObjects (0ms)
		BackupInstance (0ms)
		ReleaseScriptingObjects (0ms)
		CreateAndSetChildDomain (1ms)
	RebuildCommonClasses (35ms)
	RebuildNativeTypeToScriptingClass (11ms)
	initialDomainReloadingComplete (57ms)
	LoadAllAssembliesAndSetupDomain (136ms)
		LoadAssemblies (104ms)
		RebuildTransferFunctionScriptingTraits (0ms)
		AnalyzeDomain (134ms)
			TypeCache.Refresh (133ms)
				TypeCache.ScanAssembly (120ms)
			ScanForSourceGeneratedMonoScriptInfo (0ms)
			ResolveRequiredComponents (0ms)
	FinalizeReload (257ms)
		ReleaseScriptCaches (0ms)
		RebuildScriptCaches (0ms)
		SetupLoadedEditorAssemblies (196ms)
			LogAssemblyErrors (0ms)
			InitializePlatformSupportModulesInManaged (13ms)
			SetLoadedEditorAssemblies (6ms)
			RefreshPlugins (0ms)
			BeforeProcessingInitializeOnLoad (2ms)
			ProcessInitializeOnLoadAttributes (127ms)
			ProcessInitializeOnLoadMethodAttributes (48ms)
			AfterProcessingInitializeOnLoad (0ms)
			EditorAssembliesLoaded (0ms)
		ExecutionOrderSort2 (0ms)
		AwakeInstancesAfterBackupRestoration (0ms)
========================================================================
Worker process is ready to serve import requests
Begin MonoManager ReloadAssembly
- Loaded All Assemblies, in  0.919 seconds
Refreshing native plugins compatible for Editor in 8.16 ms, found 6 plugins.
Native extension for WindowsStandalone target not found
Native extension for WebGL target not found
Package Manager log level set to [2]
[Package Manager] Server::EnsureServerProcessIsRunning -- launch failed, reason: Unity was launched with the -noUpm command-line argument
[Package Manager] UpmClient::Send -- Unable to send message (not connected to UPM process).
[Package Manager] Cannot connect to Unity Package Manager local server
Launched and connected shader compiler UnityShaderCompiler.exe after 0.05 seconds
Mono: successfully reloaded assembly
- Finished resetting the current domain, in  1.282 seconds
Domain Reload Profiling: 2198ms
	BeginReloadAssembly (156ms)
		ExecutionOrderSort (0ms)
		DisableScriptedObjects (7ms)
		BackupInstance (0ms)
		ReleaseScriptingObjects (0ms)
		CreateAndSetChildDomain (22ms)
	RebuildCommonClasses (36ms)
	RebuildNativeTypeToScriptingClass (12ms)
	initialDomainReloadingComplete (51ms)
	LoadAllAssembliesAndSetupDomain (659ms)
		LoadAssemblies (417ms)
		RebuildTransferFunctionScriptingTraits (0ms)
		AnalyzeDomain (334ms)
			TypeCache.Refresh (277ms)
				TypeCache.ScanAssembly (258ms)
			ScanForSourceGeneratedMonoScriptInfo (34ms)
			ResolveRequiredComponents (21ms)
	FinalizeReload (1283ms)
		ReleaseScriptCaches (0ms)
		RebuildScriptCaches (0ms)
		SetupLoadedEditorAssemblies (1106ms)
			LogAssemblyErrors (0ms)
			InitializePlatformSupportModulesInManaged (8ms)
			SetLoadedEditorAssemblies (7ms)
			RefreshPlugins (0ms)
			BeforeProcessingInitializeOnLoad (103ms)
			ProcessInitializeOnLoadAttributes (590ms)
			ProcessInitializeOnLoadMethodAttributes (391ms)
			AfterProcessingInitializeOnLoad (7ms)
			EditorAssembliesLoaded (0ms)
		ExecutionOrderSort2 (0ms)
		AwakeInstancesAfterBackupRestoration (6ms)
Refreshing native plugins compatible for Editor in 8.27 ms, found 6 plugins.
Preloading 0 native plugins for Editor in 0.00 ms.
Unloading 6506 Unused Serialized files (Serialized files now loaded: 0)
Unloading 113 unused Assets / (66.5 MB). Loaded Objects now: 7026.
Memory consumption went from 482.2 MB to 415.7 MB.
Total: 23.116100 ms (FindLiveObjects: 0.480500 ms CreateObjectMapping: 0.473900 ms MarkObjects: 17.770400 ms  DeleteObjects: 4.390200 ms)

AssetImportParameters requested are different than current active one (requested -> active):
  custom:container-demuxer-ogg: 62fdf1f143b41e24485cea50d1cbac27 -> 
  custom:scripting/monoscript/fileName/EpiShowcase.cs: bc786fe5107a676209768b89581ed7ca -> 560d903eb64b2fb30588ee6fc53dcb76
  custom:framework-win-MediaFoundation: 216162199b28c13a410421893ffa2e32 -> 
  custom:container-muxer-webm: aa71ff27fc2769a1b78a27578f13a17b -> 
  custom:video-decoder-webm-vp8: 9c59270c3fd7afecdb556c50c9e8de78 -> 
  custom:SearchIndexIgnoredProperties: e643bd26f0fe6173181afceb89e7c659 -> 
  custom:AudioImporter_EditorPlatform: d09bf68614088b80899f8185d706f6e7 -> 
  custom:audio-decoder-ogg-vorbis: bf7c407c2cedff20999df2af8eb42d56 -> 
  custom:audio-encoder-webm-vorbis: bf7c407c2cedff20999df2af8eb42d56 -> 
  custom:video-decoder-ogg-theora: a1e56fd34408186e4bbccfd4996cb3dc -> 
  custom:CustomObjectIndexerAttribute: a3ef5dd2817f97addfee359851a9dba5 -> 
  custom:container-demuxer-webm: 4f35f7cbe854078d1ac9338744f61a02 -> 
  custom:video-encoder-webm-vp8: eb34c28f22e8b96e1ab97ce403110664 -> 
========================================================================
Received Import Request.
  Time since last request: 466445.118185 seconds.
  path: Assets/AddedAssets/Characters/LowpolyHats/Materials/Smooth/mat_TurbanHelmet01.mat
  artifactKey: Guid(d7d740330457e414cbf692a07a1d1c68) Importer(815301076,1909f56bfc062723c751e8b465ee728b)
Start importing Assets/AddedAssets/Characters/LowpolyHats/Materials/Smooth/mat_TurbanHelmet01.mat using Guid(d7d740330457e414cbf692a07a1d1c68) Importer(815301076,1909f56bfc062723c751e8b465ee728b)  -> (artifact id: '2889f4f812046edf0757772b91a550d7') in 0.300741 seconds
Number of updated asset objects reloaded before import = 0
Number of asset objects unloaded after import = 2
========================================================================
Received Import Request.
  Time since last request: 4.751112 seconds.
  path: Assets/AddedAssets/Props/polyperfect/Low Poly Ultimate Pack/- Materials/Colors/64 GLASS-NIGHT-LPUP.mat
  artifactKey: Guid(ac0561686028e98488de312b47d5587d) Importer(815301076,1909f56bfc062723c751e8b465ee728b)
Start importing Assets/AddedAssets/Props/polyperfect/Low Poly Ultimate Pack/- Materials/Colors/64 GLASS-NIGHT-LPUP.mat using Guid(ac0561686028e98488de312b47d5587d) Importer(815301076,1909f56bfc062723c751e8b465ee728b)  -> (artifact id: '1c2a6bcd6cc4ee96572028b671c573a4') in 0.032633 seconds
Number of updated asset objects reloaded before import = 0
Number of asset objects unloaded after import = 2
========================================================================
Received Import Request.
  Time since last request: 0.000033 seconds.
  path: Assets/AddedAssets/Kevin Iglesias/Archer Animations/Materials/ArcherFloor.mat
  artifactKey: Guid(77131ac0dbcf5594cbc3f7643b0e62b0) Importer(815301076,1909f56bfc062723c751e8b465ee728b)
Start importing Assets/AddedAssets/Kevin Iglesias/Archer Animations/Materials/ArcherFloor.mat using Guid(77131ac0dbcf5594cbc3f7643b0e62b0) Importer(815301076,1909f56bfc062723c751e8b465ee728b)  -> (artifact id: 'b9b9b1e0e296d87e917c9a9cd42060bb') in 0.197359 seconds
Number of updated asset objects reloaded before import = 0
Number of asset objects unloaded after import = 3
========================================================================
Received Import Request.
  Time since last request: 173.666567 seconds.
  path: Assets/AddedAssets/Characters/Quirky Series Vol.4 [v1.3]/River Vol.2/Materials/M_CapybaraChainSaw.mat
  artifactKey: Guid(19f0e0514f8da1b4a9312cb13409fa90) Importer(815301076,1909f56bfc062723c751e8b465ee728b)
Start importing Assets/AddedAssets/Characters/Quirky Series Vol.4 [v1.3]/River Vol.2/Materials/M_CapybaraChainSaw.mat using Guid(19f0e0514f8da1b4a9312cb13409fa90) Importer(815301076,1909f56bfc062723c751e8b465ee728b)  -> (artifact id: '82bf8d22fd68ac90b6e1111bc92db9de') in 0.021406 seconds
Number of updated asset objects reloaded before import = 0
Number of asset objects unloaded after import = 1
========================================================================
Received Import Request.
  Time since last request: 7.745183 seconds.
  path: Assets/Plugins/Zenject/OptionalExtras/SampleGame1 (Beginner)/Media/Imported/SpaceShip/Textures/1K_Body-NM.jpg
  artifactKey: Guid(b425f3d4e800e284e90bfeccc7276fba) Importer(815301076,1909f56bfc062723c751e8b465ee728b)
Start importing Assets/Plugins/Zenject/OptionalExtras/SampleGame1 (Beginner)/Media/Imported/SpaceShip/Textures/1K_Body-NM.jpg using Guid(b425f3d4e800e284e90bfeccc7276fba) Importer(815301076,1909f56bfc062723c751e8b465ee728b)  -> (artifact id: '074f282647cb0eae2ab3ff23ad72fa46') in 0.055793 seconds
Number of updated asset objects reloaded before import = 0
Number of asset objects unloaded after import = 2
========================================================================
Received Import Request.
  Time since last request: 0.000029 seconds.
  path: Assets/Plugins/Zenject/OptionalExtras/SampleGame1 (Beginner)/Media/Imported/SpaceShip/Textures/1K_Body-TXTR.jpg
  artifactKey: Guid(edc2b3bfe412721409008df82ad98102) Importer(815301076,1909f56bfc062723c751e8b465ee728b)
Start importing Assets/Plugins/Zenject/OptionalExtras/SampleGame1 (Beginner)/Media/Imported/SpaceShip/Textures/1K_Body-TXTR.jpg using Guid(edc2b3bfe412721409008df82ad98102) Importer(815301076,1909f56bfc062723c751e8b465ee728b)  -> (artifact id: 'cf9e4323c2457cbe8970c9938d4c8236') in 0.032574 seconds
Number of updated asset objects reloaded before import = 0
Number of asset objects unloaded after import = 2
========================================================================
Received Import Request.
  Time since last request: 0.000018 seconds.
  path: Assets/FlatKit/Demos/[Demo] Fruit Vase/FruitVase-Materials/FV-Scene 3 - Mode_Steps-Toony/FV-Scene-3-Ramps/3-Banana_CelStepTexture-ramp.png
  artifactKey: Guid(0484f26fbec4c4e228e44ff699ade550) Importer(815301076,1909f56bfc062723c751e8b465ee728b)
Start importing Assets/FlatKit/Demos/[Demo] Fruit Vase/FruitVase-Materials/FV-Scene 3 - Mode_Steps-Toony/FV-Scene-3-Ramps/3-Banana_CelStepTexture-ramp.png using Guid(0484f26fbec4c4e228e44ff699ade550) Importer(815301076,1909f56bfc062723c751e8b465ee728b)  -> (artifact id: 'ec54249e5d8983d2af6488aa8d936287') in 0.018164 seconds
Number of updated asset objects reloaded before import = 0
Number of asset objects unloaded after import = 2
========================================================================
Received Import Request.
  Time since last request: 0.000062 seconds.
  path: Assets/FlatKit/Demos/[Demo] Fruit Vase/FruitVase-Materials/FV-Scene 3 - Mode_Steps-Toony/FV-Scene-3-Ramps/3-Pear1_CelStepTexture-ramp.png
  artifactKey: Guid(cc9f2af42e938436e8f03a750f57987a) Importer(815301076,1909f56bfc062723c751e8b465ee728b)
Start importing Assets/FlatKit/Demos/[Demo] Fruit Vase/FruitVase-Materials/FV-Scene 3 - Mode_Steps-Toony/FV-Scene-3-Ramps/3-Pear1_CelStepTexture-ramp.png using Guid(cc9f2af42e938436e8f03a750f57987a) Importer(815301076,1909f56bfc062723c751e8b465ee728b)  -> (artifact id: '01597c331469a4eb4ae3b424aae55629') in 0.012487 seconds
Number of updated asset objects reloaded before import = 0
Number of asset objects unloaded after import = 2
========================================================================
Received Import Request.
  Time since last request: 0.000017 seconds.
  path: Assets/FlatKit/Demos/[Demo] Fruit Vase/FruitVase-Materials/FV-Scene 4 - Mode_Curve-Gradients/FV-Scene-4-Ramps/4-Apple_CelCurveTexture-ramp.png
  artifactKey: Guid(817ba2a712291410fba0b852211aa67d) Importer(815301076,1909f56bfc062723c751e8b465ee728b)
Start importing Assets/FlatKit/Demos/[Demo] Fruit Vase/FruitVase-Materials/FV-Scene 4 - Mode_Curve-Gradients/FV-Scene-4-Ramps/4-Apple_CelCurveTexture-ramp.png using Guid(817ba2a712291410fba0b852211aa67d) Importer(815301076,1909f56bfc062723c751e8b465ee728b)  -> (artifact id: '4f98d61a52090f2e8e12f7b83f80cf3d') in 0.012639 seconds
Number of updated asset objects reloaded before import = 0
Number of asset objects unloaded after import = 2
========================================================================
Received Import Request.
  Time since last request: 0.000014 seconds.
  path: Assets/FlatKit/Demos/[Demo] Fruit Vase/FruitVase-Materials/FV-Scene 4 - Mode_Curve-Gradients/FV-Scene-4-Ramps/4-Pear1_CelCurveTexture-ramp.png
  artifactKey: Guid(4fc15a589a6404d568a50e23d7a77a0a) Importer(815301076,1909f56bfc062723c751e8b465ee728b)
Start importing Assets/FlatKit/Demos/[Demo] Fruit Vase/FruitVase-Materials/FV-Scene 4 - Mode_Curve-Gradients/FV-Scene-4-Ramps/4-Pear1_CelCurveTexture-ramp.png using Guid(4fc15a589a6404d568a50e23d7a77a0a) Importer(815301076,1909f56bfc062723c751e8b465ee728b)  -> (artifact id: '07e488276d27d435cc7ed3754fa50ed4') in 0.013055 seconds
Number of updated asset objects reloaded before import = 0
Number of asset objects unloaded after import = 2
========================================================================
Received Import Request.
  Time since last request: 0.000015 seconds.
  path: Assets/FlatKit/Demos/[Demo] Fruit Vase/FruitVase-Materials/FV-Scene 4 - Mode_Curve-Gradients/FV-Scene-4-Ramps/4-Vase_CelCurveTexture-ramp.png
  artifactKey: Guid(8752ce03340fa44b7b67b5ac8a33fc76) Importer(815301076,1909f56bfc062723c751e8b465ee728b)
Start importing Assets/FlatKit/Demos/[Demo] Fruit Vase/FruitVase-Materials/FV-Scene 4 - Mode_Curve-Gradients/FV-Scene-4-Ramps/4-Vase_CelCurveTexture-ramp.png using Guid(8752ce03340fa44b7b67b5ac8a33fc76) Importer(815301076,1909f56bfc062723c751e8b465ee728b)  -> (artifact id: '2183f2819fa6a8aed6df16941b27be95') in 0.014809 seconds
Number of updated asset objects reloaded before import = 0
Number of asset objects unloaded after import = 2
========================================================================
Received Import Request.
  Time since last request: 0.000016 seconds.
  path: Assets/FlatKit/Demos/[Demo] Mugs/Resources/02.2-BlueprintGrid-Mug-14-step-ramp.png
  artifactKey: Guid(25e640c7d8e564bd38925c983b4e76ec) Importer(815301076,1909f56bfc062723c751e8b465ee728b)
Start importing Assets/FlatKit/Demos/[Demo] Mugs/Resources/02.2-BlueprintGrid-Mug-14-step-ramp.png using Guid(25e640c7d8e564bd38925c983b4e76ec) Importer(815301076,1909f56bfc062723c751e8b465ee728b)  -> (artifact id: '464a214e91e53e2f10d0b7c3fca01abf') in 0.020373 seconds
Number of updated asset objects reloaded before import = 0
Number of asset objects unloaded after import = 2
========================================================================
Received Import Request.
  Time since last request: 0.000021 seconds.
  path: Assets/Plugins/Zenject/OptionalExtras/SampleGame1 (Beginner)/Media/Imported/SpaceShip/Space_Shooter.fbm/1K_Body-TXTR.jpg
  artifactKey: Guid(01e65fb55683f1f4182f15ee0a5057ad) Importer(815301076,1909f56bfc062723c751e8b465ee728b)
Start importing Assets/Plugins/Zenject/OptionalExtras/SampleGame1 (Beginner)/Media/Imported/SpaceShip/Space_Shooter.fbm/1K_Body-TXTR.jpg using Guid(01e65fb55683f1f4182f15ee0a5057ad) Importer(815301076,1909f56bfc062723c751e8b465ee728b)  -> (artifact id: '656c9acb19deae4ca5af8598ec90deda') in 0.035929 seconds
Number of updated asset objects reloaded before import = 0
Number of asset objects unloaded after import = 2
========================================================================
Received Import Request.
  Time since last request: 0.000015 seconds.
  path: Assets/FlatKit/Demos/[Demo] Fruit Vase/FruitVase-Materials/FV-Scene 4 - Mode_Curve-Gradients/FV-Scene-4-Ramps/4-Pear2_CelCurveTexture-ramp.png
  artifactKey: Guid(ad5bc93edcc1045839ffbccc8bf96fe1) Importer(815301076,1909f56bfc062723c751e8b465ee728b)
Start importing Assets/FlatKit/Demos/[Demo] Fruit Vase/FruitVase-Materials/FV-Scene 4 - Mode_Curve-Gradients/FV-Scene-4-Ramps/4-Pear2_CelCurveTexture-ramp.png using Guid(ad5bc93edcc1045839ffbccc8bf96fe1) Importer(815301076,1909f56bfc062723c751e8b465ee728b)  -> (artifact id: '187a2a6487e940e6501b60acf3d15c0c') in 0.014618 seconds
Number of updated asset objects reloaded before import = 0
Number of asset objects unloaded after import = 2
========================================================================
Received Import Request.
  Time since last request: 0.000073 seconds.
  path: Assets/FlatKit/Demos/[Demo] Fruit Vase/FruitVase-Materials/FV-Scene 4 - Mode_Curve-Gradients/FV-Scene-4-Ramps/4-Banana_CelCurveTexture-ramp.png
  artifactKey: Guid(e2d082d1819304ba592b119777a65736) Importer(815301076,1909f56bfc062723c751e8b465ee728b)
Start importing Assets/FlatKit/Demos/[Demo] Fruit Vase/FruitVase-Materials/FV-Scene 4 - Mode_Curve-Gradients/FV-Scene-4-Ramps/4-Banana_CelCurveTexture-ramp.png using Guid(e2d082d1819304ba592b119777a65736) Importer(815301076,1909f56bfc062723c751e8b465ee728b)  -> (artifact id: 'ed545ae5e9357c3368af9fe3d5b6013f') in 0.014919 seconds
Number of updated asset objects reloaded before import = 0
Number of asset objects unloaded after import = 2
========================================================================
Received Import Request.
  Time since last request: 0.000022 seconds.
  path: Assets/Plugins/Zenject/OptionalExtras/SampleGame1 (Beginner)/Media/Imported/SpaceShip/Textures/1K_Spec.jpg
  artifactKey: Guid(0ea2ae5c475a8224f9f6c107611afe7b) Importer(815301076,1909f56bfc062723c751e8b465ee728b)
Start importing Assets/Plugins/Zenject/OptionalExtras/SampleGame1 (Beginner)/Media/Imported/SpaceShip/Textures/1K_Spec.jpg using Guid(0ea2ae5c475a8224f9f6c107611afe7b) Importer(815301076,1909f56bfc062723c751e8b465ee728b)  -> (artifact id: 'b44a61be10634ea6151472c2fb649b8e') in 0.039248 seconds
Number of updated asset objects reloaded before import = 0
Number of asset objects unloaded after import = 2
========================================================================
Received Import Request.
  Time since last request: 0.000023 seconds.
  path: Assets/FlatKit/Demos/[Demo] Fruit Vase/FruitVase-Materials/FV-Scene 3 - Mode_Steps-Toony/FV-Scene-3-Ramps/3-Pear2_CelStepTexture-ramp.png
  artifactKey: Guid(8cd61bb72c0294ae3a19fa8c904cc0f4) Importer(815301076,1909f56bfc062723c751e8b465ee728b)
Start importing Assets/FlatKit/Demos/[Demo] Fruit Vase/FruitVase-Materials/FV-Scene 3 - Mode_Steps-Toony/FV-Scene-3-Ramps/3-Pear2_CelStepTexture-ramp.png using Guid(8cd61bb72c0294ae3a19fa8c904cc0f4) Importer(815301076,1909f56bfc062723c751e8b465ee728b)  -> (artifact id: '4638dd044bf3a1483bc64caf9e436295') in 0.017689 seconds
Number of updated asset objects reloaded before import = 0
Number of asset objects unloaded after import = 2
========================================================================
Received Import Request.
  Time since last request: 0.000028 seconds.
  path: Assets/FlatKit/Demos/[Demo] Fruit Vase/FruitVase-Materials/FV-Scene 3 - Mode_Steps-Toony/FV-Scene-3-Ramps/3-Cherries_CelStepTexture-ramp.png
  artifactKey: Guid(76c53396ca7a64590ad8ca25ba0a6e41) Importer(815301076,1909f56bfc062723c751e8b465ee728b)
Start importing Assets/FlatKit/Demos/[Demo] Fruit Vase/FruitVase-Materials/FV-Scene 3 - Mode_Steps-Toony/FV-Scene-3-Ramps/3-Cherries_CelStepTexture-ramp.png using Guid(76c53396ca7a64590ad8ca25ba0a6e41) Importer(815301076,1909f56bfc062723c751e8b465ee728b)  -> (artifact id: 'f401cb8d27812f8fe45ec0984b9c33cf') in 0.018486 seconds
Number of updated asset objects reloaded before import = 0
Number of asset objects unloaded after import = 2
========================================================================
Received Import Request.
  Time since last request: 0.000017 seconds.
  path: Assets/Plugins/Zenject/OptionalExtras/SampleGame1 (Beginner)/Media/Imported/SpaceShip/Textures/1K_TXTR+Spec.tif
  artifactKey: Guid(d502334f478d23c4baaa4781df176eaf) Importer(815301076,1909f56bfc062723c751e8b465ee728b)
Start importing Assets/Plugins/Zenject/OptionalExtras/SampleGame1 (Beginner)/Media/Imported/SpaceShip/Textures/1K_TXTR+Spec.tif using Guid(d502334f478d23c4baaa4781df176eaf) Importer(815301076,1909f56bfc062723c751e8b465ee728b)  -> (artifact id: '87f58241c978b7d572255d9a7e992ce8') in 0.048149 seconds
Number of updated asset objects reloaded before import = 0
Number of asset objects unloaded after import = 2
========================================================================
Received Import Request.
  Time since last request: 0.001733 seconds.
  path: Assets/FlatKit/Demos/[Demo] Fruit Vase/FruitVase-Materials/FV-Scene 4 - Mode_Curve-Gradients/FV-Scene-4-Ramps/4-Leaves_CelCurveTexture-ramp.png
  artifactKey: Guid(b0c1aca15a8d54b34a117b70a04503a3) Importer(815301076,1909f56bfc062723c751e8b465ee728b)
Start importing Assets/FlatKit/Demos/[Demo] Fruit Vase/FruitVase-Materials/FV-Scene 4 - Mode_Curve-Gradients/FV-Scene-4-Ramps/4-Leaves_CelCurveTexture-ramp.png using Guid(b0c1aca15a8d54b34a117b70a04503a3) Importer(815301076,1909f56bfc062723c751e8b465ee728b)  -> (artifact id: '199f93acc8435bfd294005167489d9ca') in 0.017363 seconds
Number of updated asset objects reloaded before import = 0
Number of asset objects unloaded after import = 2
========================================================================
Received Import Request.
  Time since last request: 0.000018 seconds.
  path: Assets/FlatKit/Demos/[Demo] Mugs/Mugs-Materials/2 - OneColorVariousParameters/BlPrMugs-Scene_2_RampTextures/02.2-BlueprintGrid-Mug-3_CelStepTexture-ramp.png
  artifactKey: Guid(572ba7ee22fc24d93bfed3ca67752ec5) Importer(815301076,1909f56bfc062723c751e8b465ee728b)
Start importing Assets/FlatKit/Demos/[Demo] Mugs/Mugs-Materials/2 - OneColorVariousParameters/BlPrMugs-Scene_2_RampTextures/02.2-BlueprintGrid-Mug-3_CelStepTexture-ramp.png using Guid(572ba7ee22fc24d93bfed3ca67752ec5) Importer(815301076,1909f56bfc062723c751e8b465ee728b)  -> (artifact id: '9547ce58a9514cf4fa35b3fd494cad24') in 0.016583 seconds
Number of updated asset objects reloaded before import = 0
Number of asset objects unloaded after import = 2
========================================================================
Received Import Request.
  Time since last request: 0.000021 seconds.
  path: Assets/FlatKit/Demos/[Demo] Fruit Vase/FruitVase-Materials/FV-Scene 3 - Mode_Steps-Toony/FV-Scene-3-Ramps/3-Grenade_CelStepTexture-ramp.png
  artifactKey: Guid(737443e1f7a354825a5d9a42684293cc) Importer(815301076,1909f56bfc062723c751e8b465ee728b)
Start importing Assets/FlatKit/Demos/[Demo] Fruit Vase/FruitVase-Materials/FV-Scene 3 - Mode_Steps-Toony/FV-Scene-3-Ramps/3-Grenade_CelStepTexture-ramp.png using Guid(737443e1f7a354825a5d9a42684293cc) Importer(815301076,1909f56bfc062723c751e8b465ee728b)  -> (artifact id: '47f83bfc16f85446cea09ef909f6c4eb') in 0.014470 seconds
Number of updated asset objects reloaded before import = 0
Number of asset objects unloaded after import = 2
========================================================================
Received Import Request.
  Time since last request: 1.918625 seconds.
  path: Assets/Plugins/Zenject/OptionalExtras/SampleGame1 (Beginner)/Media/Imported/Textures/CampfireLeft.psd
  artifactKey: Guid(a72df340b82eb4fd2afbb9dbe634f4bc) Importer(815301076,1909f56bfc062723c751e8b465ee728b)
Start importing Assets/Plugins/Zenject/OptionalExtras/SampleGame1 (Beginner)/Media/Imported/Textures/CampfireLeft.psd using Guid(a72df340b82eb4fd2afbb9dbe634f4bc) Importer(815301076,1909f56bfc062723c751e8b465ee728b)  -> (artifact id: 'a2745fe0ce430cadb30e66020b91d093') in 0.021449 seconds
Number of updated asset objects reloaded before import = 0
Number of asset objects unloaded after import = 2
========================================================================
Received Import Request.
  Time since last request: 0.000085 seconds.
  path: Assets/AddedAssets/Props/Anime Rooms/Textures/carpet.psd
  artifactKey: Guid(dbc8c2d191a4f9947969c50c537703e7) Importer(815301076,1909f56bfc062723c751e8b465ee728b)
Start importing Assets/AddedAssets/Props/Anime Rooms/Textures/carpet.psd using Guid(dbc8c2d191a4f9947969c50c537703e7) Importer(815301076,1909f56bfc062723c751e8b465ee728b)  -> (artifact id: '26db0cc3fa5b1ca36043993414e17c58') in 0.032644 seconds
Number of updated asset objects reloaded before import = 0
Number of asset objects unloaded after import = 2
========================================================================
Received Import Request.
  Time since last request: 0.000016 seconds.
  path: Assets/Textures/CartoonFlower.png
  artifactKey: Guid(05aeede5ab0fcc546911fe2cc513ec77) Importer(815301076,1909f56bfc062723c751e8b465ee728b)
Start importing Assets/Textures/CartoonFlower.png using Guid(05aeede5ab0fcc546911fe2cc513ec77) Importer(815301076,1909f56bfc062723c751e8b465ee728b)  -> (artifact id: 'a7f59e70ee82682c3eff5ca59d2e4495') in 0.032736 seconds
Number of updated asset objects reloaded before import = 0
Number of asset objects unloaded after import = 2
========================================================================
Received Import Request.
  Time since last request: 0.000019 seconds.
  path: Assets/AddedAssets/Characters/LowpolyHats/Textures/mat_CaptainsHat01_Albedo.png
  artifactKey: Guid(7295e485d87c8b2468e80b0dd62db87c) Importer(815301076,1909f56bfc062723c751e8b465ee728b)
Start importing Assets/AddedAssets/Characters/LowpolyHats/Textures/mat_CaptainsHat01_Albedo.png using Guid(7295e485d87c8b2468e80b0dd62db87c) Importer(815301076,1909f56bfc062723c751e8b465ee728b)  -> (artifact id: 'd52a3a5a1cd5e80a79d0a4c9f4277036') in 0.067891 seconds
Number of updated asset objects reloaded before import = 0
Number of asset objects unloaded after import = 2
========================================================================
Received Import Request.
  Time since last request: 0.000021 seconds.
  path: Assets/AddedAssets/Characters/Quirky Series Vol.4 [v1.3]/River Vol.2/Textures/T_CapybaraAmongUs.png
  artifactKey: Guid(858a1c9a1e928d848a3db9d1ae7d0a2e) Importer(815301076,1909f56bfc062723c751e8b465ee728b)
Start importing Assets/AddedAssets/Characters/Quirky Series Vol.4 [v1.3]/River Vol.2/Textures/T_CapybaraAmongUs.png using Guid(858a1c9a1e928d848a3db9d1ae7d0a2e) Importer(815301076,1909f56bfc062723c751e8b465ee728b)  -> (artifact id: 'c8076240d92a954ffcdcbe4f52f9f3c3') in 0.019693 seconds
Number of updated asset objects reloaded before import = 0
Number of asset objects unloaded after import = 2
========================================================================
Received Import Request.
  Time since last request: 0.000034 seconds.
  path: Assets/AddedAssets/Characters/LowpolyHats/Textures/mat_CactusHat01_Albedo.png
  artifactKey: Guid(d3b4f685e635b9b48ac09a49f447dd15) Importer(815301076,1909f56bfc062723c751e8b465ee728b)
Start importing Assets/AddedAssets/Characters/LowpolyHats/Textures/mat_CactusHat01_Albedo.png using Guid(d3b4f685e635b9b48ac09a49f447dd15) Importer(815301076,1909f56bfc062723c751e8b465ee728b)  -> (artifact id: 'd8ad7a6ce40c7fb5bbe9350411f18a8f') in 0.063909 seconds
Number of updated asset objects reloaded before import = 0
Number of asset objects unloaded after import = 2
========================================================================
Received Import Request.
  Time since last request: 0.000030 seconds.
  path: Assets/AddedAssets/Props/Anime Rooms/Textures/cases.psd
  artifactKey: Guid(16e16dc29c0a972499b82b4847bd2f81) Importer(815301076,1909f56bfc062723c751e8b465ee728b)
Start importing Assets/AddedAssets/Props/Anime Rooms/Textures/cases.psd using Guid(16e16dc29c0a972499b82b4847bd2f81) Importer(815301076,1909f56bfc062723c751e8b465ee728b)  -> (artifact id: '0d055d737bb7bc39cf0d1eecc8f58a62') in 0.027192 seconds
Number of updated asset objects reloaded before import = 0
Number of asset objects unloaded after import = 2
========================================================================
Received Import Request.
  Time since last request: 0.000021 seconds.
  path: Assets/AddedAssets/Kevin Iglesias/Caster Mage Animations/Textures/CasterMageTexture.png
  artifactKey: Guid(c52d7334d4e974e44ac40c2a70900b4a) Importer(815301076,1909f56bfc062723c751e8b465ee728b)
Start importing Assets/AddedAssets/Kevin Iglesias/Caster Mage Animations/Textures/CasterMageTexture.png using Guid(c52d7334d4e974e44ac40c2a70900b4a) Importer(815301076,1909f56bfc062723c751e8b465ee728b)  -> (artifact id: 'f8dd6c5409e3cb2c142595ff4e6e6419') in 0.024080 seconds
Number of updated asset objects reloaded before import = 0
Number of asset objects unloaded after import = 2
========================================================================
Received Import Request.
  Time since last request: 4.370480 seconds.
  path: Assets/AddedAssets/Characters/Quirky Series Vol.4 [v1.3]/River Vol.2/Materials/M_CapybaraChainSaw.mat
  artifactKey: Guid(19f0e0514f8da1b4a9312cb13409fa90) Importer(815301076,1909f56bfc062723c751e8b465ee728b)
Start importing Assets/AddedAssets/Characters/Quirky Series Vol.4 [v1.3]/River Vol.2/Materials/M_CapybaraChainSaw.mat using Guid(19f0e0514f8da1b4a9312cb13409fa90) Importer(815301076,1909f56bfc062723c751e8b465ee728b)  -> (artifact id: 'c43563fbbe502468e1fa51fd81a01c57') in 0.014034 seconds
Number of updated asset objects reloaded before import = 0
Number of asset objects unloaded after import = 2
========================================================================
Received Import Request.
  Time since last request: 1.844100 seconds.
  path: Assets/AddedAssets/Characters/Quirky Series Vol.4 [v1.3]/River Vol.2/Materials/M_CapybaraKnight 1.mat
  artifactKey: Guid(ba35812baf7cfde4888bc28270cd9a5b) Importer(815301076,1909f56bfc062723c751e8b465ee728b)
Start importing Assets/AddedAssets/Characters/Quirky Series Vol.4 [v1.3]/River Vol.2/Materials/M_CapybaraKnight 1.mat using Guid(ba35812baf7cfde4888bc28270cd9a5b) Importer(815301076,1909f56bfc062723c751e8b465ee728b)  -> (artifact id: '8ae6d069d7cba5e418194e006685156b') in 0.013441 seconds
Number of updated asset objects reloaded before import = 0
Number of asset objects unloaded after import = 2
========================================================================
Received Import Request.
  Time since last request: 12.321663 seconds.
  path: Assets/AddedAssets/Characters/Quirky Series Vol.4 [v1.3]/River Vol.2/Materials/M_CapybaraAmongUs.mat
  artifactKey: Guid(ba35812baf7cfde4888bc28270cd9a5b) Importer(815301076,1909f56bfc062723c751e8b465ee728b)
Start importing Assets/AddedAssets/Characters/Quirky Series Vol.4 [v1.3]/River Vol.2/Materials/M_CapybaraAmongUs.mat using Guid(ba35812baf7cfde4888bc28270cd9a5b) Importer(815301076,1909f56bfc062723c751e8b465ee728b)  -> (artifact id: 'c50fd230d5c5ea8f6a05a14adf2b0a71') in 0.015183 seconds
Number of updated asset objects reloaded before import = 0
Number of asset objects unloaded after import = 2
========================================================================
Received Import Request.
  Time since last request: 43.676491 seconds.
  path: Assets/AddedAssets/Characters/Quirky Series Vol.4 [v1.3]/River Vol.2/Materials/M_CapybaraAmongUs.mat
  artifactKey: Guid(ba35812baf7cfde4888bc28270cd9a5b) Importer(815301076,1909f56bfc062723c751e8b465ee728b)
Start importing Assets/AddedAssets/Characters/Quirky Series Vol.4 [v1.3]/River Vol.2/Materials/M_CapybaraAmongUs.mat using Guid(ba35812baf7cfde4888bc28270cd9a5b) Importer(815301076,1909f56bfc062723c751e8b465ee728b)  -> (artifact id: '7f60fb7dc48eebffc6df94670f219a12') in 0.013020 seconds
Number of updated asset objects reloaded before import = 0
Number of asset objects unloaded after import = 2
========================================================================
Received Import Request.
  Time since last request: 37.955886 seconds.
  path: Assets/AddedAssets/Characters/Quirky Series Vol.4 [v1.3]/River Vol.2/Materials/M_CapybaraAmongUs.mat
  artifactKey: Guid(ba35812baf7cfde4888bc28270cd9a5b) Importer(815301076,1909f56bfc062723c751e8b465ee728b)
Start importing Assets/AddedAssets/Characters/Quirky Series Vol.4 [v1.3]/River Vol.2/Materials/M_CapybaraAmongUs.mat using Guid(ba35812baf7cfde4888bc28270cd9a5b) Importer(815301076,1909f56bfc062723c751e8b465ee728b)  -> (artifact id: '3ab3f9f174d537d62368613964c74075') in 0.015966 seconds
Number of updated asset objects reloaded before import = 0
Number of asset objects unloaded after import = 2
========================================================================
Received Import Request.
  Time since last request: 15.275847 seconds.
  path: Assets/Prefabs/Characters/Alligator.prefab
  artifactKey: Guid(4fd97497f6085e841b52ce7729065f68) Importer(815301076,1909f56bfc062723c751e8b465ee728b)
Start importing Assets/Prefabs/Characters/Alligator.prefab using Guid(4fd97497f6085e841b52ce7729065f68) Importer(815301076,1909f56bfc062723c751e8b465ee728b)  -> (artifact id: '4b7f91117a43a279590cd5be94c0a23f') in 0.062201 seconds
Number of updated asset objects reloaded before import = 0
Number of asset objects unloaded after import = 126
========================================================================
Received Import Request.
  Time since last request: 0.000018 seconds.
  path: Assets/Prefabs/Characters/CapybaraChainSaw.prefab
  artifactKey: Guid(3f9a077497b74a748b76814999aaf84a) Importer(815301076,1909f56bfc062723c751e8b465ee728b)
Start importing Assets/Prefabs/Characters/CapybaraChainSaw.prefab using Guid(3f9a077497b74a748b76814999aaf84a) Importer(815301076,1909f56bfc062723c751e8b465ee728b)  -> (artifact id: '6e2699f9d6a2c946fdeb8fbc84f860a7') in 0.054616 seconds
Number of updated asset objects reloaded before import = 0
Number of asset objects unloaded after import = 113
