Using pre-set license
Built from '2022.3/staging' branch; Version is '2022.3.10f1 (ff3792e53c62) revision 16725906'; Using compiler version '192829333'; Build Type 'Release'
OS: 'Windows 10  (10.0.19045) 64bit Professional' Language: 'ru' Physical Memory: 16221 MB
BatchMode: 1, IsHumanControllingUs: 0, StartBugReporterOnCrash: 0, Is64bit: 1, IsPro: 1

COMMAND LINE ARGUMENTS:
C:\Program Files\Unity\Hub\Editor\2022.3.10f1\Editor\Unity.exe
-adb2
-batchMode
-noUpm
-name
AssetImportWorker0
-projectPath
C:/Users/darkc/Documents/GitHub/Rob/Rob
-logFile
Logs/AssetImportWorker0.log
-srvPort
61250
Successfully changed project path to: C:/Users/darkc/Documents/GitHub/Rob/Rob
C:/Users/darkc/Documents/GitHub/Rob/Rob
[UnityMemory] Configuration Parameters - Can be set up in boot.config
    "memorysetup-bucket-allocator-granularity=16"
    "memorysetup-bucket-allocator-bucket-count=8"
    "memorysetup-bucket-allocator-block-size=33554432"
    "memorysetup-bucket-allocator-block-count=8"
    "memorysetup-main-allocator-block-size=16777216"
    "memorysetup-thread-allocator-block-size=16777216"
    "memorysetup-gfx-main-allocator-block-size=16777216"
    "memorysetup-gfx-thread-allocator-block-size=16777216"
    "memorysetup-cache-allocator-block-size=4194304"
    "memorysetup-typetree-allocator-block-size=2097152"
    "memorysetup-profiler-bucket-allocator-granularity=16"
    "memorysetup-profiler-bucket-allocator-bucket-count=8"
    "memorysetup-profiler-bucket-allocator-block-size=33554432"
    "memorysetup-profiler-bucket-allocator-block-count=8"
    "memorysetup-profiler-allocator-block-size=16777216"
    "memorysetup-profiler-editor-allocator-block-size=1048576"
    "memorysetup-temp-allocator-size-main=16777216"
    "memorysetup-job-temp-allocator-block-size=2097152"
    "memorysetup-job-temp-allocator-block-size-background=1048576"
    "memorysetup-job-temp-allocator-reduction-small-platforms=262144"
    "memorysetup-allocator-temp-initial-block-size-main=262144"
    "memorysetup-allocator-temp-initial-block-size-worker=262144"
    "memorysetup-temp-allocator-size-background-worker=32768"
    "memorysetup-temp-allocator-size-job-worker=262144"
    "memorysetup-temp-allocator-size-preload-manager=33554432"
    "memorysetup-temp-allocator-size-nav-mesh-worker=65536"
    "memorysetup-temp-allocator-size-audio-worker=65536"
    "memorysetup-temp-allocator-size-cloud-worker=32768"
    "memorysetup-temp-allocator-size-gi-baking-worker=262144"
    "memorysetup-temp-allocator-size-gfx=262144"
Player connection [14872] Host "[IP] 10.54.235.250 [Port] 0 [Flags] 2 [Guid] 1181483917 [EditorId] 1181483917 [Version] 1048832 [Id] WindowsEditor(7,DESKTOP-BVBJ8MC) [Debug] 1 [PackageName] WindowsEditor [ProjectName] Editor" joined multi-casting on [225.0.0.222:54997]...

Player connection [14872] Host "[IP] 10.54.235.250 [Port] 0 [Flags] 2 [Guid] 1181483917 [EditorId] 1181483917 [Version] 1048832 [Id] WindowsEditor(7,DESKTOP-BVBJ8MC) [Debug] 1 [PackageName] WindowsEditor [ProjectName] Editor" joined alternative multi-casting on [225.0.0.222:34997]...

[Physics::Module] Initialized MultithreadedJobDispatcher with 11 workers.
Refreshing native plugins compatible for Editor in 32.95 ms, found 6 plugins.
Preloading 0 native plugins for Editor in 0.00 ms.
Initialize engine version: 2022.3.10f1 (ff3792e53c62)
[Subsystems] Discovering subsystems at path C:/Program Files/Unity/Hub/Editor/2022.3.10f1/Editor/Data/Resources/UnitySubsystems
[Subsystems] Discovering subsystems at path C:/Users/darkc/Documents/GitHub/Rob/Rob/Assets
GfxDevice: creating device client; threaded=0; jobified=0
Direct3D:
    Version:  Direct3D 11.0 [level 11.1]
    Renderer: NVIDIA GeForce GTX 1650 (ID=0x1f99)
    Vendor:   NVIDIA
    VRAM:     3962 MB
    Driver:   31.0.15.2230
Initialize mono
Mono path[0] = 'C:/Program Files/Unity/Hub/Editor/2022.3.10f1/Editor/Data/Managed'
Mono path[1] = 'C:/Program Files/Unity/Hub/Editor/2022.3.10f1/Editor/Data/MonoBleedingEdge/lib/mono/unityjit-win32'
Mono config path = 'C:/Program Files/Unity/Hub/Editor/2022.3.10f1/Editor/Data/MonoBleedingEdge/etc'
Using monoOptions --debugger-agent=transport=dt_socket,embedding=1,server=y,suspend=n,address=127.0.0.1:56484
Begin MonoManager ReloadAssembly
Registering precompiled unity dll's ...
Register platform support module: C:/Program Files/Unity/Hub/Editor/2022.3.10f1/Editor/Data/PlaybackEngines/WebGLSupport/UnityEditor.WebGL.Extensions.dll
Register platform support module: C:/Program Files/Unity/Hub/Editor/2022.3.10f1/Editor/Data/PlaybackEngines/WindowsStandaloneSupport/UnityEditor.WindowsStandalone.Extensions.dll
Registered in 0.016325 seconds.
- Loaded All Assemblies, in  0.558 seconds
Native extension for WindowsStandalone target not found
Native extension for WebGL target not found
Mono: successfully reloaded assembly
- Finished resetting the current domain, in  0.322 seconds
Domain Reload Profiling: 877ms
	BeginReloadAssembly (157ms)
		ExecutionOrderSort (0ms)
		DisableScriptedObjects (0ms)
		BackupInstance (0ms)
		ReleaseScriptingObjects (0ms)
		CreateAndSetChildDomain (1ms)
	RebuildCommonClasses (48ms)
	RebuildNativeTypeToScriptingClass (16ms)
	initialDomainReloadingComplete (86ms)
	LoadAllAssembliesAndSetupDomain (248ms)
		LoadAssemblies (155ms)
		RebuildTransferFunctionScriptingTraits (0ms)
		AnalyzeDomain (245ms)
			TypeCache.Refresh (243ms)
				TypeCache.ScanAssembly (223ms)
			ScanForSourceGeneratedMonoScriptInfo (0ms)
			ResolveRequiredComponents (1ms)
	FinalizeReload (323ms)
		ReleaseScriptCaches (0ms)
		RebuildScriptCaches (0ms)
		SetupLoadedEditorAssemblies (246ms)
			LogAssemblyErrors (0ms)
			InitializePlatformSupportModulesInManaged (13ms)
			SetLoadedEditorAssemblies (7ms)
			RefreshPlugins (0ms)
			BeforeProcessingInitializeOnLoad (3ms)
			ProcessInitializeOnLoadAttributes (155ms)
			ProcessInitializeOnLoadMethodAttributes (69ms)
			AfterProcessingInitializeOnLoad (0ms)
			EditorAssembliesLoaded (0ms)
		ExecutionOrderSort2 (0ms)
		AwakeInstancesAfterBackupRestoration (0ms)
========================================================================
Worker process is ready to serve import requests
Begin MonoManager ReloadAssembly
- Loaded All Assemblies, in  1.326 seconds
Refreshing native plugins compatible for Editor in 14.40 ms, found 6 plugins.
Native extension for WindowsStandalone target not found
Native extension for WebGL target not found
Package Manager log level set to [2]
[Package Manager] Server::EnsureServerProcessIsRunning -- launch failed, reason: Unity was launched with the -noUpm command-line argument
[Package Manager] UpmClient::Send -- Unable to send message (not connected to UPM process).
[Package Manager] Cannot connect to Unity Package Manager local server
Launched and connected shader compiler UnityShaderCompiler.exe after 0.08 seconds
Mono: successfully reloaded assembly
- Finished resetting the current domain, in  1.880 seconds
Domain Reload Profiling: 3200ms
	BeginReloadAssembly (225ms)
		ExecutionOrderSort (0ms)
		DisableScriptedObjects (11ms)
		BackupInstance (0ms)
		ReleaseScriptingObjects (0ms)
		CreateAndSetChildDomain (31ms)
	RebuildCommonClasses (51ms)
	RebuildNativeTypeToScriptingClass (16ms)
	initialDomainReloadingComplete (80ms)
	LoadAllAssembliesAndSetupDomain (948ms)
		LoadAssemblies (620ms)
		RebuildTransferFunctionScriptingTraits (0ms)
		AnalyzeDomain (452ms)
			TypeCache.Refresh (366ms)
				TypeCache.ScanAssembly (342ms)
			ScanForSourceGeneratedMonoScriptInfo (48ms)
			ResolveRequiredComponents (34ms)
	FinalizeReload (1880ms)
		ReleaseScriptCaches (0ms)
		RebuildScriptCaches (0ms)
		SetupLoadedEditorAssemblies (1614ms)
			LogAssemblyErrors (0ms)
			InitializePlatformSupportModulesInManaged (10ms)
			SetLoadedEditorAssemblies (8ms)
			RefreshPlugins (0ms)
			BeforeProcessingInitializeOnLoad (131ms)
			ProcessInitializeOnLoadAttributes (800ms)
			ProcessInitializeOnLoadMethodAttributes (655ms)
			AfterProcessingInitializeOnLoad (11ms)
			EditorAssembliesLoaded (0ms)
		ExecutionOrderSort2 (0ms)
		AwakeInstancesAfterBackupRestoration (11ms)
Refreshing native plugins compatible for Editor in 13.34 ms, found 6 plugins.
Preloading 0 native plugins for Editor in 0.00 ms.
Unloading 6111 Unused Serialized files (Serialized files now loaded: 0)
Unloading 108 unused Assets / (66.4 MB). Loaded Objects now: 6628.
Memory consumption went from 454.3 MB to 387.9 MB.
Total: 26.859900 ms (FindLiveObjects: 0.593400 ms CreateObjectMapping: 0.614600 ms MarkObjects: 20.680500 ms  DeleteObjects: 4.970200 ms)

AssetImportParameters requested are different than current active one (requested -> active):
  custom:container-demuxer-ogg: 62fdf1f143b41e24485cea50d1cbac27 -> 
  custom:video-decoder-ogg-theora: a1e56fd34408186e4bbccfd4996cb3dc -> 
  custom:framework-win-MediaFoundation: 216162199b28c13a410421893ffa2e32 -> 
  custom:CustomObjectIndexerAttribute: a3ef5dd2817f97addfee359851a9dba5 -> 
  custom:container-demuxer-webm: 4f35f7cbe854078d1ac9338744f61a02 -> 
  custom:container-muxer-webm: aa71ff27fc2769a1b78a27578f13a17b -> 
  custom:video-decoder-webm-vp8: 9c59270c3fd7afecdb556c50c9e8de78 -> 
  custom:SearchIndexIgnoredProperties: e643bd26f0fe6173181afceb89e7c659 -> 
  custom:AudioImporter_EditorPlatform: d09bf68614088b80899f8185d706f6e7 -> 
  custom:video-encoder-webm-vp8: eb34c28f22e8b96e1ab97ce403110664 -> 
  custom:audio-decoder-ogg-vorbis: bf7c407c2cedff20999df2af8eb42d56 -> 
  custom:audio-encoder-webm-vorbis: bf7c407c2cedff20999df2af8eb42d56 -> 
========================================================================
Received Import Request.
  Time since last request: 187443.839896 seconds.
  path: Assets/AddedAssets/Characters/Quirky Series Vol.4 [v1.3]/River Vol.2/Animations/Shoebill_Animations.fbx
  artifactKey: Guid(06154b561f4c5474c9f5fd9a54f8d949) Importer(815301076,1909f56bfc062723c751e8b465ee728b)
Start importing Assets/AddedAssets/Characters/Quirky Series Vol.4 [v1.3]/River Vol.2/Animations/Shoebill_Animations.fbx using Guid(06154b561f4c5474c9f5fd9a54f8d949) Importer(815301076,1909f56bfc062723c751e8b465ee728b)  -> (artifact id: '72431808f692cef945fee1961b4f3fbc') in 0.231790 seconds
Number of updated asset objects reloaded before import = 0
Number of asset objects unloaded after import = 54
========================================================================
Received Import Request.
  Time since last request: 0.000044 seconds.
  path: Assets/AddedAssets/Characters/Quirky Series Vol.4 [v1.3]/River Vol.2/Animations/RiverDolphin_Animations.fbx
  artifactKey: Guid(f24d7f0961345274a9bb1b2f57082672) Importer(815301076,1909f56bfc062723c751e8b465ee728b)
Start importing Assets/AddedAssets/Characters/Quirky Series Vol.4 [v1.3]/River Vol.2/Animations/RiverDolphin_Animations.fbx using Guid(f24d7f0961345274a9bb1b2f57082672) Importer(815301076,1909f56bfc062723c751e8b465ee728b)  -> (artifact id: 'fb0f5e177d464b2e329e0846a011207c') in 0.052779 seconds
Number of updated asset objects reloaded before import = 0
Number of asset objects unloaded after import = 46
========================================================================
Received Import Request.
  Time since last request: 0.000020 seconds.
  path: Assets/AddedAssets/Characters
  artifactKey: Guid(ba5cf5527ff7ce7449db586bf0a7199f) Importer(815301076,1909f56bfc062723c751e8b465ee728b)
Start importing Assets/AddedAssets/Characters using Guid(ba5cf5527ff7ce7449db586bf0a7199f) Importer(815301076,1909f56bfc062723c751e8b465ee728b)  -> (artifact id: '74394f27f3fad1310389be48286298f1') in 0.000755 seconds
Number of updated asset objects reloaded before import = 0
Number of asset objects unloaded after import = 0
========================================================================
Received Import Request.
  Time since last request: 0.000095 seconds.
  path: Assets/AddedAssets/Characters/Quirky Series Vol.4 [v1.3]/River Vol.2/Animations/Otter_Animations.fbx
  artifactKey: Guid(f560caff227ac7e4eb16f5dbda8d71eb) Importer(815301076,1909f56bfc062723c751e8b465ee728b)
Start importing Assets/AddedAssets/Characters/Quirky Series Vol.4 [v1.3]/River Vol.2/Animations/Otter_Animations.fbx using Guid(f560caff227ac7e4eb16f5dbda8d71eb) Importer(815301076,1909f56bfc062723c751e8b465ee728b)  -> (artifact id: 'd5bcd534c94ea26ba94d4b466d2a682a') in 0.049086 seconds
Number of updated asset objects reloaded before import = 0
Number of asset objects unloaded after import = 52
========================================================================
Received Import Request.
  Time since last request: 0.000018 seconds.
  path: Assets/AddedAssets/Characters/Quirky Series Vol.4 [v1.3]/River Vol.2/Animations/Capybara_Animations.fbx
  artifactKey: Guid(a9bfc0c6b40d33f478c09f7d24940d5d) Importer(815301076,1909f56bfc062723c751e8b465ee728b)
Start importing Assets/AddedAssets/Characters/Quirky Series Vol.4 [v1.3]/River Vol.2/Animations/Capybara_Animations.fbx using Guid(a9bfc0c6b40d33f478c09f7d24940d5d) Importer(815301076,1909f56bfc062723c751e8b465ee728b)  -> (artifact id: 'ea152312e7b7075f2c260c54ca5264fe') in 0.043259 seconds
Number of updated asset objects reloaded before import = 0
Number of asset objects unloaded after import = 50
========================================================================
Received Import Request.
  Time since last request: 0.000019 seconds.
  path: Assets/AddedAssets/Characters/Quirky Series Vol.4 [v1.3]/River Vol.2/Animations/Bass_Animations.fbx
  artifactKey: Guid(1764493bdbbf81e40bb2d7788d4ba097) Importer(815301076,1909f56bfc062723c751e8b465ee728b)
Start importing Assets/AddedAssets/Characters/Quirky Series Vol.4 [v1.3]/River Vol.2/Animations/Bass_Animations.fbx using Guid(1764493bdbbf81e40bb2d7788d4ba097) Importer(815301076,1909f56bfc062723c751e8b465ee728b)  -> (artifact id: 'ca3323e222b4c422319b29188eae92d1') in 0.050945 seconds
Number of updated asset objects reloaded before import = 0
Number of asset objects unloaded after import = 52
========================================================================
Received Import Request.
  Time since last request: 298.401930 seconds.
  path: Assets/AddedAssets/Characters/BizulkaProduction/Stickman sphere head vol.1 gang
  artifactKey: Guid(52f2b3f526b151f4984206fc31d09ce9) Importer(815301076,1909f56bfc062723c751e8b465ee728b)
Start importing Assets/AddedAssets/Characters/BizulkaProduction/Stickman sphere head vol.1 gang using Guid(52f2b3f526b151f4984206fc31d09ce9) Importer(815301076,1909f56bfc062723c751e8b465ee728b)  -> (artifact id: '316c2bdeb6aaecbb56ef459547550d6f') in 0.000893 seconds
Number of updated asset objects reloaded before import = 0
Number of asset objects unloaded after import = 0
========================================================================
Received Import Request.
  Time since last request: 0.769600 seconds.
  path: Assets/AddedAssets/Characters/BizulkaProduction/Stickman sphere head vol.1 gang/Prefabs
  artifactKey: Guid(311edfe305b089f449e4cb61754857d5) Importer(815301076,1909f56bfc062723c751e8b465ee728b)
Start importing Assets/AddedAssets/Characters/BizulkaProduction/Stickman sphere head vol.1 gang/Prefabs using Guid(311edfe305b089f449e4cb61754857d5) Importer(815301076,1909f56bfc062723c751e8b465ee728b)  -> (artifact id: 'fa3cf9c2a3ca9a61099ebf7addaabe03') in 0.000544 seconds
Number of updated asset objects reloaded before import = 0
Number of asset objects unloaded after import = 0
========================================================================
Received Import Request.
  Time since last request: 0.410076 seconds.
  path: Assets/AddedAssets/Characters/BizulkaProduction/Stickman sphere head vol.1 gang/Models
  artifactKey: Guid(4c57c20a8d3a45a4ab8f5984af764cf3) Importer(815301076,1909f56bfc062723c751e8b465ee728b)
Start importing Assets/AddedAssets/Characters/BizulkaProduction/Stickman sphere head vol.1 gang/Models using Guid(4c57c20a8d3a45a4ab8f5984af764cf3) Importer(815301076,1909f56bfc062723c751e8b465ee728b)  -> (artifact id: '9fa0459ca328c1828ed50efbf807d1b0') in 0.000599 seconds
Number of updated asset objects reloaded before import = 0
Number of asset objects unloaded after import = 0
========================================================================
Received Import Request.
  Time since last request: 1.070870 seconds.
  path: Assets/AddedAssets/Characters/BizulkaProduction/Stickman sphere head vol.1 gang/Prefabs/Items
  artifactKey: Guid(0755518daff002e4db9eb6a7eb56eaff) Importer(815301076,1909f56bfc062723c751e8b465ee728b)
Start importing Assets/AddedAssets/Characters/BizulkaProduction/Stickman sphere head vol.1 gang/Prefabs/Items using Guid(0755518daff002e4db9eb6a7eb56eaff) Importer(815301076,1909f56bfc062723c751e8b465ee728b)  -> (artifact id: '8d8c75ebe9c06ee7ca27e6a42ac82516') in 0.000646 seconds
Number of updated asset objects reloaded before import = 0
Number of asset objects unloaded after import = 0
========================================================================
Received Import Request.
  Time since last request: 0.048586 seconds.
  path: Assets/AddedAssets/Characters/BizulkaProduction/Stickman sphere head vol.1 gang/Prefabs/Items/Gun.prefab
  artifactKey: Guid(5ca5abeae139bf241a33998df84a93a9) Importer(815301076,1909f56bfc062723c751e8b465ee728b)
Start importing Assets/AddedAssets/Characters/BizulkaProduction/Stickman sphere head vol.1 gang/Prefabs/Items/Gun.prefab using Guid(5ca5abeae139bf241a33998df84a93a9) Importer(815301076,1909f56bfc062723c751e8b465ee728b)  -> (artifact id: '9c0ac1ba2f88a8918f1a5ce6a84d0f16') in 0.015663 seconds
Number of updated asset objects reloaded before import = 0
Number of asset objects unloaded after import = 14
========================================================================
Received Import Request.
  Time since last request: 0.000031 seconds.
  path: Assets/AddedAssets/Characters/BizulkaProduction/Stickman sphere head vol.1 gang/Prefabs/Items/Suitcase.prefab
  artifactKey: Guid(6f2c24d660ac9e34e91267b77cb43e15) Importer(815301076,1909f56bfc062723c751e8b465ee728b)
Start importing Assets/AddedAssets/Characters/BizulkaProduction/Stickman sphere head vol.1 gang/Prefabs/Items/Suitcase.prefab using Guid(6f2c24d660ac9e34e91267b77cb43e15) Importer(815301076,1909f56bfc062723c751e8b465ee728b)  -> (artifact id: '6a0803ea0b4b6a95e6b5b6992af7e0b2') in 0.013834 seconds
Number of updated asset objects reloaded before import = 0
Number of asset objects unloaded after import = 10
========================================================================
Received Import Request.
  Time since last request: 2.456961 seconds.
  path: Assets/AddedAssets/Characters/BizulkaProduction/Stickman sphere head vol.1 gang/Prefabs/Characters
  artifactKey: Guid(f2db9743ca09345469edc81d87aef8ff) Importer(815301076,1909f56bfc062723c751e8b465ee728b)
Start importing Assets/AddedAssets/Characters/BizulkaProduction/Stickman sphere head vol.1 gang/Prefabs/Characters using Guid(f2db9743ca09345469edc81d87aef8ff) Importer(815301076,1909f56bfc062723c751e8b465ee728b)  -> (artifact id: 'b95c8bd82b496767def52244a9e78166') in 0.000639 seconds
Number of updated asset objects reloaded before import = 0
Number of asset objects unloaded after import = 0
========================================================================
Received Import Request.
  Time since last request: 0.047158 seconds.
  path: Assets/AddedAssets/Characters/BizulkaProduction/Stickman sphere head vol.1 gang/Prefabs/Characters/Stickman_sphere_ working.prefab
  artifactKey: Guid(a7a1b8156ac4d734189510481a1f4e8b) Importer(815301076,1909f56bfc062723c751e8b465ee728b)
Start importing Assets/AddedAssets/Characters/BizulkaProduction/Stickman sphere head vol.1 gang/Prefabs/Characters/Stickman_sphere_ working.prefab using Guid(a7a1b8156ac4d734189510481a1f4e8b) Importer(815301076,1909f56bfc062723c751e8b465ee728b)  -> (artifact id: 'acd2f736180dd8bf356d407ab3bb1db1') in 0.027196 seconds
Number of updated asset objects reloaded before import = 0
Number of asset objects unloaded after import = 179
========================================================================
Received Import Request.
  Time since last request: 0.000026 seconds.
  path: Assets/AddedAssets/Characters/BizulkaProduction/Stickman sphere head vol.1 gang/Prefabs/Characters/Stickman_sphere_Police.prefab
  artifactKey: Guid(6810331dcd1ab874297599b0bb26ff31) Importer(815301076,1909f56bfc062723c751e8b465ee728b)
Start importing Assets/AddedAssets/Characters/BizulkaProduction/Stickman sphere head vol.1 gang/Prefabs/Characters/Stickman_sphere_Police.prefab using Guid(6810331dcd1ab874297599b0bb26ff31) Importer(815301076,1909f56bfc062723c751e8b465ee728b)  -> (artifact id: '9e1fc3a808cc882c6f620d7ccb005773') in 0.029789 seconds
Number of updated asset objects reloaded before import = 0
Number of asset objects unloaded after import = 210
========================================================================
Received Import Request.
  Time since last request: 0.000029 seconds.
  path: Assets/AddedAssets/Characters/BizulkaProduction/Stickman sphere head vol.1 gang/Prefabs/Characters/Stickman_sphere_Suit.prefab
  artifactKey: Guid(e67e6f28219042c46b7cb588e15f629a) Importer(815301076,1909f56bfc062723c751e8b465ee728b)
Start importing Assets/AddedAssets/Characters/BizulkaProduction/Stickman sphere head vol.1 gang/Prefabs/Characters/Stickman_sphere_Suit.prefab using Guid(e67e6f28219042c46b7cb588e15f629a) Importer(815301076,1909f56bfc062723c751e8b465ee728b)  -> (artifact id: '42c5881ab5cf3b7e0a4dea2efe8d9e50') in 0.022941 seconds
Number of updated asset objects reloaded before import = 0
Number of asset objects unloaded after import = 190
========================================================================
Received Import Request.
  Time since last request: 4.068622 seconds.
  path: Assets/AddedAssets/Characters/BizulkaProduction
  artifactKey: Guid(b038a1a65533364429c9287880f36a21) Importer(815301076,1909f56bfc062723c751e8b465ee728b)
Start importing Assets/AddedAssets/Characters/BizulkaProduction using Guid(b038a1a65533364429c9287880f36a21) Importer(815301076,1909f56bfc062723c751e8b465ee728b)  -> (artifact id: 'f243b853faeac11233393f6e77cca9ad') in 0.000838 seconds
Number of updated asset objects reloaded before import = 0
Number of asset objects unloaded after import = 0
========================================================================
Received Import Request.
  Time since last request: 2.453883 seconds.
  path: Assets/AddedAssets/Characters/BizulkaProduction/Stickman sphere head vol.1 gang/Scenes
  artifactKey: Guid(258cf94cb6374744cb3d659845ce2851) Importer(815301076,1909f56bfc062723c751e8b465ee728b)
Start importing Assets/AddedAssets/Characters/BizulkaProduction/Stickman sphere head vol.1 gang/Scenes using Guid(258cf94cb6374744cb3d659845ce2851) Importer(815301076,1909f56bfc062723c751e8b465ee728b)  -> (artifact id: '05f4269ce704a154b8e94cb81ad4f03c') in 0.000507 seconds
Number of updated asset objects reloaded before import = 0
Number of asset objects unloaded after import = 0
========================================================================
Received Import Request.
  Time since last request: 0.508739 seconds.
  path: Assets/AddedAssets/Characters/BizulkaProduction/Stickman sphere head vol.1 gang/Materials
  artifactKey: Guid(accae488f23531f4f9e82048b3753339) Importer(815301076,1909f56bfc062723c751e8b465ee728b)
Start importing Assets/AddedAssets/Characters/BizulkaProduction/Stickman sphere head vol.1 gang/Materials using Guid(accae488f23531f4f9e82048b3753339) Importer(815301076,1909f56bfc062723c751e8b465ee728b)  -> (artifact id: '75d1ef76999a3b257f667e9d8cc06cc2') in 0.000522 seconds
Number of updated asset objects reloaded before import = 0
Number of asset objects unloaded after import = 0
========================================================================
Received Import Request.
  Time since last request: 0.034436 seconds.
  path: Assets/AddedAssets/Characters/BizulkaProduction/Stickman sphere head vol.1 gang/Materials/Black.mat
  artifactKey: Guid(906cab78aca443e40a47342e7de21502) Importer(815301076,1909f56bfc062723c751e8b465ee728b)
Start importing Assets/AddedAssets/Characters/BizulkaProduction/Stickman sphere head vol.1 gang/Materials/Black.mat using Guid(906cab78aca443e40a47342e7de21502) Importer(815301076,1909f56bfc062723c751e8b465ee728b)  -> (artifact id: 'd084fde556e7623510994a0610efc407') in 0.013726 seconds
Number of updated asset objects reloaded before import = 0
Number of asset objects unloaded after import = 1
========================================================================
Received Import Request.
  Time since last request: 0.000023 seconds.
  path: Assets/AddedAssets/Characters/BizulkaProduction/Stickman sphere head vol.1 gang/Materials/Yellow.mat
  artifactKey: Guid(3a7540d3608cb3243892c9cda4bcaae0) Importer(815301076,1909f56bfc062723c751e8b465ee728b)
Start importing Assets/AddedAssets/Characters/BizulkaProduction/Stickman sphere head vol.1 gang/Materials/Yellow.mat using Guid(3a7540d3608cb3243892c9cda4bcaae0) Importer(815301076,1909f56bfc062723c751e8b465ee728b)  -> (artifact id: '4ea8e72ab24d62d3c912bf74848267a1') in 0.015885 seconds
Number of updated asset objects reloaded before import = 0
Number of asset objects unloaded after import = 1
========================================================================
Received Import Request.
  Time since last request: 0.000019 seconds.
  path: Assets/AddedAssets/Characters/BizulkaProduction/Stickman sphere head vol.1 gang/Materials/Blue_dark.mat
  artifactKey: Guid(8a7b3f95e5668634babc3797d62b460c) Importer(815301076,1909f56bfc062723c751e8b465ee728b)
Start importing Assets/AddedAssets/Characters/BizulkaProduction/Stickman sphere head vol.1 gang/Materials/Blue_dark.mat using Guid(8a7b3f95e5668634babc3797d62b460c) Importer(815301076,1909f56bfc062723c751e8b465ee728b)  -> (artifact id: 'f63652923cdb34db6989ddabb2b8ed31') in 0.016780 seconds
Number of updated asset objects reloaded before import = 0
Number of asset objects unloaded after import = 1
========================================================================
Received Import Request.
  Time since last request: 0.000023 seconds.
  path: Assets/AddedAssets/Characters/BizulkaProduction/Stickman sphere head vol.1 gang/Materials/Dark_pink.mat
  artifactKey: Guid(71e2900c1e2e6e644b0596bc28ceaf4f) Importer(815301076,1909f56bfc062723c751e8b465ee728b)
Start importing Assets/AddedAssets/Characters/BizulkaProduction/Stickman sphere head vol.1 gang/Materials/Dark_pink.mat using Guid(71e2900c1e2e6e644b0596bc28ceaf4f) Importer(815301076,1909f56bfc062723c751e8b465ee728b)  -> (artifact id: '2dd580f8c4e35c43c248c472812e9928') in 0.019870 seconds
Number of updated asset objects reloaded before import = 0
Number of asset objects unloaded after import = 1
========================================================================
Received Import Request.
  Time since last request: 0.000030 seconds.
  path: Assets/AddedAssets/Characters/BizulkaProduction/Stickman sphere head vol.1 gang/Materials/Brown 1.mat
  artifactKey: Guid(4dffca1056491a14f88ada3474224d4e) Importer(815301076,1909f56bfc062723c751e8b465ee728b)
Start importing Assets/AddedAssets/Characters/BizulkaProduction/Stickman sphere head vol.1 gang/Materials/Brown 1.mat using Guid(4dffca1056491a14f88ada3474224d4e) Importer(815301076,1909f56bfc062723c751e8b465ee728b)  -> (artifact id: '6bba0538f782307677596e21080f0337') in 0.017056 seconds
Number of updated asset objects reloaded before import = 0
Number of asset objects unloaded after import = 1
========================================================================
Received Import Request.
  Time since last request: 0.000018 seconds.
  path: Assets/AddedAssets/Characters/BizulkaProduction/Stickman sphere head vol.1 gang/Materials/Purple_01.mat
  artifactKey: Guid(457f261fc445c3242b7630a8464998a6) Importer(815301076,1909f56bfc062723c751e8b465ee728b)
Start importing Assets/AddedAssets/Characters/BizulkaProduction/Stickman sphere head vol.1 gang/Materials/Purple_01.mat using Guid(457f261fc445c3242b7630a8464998a6) Importer(815301076,1909f56bfc062723c751e8b465ee728b)  -> (artifact id: '880ecd9fd4c6b37e7e690091b448ff34') in 0.019269 seconds
Number of updated asset objects reloaded before import = 0
Number of asset objects unloaded after import = 1
========================================================================
Received Import Request.
  Time since last request: 0.000026 seconds.
  path: Assets/AddedAssets/Characters/BizulkaProduction/Stickman sphere head vol.1 gang/Materials/Stand.mat
  artifactKey: Guid(19faede41aeee8244be490f3c77390b6) Importer(815301076,1909f56bfc062723c751e8b465ee728b)
Start importing Assets/AddedAssets/Characters/BizulkaProduction/Stickman sphere head vol.1 gang/Materials/Stand.mat using Guid(19faede41aeee8244be490f3c77390b6) Importer(815301076,1909f56bfc062723c751e8b465ee728b)  -> (artifact id: '42aad41e770e36dde6eb24f0e4b697e7') in 0.023904 seconds
Number of updated asset objects reloaded before import = 0
Number of asset objects unloaded after import = 1
========================================================================
Received Import Request.
  Time since last request: 0.000033 seconds.
  path: Assets/AddedAssets/Characters/BizulkaProduction/Stickman sphere head vol.1 gang/Materials/Purple dark.mat
  artifactKey: Guid(1e6a2687185849947b2c8a8f7cb56b28) Importer(815301076,1909f56bfc062723c751e8b465ee728b)
Start importing Assets/AddedAssets/Characters/BizulkaProduction/Stickman sphere head vol.1 gang/Materials/Purple dark.mat using Guid(1e6a2687185849947b2c8a8f7cb56b28) Importer(815301076,1909f56bfc062723c751e8b465ee728b)  -> (artifact id: '196aa1078bc554b06a3003f221d2817a') in 0.013916 seconds
Number of updated asset objects reloaded before import = 0
Number of asset objects unloaded after import = 1
========================================================================
Received Import Request.
  Time since last request: 0.000017 seconds.
  path: Assets/AddedAssets/Characters/BizulkaProduction/Stickman sphere head vol.1 gang/Materials/plane.mat
  artifactKey: Guid(5dc9d5ef5fcbced488b19557557a90fc) Importer(815301076,1909f56bfc062723c751e8b465ee728b)
Start importing Assets/AddedAssets/Characters/BizulkaProduction/Stickman sphere head vol.1 gang/Materials/plane.mat using Guid(5dc9d5ef5fcbced488b19557557a90fc) Importer(815301076,1909f56bfc062723c751e8b465ee728b)  -> (artifact id: '48e98bfa82defa1adcc05823eead5caa') in 0.010607 seconds
Number of updated asset objects reloaded before import = 0
Number of asset objects unloaded after import = 1
========================================================================
Received Import Request.
  Time since last request: 4.174975 seconds.
  path: Assets/AddedAssets/Characters/BizulkaProduction/Stickman sphere head vol.1 gang/Models/Characters
  artifactKey: Guid(a8ac3fa2f4bc58d48b21a71e0c8f2913) Importer(815301076,1909f56bfc062723c751e8b465ee728b)
Start importing Assets/AddedAssets/Characters/BizulkaProduction/Stickman sphere head vol.1 gang/Models/Characters using Guid(a8ac3fa2f4bc58d48b21a71e0c8f2913) Importer(815301076,1909f56bfc062723c751e8b465ee728b)  -> (artifact id: '0b319d728c407d7e5a83f4276020a3da') in 0.000546 seconds
Number of updated asset objects reloaded before import = 0
Number of asset objects unloaded after import = 0
========================================================================
Received Import Request.
  Time since last request: 0.046318 seconds.
  path: Assets/AddedAssets/Characters/BizulkaProduction/Stickman sphere head vol.1 gang/Models/Characters/Stickman_sphere_ working.fbx
  artifactKey: Guid(33beedc61968a85479f32ae8618b5933) Importer(815301076,1909f56bfc062723c751e8b465ee728b)
Start importing Assets/AddedAssets/Characters/BizulkaProduction/Stickman sphere head vol.1 gang/Models/Characters/Stickman_sphere_ working.fbx using Guid(33beedc61968a85479f32ae8618b5933) Importer(815301076,1909f56bfc062723c751e8b465ee728b)  -> (artifact id: '4b2fd35255f4b24c8d52d9784cc19cb9') in 0.130637 seconds
Number of updated asset objects reloaded before import = 0
Number of asset objects unloaded after import = 97
========================================================================
Received Import Request.
  Time since last request: 0.000017 seconds.
  path: Assets/AddedAssets/Characters/BizulkaProduction/Stickman sphere head vol.1 gang/Models/Characters/Stickman_sphere_Prisoner.fbx
  artifactKey: Guid(7269a533109dde24ea8fb4837b6b1152) Importer(815301076,1909f56bfc062723c751e8b465ee728b)
Start importing Assets/AddedAssets/Characters/BizulkaProduction/Stickman sphere head vol.1 gang/Models/Characters/Stickman_sphere_Prisoner.fbx using Guid(7269a533109dde24ea8fb4837b6b1152) Importer(815301076,1909f56bfc062723c751e8b465ee728b)  -> (artifact id: 'ec6e489e52bd41b9a315e6036b312316') in 0.102346 seconds
Number of updated asset objects reloaded before import = 0
Number of asset objects unloaded after import = 89
========================================================================
Received Import Request.
  Time since last request: 0.000022 seconds.
  path: Assets/AddedAssets/Characters/BizulkaProduction/Stickman sphere head vol.1 gang/Models/Characters/Stickman_sphere_Police.fbx
  artifactKey: Guid(9287f3dfc54bce84992db51bd9c66ab4) Importer(815301076,1909f56bfc062723c751e8b465ee728b)
Start importing Assets/AddedAssets/Characters/BizulkaProduction/Stickman sphere head vol.1 gang/Models/Characters/Stickman_sphere_Police.fbx using Guid(9287f3dfc54bce84992db51bd9c66ab4) Importer(815301076,1909f56bfc062723c751e8b465ee728b)  -> (artifact id: 'aaa4592d3f666520753e120d588feeb4') in 0.188425 seconds
Number of updated asset objects reloaded before import = 0
Number of asset objects unloaded after import = 116
========================================================================
Received Import Request.
  Time since last request: 237.654089 seconds.
  path: Assets/AddedAssets/Characters/Quirky Series Vol.1 [v1.3]
  artifactKey: Guid(afc616e857fa1e74798364154ee5d6d5) Importer(815301076,1909f56bfc062723c751e8b465ee728b)
Start importing Assets/AddedAssets/Characters/Quirky Series Vol.1 [v1.3] using Guid(afc616e857fa1e74798364154ee5d6d5) Importer(815301076,1909f56bfc062723c751e8b465ee728b)  -> (artifact id: 'e02d6ebf42d79bb9ae011ff384e46a49') in 0.001021 seconds
Number of updated asset objects reloaded before import = 0
Number of asset objects unloaded after import = 0
========================================================================
Received Import Request.
  Time since last request: 1.245091 seconds.
  path: Assets/AddedAssets/Characters/Quirky Series Vol.1 [v1.3]/Pets Vol.1
  artifactKey: Guid(f8832b385d17edd49a48ee77d64c11a1) Importer(815301076,1909f56bfc062723c751e8b465ee728b)
Start importing Assets/AddedAssets/Characters/Quirky Series Vol.1 [v1.3]/Pets Vol.1 using Guid(f8832b385d17edd49a48ee77d64c11a1) Importer(815301076,1909f56bfc062723c751e8b465ee728b)  -> (artifact id: '18ee1e657f87fe5372e22b83091756e9') in 0.000621 seconds
Number of updated asset objects reloaded before import = 0
Number of asset objects unloaded after import = 0
========================================================================
Received Import Request.
  Time since last request: 4.202365 seconds.
  path: Assets/AddedAssets/Characters/Quirky Series Vol.4 [v1.3]/River Vol.2/Models
  artifactKey: Guid(7fba00b23de856c408918e1f28da2ebd) Importer(815301076,1909f56bfc062723c751e8b465ee728b)
Start importing Assets/AddedAssets/Characters/Quirky Series Vol.4 [v1.3]/River Vol.2/Models using Guid(7fba00b23de856c408918e1f28da2ebd) Importer(815301076,1909f56bfc062723c751e8b465ee728b)  -> (artifact id: '5e08558db3dda1d8650a094c8af94301') in 0.000547 seconds
Number of updated asset objects reloaded before import = 0
Number of asset objects unloaded after import = 0
========================================================================
Received Import Request.
  Time since last request: 0.240734 seconds.
  path: Assets/AddedAssets/Characters/Quirky Series Vol.4 [v1.3]/River Vol.2/Models/Alligator_LOD0.fbx
  artifactKey: Guid(144e633cd7d1a614e94f87df9c873e78) Importer(815301076,1909f56bfc062723c751e8b465ee728b)
Start importing Assets/AddedAssets/Characters/Quirky Series Vol.4 [v1.3]/River Vol.2/Models/Alligator_LOD0.fbx using Guid(144e633cd7d1a614e94f87df9c873e78) Importer(815301076,1909f56bfc062723c751e8b465ee728b)  -> (artifact id: '93f0180f1aa476352bf61507c0b8de5a') in 0.065060 seconds
Number of updated asset objects reloaded before import = 0
Number of asset objects unloaded after import = 30
========================================================================
Received Import Request.
  Time since last request: 0.000021 seconds.
  path: Assets/AddedAssets/Characters/Quirky Series Vol.4 [v1.3]/River Vol.2/Models/RiverDolphin_LOD2.fbx
  artifactKey: Guid(affe297d34a621449ad8af387945db22) Importer(815301076,1909f56bfc062723c751e8b465ee728b)
Start importing Assets/AddedAssets/Characters/Quirky Series Vol.4 [v1.3]/River Vol.2/Models/RiverDolphin_LOD2.fbx using Guid(affe297d34a621449ad8af387945db22) Importer(815301076,1909f56bfc062723c751e8b465ee728b)  -> (artifact id: '5804f507716f4ddd0668755cc875fb94') in 0.050692 seconds
Number of updated asset objects reloaded before import = 0
Number of asset objects unloaded after import = 28
========================================================================
Received Import Request.
  Time since last request: 0.000017 seconds.
  path: Assets/AddedAssets/Characters/Quirky Series Vol.4 [v1.3]/River Vol.2/Models/RiverDolphin_LOD0.fbx
  artifactKey: Guid(5632fd424bc05854f949a8754b798402) Importer(815301076,1909f56bfc062723c751e8b465ee728b)
Start importing Assets/AddedAssets/Characters/Quirky Series Vol.4 [v1.3]/River Vol.2/Models/RiverDolphin_LOD0.fbx using Guid(5632fd424bc05854f949a8754b798402) Importer(815301076,1909f56bfc062723c751e8b465ee728b)  -> (artifact id: 'a67c092896ab2e423d07948d6fade908') in 0.045808 seconds
Number of updated asset objects reloaded before import = 0
Number of asset objects unloaded after import = 28
========================================================================
Received Import Request.
  Time since last request: 0.000022 seconds.
  path: Assets/AddedAssets/Characters/Quirky Series Vol.4 [v1.3]/River Vol.2/Models/Otter_LOD2.fbx
  artifactKey: Guid(7b9a62495de146641934109a3f431b77) Importer(815301076,1909f56bfc062723c751e8b465ee728b)
Start importing Assets/AddedAssets/Characters/Quirky Series Vol.4 [v1.3]/River Vol.2/Models/Otter_LOD2.fbx using Guid(7b9a62495de146641934109a3f431b77) Importer(815301076,1909f56bfc062723c751e8b465ee728b)  -> (artifact id: '874762d18f98b5c4b6c51dbe7bea7e0e') in 0.043517 seconds
Number of updated asset objects reloaded before import = 0
Number of asset objects unloaded after import = 34
========================================================================
Received Import Request.
  Time since last request: 0.000033 seconds.
  path: Assets/AddedAssets/Characters/Quirky Series Vol.4 [v1.3]/River Vol.2/Models/Capybara_LOD3.fbx
  artifactKey: Guid(57cd4bbd46b053946a6fb96917f7395e) Importer(815301076,1909f56bfc062723c751e8b465ee728b)
Start importing Assets/AddedAssets/Characters/Quirky Series Vol.4 [v1.3]/River Vol.2/Models/Capybara_LOD3.fbx using Guid(57cd4bbd46b053946a6fb96917f7395e) Importer(815301076,1909f56bfc062723c751e8b465ee728b)  -> (artifact id: '2d42aab49db22a613214ddbbf40760f5') in 0.040177 seconds
Number of updated asset objects reloaded before import = 0
Number of asset objects unloaded after import = 32
========================================================================
Received Import Request.
  Time since last request: 0.000024 seconds.
  path: Assets/AddedAssets/Characters/Quirky Series Vol.4 [v1.3]/River Vol.2/Models/Bass_LOD3.fbx
  artifactKey: Guid(8bbcc6b1e89a0cf428232a37ff2a9de0) Importer(815301076,1909f56bfc062723c751e8b465ee728b)
Start importing Assets/AddedAssets/Characters/Quirky Series Vol.4 [v1.3]/River Vol.2/Models/Bass_LOD3.fbx using Guid(8bbcc6b1e89a0cf428232a37ff2a9de0) Importer(815301076,1909f56bfc062723c751e8b465ee728b)  -> (artifact id: 'cb3c43e8b74688c9ed99af6b93834e4c') in 0.040312 seconds
Number of updated asset objects reloaded before import = 0
Number of asset objects unloaded after import = 34
========================================================================
Received Import Request.
  Time since last request: 0.000018 seconds.
  path: Assets/AddedAssets/Characters/Quirky Series Vol.4 [v1.3]/River Vol.2/Models/Capybara_LOD2.fbx
  artifactKey: Guid(e55cc6d9d493bd748a6b3e4c4bdb3004) Importer(815301076,1909f56bfc062723c751e8b465ee728b)
Start importing Assets/AddedAssets/Characters/Quirky Series Vol.4 [v1.3]/River Vol.2/Models/Capybara_LOD2.fbx using Guid(e55cc6d9d493bd748a6b3e4c4bdb3004) Importer(815301076,1909f56bfc062723c751e8b465ee728b)  -> (artifact id: '250efb5621aa905f1737f781b4882718') in 0.042902 seconds
Number of updated asset objects reloaded before import = 0
Number of asset objects unloaded after import = 32
========================================================================
Received Import Request.
  Time since last request: 0.000024 seconds.
  path: Assets/AddedAssets/Characters/Quirky Series Vol.4 [v1.3]/River Vol.2/Models/RiverDolphin_LOD3.fbx
  artifactKey: Guid(d7c1a2b4444b03f4fb5a062e41008b73) Importer(815301076,1909f56bfc062723c751e8b465ee728b)
Start importing Assets/AddedAssets/Characters/Quirky Series Vol.4 [v1.3]/River Vol.2/Models/RiverDolphin_LOD3.fbx using Guid(d7c1a2b4444b03f4fb5a062e41008b73) Importer(815301076,1909f56bfc062723c751e8b465ee728b)  -> (artifact id: '560fa5508de644c9380675fe1208b8bb') in 0.047470 seconds
Number of updated asset objects reloaded before import = 0
Number of asset objects unloaded after import = 28
========================================================================
Received Import Request.
  Time since last request: 0.000021 seconds.
  path: Assets/AddedAssets/Characters/Quirky Series Vol.4 [v1.3]/River Vol.2/Models/Alligator_LOD3.fbx
  artifactKey: Guid(5a9ae237a28e7ca4aadf488c896c87a1) Importer(815301076,1909f56bfc062723c751e8b465ee728b)
Start importing Assets/AddedAssets/Characters/Quirky Series Vol.4 [v1.3]/River Vol.2/Models/Alligator_LOD3.fbx using Guid(5a9ae237a28e7ca4aadf488c896c87a1) Importer(815301076,1909f56bfc062723c751e8b465ee728b)  -> (artifact id: '311b8a5169c35c4aab16bccd3701f131') in 0.046059 seconds
Number of updated asset objects reloaded before import = 0
Number of asset objects unloaded after import = 30
========================================================================
Received Import Request.
  Time since last request: 0.000033 seconds.
  path: Assets/AddedAssets/Characters/Quirky Series Vol.4 [v1.3]/River Vol.2/Models/Mudskipper_LOD3.fbx
  artifactKey: Guid(01f6415614450d747bd7249d76028219) Importer(815301076,1909f56bfc062723c751e8b465ee728b)
Start importing Assets/AddedAssets/Characters/Quirky Series Vol.4 [v1.3]/River Vol.2/Models/Mudskipper_LOD3.fbx using Guid(01f6415614450d747bd7249d76028219) Importer(815301076,1909f56bfc062723c751e8b465ee728b)  -> (artifact id: '08ce0e7bd2a296dd259aa7d08eb15110') in 0.058844 seconds
Number of updated asset objects reloaded before import = 0
Number of asset objects unloaded after import = 28
========================================================================
Received Import Request.
  Time since last request: 0.000022 seconds.
  path: Assets/AddedAssets/Characters/Quirky Series Vol.4 [v1.3]/River Vol.2/Models/Otter_LOD3.fbx
  artifactKey: Guid(e60a87ed5edab8a4ebb5bd3a9228ebcb) Importer(815301076,1909f56bfc062723c751e8b465ee728b)
Start importing Assets/AddedAssets/Characters/Quirky Series Vol.4 [v1.3]/River Vol.2/Models/Otter_LOD3.fbx using Guid(e60a87ed5edab8a4ebb5bd3a9228ebcb) Importer(815301076,1909f56bfc062723c751e8b465ee728b)  -> (artifact id: '76f2bb7812433fcaa2eca691dcc2b6b3') in 0.038566 seconds
Number of updated asset objects reloaded before import = 0
Number of asset objects unloaded after import = 34
========================================================================
Received Import Request.
  Time since last request: 0.000023 seconds.
  path: Assets/AddedAssets/Characters/Quirky Series Vol.4 [v1.3]/River Vol.2/Models/Mudskipper_LOD1.fbx
  artifactKey: Guid(6e09170561a8ad442b9f584ede3fb97c) Importer(815301076,1909f56bfc062723c751e8b465ee728b)
Start importing Assets/AddedAssets/Characters/Quirky Series Vol.4 [v1.3]/River Vol.2/Models/Mudskipper_LOD1.fbx using Guid(6e09170561a8ad442b9f584ede3fb97c) Importer(815301076,1909f56bfc062723c751e8b465ee728b)  -> (artifact id: 'ff6fc0d7aa7d4547e278d477782158d7') in 0.049120 seconds
Number of updated asset objects reloaded before import = 0
Number of asset objects unloaded after import = 28
========================================================================
Received Import Request.
  Time since last request: 0.000028 seconds.
  path: Assets/AddedAssets/Characters/Quirky Series Vol.4 [v1.3]/River Vol.2/Models/Bass_LOD1.fbx
  artifactKey: Guid(d5d7761d414afd6439de61a9731d0286) Importer(815301076,1909f56bfc062723c751e8b465ee728b)
Start importing Assets/AddedAssets/Characters/Quirky Series Vol.4 [v1.3]/River Vol.2/Models/Bass_LOD1.fbx using Guid(d5d7761d414afd6439de61a9731d0286) Importer(815301076,1909f56bfc062723c751e8b465ee728b)  -> (artifact id: '5b2f57a86f743467e9b4e081d7fe19b4') in 0.042061 seconds
Number of updated asset objects reloaded before import = 0
Number of asset objects unloaded after import = 34
========================================================================
Received Import Request.
  Time since last request: 0.000028 seconds.
  path: Assets/AddedAssets/Characters/Quirky Series Vol.4 [v1.3]/River Vol.2/Models/Otter_LOD0.fbx
  artifactKey: Guid(b7e05270e3140164bb8c369c655749d3) Importer(815301076,1909f56bfc062723c751e8b465ee728b)
Start importing Assets/AddedAssets/Characters/Quirky Series Vol.4 [v1.3]/River Vol.2/Models/Otter_LOD0.fbx using Guid(b7e05270e3140164bb8c369c655749d3) Importer(815301076,1909f56bfc062723c751e8b465ee728b)  -> (artifact id: 'da73c5e8cd23586264bf2299e802c41e') in 0.046962 seconds
Number of updated asset objects reloaded before import = 0
Number of asset objects unloaded after import = 34
========================================================================
Received Import Request.
  Time since last request: 0.000039 seconds.
  path: Assets/AddedAssets/Characters/Quirky Series Vol.4 [v1.3]/River Vol.2/Models/Piranha_LOD2.fbx
  artifactKey: Guid(3c5219058c4174345997aba78761166f) Importer(815301076,1909f56bfc062723c751e8b465ee728b)
Start importing Assets/AddedAssets/Characters/Quirky Series Vol.4 [v1.3]/River Vol.2/Models/Piranha_LOD2.fbx using Guid(3c5219058c4174345997aba78761166f) Importer(815301076,1909f56bfc062723c751e8b465ee728b)  -> (artifact id: '5a2ed22356310b386e29dbb8c7fde4d7') in 0.040743 seconds
Number of updated asset objects reloaded before import = 0
Number of asset objects unloaded after import = 30
========================================================================
Received Import Request.
  Time since last request: 0.000024 seconds.
  path: Assets/AddedAssets/Characters/Quirky Series Vol.4 [v1.3]/River Vol.2/Models/Otter_LOD1.fbx
  artifactKey: Guid(a36138c5480c1f54eb4260e84ed5526a) Importer(815301076,1909f56bfc062723c751e8b465ee728b)
Start importing Assets/AddedAssets/Characters/Quirky Series Vol.4 [v1.3]/River Vol.2/Models/Otter_LOD1.fbx using Guid(a36138c5480c1f54eb4260e84ed5526a) Importer(815301076,1909f56bfc062723c751e8b465ee728b)  -> (artifact id: '54d2c836a43cee5070168bcf3963c54a') in 0.049195 seconds
Number of updated asset objects reloaded before import = 0
Number of asset objects unloaded after import = 34
========================================================================
Received Import Request.
  Time since last request: 0.000029 seconds.
  path: Assets/AddedAssets/Characters/Quirky Series Vol.4 [v1.3]/River Vol.2/Models/Piranha_LOD1.fbx
  artifactKey: Guid(308d82a0b22aaba4aa738615467e128b) Importer(815301076,1909f56bfc062723c751e8b465ee728b)
Start importing Assets/AddedAssets/Characters/Quirky Series Vol.4 [v1.3]/River Vol.2/Models/Piranha_LOD1.fbx using Guid(308d82a0b22aaba4aa738615467e128b) Importer(815301076,1909f56bfc062723c751e8b465ee728b)  -> (artifact id: '4db9983a9da782640f123df810a03c9b') in 0.046103 seconds
Number of updated asset objects reloaded before import = 0
Number of asset objects unloaded after import = 30
========================================================================
Received Import Request.
  Time since last request: 0.000021 seconds.
  path: Assets/AddedAssets/Characters/Quirky Series Vol.4 [v1.3]/River Vol.2/Models/Catfish_LOD0.fbx
  artifactKey: Guid(9cdcb366d9d4e1e46a5adccf933e31f9) Importer(815301076,1909f56bfc062723c751e8b465ee728b)
Start importing Assets/AddedAssets/Characters/Quirky Series Vol.4 [v1.3]/River Vol.2/Models/Catfish_LOD0.fbx using Guid(9cdcb366d9d4e1e46a5adccf933e31f9) Importer(815301076,1909f56bfc062723c751e8b465ee728b)  -> (artifact id: 'dc1d334ec04c9e7b03eab2e3d5a7288a') in 0.051321 seconds
Number of updated asset objects reloaded before import = 0
Number of asset objects unloaded after import = 36
Editor requested this worker to shutdown with reason: Scaling down because of idle timeout
TcpMessagingSession - receive error: operation aborted. errorcode: 995, details: Îďĺđŕöč˙ ââîäŕ/âűâîäŕ áűëŕ ďđĺđâŕíŕ čç-çŕ çŕâĺđřĺíč˙ ďîňîęŕ ęîěŕíä čëč ďî çŕďđîńó ďđčëîćĺíč˙.
AssetImportWorker is now disconnected from the server
Process exiting
Exiting without the bug reporter. Application will terminate with return code 0