Using pre-set license
Built from '2022.3/staging' branch; Version is '2022.3.10f1 (ff3792e53c62) revision 16725906'; Using compiler version '192829333'; Build Type 'Release'
OS: 'Windows 10  (10.0.19045) 64bit Professional' Language: 'ru' Physical Memory: 16221 MB
BatchMode: 1, IsHumanControllingUs: 0, StartBugReporterOnCrash: 0, Is64bit: 1, IsPro: 1

COMMAND LINE ARGUMENTS:
C:\Program Files\Unity\Hub\Editor\2022.3.10f1\Editor\Unity.exe
-adb2
-batchMode
-noUpm
-name
AssetImportWorker14
-projectPath
C:/Users/darkc/Documents/GitHub/Rob/Rob
-logFile
Logs/AssetImportWorker14.log
-srvPort
51963
Successfully changed project path to: C:/Users/darkc/Documents/GitHub/Rob/Rob
C:/Users/darkc/Documents/GitHub/Rob/Rob
[UnityMemory] Configuration Parameters - Can be set up in boot.config
    "memorysetup-bucket-allocator-granularity=16"
    "memorysetup-bucket-allocator-bucket-count=8"
    "memorysetup-bucket-allocator-block-size=33554432"
    "memorysetup-bucket-allocator-block-count=8"
    "memorysetup-main-allocator-block-size=16777216"
    "memorysetup-thread-allocator-block-size=16777216"
    "memorysetup-gfx-main-allocator-block-size=16777216"
    "memorysetup-gfx-thread-allocator-block-size=16777216"
    "memorysetup-cache-allocator-block-size=4194304"
    "memorysetup-typetree-allocator-block-size=2097152"
    "memorysetup-profiler-bucket-allocator-granularity=16"
    "memorysetup-profiler-bucket-allocator-bucket-count=8"
    "memorysetup-profiler-bucket-allocator-block-size=33554432"
    "memorysetup-profiler-bucket-allocator-block-count=8"
    "memorysetup-profiler-allocator-block-size=16777216"
    "memorysetup-profiler-editor-allocator-block-size=1048576"
    "memorysetup-temp-allocator-size-main=16777216"
    "memorysetup-job-temp-allocator-block-size=2097152"
    "memorysetup-job-temp-allocator-block-size-background=1048576"
    "memorysetup-job-temp-allocator-reduction-small-platforms=262144"
    "memorysetup-allocator-temp-initial-block-size-main=262144"
    "memorysetup-allocator-temp-initial-block-size-worker=262144"
    "memorysetup-temp-allocator-size-background-worker=32768"
    "memorysetup-temp-allocator-size-job-worker=262144"
    "memorysetup-temp-allocator-size-preload-manager=33554432"
    "memorysetup-temp-allocator-size-nav-mesh-worker=65536"
    "memorysetup-temp-allocator-size-audio-worker=65536"
    "memorysetup-temp-allocator-size-cloud-worker=32768"
    "memorysetup-temp-allocator-size-gi-baking-worker=262144"
    "memorysetup-temp-allocator-size-gfx=262144"
Player connection [14824] Host "[IP] 10.54.235.250 [Port] 0 [Flags] 2 [Guid] 1087939633 [EditorId] 1087939633 [Version] 1048832 [Id] WindowsEditor(7,DESKTOP-BVBJ8MC) [Debug] 1 [PackageName] WindowsEditor [ProjectName] Editor" joined multi-casting on [225.0.0.222:54997]...

Player connection [14824] Host "[IP] 10.54.235.250 [Port] 0 [Flags] 2 [Guid] 1087939633 [EditorId] 1087939633 [Version] 1048832 [Id] WindowsEditor(7,DESKTOP-BVBJ8MC) [Debug] 1 [PackageName] WindowsEditor [ProjectName] Editor" joined alternative multi-casting on [225.0.0.222:34997]...

[Physics::Module] Initialized MultithreadedJobDispatcher with 11 workers.
Refreshing native plugins compatible for Editor in 2776.36 ms, found 6 plugins.
Preloading 0 native plugins for Editor in 0.00 ms.
Initialize engine version: 2022.3.10f1 (ff3792e53c62)
[Subsystems] Discovering subsystems at path C:/Program Files/Unity/Hub/Editor/2022.3.10f1/Editor/Data/Resources/UnitySubsystems
[Subsystems] Discovering subsystems at path C:/Users/darkc/Documents/GitHub/Rob/Rob/Assets
GfxDevice: creating device client; threaded=0; jobified=0
Direct3D:
    Version:  Direct3D 11.0 [level 11.1]
    Renderer: NVIDIA GeForce GTX 1650 (ID=0x1f99)
    Vendor:   NVIDIA
    VRAM:     3962 MB
    Driver:   31.0.15.2230
Initialize mono
Mono path[0] = 'C:/Program Files/Unity/Hub/Editor/2022.3.10f1/Editor/Data/Managed'
Mono path[1] = 'C:/Program Files/Unity/Hub/Editor/2022.3.10f1/Editor/Data/MonoBleedingEdge/lib/mono/unityjit-win32'
Mono config path = 'C:/Program Files/Unity/Hub/Editor/2022.3.10f1/Editor/Data/MonoBleedingEdge/etc'
Using monoOptions --debugger-agent=transport=dt_socket,embedding=1,server=y,suspend=n,address=127.0.0.1:56900
Begin MonoManager ReloadAssembly
Registering precompiled unity dll's ...
Register platform support module: C:/Program Files/Unity/Hub/Editor/2022.3.10f1/Editor/Data/PlaybackEngines/WebGLSupport/UnityEditor.WebGL.Extensions.dll
Register platform support module: C:/Program Files/Unity/Hub/Editor/2022.3.10f1/Editor/Data/PlaybackEngines/WindowsStandaloneSupport/UnityEditor.WindowsStandalone.Extensions.dll
Registered in 0.179403 seconds.
- Loaded All Assemblies, in  5.329 seconds
Native extension for WindowsStandalone target not found
Native extension for WebGL target not found
Mono: successfully reloaded assembly
- Finished resetting the current domain, in  0.251 seconds
Domain Reload Profiling: 5578ms
	BeginReloadAssembly (3923ms)
		ExecutionOrderSort (0ms)
		DisableScriptedObjects (0ms)
		BackupInstance (0ms)
		ReleaseScriptingObjects (0ms)
		CreateAndSetChildDomain (1ms)
	RebuildCommonClasses (354ms)
	RebuildNativeTypeToScriptingClass (11ms)
	initialDomainReloadingComplete (232ms)
	LoadAllAssembliesAndSetupDomain (807ms)
		LoadAssemblies (3921ms)
		RebuildTransferFunctionScriptingTraits (0ms)
		AnalyzeDomain (805ms)
			TypeCache.Refresh (804ms)
				TypeCache.ScanAssembly (589ms)
			ScanForSourceGeneratedMonoScriptInfo (0ms)
			ResolveRequiredComponents (0ms)
	FinalizeReload (251ms)
		ReleaseScriptCaches (0ms)
		RebuildScriptCaches (0ms)
		SetupLoadedEditorAssemblies (194ms)
			LogAssemblyErrors (0ms)
			InitializePlatformSupportModulesInManaged (14ms)
			SetLoadedEditorAssemblies (6ms)
			RefreshPlugins (0ms)
			BeforeProcessingInitializeOnLoad (3ms)
			ProcessInitializeOnLoadAttributes (123ms)
			ProcessInitializeOnLoadMethodAttributes (47ms)
			AfterProcessingInitializeOnLoad (0ms)
			EditorAssembliesLoaded (0ms)
		ExecutionOrderSort2 (0ms)
		AwakeInstancesAfterBackupRestoration (0ms)
========================================================================
Worker process is ready to serve import requests
Begin MonoManager ReloadAssembly
- Loaded All Assemblies, in  9.827 seconds
Refreshing native plugins compatible for Editor in 9.68 ms, found 6 plugins.
Native extension for WindowsStandalone target not found
Native extension for WebGL target not found
Package Manager log level set to [2]
[Package Manager] Server::EnsureServerProcessIsRunning -- launch failed, reason: Unity was launched with the -noUpm command-line argument
[Package Manager] UpmClient::Send -- Unable to send message (not connected to UPM process).
[Package Manager] Cannot connect to Unity Package Manager local server
Launched and connected shader compiler UnityShaderCompiler.exe after 0.06 seconds
Mono: successfully reloaded assembly
- Finished resetting the current domain, in  1.300 seconds
Domain Reload Profiling: 11121ms
	BeginReloadAssembly (178ms)
		ExecutionOrderSort (0ms)
		DisableScriptedObjects (6ms)
		BackupInstance (0ms)
		ReleaseScriptingObjects (0ms)
		CreateAndSetChildDomain (27ms)
	RebuildCommonClasses (40ms)
	RebuildNativeTypeToScriptingClass (13ms)
	initialDomainReloadingComplete (56ms)
	LoadAllAssembliesAndSetupDomain (9533ms)
		LoadAssemblies (9069ms)
		RebuildTransferFunctionScriptingTraits (0ms)
		AnalyzeDomain (566ms)
			TypeCache.Refresh (511ms)
				TypeCache.ScanAssembly (457ms)
			ScanForSourceGeneratedMonoScriptInfo (31ms)
			ResolveRequiredComponents (22ms)
	FinalizeReload (1301ms)
		ReleaseScriptCaches (0ms)
		RebuildScriptCaches (0ms)
		SetupLoadedEditorAssemblies (1132ms)
			LogAssemblyErrors (0ms)
			InitializePlatformSupportModulesInManaged (8ms)
			SetLoadedEditorAssemblies (6ms)
			RefreshPlugins (0ms)
			BeforeProcessingInitializeOnLoad (94ms)
			ProcessInitializeOnLoadAttributes (567ms)
			ProcessInitializeOnLoadMethodAttributes (450ms)
			AfterProcessingInitializeOnLoad (7ms)
			EditorAssembliesLoaded (0ms)
		ExecutionOrderSort2 (0ms)
		AwakeInstancesAfterBackupRestoration (6ms)
Refreshing native plugins compatible for Editor in 8.25 ms, found 6 plugins.
Preloading 0 native plugins for Editor in 0.00 ms.
Unloading 6506 Unused Serialized files (Serialized files now loaded: 0)
Unloading 113 unused Assets / (66.5 MB). Loaded Objects now: 7026.
Memory consumption went from 482.3 MB to 415.7 MB.
Total: 20.440000 ms (FindLiveObjects: 0.498400 ms CreateObjectMapping: 0.506600 ms MarkObjects: 15.280600 ms  DeleteObjects: 4.153500 ms)

AssetImportParameters requested are different than current active one (requested -> active):
  custom:container-demuxer-ogg: 62fdf1f143b41e24485cea50d1cbac27 -> 
  custom:scripting/monoscript/fileName/EpiShowcase.cs: bc786fe5107a676209768b89581ed7ca -> 560d903eb64b2fb30588ee6fc53dcb76
  custom:framework-win-MediaFoundation: 216162199b28c13a410421893ffa2e32 -> 
  custom:container-muxer-webm: aa71ff27fc2769a1b78a27578f13a17b -> 
  custom:video-decoder-webm-vp8: 9c59270c3fd7afecdb556c50c9e8de78 -> 
  custom:SearchIndexIgnoredProperties: e643bd26f0fe6173181afceb89e7c659 -> 
  custom:AudioImporter_EditorPlatform: d09bf68614088b80899f8185d706f6e7 -> 
  custom:audio-decoder-ogg-vorbis: bf7c407c2cedff20999df2af8eb42d56 -> 
  custom:audio-encoder-webm-vorbis: bf7c407c2cedff20999df2af8eb42d56 -> 
  custom:video-decoder-ogg-theora: a1e56fd34408186e4bbccfd4996cb3dc -> 
  custom:CustomObjectIndexerAttribute: a3ef5dd2817f97addfee359851a9dba5 -> 
  custom:container-demuxer-webm: 4f35f7cbe854078d1ac9338744f61a02 -> 
  custom:video-encoder-webm-vp8: eb34c28f22e8b96e1ab97ce403110664 -> 
========================================================================
Received Import Request.
  Time since last request: 462435.694746 seconds.
  path: Assets/AddedAssets/Characters/Quirky Series Vol.4 [v1.3]/Jungle Vol.2/Prefabs/Chimp_LOD0.prefab
  artifactKey: Guid(97c158cb1b67b0a48b4ba4dd4ef810c6) Importer(815301076,1909f56bfc062723c751e8b465ee728b)
Start importing Assets/AddedAssets/Characters/Quirky Series Vol.4 [v1.3]/Jungle Vol.2/Prefabs/Chimp_LOD0.prefab using Guid(97c158cb1b67b0a48b4ba4dd4ef810c6) Importer(815301076,1909f56bfc062723c751e8b465ee728b)  -> (artifact id: '3a2fcfd645f38ab0b05eaf902c4efe79') in 0.292887 seconds
Number of updated asset objects reloaded before import = 0
Number of asset objects unloaded after import = 139
========================================================================
Received Import Request.
  Time since last request: 0.000024 seconds.
  path: Assets/AddedAssets/Characters/Quirky Series Vol.4 [v1.3]/Jungle Vol.2/Prefabs/Macaw_LOD0.prefab
  artifactKey: Guid(d53a2a1b2547a254fb8f8cd7151f4952) Importer(815301076,1909f56bfc062723c751e8b465ee728b)
Start importing Assets/AddedAssets/Characters/Quirky Series Vol.4 [v1.3]/Jungle Vol.2/Prefabs/Macaw_LOD0.prefab using Guid(d53a2a1b2547a254fb8f8cd7151f4952) Importer(815301076,1909f56bfc062723c751e8b465ee728b)  -> (artifact id: '69666bf7354c6ffd6e661db0672bafd5') in 0.064256 seconds
Number of updated asset objects reloaded before import = 0
Number of asset objects unloaded after import = 147
========================================================================
Received Import Request.
  Time since last request: 0.000024 seconds.
  path: Assets/AddedAssets/Characters/Quirky Series Vol.4 [v1.3]/Jungle Vol.2/Prefabs/Macaw.prefab
  artifactKey: Guid(b99933a9cf170ab45b8ff00b71b1aa43) Importer(815301076,1909f56bfc062723c751e8b465ee728b)
Start importing Assets/AddedAssets/Characters/Quirky Series Vol.4 [v1.3]/Jungle Vol.2/Prefabs/Macaw.prefab using Guid(b99933a9cf170ab45b8ff00b71b1aa43) Importer(815301076,1909f56bfc062723c751e8b465ee728b)  -> (artifact id: '10647534111661cb117c7117f04dcb12') in 0.075522 seconds
Number of updated asset objects reloaded before import = 0
Number of asset objects unloaded after import = 460
========================================================================
Received Import Request.
  Time since last request: 0.000023 seconds.
  path: Assets/AddedAssets/Characters/Quirky Series Vol.4 [v1.3]/Jungle Vol.2/Prefabs/MonitorLizard_LOD1.prefab
  artifactKey: Guid(50cf9c67d877ca941a4718e4dd37a166) Importer(815301076,1909f56bfc062723c751e8b465ee728b)
Start importing Assets/AddedAssets/Characters/Quirky Series Vol.4 [v1.3]/Jungle Vol.2/Prefabs/MonitorLizard_LOD1.prefab using Guid(50cf9c67d877ca941a4718e4dd37a166) Importer(815301076,1909f56bfc062723c751e8b465ee728b)  -> (artifact id: '047fd6e94164d9e43f27c5027739db2d') in 0.032306 seconds
Number of updated asset objects reloaded before import = 0
Number of asset objects unloaded after import = 139
========================================================================
Received Import Request.
  Time since last request: 0.000022 seconds.
  path: Assets/AddedAssets/Characters/Quirky Series Vol.4 [v1.3]/Jungle Vol.2/Prefabs/Chimp_LOD2.prefab
  artifactKey: Guid(7d9a138aec0792d4bbf114cbc7c13e30) Importer(815301076,1909f56bfc062723c751e8b465ee728b)
Start importing Assets/AddedAssets/Characters/Quirky Series Vol.4 [v1.3]/Jungle Vol.2/Prefabs/Chimp_LOD2.prefab using Guid(7d9a138aec0792d4bbf114cbc7c13e30) Importer(815301076,1909f56bfc062723c751e8b465ee728b)  -> (artifact id: '35eef927afa577d5f0f530beb8767fde') in 0.032016 seconds
Number of updated asset objects reloaded before import = 0
Number of asset objects unloaded after import = 139
========================================================================
Received Import Request.
  Time since last request: 0.000020 seconds.
  path: Assets/AddedAssets/Characters/Quirky Series Vol.4 [v1.3]/Jungle Vol.2/Prefabs/Macaw_LOD1.prefab
  artifactKey: Guid(91deba3b6782ce04e8fad8ad1841f216) Importer(815301076,1909f56bfc062723c751e8b465ee728b)
Start importing Assets/AddedAssets/Characters/Quirky Series Vol.4 [v1.3]/Jungle Vol.2/Prefabs/Macaw_LOD1.prefab using Guid(91deba3b6782ce04e8fad8ad1841f216) Importer(815301076,1909f56bfc062723c751e8b465ee728b)  -> (artifact id: 'a42ff6d89d2314d08a3e171949433579') in 0.033392 seconds
Number of updated asset objects reloaded before import = 0
Number of asset objects unloaded after import = 147
========================================================================
Received Import Request.
  Time since last request: 0.000030 seconds.
  path: Assets/AddedAssets/Characters/Quirky Series Vol.4 [v1.3]/Jungle Vol.2/Prefabs/Jaguar.prefab
  artifactKey: Guid(4ea0949b563ffce4e9734c1c3c6bf90b) Importer(815301076,1909f56bfc062723c751e8b465ee728b)
Start importing Assets/AddedAssets/Characters/Quirky Series Vol.4 [v1.3]/Jungle Vol.2/Prefabs/Jaguar.prefab using Guid(4ea0949b563ffce4e9734c1c3c6bf90b) Importer(815301076,1909f56bfc062723c751e8b465ee728b)  -> (artifact id: '629eec4aee37176397def4f8b7017dd4') in 0.077148 seconds
Number of updated asset objects reloaded before import = 0
Number of asset objects unloaded after import = 460
========================================================================
Received Import Request.
  Time since last request: 0.000043 seconds.
  path: Assets/AddedAssets/Characters/Quirky Series Vol.4 [v1.3]/Jungle Vol.2/Prefabs/Chimp_LOD1.prefab
  artifactKey: Guid(c1a984c0ff5402647a0ea30099c9083b) Importer(815301076,1909f56bfc062723c751e8b465ee728b)
Start importing Assets/AddedAssets/Characters/Quirky Series Vol.4 [v1.3]/Jungle Vol.2/Prefabs/Chimp_LOD1.prefab using Guid(c1a984c0ff5402647a0ea30099c9083b) Importer(815301076,1909f56bfc062723c751e8b465ee728b)  -> (artifact id: '65cf10898024b2922277d3a61a041f03') in 0.033729 seconds
Number of updated asset objects reloaded before import = 0
Number of asset objects unloaded after import = 139
========================================================================
Received Import Request.
  Time since last request: 0.000023 seconds.
  path: Assets/AddedAssets/Characters/Quirky Series Vol.4 [v1.3]/Jungle Vol.2/Prefabs/Jaguar_LOD2.prefab
  artifactKey: Guid(b80a7e0822c7c1a4eb11c432a13754be) Importer(815301076,1909f56bfc062723c751e8b465ee728b)
Start importing Assets/AddedAssets/Characters/Quirky Series Vol.4 [v1.3]/Jungle Vol.2/Prefabs/Jaguar_LOD2.prefab using Guid(b80a7e0822c7c1a4eb11c432a13754be) Importer(815301076,1909f56bfc062723c751e8b465ee728b)  -> (artifact id: '7c61a5221d9eb0a6fc24f22614cd95b0') in 0.036184 seconds
Number of updated asset objects reloaded before import = 0
Number of asset objects unloaded after import = 147
========================================================================
Received Import Request.
  Time since last request: 0.000038 seconds.
  path: Assets/AddedAssets/Characters/Quirky Series Vol.4 [v1.3]/Jungle Vol.2/Prefabs/Gaur_LOD3.prefab
  artifactKey: Guid(33ad812cc905d604a965df8ea186cb77) Importer(815301076,1909f56bfc062723c751e8b465ee728b)
Start importing Assets/AddedAssets/Characters/Quirky Series Vol.4 [v1.3]/Jungle Vol.2/Prefabs/Gaur_LOD3.prefab using Guid(33ad812cc905d604a965df8ea186cb77) Importer(815301076,1909f56bfc062723c751e8b465ee728b)  -> (artifact id: 'c16e5c741dde2204df1032ab2c52f2ed') in 0.043985 seconds
Number of updated asset objects reloaded before import = 0
Number of asset objects unloaded after import = 147
========================================================================
Received Import Request.
  Time since last request: 0.000022 seconds.
  path: Assets/AddedAssets/Characters/Quirky Series Vol.4 [v1.3]/Jungle Vol.2/Prefabs/MonitorLizard_LOD3.prefab
  artifactKey: Guid(92b76abe701ede942966fda0b112434a) Importer(815301076,1909f56bfc062723c751e8b465ee728b)
Start importing Assets/AddedAssets/Characters/Quirky Series Vol.4 [v1.3]/Jungle Vol.2/Prefabs/MonitorLizard_LOD3.prefab using Guid(92b76abe701ede942966fda0b112434a) Importer(815301076,1909f56bfc062723c751e8b465ee728b)  -> (artifact id: '08c21e65d00f93665fd65d86b11b6eb8') in 0.033221 seconds
Number of updated asset objects reloaded before import = 0
Number of asset objects unloaded after import = 139
========================================================================
Received Import Request.
  Time since last request: 0.000025 seconds.
  path: Assets/AddedAssets/Characters/Quirky Series Vol.4 [v1.3]/Jungle Vol.2/Prefabs/Gaur.prefab
  artifactKey: Guid(590b1bd4fe389974aa6b167fb5531200) Importer(815301076,1909f56bfc062723c751e8b465ee728b)
Start importing Assets/AddedAssets/Characters/Quirky Series Vol.4 [v1.3]/Jungle Vol.2/Prefabs/Gaur.prefab using Guid(590b1bd4fe389974aa6b167fb5531200) Importer(815301076,1909f56bfc062723c751e8b465ee728b)  -> (artifact id: 'a123e9cd80c0c9bd58c38621feaa38d2') in 0.055376 seconds
Number of updated asset objects reloaded before import = 0
Number of asset objects unloaded after import = 460
========================================================================
Received Import Request.
  Time since last request: 0.000033 seconds.
  path: Assets/AddedAssets/Characters/Quirky Series Vol.4 [v1.3]/Jungle Vol.2/Prefabs/Leopard_LOD1.prefab
  artifactKey: Guid(9e34d2c2150a3fc4e85bd308519f464b) Importer(815301076,1909f56bfc062723c751e8b465ee728b)
Start importing Assets/AddedAssets/Characters/Quirky Series Vol.4 [v1.3]/Jungle Vol.2/Prefabs/Leopard_LOD1.prefab using Guid(9e34d2c2150a3fc4e85bd308519f464b) Importer(815301076,1909f56bfc062723c751e8b465ee728b)  -> (artifact id: '149860aa88b7369479013ed26ca63ace') in 0.046679 seconds
Number of updated asset objects reloaded before import = 0
Number of asset objects unloaded after import = 147
========================================================================
Received Import Request.
  Time since last request: 0.000018 seconds.
  path: Assets/AddedAssets/Characters/Quirky Series Vol.4 [v1.3]/Jungle Vol.2/Prefabs/MonitorLizard_LOD2.prefab
  artifactKey: Guid(0340bc9acaa62724f8f23259263ddd85) Importer(815301076,1909f56bfc062723c751e8b465ee728b)
Start importing Assets/AddedAssets/Characters/Quirky Series Vol.4 [v1.3]/Jungle Vol.2/Prefabs/MonitorLizard_LOD2.prefab using Guid(0340bc9acaa62724f8f23259263ddd85) Importer(815301076,1909f56bfc062723c751e8b465ee728b)  -> (artifact id: '6d0a5d3b7055e9177c5ab61f8719c358') in 0.038189 seconds
Number of updated asset objects reloaded before import = 0
Number of asset objects unloaded after import = 139
========================================================================
Received Import Request.
  Time since last request: 0.000020 seconds.
  path: Assets/AddedAssets/Characters/Quirky Series Vol.4 [v1.3]/Jungle Vol.2/Prefabs/Mousedeeer.prefab
  artifactKey: Guid(d65cd7cca0bdabd4ca5da12acb7ed469) Importer(815301076,1909f56bfc062723c751e8b465ee728b)
Start importing Assets/AddedAssets/Characters/Quirky Series Vol.4 [v1.3]/Jungle Vol.2/Prefabs/Mousedeeer.prefab using Guid(d65cd7cca0bdabd4ca5da12acb7ed469) Importer(815301076,1909f56bfc062723c751e8b465ee728b)  -> (artifact id: '16b509df31e09c61b1122ebabdadeb7e') in 0.120776 seconds
Number of updated asset objects reloaded before import = 0
Number of asset objects unloaded after import = 436
========================================================================
Received Import Request.
  Time since last request: 1.849069 seconds.
  path: Assets/AddedAssets/Characters/Quirky Series Vol.4 [v1.3]/Jungle Vol.2/Prefabs/Mousedeeer_LOD1.prefab
  artifactKey: Guid(8af96619a47ce6a4a82cb685b013fb9f) Importer(815301076,1909f56bfc062723c751e8b465ee728b)
Start importing Assets/AddedAssets/Characters/Quirky Series Vol.4 [v1.3]/Jungle Vol.2/Prefabs/Mousedeeer_LOD1.prefab using Guid(8af96619a47ce6a4a82cb685b013fb9f) Importer(815301076,1909f56bfc062723c751e8b465ee728b)  -> (artifact id: '50b5a8bbb9cf35e059b28f939225efb8') in 0.026862 seconds
Number of updated asset objects reloaded before import = 0
Number of asset objects unloaded after import = 143
========================================================================
Received Import Request.
  Time since last request: 0.000019 seconds.
  path: Assets/AddedAssets/Characters/Quirky Series Vol.4 [v1.3]/Jungle Vol.2/Prefabs/OrangUtan_LOD1.prefab
  artifactKey: Guid(e97b877e146091943899a5e94e62f203) Importer(815301076,1909f56bfc062723c751e8b465ee728b)
Start importing Assets/AddedAssets/Characters/Quirky Series Vol.4 [v1.3]/Jungle Vol.2/Prefabs/OrangUtan_LOD1.prefab using Guid(e97b877e146091943899a5e94e62f203) Importer(815301076,1909f56bfc062723c751e8b465ee728b)  -> (artifact id: '919b6cde9b7270f6c2751f462cc030a8') in 0.068701 seconds
Number of updated asset objects reloaded before import = 0
Number of asset objects unloaded after import = 139
========================================================================
Received Import Request.
  Time since last request: 0.000035 seconds.
  path: Assets/AddedAssets/Characters/Quirky Series Vol.4 [v1.3]/Jungle Vol.2/Prefabs/OrangUtan_LOD3.prefab
  artifactKey: Guid(3483600e5bb220e4683cf8bed736426c) Importer(815301076,1909f56bfc062723c751e8b465ee728b)
Start importing Assets/AddedAssets/Characters/Quirky Series Vol.4 [v1.3]/Jungle Vol.2/Prefabs/OrangUtan_LOD3.prefab using Guid(3483600e5bb220e4683cf8bed736426c) Importer(815301076,1909f56bfc062723c751e8b465ee728b)  -> (artifact id: '55e1cfce8894f7a686b180510b8482c0') in 0.036730 seconds
Number of updated asset objects reloaded before import = 0
Number of asset objects unloaded after import = 139
========================================================================
Received Import Request.
  Time since last request: 0.000021 seconds.
  path: Assets/AddedAssets/Characters/Quirky Series Vol.4 [v1.3]/Jungle Vol.2/Prefabs/Snake_LOD3.prefab
  artifactKey: Guid(58ade19b1c0975348a39c4f1d418ead8) Importer(815301076,1909f56bfc062723c751e8b465ee728b)
Start importing Assets/AddedAssets/Characters/Quirky Series Vol.4 [v1.3]/Jungle Vol.2/Prefabs/Snake_LOD3.prefab using Guid(58ade19b1c0975348a39c4f1d418ead8) Importer(815301076,1909f56bfc062723c751e8b465ee728b)  -> (artifact id: 'a4d5e61636c91e138cbc95e177e62cb6') in 0.032716 seconds
Number of updated asset objects reloaded before import = 0
Number of asset objects unloaded after import = 139
========================================================================
Received Import Request.
  Time since last request: 0.000019 seconds.
  path: Assets/AddedAssets/Characters/Quirky Series Vol.4 [v1.3]/Jungle Vol.2/Prefabs/Snake_LOD1.prefab
  artifactKey: Guid(c09c2b30405a07147857c026702adc24) Importer(815301076,1909f56bfc062723c751e8b465ee728b)
Start importing Assets/AddedAssets/Characters/Quirky Series Vol.4 [v1.3]/Jungle Vol.2/Prefabs/Snake_LOD1.prefab using Guid(c09c2b30405a07147857c026702adc24) Importer(815301076,1909f56bfc062723c751e8b465ee728b)  -> (artifact id: '43883cc6e2ae2c6455657ddb5278b8f0') in 0.036532 seconds
Number of updated asset objects reloaded before import = 0
Number of asset objects unloaded after import = 139
========================================================================
Received Import Request.
  Time since last request: 0.000020 seconds.
  path: Assets/AddedAssets/Characters/Quirky Series Vol.4 [v1.3]/Jungle Vol.2/Prefabs/OrangUtan.prefab
  artifactKey: Guid(ac7669a8113b8f340bff4b5731f85f71) Importer(815301076,1909f56bfc062723c751e8b465ee728b)
Start importing Assets/AddedAssets/Characters/Quirky Series Vol.4 [v1.3]/Jungle Vol.2/Prefabs/OrangUtan.prefab using Guid(ac7669a8113b8f340bff4b5731f85f71) Importer(815301076,1909f56bfc062723c751e8b465ee728b)  -> (artifact id: '7f0723f595e985eabae50861774d1bdf') in 0.065050 seconds
Number of updated asset objects reloaded before import = 0
Number of asset objects unloaded after import = 412
========================================================================
Received Import Request.
  Time since last request: 0.000036 seconds.
  path: Assets/AddedAssets/Characters/Quirky Series Vol.4 [v1.3]/Jungle Vol.2/Prefabs/Mousedeeer_LOD3.prefab
  artifactKey: Guid(2692e7996f02f1647ac1dab1cb9f5c9f) Importer(815301076,1909f56bfc062723c751e8b465ee728b)
Start importing Assets/AddedAssets/Characters/Quirky Series Vol.4 [v1.3]/Jungle Vol.2/Prefabs/Mousedeeer_LOD3.prefab using Guid(2692e7996f02f1647ac1dab1cb9f5c9f) Importer(815301076,1909f56bfc062723c751e8b465ee728b)  -> (artifact id: 'e4e420874e79b9b8d568b9b50a5a3fa6') in 0.032024 seconds
Number of updated asset objects reloaded before import = 0
Number of asset objects unloaded after import = 143
========================================================================
Received Import Request.
  Time since last request: 0.000034 seconds.
  path: Assets/AddedAssets/Characters/Quirky Series Vol.4 [v1.3]/Jungle Vol.2/Prefabs/Mousedeeer_LOD2.prefab
  artifactKey: Guid(65bee66e5af288b459dad67a231f8134) Importer(815301076,1909f56bfc062723c751e8b465ee728b)
Start importing Assets/AddedAssets/Characters/Quirky Series Vol.4 [v1.3]/Jungle Vol.2/Prefabs/Mousedeeer_LOD2.prefab using Guid(65bee66e5af288b459dad67a231f8134) Importer(815301076,1909f56bfc062723c751e8b465ee728b)  -> (artifact id: '639885b481f0f62da1f6e8d52c2bbc7d') in 0.031299 seconds
Number of updated asset objects reloaded before import = 0
Number of asset objects unloaded after import = 143
========================================================================
Received Import Request.
  Time since last request: 7.648473 seconds.
  path: Assets/AddedAssets/Characters/Quirky Series Vol.4 [v1.3]/Jungle Vol.2/Materials/M_Leopard.mat
  artifactKey: Guid(630f7125521d3c4479915793b90662ef) Importer(815301076,1909f56bfc062723c751e8b465ee728b)
Start importing Assets/AddedAssets/Characters/Quirky Series Vol.4 [v1.3]/Jungle Vol.2/Materials/M_Leopard.mat using Guid(630f7125521d3c4479915793b90662ef) Importer(815301076,1909f56bfc062723c751e8b465ee728b)  -> (artifact id: '130bec019aeedea0ce974ecfbebb49f3') in 0.052104 seconds
Number of updated asset objects reloaded before import = 0
Number of asset objects unloaded after import = 2
========================================================================
Received Import Request.
  Time since last request: 0.000055 seconds.
  path: Assets/AddedAssets/Characters/Quirky Series Vol.4 [v1.3]/Jungle Vol.2/Materials/M_Mousedeer.mat
  artifactKey: Guid(d0cf87780540d74458e36bd81e84f53d) Importer(815301076,1909f56bfc062723c751e8b465ee728b)
Start importing Assets/AddedAssets/Characters/Quirky Series Vol.4 [v1.3]/Jungle Vol.2/Materials/M_Mousedeer.mat using Guid(d0cf87780540d74458e36bd81e84f53d) Importer(815301076,1909f56bfc062723c751e8b465ee728b)  -> (artifact id: '944bb127c8761811d3cd90a67234e2be') in 0.027060 seconds
Number of updated asset objects reloaded before import = 0
Number of asset objects unloaded after import = 2
========================================================================
Received Import Request.
  Time since last request: 0.000029 seconds.
  path: Assets/AddedAssets/Characters/Quirky Series Vol.4 [v1.3]/Jungle Vol.2/Materials/M_Snake.mat
  artifactKey: Guid(fe8379714fc6feb4c8169e57eae23f7b) Importer(815301076,1909f56bfc062723c751e8b465ee728b)
Start importing Assets/AddedAssets/Characters/Quirky Series Vol.4 [v1.3]/Jungle Vol.2/Materials/M_Snake.mat using Guid(fe8379714fc6feb4c8169e57eae23f7b) Importer(815301076,1909f56bfc062723c751e8b465ee728b)  -> (artifact id: 'cf521f1f90d3eee2ad7724fb825c6cbc') in 0.022745 seconds
Number of updated asset objects reloaded before import = 0
Number of asset objects unloaded after import = 2
========================================================================
Received Import Request.
  Time since last request: 601.443518 seconds.
  path: Assets/AddedAssets/Props/Low Poly City Asset/Prefabs/Map Structure Parts/Floor1_corner.prefab
  artifactKey: Guid(9e05fa19923501f4db52eed2d11fe5e0) Importer(815301076,1909f56bfc062723c751e8b465ee728b)
Start importing Assets/AddedAssets/Props/Low Poly City Asset/Prefabs/Map Structure Parts/Floor1_corner.prefab using Guid(9e05fa19923501f4db52eed2d11fe5e0) Importer(815301076,1909f56bfc062723c751e8b465ee728b)  -> (artifact id: 'f3aceb5a3123f464d75753159d2ed31c') in 0.027555 seconds
Number of updated asset objects reloaded before import = 0
Number of asset objects unloaded after import = 10
========================================================================
Received Import Request.
  Time since last request: 0.000022 seconds.
  path: Assets/AddedAssets/Props/Low Poly City Asset/Prefabs/Map Structure Parts/Floor2_corner.prefab
  artifactKey: Guid(c9903ee7d4d0bae4385e909dfe57228d) Importer(815301076,1909f56bfc062723c751e8b465ee728b)
Start importing Assets/AddedAssets/Props/Low Poly City Asset/Prefabs/Map Structure Parts/Floor2_corner.prefab using Guid(c9903ee7d4d0bae4385e909dfe57228d) Importer(815301076,1909f56bfc062723c751e8b465ee728b)  -> (artifact id: '21c228369628772759491bb62300f968') in 0.019272 seconds
Number of updated asset objects reloaded before import = 0
Number of asset objects unloaded after import = 10
========================================================================
Received Import Request.
  Time since last request: 0.000027 seconds.
  path: Assets/AddedAssets/Props/Low Poly City Asset/Prefabs/Map Structure Parts/Grass1.prefab
  artifactKey: Guid(b98884a3a9836894eb492833199425f5) Importer(815301076,1909f56bfc062723c751e8b465ee728b)
Start importing Assets/AddedAssets/Props/Low Poly City Asset/Prefabs/Map Structure Parts/Grass1.prefab using Guid(b98884a3a9836894eb492833199425f5) Importer(815301076,1909f56bfc062723c751e8b465ee728b)  -> (artifact id: '8c7291063b4353229f6c72d4ab3dba2c') in 0.018383 seconds
Number of updated asset objects reloaded before import = 0
Number of asset objects unloaded after import = 10
========================================================================
Received Import Request.
  Time since last request: 0.000017 seconds.
  path: Assets/AddedAssets/Props/Low Poly City Asset/Prefabs/Map Structure Parts/Street_Big_SmallSinglecrossing.prefab
  artifactKey: Guid(ffb626334b984df44974c86636da547d) Importer(815301076,1909f56bfc062723c751e8b465ee728b)
Start importing Assets/AddedAssets/Props/Low Poly City Asset/Prefabs/Map Structure Parts/Street_Big_SmallSinglecrossing.prefab using Guid(ffb626334b984df44974c86636da547d) Importer(815301076,1909f56bfc062723c751e8b465ee728b)  -> (artifact id: '0a4e7bb7c2457df67a39dd4a2a07a8a5') in 0.020038 seconds
Number of updated asset objects reloaded before import = 0
Number of asset objects unloaded after import = 11
========================================================================
Received Import Request.
  Time since last request: 0.000028 seconds.
  path: Assets/AddedAssets/Props/Low Poly City Asset/Prefabs/Map Structure Parts/Street_Big_Turn.prefab
  artifactKey: Guid(b474b2a781a6ad54193c98c39bdd8c94) Importer(815301076,1909f56bfc062723c751e8b465ee728b)
Start importing Assets/AddedAssets/Props/Low Poly City Asset/Prefabs/Map Structure Parts/Street_Big_Turn.prefab using Guid(b474b2a781a6ad54193c98c39bdd8c94) Importer(815301076,1909f56bfc062723c751e8b465ee728b)  -> (artifact id: '861409845565ffc18609e82b4409bf69') in 0.021527 seconds
Number of updated asset objects reloaded before import = 0
Number of asset objects unloaded after import = 11
========================================================================
Received Import Request.
  Time since last request: 0.000015 seconds.
  path: Assets/AddedAssets/Props/Low Poly City Asset/Prefabs/Map Structure Parts/Floor3.prefab
  artifactKey: Guid(2844ca4be5957eb44bd882bf0ffad522) Importer(815301076,1909f56bfc062723c751e8b465ee728b)
Start importing Assets/AddedAssets/Props/Low Poly City Asset/Prefabs/Map Structure Parts/Floor3.prefab using Guid(2844ca4be5957eb44bd882bf0ffad522) Importer(815301076,1909f56bfc062723c751e8b465ee728b)  -> (artifact id: '232236840ea703846c494afda40e8126') in 0.023059 seconds
Number of updated asset objects reloaded before import = 0
Number of asset objects unloaded after import = 10
========================================================================
Received Import Request.
  Time since last request: 0.000017 seconds.
  path: Assets/AddedAssets/Props/Low Poly City Asset/Prefabs/Map Structure Parts/Street_Big_Straight.prefab
  artifactKey: Guid(8fdbdaf68f45fe64f9f353038fee08e5) Importer(815301076,1909f56bfc062723c751e8b465ee728b)
Start importing Assets/AddedAssets/Props/Low Poly City Asset/Prefabs/Map Structure Parts/Street_Big_Straight.prefab using Guid(8fdbdaf68f45fe64f9f353038fee08e5) Importer(815301076,1909f56bfc062723c751e8b465ee728b)  -> (artifact id: 'b83ad026efccec63b0b90e008071b230') in 0.023983 seconds
Number of updated asset objects reloaded before import = 0
Number of asset objects unloaded after import = 11
========================================================================
Received Import Request.
  Time since last request: 0.000015 seconds.
  path: Assets/AddedAssets/Props/Low Poly City Asset/Prefabs/Map Structure Parts/Street_Big_Triplecrossing.prefab
  artifactKey: Guid(21c2589f2f0be404faf29bda4759111b) Importer(815301076,1909f56bfc062723c751e8b465ee728b)
Start importing Assets/AddedAssets/Props/Low Poly City Asset/Prefabs/Map Structure Parts/Street_Big_Triplecrossing.prefab using Guid(21c2589f2f0be404faf29bda4759111b) Importer(815301076,1909f56bfc062723c751e8b465ee728b)  -> (artifact id: 'da637f567290f8429154b7fba51fe119') in 0.024483 seconds
Number of updated asset objects reloaded before import = 0
Number of asset objects unloaded after import = 11
========================================================================
Received Import Request.
  Time since last request: 0.000021 seconds.
  path: Assets/AddedAssets/Props/Low Poly City Asset/Prefabs/Map Structure Parts/Street_Big_SmallTriplecrossing.prefab
  artifactKey: Guid(034574c7901fc974fbb2b32137a7584f) Importer(815301076,1909f56bfc062723c751e8b465ee728b)
Start importing Assets/AddedAssets/Props/Low Poly City Asset/Prefabs/Map Structure Parts/Street_Big_SmallTriplecrossing.prefab using Guid(034574c7901fc974fbb2b32137a7584f) Importer(815301076,1909f56bfc062723c751e8b465ee728b)  -> (artifact id: 'd7e1f3604e66a1d88f14fa2a1effd1f7') in 0.025590 seconds
Number of updated asset objects reloaded before import = 0
Number of asset objects unloaded after import = 11
========================================================================
Received Import Request.
  Time since last request: 0.000016 seconds.
  path: Assets/AddedAssets/Props/Low Poly City Asset/Prefabs/Map Structure Parts/Grass2_corner.prefab
  artifactKey: Guid(40305658f343e4c41b057b8e80cdd479) Importer(815301076,1909f56bfc062723c751e8b465ee728b)
Start importing Assets/AddedAssets/Props/Low Poly City Asset/Prefabs/Map Structure Parts/Grass2_corner.prefab using Guid(40305658f343e4c41b057b8e80cdd479) Importer(815301076,1909f56bfc062723c751e8b465ee728b)  -> (artifact id: '17a6c677c20b91ae721877ccf11ab961') in 0.023249 seconds
Number of updated asset objects reloaded before import = 0
Number of asset objects unloaded after import = 10
========================================================================
Received Import Request.
  Time since last request: 0.000025 seconds.
  path: Assets/AddedAssets/Props/Low Poly City Asset/Prefabs/Map Structure Parts/Street_Straight.prefab
  artifactKey: Guid(fcda34ec482015b4ca1611ed80a99663) Importer(815301076,1909f56bfc062723c751e8b465ee728b)
Start importing Assets/AddedAssets/Props/Low Poly City Asset/Prefabs/Map Structure Parts/Street_Straight.prefab using Guid(fcda34ec482015b4ca1611ed80a99663) Importer(815301076,1909f56bfc062723c751e8b465ee728b)  -> (artifact id: 'ed047c63b71c01fdfbbde63d255df1ae') in 0.022061 seconds
Number of updated asset objects reloaded before import = 0
Number of asset objects unloaded after import = 11
========================================================================
Received Import Request.
  Time since last request: 0.000018 seconds.
  path: Assets/AddedAssets/Props/Low Poly City Asset/Prefabs/Map Structure Parts/Grass2.prefab
  artifactKey: Guid(8584a5fd3ba9082448e1e0dd24ea9ff8) Importer(815301076,1909f56bfc062723c751e8b465ee728b)
Start importing Assets/AddedAssets/Props/Low Poly City Asset/Prefabs/Map Structure Parts/Grass2.prefab using Guid(8584a5fd3ba9082448e1e0dd24ea9ff8) Importer(815301076,1909f56bfc062723c751e8b465ee728b)  -> (artifact id: '01cd1a9c5a8cdd66aac0735a9a40e6f7') in 0.019802 seconds
Number of updated asset objects reloaded before import = 0
Number of asset objects unloaded after import = 10
========================================================================
Received Import Request.
  Time since last request: 2.104751 seconds.
  path: Assets/AddedAssets/Props/Low Poly City Asset/Prefabs/Environment/Bench2.prefab
  artifactKey: Guid(8f04d58b7400e174f87fa41eb687795a) Importer(815301076,1909f56bfc062723c751e8b465ee728b)
Start importing Assets/AddedAssets/Props/Low Poly City Asset/Prefabs/Environment/Bench2.prefab using Guid(8f04d58b7400e174f87fa41eb687795a) Importer(815301076,1909f56bfc062723c751e8b465ee728b)  -> (artifact id: 'b824d1d37abcc96bc20e6ef8058344f1') in 0.018662 seconds
Number of updated asset objects reloaded before import = 0
Number of asset objects unloaded after import = 10
========================================================================
Received Import Request.
  Time since last request: 0.000023 seconds.
  path: Assets/AddedAssets/Props/Low Poly City Asset/Prefabs/Environment/Bus_station.prefab
  artifactKey: Guid(35c6d0a6fc75c33498e03d96e4a7bd6c) Importer(815301076,1909f56bfc062723c751e8b465ee728b)
Start importing Assets/AddedAssets/Props/Low Poly City Asset/Prefabs/Environment/Bus_station.prefab using Guid(35c6d0a6fc75c33498e03d96e4a7bd6c) Importer(815301076,1909f56bfc062723c751e8b465ee728b)  -> (artifact id: 'fd6410479083cc733afab94013b45a1a') in 0.019704 seconds
Number of updated asset objects reloaded before import = 0
Number of asset objects unloaded after import = 11
========================================================================
Received Import Request.
  Time since last request: 0.000015 seconds.
  path: Assets/AddedAssets/Props/Low Poly City Asset/Prefabs/Environment/Bush3.prefab
  artifactKey: Guid(953704d637a9d0c4dadf1dabc24c65d9) Importer(815301076,1909f56bfc062723c751e8b465ee728b)
Start importing Assets/AddedAssets/Props/Low Poly City Asset/Prefabs/Environment/Bush3.prefab using Guid(953704d637a9d0c4dadf1dabc24c65d9) Importer(815301076,1909f56bfc062723c751e8b465ee728b)  -> (artifact id: '1b58c4b3181043b6a34857b71e49c1eb') in 0.017913 seconds
Number of updated asset objects reloaded before import = 0
Number of asset objects unloaded after import = 10
========================================================================
Received Import Request.
  Time since last request: 0.000015 seconds.
  path: Assets/AddedAssets/Props/Low Poly City Asset/Prefabs/Environment/Bush8.prefab
  artifactKey: Guid(8c8584cf6adba8449b9451aba121e2b8) Importer(815301076,1909f56bfc062723c751e8b465ee728b)
Start importing Assets/AddedAssets/Props/Low Poly City Asset/Prefabs/Environment/Bush8.prefab using Guid(8c8584cf6adba8449b9451aba121e2b8) Importer(815301076,1909f56bfc062723c751e8b465ee728b)  -> (artifact id: 'e5e68753991a7890b1d8f71bf20ec84a') in 0.017313 seconds
Number of updated asset objects reloaded before import = 0
Number of asset objects unloaded after import = 10
========================================================================
Received Import Request.
  Time since last request: 0.000017 seconds.
  path: Assets/AddedAssets/Props/Low Poly City Asset/Prefabs/Environment/Flower4.prefab
  artifactKey: Guid(b6144bb0c2ecbdc4fac73d38cc0a9ba6) Importer(815301076,1909f56bfc062723c751e8b465ee728b)
Start importing Assets/AddedAssets/Props/Low Poly City Asset/Prefabs/Environment/Flower4.prefab using Guid(b6144bb0c2ecbdc4fac73d38cc0a9ba6) Importer(815301076,1909f56bfc062723c751e8b465ee728b)  -> (artifact id: '1d9b07e64c113cb6e9e3a4cc58efc4f9') in 0.018313 seconds
Number of updated asset objects reloaded before import = 0
Number of asset objects unloaded after import = 10
========================================================================
Received Import Request.
  Time since last request: 0.000020 seconds.
  path: Assets/AddedAssets/Props/Low Poly City Asset/Prefabs/Environment/fountain2.prefab
  artifactKey: Guid(dc898ad9cedf8964080561f27502caed) Importer(815301076,1909f56bfc062723c751e8b465ee728b)
Start importing Assets/AddedAssets/Props/Low Poly City Asset/Prefabs/Environment/fountain2.prefab using Guid(dc898ad9cedf8964080561f27502caed) Importer(815301076,1909f56bfc062723c751e8b465ee728b)  -> (artifact id: 'e6c479164a7907c4ad0776fca4c30ee1') in 0.018252 seconds
Number of updated asset objects reloaded before import = 0
Number of asset objects unloaded after import = 10
========================================================================
Received Import Request.
  Time since last request: 0.000027 seconds.
  path: Assets/AddedAssets/Props/Low Poly City Asset/Prefabs/Environment/fountain7.prefab
  artifactKey: Guid(0b283991361f04244ad56761e5cb1eb8) Importer(815301076,1909f56bfc062723c751e8b465ee728b)
Start importing Assets/AddedAssets/Props/Low Poly City Asset/Prefabs/Environment/fountain7.prefab using Guid(0b283991361f04244ad56761e5cb1eb8) Importer(815301076,1909f56bfc062723c751e8b465ee728b)  -> (artifact id: 'ee0cbad7ce4022e40b29b1e1acda98da') in 0.021562 seconds
Number of updated asset objects reloaded before import = 0
Number of asset objects unloaded after import = 10
========================================================================
Received Import Request.
  Time since last request: 0.000021 seconds.
  path: Assets/AddedAssets/Props/Low Poly City Asset/Prefabs/Environment/Flower2.prefab
  artifactKey: Guid(1f3a4ff90f097af44b1ed329f8ed09b9) Importer(815301076,1909f56bfc062723c751e8b465ee728b)
Start importing Assets/AddedAssets/Props/Low Poly City Asset/Prefabs/Environment/Flower2.prefab using Guid(1f3a4ff90f097af44b1ed329f8ed09b9) Importer(815301076,1909f56bfc062723c751e8b465ee728b)  -> (artifact id: '1ed05d9081f10c9afe1f776e7683d216') in 0.022918 seconds
Number of updated asset objects reloaded before import = 0
Number of asset objects unloaded after import = 10
========================================================================
Received Import Request.
  Time since last request: 0.000020 seconds.
  path: Assets/AddedAssets/Props/Low Poly City Asset/Prefabs/Environment/fountain5.prefab
  artifactKey: Guid(4fa57f7d64ed8ba4abfc004b3cf3e75e) Importer(815301076,1909f56bfc062723c751e8b465ee728b)
Start importing Assets/AddedAssets/Props/Low Poly City Asset/Prefabs/Environment/fountain5.prefab using Guid(4fa57f7d64ed8ba4abfc004b3cf3e75e) Importer(815301076,1909f56bfc062723c751e8b465ee728b)  -> (artifact id: 'd9fb7702f0254af499498cd40084f6c7') in 0.023129 seconds
Number of updated asset objects reloaded before import = 0
Number of asset objects unloaded after import = 10
========================================================================
Received Import Request.
  Time since last request: 0.000019 seconds.
  path: Assets/AddedAssets/Props/Low Poly City Asset/Prefabs/Environment/Gate.prefab
  artifactKey: Guid(2ecf2100c2eb63c4fb827a824188d1d9) Importer(815301076,1909f56bfc062723c751e8b465ee728b)
Start importing Assets/AddedAssets/Props/Low Poly City Asset/Prefabs/Environment/Gate.prefab using Guid(2ecf2100c2eb63c4fb827a824188d1d9) Importer(815301076,1909f56bfc062723c751e8b465ee728b)  -> (artifact id: '85878b1eb6aac9afbd0f9fb333a08c2c') in 0.024629 seconds
Number of updated asset objects reloaded before import = 0
Number of asset objects unloaded after import = 10
========================================================================
Received Import Request.
  Time since last request: 0.000019 seconds.
  path: Assets/AddedAssets/Props/Low Poly City Asset/Prefabs/Environment/fountain3.prefab
  artifactKey: Guid(38030379a2c8dc447b36ec5c0d7da468) Importer(815301076,1909f56bfc062723c751e8b465ee728b)
Start importing Assets/AddedAssets/Props/Low Poly City Asset/Prefabs/Environment/fountain3.prefab using Guid(38030379a2c8dc447b36ec5c0d7da468) Importer(815301076,1909f56bfc062723c751e8b465ee728b)  -> (artifact id: '4aef81ea1ac409b076800bacd2bec4e2') in 0.022634 seconds
Number of updated asset objects reloaded before import = 0
Number of asset objects unloaded after import = 10
========================================================================
Received Import Request.
  Time since last request: 0.000028 seconds.
  path: Assets/AddedAssets/Props/Low Poly City Asset/Prefabs/Environment/Flower1.prefab
  artifactKey: Guid(c6ea123424756a54c81d0104ef48609c) Importer(815301076,1909f56bfc062723c751e8b465ee728b)
Start importing Assets/AddedAssets/Props/Low Poly City Asset/Prefabs/Environment/Flower1.prefab using Guid(c6ea123424756a54c81d0104ef48609c) Importer(815301076,1909f56bfc062723c751e8b465ee728b)  -> (artifact id: 'af197caae2a501d2411f5b2abe6bec4b') in 0.023772 seconds
Number of updated asset objects reloaded before import = 0
Number of asset objects unloaded after import = 10
========================================================================
Received Import Request.
  Time since last request: 0.000021 seconds.
  path: Assets/AddedAssets/Props/Low Poly City Asset/Prefabs/Environment/Bush2.prefab
  artifactKey: Guid(64436dfb7760fcd4b863f1e87f1c89fc) Importer(815301076,1909f56bfc062723c751e8b465ee728b)
Start importing Assets/AddedAssets/Props/Low Poly City Asset/Prefabs/Environment/Bush2.prefab using Guid(64436dfb7760fcd4b863f1e87f1c89fc) Importer(815301076,1909f56bfc062723c751e8b465ee728b)  -> (artifact id: '05e0f8182974c72dab2c839ef42d2d3d') in 0.022998 seconds
Number of updated asset objects reloaded before import = 0
Number of asset objects unloaded after import = 10
========================================================================
Received Import Request.
  Time since last request: 0.000033 seconds.
  path: Assets/AddedAssets/Props/Low Poly City Asset/Prefabs/Environment/fountain6.prefab
  artifactKey: Guid(3c92dc8a0cb04c341ab2af00ac1ad44f) Importer(815301076,1909f56bfc062723c751e8b465ee728b)
Start importing Assets/AddedAssets/Props/Low Poly City Asset/Prefabs/Environment/fountain6.prefab using Guid(3c92dc8a0cb04c341ab2af00ac1ad44f) Importer(815301076,1909f56bfc062723c751e8b465ee728b)  -> (artifact id: 'b5291cf6c9d3b99e2da85dcae97014cf') in 0.022845 seconds
Number of updated asset objects reloaded before import = 0
Number of asset objects unloaded after import = 10
========================================================================
Received Import Request.
  Time since last request: 0.000021 seconds.
  path: Assets/AddedAssets/Props/Low Poly City Asset/Prefabs/Environment/Bench5.prefab
  artifactKey: Guid(df26106b4b7c453448c6ca707afdee3c) Importer(815301076,1909f56bfc062723c751e8b465ee728b)
Start importing Assets/AddedAssets/Props/Low Poly City Asset/Prefabs/Environment/Bench5.prefab using Guid(df26106b4b7c453448c6ca707afdee3c) Importer(815301076,1909f56bfc062723c751e8b465ee728b)  -> (artifact id: '277b8948f3fe7654cf338f19ff2d511c') in 0.024189 seconds
Number of updated asset objects reloaded before import = 0
Number of asset objects unloaded after import = 10
========================================================================
Received Import Request.
  Time since last request: 0.408659 seconds.
  path: Assets/AddedAssets/Props/Low Poly City Asset/Prefabs/Environment/Lantern1.prefab
  artifactKey: Guid(af0595afe0401804a985055d25571659) Importer(815301076,1909f56bfc062723c751e8b465ee728b)
Start importing Assets/AddedAssets/Props/Low Poly City Asset/Prefabs/Environment/Lantern1.prefab using Guid(af0595afe0401804a985055d25571659) Importer(815301076,1909f56bfc062723c751e8b465ee728b)  -> (artifact id: '613affdda646f2ba58723d40d31394a4') in 0.020548 seconds
Number of updated asset objects reloaded before import = 0
Number of asset objects unloaded after import = 11
========================================================================
Received Import Request.
  Time since last request: 0.000019 seconds.
  path: Assets/AddedAssets/Props/Low Poly City Asset/Prefabs/Environment/Park3.prefab
  artifactKey: Guid(3ad7d1dabae78bf4fbd0b1e70b1faeaa) Importer(815301076,1909f56bfc062723c751e8b465ee728b)
Start importing Assets/AddedAssets/Props/Low Poly City Asset/Prefabs/Environment/Park3.prefab using Guid(3ad7d1dabae78bf4fbd0b1e70b1faeaa) Importer(815301076,1909f56bfc062723c751e8b465ee728b)  -> (artifact id: 'c8b70e7de2a673f9862c71a9ef6722ed') in 0.026756 seconds
Number of updated asset objects reloaded before import = 0
Number of asset objects unloaded after import = 10
========================================================================
Received Import Request.
  Time since last request: 0.000020 seconds.
  path: Assets/AddedAssets/Props/Low Poly City Asset/Prefabs/Environment/Parking_Gate_1.prefab
  artifactKey: Guid(12a00e813cabdd6469f35e39bfe4811a) Importer(815301076,1909f56bfc062723c751e8b465ee728b)
Start importing Assets/AddedAssets/Props/Low Poly City Asset/Prefabs/Environment/Parking_Gate_1.prefab using Guid(12a00e813cabdd6469f35e39bfe4811a) Importer(815301076,1909f56bfc062723c751e8b465ee728b)  -> (artifact id: 'c8b806c5a3c0673e7ca3cafcfd625294') in 0.019100 seconds
Number of updated asset objects reloaded before import = 0
Number of asset objects unloaded after import = 16
========================================================================
Received Import Request.
  Time since last request: 0.000017 seconds.
  path: Assets/AddedAssets/Props/Low Poly City Asset/Prefabs/Environment/Lantern3.prefab
  artifactKey: Guid(bb129f464cb89d94a8a2a9550ed231d9) Importer(815301076,1909f56bfc062723c751e8b465ee728b)
Start importing Assets/AddedAssets/Props/Low Poly City Asset/Prefabs/Environment/Lantern3.prefab using Guid(bb129f464cb89d94a8a2a9550ed231d9) Importer(815301076,1909f56bfc062723c751e8b465ee728b)  -> (artifact id: 'f6c42a4664d1744e5496095848334020') in 0.018869 seconds
Number of updated asset objects reloaded before import = 0
Number of asset objects unloaded after import = 10
========================================================================
Received Import Request.
  Time since last request: 0.000017 seconds.
  path: Assets/AddedAssets/Props/Low Poly City Asset/Prefabs/Environment/Rock6.prefab
  artifactKey: Guid(b1a2de78b6159454bac7a890e1e206b6) Importer(815301076,1909f56bfc062723c751e8b465ee728b)
Start importing Assets/AddedAssets/Props/Low Poly City Asset/Prefabs/Environment/Rock6.prefab using Guid(b1a2de78b6159454bac7a890e1e206b6) Importer(815301076,1909f56bfc062723c751e8b465ee728b)  -> (artifact id: '3f3017e82b7467c1aa14f43fd2928571') in 0.022086 seconds
Number of updated asset objects reloaded before import = 0
Number of asset objects unloaded after import = 10
========================================================================
Received Import Request.
  Time since last request: 0.000028 seconds.
  path: Assets/AddedAssets/Props/Low Poly City Asset/Prefabs/Environment/Rock9.prefab
  artifactKey: Guid(fcba6df47dfbcc44298e6a142cb2fa9a) Importer(815301076,1909f56bfc062723c751e8b465ee728b)
Start importing Assets/AddedAssets/Props/Low Poly City Asset/Prefabs/Environment/Rock9.prefab using Guid(fcba6df47dfbcc44298e6a142cb2fa9a) Importer(815301076,1909f56bfc062723c751e8b465ee728b)  -> (artifact id: '95e726135336f0fafd9027fa5656a039') in 0.023495 seconds
Number of updated asset objects reloaded before import = 0
Number of asset objects unloaded after import = 11
========================================================================
Received Import Request.
  Time since last request: 0.000026 seconds.
  path: Assets/AddedAssets/Props/Low Poly City Asset/Prefabs/Environment/Rock7.prefab
  artifactKey: Guid(a872d0ab555d8a648bfb205318a68b2a) Importer(815301076,1909f56bfc062723c751e8b465ee728b)
Start importing Assets/AddedAssets/Props/Low Poly City Asset/Prefabs/Environment/Rock7.prefab using Guid(a872d0ab555d8a648bfb205318a68b2a) Importer(815301076,1909f56bfc062723c751e8b465ee728b)  -> (artifact id: 'a4e31313cd6a31b7752f3e621300512d') in 0.020454 seconds
Number of updated asset objects reloaded before import = 0
Number of asset objects unloaded after import = 11
========================================================================
Received Import Request.
  Time since last request: 0.000017 seconds.
  path: Assets/AddedAssets/Props/Low Poly City Asset/Prefabs/Environment/Trash_bin3_1.prefab
  artifactKey: Guid(376e6a2b484f4784d9531acde7415f6e) Importer(815301076,1909f56bfc062723c751e8b465ee728b)
Start importing Assets/AddedAssets/Props/Low Poly City Asset/Prefabs/Environment/Trash_bin3_1.prefab using Guid(376e6a2b484f4784d9531acde7415f6e) Importer(815301076,1909f56bfc062723c751e8b465ee728b)  -> (artifact id: 'ab30f0fef80fe30a8e34840749c33ae3') in 0.024386 seconds
Number of updated asset objects reloaded before import = 0
Number of asset objects unloaded after import = 16
========================================================================
Received Import Request.
  Time since last request: 0.000022 seconds.
  path: Assets/AddedAssets/Props/Low Poly City Asset/Prefabs/Environment/Traffic_cone.prefab
  artifactKey: Guid(a472828d2376ca04d8943e5a2e1d425c) Importer(815301076,1909f56bfc062723c751e8b465ee728b)
Start importing Assets/AddedAssets/Props/Low Poly City Asset/Prefabs/Environment/Traffic_cone.prefab using Guid(a472828d2376ca04d8943e5a2e1d425c) Importer(815301076,1909f56bfc062723c751e8b465ee728b)  -> (artifact id: '4e3115087d0a590511b6c22184788a46') in 0.023729 seconds
Number of updated asset objects reloaded before import = 0
Number of asset objects unloaded after import = 10
========================================================================
Received Import Request.
  Time since last request: 0.000018 seconds.
  path: Assets/AddedAssets/Props/Low Poly City Asset/Prefabs/Environment/Table.prefab
  artifactKey: Guid(f3e7779922c204b4a9bc5ed261e59f32) Importer(815301076,1909f56bfc062723c751e8b465ee728b)
Start importing Assets/AddedAssets/Props/Low Poly City Asset/Prefabs/Environment/Table.prefab using Guid(f3e7779922c204b4a9bc5ed261e59f32) Importer(815301076,1909f56bfc062723c751e8b465ee728b)  -> (artifact id: '3956e7111f0576358750ab75d71cc7c7') in 0.022446 seconds
Number of updated asset objects reloaded before import = 0
Number of asset objects unloaded after import = 10
========================================================================
Received Import Request.
  Time since last request: 0.000020 seconds.
  path: Assets/AddedAssets/Props/Low Poly City Asset/Prefabs/Environment/Trash_bin3_2.prefab
  artifactKey: Guid(13e08f8f763e77444a18f7025e392d5b) Importer(815301076,1909f56bfc062723c751e8b465ee728b)
Start importing Assets/AddedAssets/Props/Low Poly City Asset/Prefabs/Environment/Trash_bin3_2.prefab using Guid(13e08f8f763e77444a18f7025e392d5b) Importer(815301076,1909f56bfc062723c751e8b465ee728b)  -> (artifact id: '336fcc0c7b888e5add0471771b69ab10') in 0.021805 seconds
Number of updated asset objects reloaded before import = 0
Number of asset objects unloaded after import = 16
========================================================================
Received Import Request.
  Time since last request: 0.000019 seconds.
  path: Assets/AddedAssets/Props/Low Poly City Asset/Prefabs/Environment/Rock5.prefab
  artifactKey: Guid(778709b88e146c9428d16340cbab8d69) Importer(815301076,1909f56bfc062723c751e8b465ee728b)
Start importing Assets/AddedAssets/Props/Low Poly City Asset/Prefabs/Environment/Rock5.prefab using Guid(778709b88e146c9428d16340cbab8d69) Importer(815301076,1909f56bfc062723c751e8b465ee728b)  -> (artifact id: '91be8b5fbbfd9b8952ec3177f0a8cc79') in 0.020155 seconds
Number of updated asset objects reloaded before import = 0
Number of asset objects unloaded after import = 10
========================================================================
Received Import Request.
  Time since last request: 0.000025 seconds.
  path: Assets/AddedAssets/Props/Low Poly City Asset/Prefabs/Environment/Tree1.prefab
  artifactKey: Guid(9bf896e73923cbe4a92034bdb2557112) Importer(815301076,1909f56bfc062723c751e8b465ee728b)
Start importing Assets/AddedAssets/Props/Low Poly City Asset/Prefabs/Environment/Tree1.prefab using Guid(9bf896e73923cbe4a92034bdb2557112) Importer(815301076,1909f56bfc062723c751e8b465ee728b)  -> (artifact id: 'ebcdfd7f6e3a92c61f9a67a99e1b8508') in 0.021067 seconds
Number of updated asset objects reloaded before import = 0
Number of asset objects unloaded after import = 10
========================================================================
Received Import Request.
  Time since last request: 0.000027 seconds.
  path: Assets/AddedAssets/Props/Low Poly City Asset/Prefabs/Environment/Tree7.prefab
  artifactKey: Guid(0259a52d9a671024ca2b3c945bb6e39e) Importer(815301076,1909f56bfc062723c751e8b465ee728b)
Start importing Assets/AddedAssets/Props/Low Poly City Asset/Prefabs/Environment/Tree7.prefab using Guid(0259a52d9a671024ca2b3c945bb6e39e) Importer(815301076,1909f56bfc062723c751e8b465ee728b)  -> (artifact id: '8db4d4f6d6a554d51c85734d394582ed') in 0.023503 seconds
Number of updated asset objects reloaded before import = 0
Number of asset objects unloaded after import = 10
========================================================================
Received Import Request.
  Time since last request: 0.000018 seconds.
  path: Assets/AddedAssets/Props/Low Poly City Asset/Prefabs/Environment/Tree9.prefab
  artifactKey: Guid(32cfe512c7bb8834a959e9a2fbd1902b) Importer(815301076,1909f56bfc062723c751e8b465ee728b)
Start importing Assets/AddedAssets/Props/Low Poly City Asset/Prefabs/Environment/Tree9.prefab using Guid(32cfe512c7bb8834a959e9a2fbd1902b) Importer(815301076,1909f56bfc062723c751e8b465ee728b)  -> (artifact id: '123634aaed288479cfffa9c22703c2dd') in 0.022152 seconds
Number of updated asset objects reloaded before import = 0
Number of asset objects unloaded after import = 10
========================================================================
Received Import Request.
  Time since last request: 0.000020 seconds.
  path: Assets/AddedAssets/Props/Low Poly City Asset/Prefabs/Environment/Tree15.prefab
  artifactKey: Guid(92da00bc28c06e24d88859c4a68da80f) Importer(815301076,1909f56bfc062723c751e8b465ee728b)
Start importing Assets/AddedAssets/Props/Low Poly City Asset/Prefabs/Environment/Tree15.prefab using Guid(92da00bc28c06e24d88859c4a68da80f) Importer(815301076,1909f56bfc062723c751e8b465ee728b)  -> (artifact id: 'f54508c858240395bad4e7b8bb335aca') in 0.027672 seconds
Number of updated asset objects reloaded before import = 0
Number of asset objects unloaded after import = 10
========================================================================
Received Import Request.
  Time since last request: 0.000017 seconds.
  path: Assets/AddedAssets/Props/Low Poly City Asset/Prefabs/Environment/Tree16.prefab
  artifactKey: Guid(97406012b0cb6ec44966876f9b290bd2) Importer(815301076,1909f56bfc062723c751e8b465ee728b)
Start importing Assets/AddedAssets/Props/Low Poly City Asset/Prefabs/Environment/Tree16.prefab using Guid(97406012b0cb6ec44966876f9b290bd2) Importer(815301076,1909f56bfc062723c751e8b465ee728b)  -> (artifact id: 'ee5929341a906f008a14efdbfb22dbae') in 0.028862 seconds
Number of updated asset objects reloaded before import = 0
Number of asset objects unloaded after import = 10
========================================================================
Received Import Request.
  Time since last request: 0.000022 seconds.
  path: Assets/AddedAssets/Props/Low Poly City Asset/Prefabs/Environment/Tree8.prefab
  artifactKey: Guid(bb7944ffb9daf9345adf550804ca160a) Importer(815301076,1909f56bfc062723c751e8b465ee728b)
Start importing Assets/AddedAssets/Props/Low Poly City Asset/Prefabs/Environment/Tree8.prefab using Guid(bb7944ffb9daf9345adf550804ca160a) Importer(815301076,1909f56bfc062723c751e8b465ee728b)  -> (artifact id: 'dca750920bac5e715eae82d41293b283') in 0.025905 seconds
Number of updated asset objects reloaded before import = 0
Number of asset objects unloaded after import = 10
========================================================================
Received Import Request.
  Time since last request: 0.000018 seconds.
  path: Assets/AddedAssets/Props/Low Poly City Asset/Prefabs/Environment/Tree6.prefab
  artifactKey: Guid(086ec9441f355d14da33b95fd8ce9f02) Importer(815301076,1909f56bfc062723c751e8b465ee728b)
Start importing Assets/AddedAssets/Props/Low Poly City Asset/Prefabs/Environment/Tree6.prefab using Guid(086ec9441f355d14da33b95fd8ce9f02) Importer(815301076,1909f56bfc062723c751e8b465ee728b)  -> (artifact id: '0b805ea06edc40b1b733cb759eaf88e8') in 0.028165 seconds
Number of updated asset objects reloaded before import = 0
Number of asset objects unloaded after import = 10
========================================================================
Received Import Request.
  Time since last request: 0.000023 seconds.
  path: Assets/AddedAssets/Props/Low Poly City Asset/Prefabs/Environment/Rock1.prefab
  artifactKey: Guid(e5a80ed26b7566248a310e14ee1e720f) Importer(815301076,1909f56bfc062723c751e8b465ee728b)
Start importing Assets/AddedAssets/Props/Low Poly City Asset/Prefabs/Environment/Rock1.prefab using Guid(e5a80ed26b7566248a310e14ee1e720f) Importer(815301076,1909f56bfc062723c751e8b465ee728b)  -> (artifact id: '9b08e59ae34632b6b888677fabdc2b2a') in 0.024275 seconds
Number of updated asset objects reloaded before import = 0
Number of asset objects unloaded after import = 10
========================================================================
Received Import Request.
  Time since last request: 0.000037 seconds.
  path: Assets/AddedAssets/Props/Low Poly City Asset/Prefabs/Environment/Rock2.prefab
  artifactKey: Guid(c7c11eeef6c922646afa56a3ed699296) Importer(815301076,1909f56bfc062723c751e8b465ee728b)
Start importing Assets/AddedAssets/Props/Low Poly City Asset/Prefabs/Environment/Rock2.prefab using Guid(c7c11eeef6c922646afa56a3ed699296) Importer(815301076,1909f56bfc062723c751e8b465ee728b)  -> (artifact id: '3511098e3ba495033f08d637d8f0f596') in 0.025070 seconds
Number of updated asset objects reloaded before import = 0
Number of asset objects unloaded after import = 10
========================================================================
Received Import Request.
  Time since last request: 0.000022 seconds.
  path: Assets/AddedAssets/Props/Low Poly City Asset/Prefabs/Environment/Parking_Gate_3.prefab
  artifactKey: Guid(f24d42ed0c618cc47b2a97777aed7856) Importer(815301076,1909f56bfc062723c751e8b465ee728b)
Start importing Assets/AddedAssets/Props/Low Poly City Asset/Prefabs/Environment/Parking_Gate_3.prefab using Guid(f24d42ed0c618cc47b2a97777aed7856) Importer(815301076,1909f56bfc062723c751e8b465ee728b)  -> (artifact id: '64548f9e21fbc8fc2735ea1498adecae') in 0.023286 seconds
Number of updated asset objects reloaded before import = 0
Number of asset objects unloaded after import = 16
========================================================================
Received Import Request.
  Time since last request: 0.000019 seconds.
  path: Assets/AddedAssets/Props/Low Poly City Asset/Prefabs/Environment/Rock10.prefab
  artifactKey: Guid(c68491a863c1c32468f21dd2cb3b71ee) Importer(815301076,1909f56bfc062723c751e8b465ee728b)
Start importing Assets/AddedAssets/Props/Low Poly City Asset/Prefabs/Environment/Rock10.prefab using Guid(c68491a863c1c32468f21dd2cb3b71ee) Importer(815301076,1909f56bfc062723c751e8b465ee728b)  -> (artifact id: '358572abdc60ba5c8e149f01c605c068') in 0.028433 seconds
Number of updated asset objects reloaded before import = 0
Number of asset objects unloaded after import = 11
========================================================================
Received Import Request.
  Time since last request: 0.000018 seconds.
  path: Assets/AddedAssets/Props/Low Poly City Asset/Prefabs/Environment/Lantern2.prefab
  artifactKey: Guid(4a64456334c94be4bb8d72cbd4e17045) Importer(815301076,1909f56bfc062723c751e8b465ee728b)
Start importing Assets/AddedAssets/Props/Low Poly City Asset/Prefabs/Environment/Lantern2.prefab using Guid(4a64456334c94be4bb8d72cbd4e17045) Importer(815301076,1909f56bfc062723c751e8b465ee728b)  -> (artifact id: 'e523f8fa2794bc2ebc3431472794d45a') in 0.023555 seconds
Number of updated asset objects reloaded before import = 0
Number of asset objects unloaded after import = 11
========================================================================
Received Import Request.
  Time since last request: 3373.447851 seconds.
  path: Assets/AddedAssets/UI/ResourcesData/Particle/Materials/fx_boxlight_blur.mat
  artifactKey: Guid(37d14ae22b5ce40d582ae779639c856c) Importer(815301076,1909f56bfc062723c751e8b465ee728b)
Start importing Assets/AddedAssets/UI/ResourcesData/Particle/Materials/fx_boxlight_blur.mat using Guid(37d14ae22b5ce40d582ae779639c856c) Importer(815301076,1909f56bfc062723c751e8b465ee728b)  -> (artifact id: '5316bbbab454c46377f3e2a31d28bce2') in 0.051972 seconds
Number of updated asset objects reloaded before import = 0
Number of asset objects unloaded after import = 2
========================================================================
Received Import Request.
  Time since last request: 0.000031 seconds.
  path: Assets/AddedAssets/UI/ResourcesData/Particle/Materials/fx_special_particle_blue.mat
  artifactKey: Guid(e6f4d75db0d90446589504ad879cb46e) Importer(815301076,1909f56bfc062723c751e8b465ee728b)
Start importing Assets/AddedAssets/UI/ResourcesData/Particle/Materials/fx_special_particle_blue.mat using Guid(e6f4d75db0d90446589504ad879cb46e) Importer(815301076,1909f56bfc062723c751e8b465ee728b)  -> (artifact id: '44300f1f2f5a2f5b7e5c7ede55afe284') in 0.021448 seconds
Number of updated asset objects reloaded before import = 0
Number of asset objects unloaded after import = 2
========================================================================
Received Import Request.
  Time since last request: 0.000024 seconds.
  path: Assets/AddedAssets/UI/ResourcesData/Particle/Materials/fx_star_blue_blended.mat
  artifactKey: Guid(649a3c10c127a479a81ed81fcbf85b0e) Importer(815301076,1909f56bfc062723c751e8b465ee728b)
Start importing Assets/AddedAssets/UI/ResourcesData/Particle/Materials/fx_star_blue_blended.mat using Guid(649a3c10c127a479a81ed81fcbf85b0e) Importer(815301076,1909f56bfc062723c751e8b465ee728b)  -> (artifact id: '90d45a60e04597a6e75c1db7fdf697ae') in 0.020398 seconds
Number of updated asset objects reloaded before import = 0
Number of asset objects unloaded after import = 2
========================================================================
Received Import Request.
  Time since last request: 0.000017 seconds.
  path: Assets/AddedAssets/UI/ResourcesData/Particle/Materials/fx_special_particle_yellow_blended.mat
  artifactKey: Guid(dbef6ab02e5dc455fb168c40b7d060af) Importer(815301076,1909f56bfc062723c751e8b465ee728b)
Start importing Assets/AddedAssets/UI/ResourcesData/Particle/Materials/fx_special_particle_yellow_blended.mat using Guid(dbef6ab02e5dc455fb168c40b7d060af) Importer(815301076,1909f56bfc062723c751e8b465ee728b)  -> (artifact id: 'a5d0412dadd5cf4908b3b5f593380b41') in 0.018373 seconds
Number of updated asset objects reloaded before import = 0
Number of asset objects unloaded after import = 2
========================================================================
Received Import Request.
  Time since last request: 0.000016 seconds.
  path: Assets/AddedAssets/Props/CoindropAssets/Skybox/SkyboxBlue.mat
  artifactKey: Guid(59aba31e3b0d93640aada0e89412d70b) Importer(815301076,1909f56bfc062723c751e8b465ee728b)
Start importing Assets/AddedAssets/Props/CoindropAssets/Skybox/SkyboxBlue.mat using Guid(59aba31e3b0d93640aada0e89412d70b) Importer(815301076,1909f56bfc062723c751e8b465ee728b)  -> (artifact id: '506e1a24e130693d806326069422ff4c') in 0.105726 seconds
Number of updated asset objects reloaded before import = 0
Number of asset objects unloaded after import = 1
========================================================================
Received Import Request.
  Time since last request: 0.000027 seconds.
  path: Assets/AddedAssets/UI/ResourcesData/Particle/Materials/fx_star_yellow_blended.mat
  artifactKey: Guid(fe1e304ea15d24887bbe097b012a36f3) Importer(815301076,1909f56bfc062723c751e8b465ee728b)
Start importing Assets/AddedAssets/UI/ResourcesData/Particle/Materials/fx_star_yellow_blended.mat using Guid(fe1e304ea15d24887bbe097b012a36f3) Importer(815301076,1909f56bfc062723c751e8b465ee728b)  -> (artifact id: '2a44a572e72fd24f7c1729ac56b272d8') in 0.024981 seconds
Number of updated asset objects reloaded before import = 0
Number of asset objects unloaded after import = 2
========================================================================
Received Import Request.
  Time since last request: 18.696785 seconds.
  path: Assets/AddedAssets/Characters/LowpolyHats/Meshes/m_UmbrellaHat01.fbx
  artifactKey: Guid(80838c58a0e79874f98915e112ab7b20) Importer(815301076,1909f56bfc062723c751e8b465ee728b)
Start importing Assets/AddedAssets/Characters/LowpolyHats/Meshes/m_UmbrellaHat01.fbx using Guid(80838c58a0e79874f98915e112ab7b20) Importer(815301076,1909f56bfc062723c751e8b465ee728b)  -> (artifact id: 'db1401106742b13b899ca4a0f274b994') in 0.061623 seconds
Number of updated asset objects reloaded before import = 0
Number of asset objects unloaded after import = 8
========================================================================
Received Import Request.
  Time since last request: 0.000023 seconds.
  path: Assets/AddedAssets/Characters/LowpolyHats/ExampleScene/Skyboxes/Skybox_Clouds.mat
  artifactKey: Guid(b47ffd87cf64028458ecef432ea4a2ac) Importer(815301076,1909f56bfc062723c751e8b465ee728b)
Start importing Assets/AddedAssets/Characters/LowpolyHats/ExampleScene/Skyboxes/Skybox_Clouds.mat using Guid(b47ffd87cf64028458ecef432ea4a2ac) Importer(815301076,1909f56bfc062723c751e8b465ee728b)  -> (artifact id: '379e324b0d13b777f63210031444512b') in 0.273603 seconds
Number of updated asset objects reloaded before import = 0
Number of asset objects unloaded after import = 1
========================================================================
Received Import Request.
  Time since last request: 4.692933 seconds.
  path: Assets/AddedAssets/Particles/Anime Particles/Particles/Materials/Angry.mat
  artifactKey: Guid(d147b38b6ea337f40871a8d28828f4d1) Importer(815301076,1909f56bfc062723c751e8b465ee728b)
Start importing Assets/AddedAssets/Particles/Anime Particles/Particles/Materials/Angry.mat using Guid(d147b38b6ea337f40871a8d28828f4d1) Importer(815301076,1909f56bfc062723c751e8b465ee728b)  -> (artifact id: '43578bf1bcd5bdf9caa3dd864d852c04') in 0.044819 seconds
Number of updated asset objects reloaded before import = 0
Number of asset objects unloaded after import = 2
========================================================================
Received Import Request.
  Time since last request: 0.003081 seconds.
  path: Assets/AddedAssets/Kevin Iglesias/Archer Animations/Materials/ArcherMaterial.mat
  artifactKey: Guid(4a452bd606897cb4fb09f57ee253805a) Importer(815301076,1909f56bfc062723c751e8b465ee728b)
Start importing Assets/AddedAssets/Kevin Iglesias/Archer Animations/Materials/ArcherMaterial.mat using Guid(4a452bd606897cb4fb09f57ee253805a) Importer(815301076,1909f56bfc062723c751e8b465ee728b)  -> (artifact id: '170252e4ba4a3d96fb998d31b294ec6b') in 0.053379 seconds
Number of updated asset objects reloaded before import = 0
Number of asset objects unloaded after import = 2
========================================================================
Received Import Request.
  Time since last request: 173.777252 seconds.
  path: Assets/AddedAssets/Characters/Quirky Series Vol.4 [v1.3]/River Vol.2/Materials/M_CapybarArmy.mat
  artifactKey: Guid(8db4da187616e9046b58e2328a36414c) Importer(815301076,1909f56bfc062723c751e8b465ee728b)
Start importing Assets/AddedAssets/Characters/Quirky Series Vol.4 [v1.3]/River Vol.2/Materials/M_CapybarArmy.mat using Guid(8db4da187616e9046b58e2328a36414c) Importer(815301076,1909f56bfc062723c751e8b465ee728b)  -> (artifact id: '2ce915d5200ba1ed410e85bf734f1f42') in 0.017826 seconds
Number of updated asset objects reloaded before import = 0
Number of asset objects unloaded after import = 2
========================================================================
Received Import Request.
  Time since last request: 7.751212 seconds.
  path: Assets/Plugins/Zenject/OptionalExtras/SampleGame1 (Beginner)/Media/Imported/SpaceShip/Space_Shooter.fbm/1K_Body-NM.jpg
  artifactKey: Guid(9d1afd1910615b04c85c97274b296bb9) Importer(815301076,1909f56bfc062723c751e8b465ee728b)
Start importing Assets/Plugins/Zenject/OptionalExtras/SampleGame1 (Beginner)/Media/Imported/SpaceShip/Space_Shooter.fbm/1K_Body-NM.jpg using Guid(9d1afd1910615b04c85c97274b296bb9) Importer(815301076,1909f56bfc062723c751e8b465ee728b)  -> (artifact id: 'c1c09717e0d2055427ef76963d77cd52') in 0.061128 seconds
Number of updated asset objects reloaded before import = 0
Number of asset objects unloaded after import = 2
========================================================================
Received Import Request.
  Time since last request: 0.005602 seconds.
  path: Assets/FlatKit/Demos/[Demo] Mugs/Mugs-Materials/2 - OneColorVariousParameters/BlPrMugs-Scene_2_RampTextures/02.2-BlueprintGrid-Mug-14_CelStepTexture-ramp.png
  artifactKey: Guid(953f01b1bb2df4bd29ea2cbb2576b45a) Importer(815301076,1909f56bfc062723c751e8b465ee728b)
Start importing Assets/FlatKit/Demos/[Demo] Mugs/Mugs-Materials/2 - OneColorVariousParameters/BlPrMugs-Scene_2_RampTextures/02.2-BlueprintGrid-Mug-14_CelStepTexture-ramp.png using Guid(953f01b1bb2df4bd29ea2cbb2576b45a) Importer(815301076,1909f56bfc062723c751e8b465ee728b)  -> (artifact id: '802ae2f696f378cf67233550e4cc4d4f') in 0.017878 seconds
Number of updated asset objects reloaded before import = 0
Number of asset objects unloaded after import = 2
========================================================================
Received Import Request.
  Time since last request: 0.000017 seconds.
  path: Assets/FlatKit/Demos/[Demo] Fruit Vase/FruitVase-Materials/FV-Scene 3 - Mode_Steps-Toony/FV-Scene-3-Ramps/3-Apple_CelStepTexture-ramp.png
  artifactKey: Guid(78c2d841021c84ed1aa5eb3e478ff412) Importer(815301076,1909f56bfc062723c751e8b465ee728b)
Start importing Assets/FlatKit/Demos/[Demo] Fruit Vase/FruitVase-Materials/FV-Scene 3 - Mode_Steps-Toony/FV-Scene-3-Ramps/3-Apple_CelStepTexture-ramp.png using Guid(78c2d841021c84ed1aa5eb3e478ff412) Importer(815301076,1909f56bfc062723c751e8b465ee728b)  -> (artifact id: '18d7c63c999116a9d2f8ecf6966acbb2') in 0.017807 seconds
Number of updated asset objects reloaded before import = 0
Number of asset objects unloaded after import = 2
========================================================================
Received Import Request.
  Time since last request: 0.000021 seconds.
  path: Assets/FlatKit/Demos/[Demo] Mugs/Mugs-Materials/2 - OneColorVariousParameters/BlPrMugs-Scene_2_RampTextures/02.2-BlueprintGrid-Mug-8_CelCurveTexture-ramp.png
  artifactKey: Guid(f18f259c2f45e489e9380c0a7c425d42) Importer(815301076,1909f56bfc062723c751e8b465ee728b)
Start importing Assets/FlatKit/Demos/[Demo] Mugs/Mugs-Materials/2 - OneColorVariousParameters/BlPrMugs-Scene_2_RampTextures/02.2-BlueprintGrid-Mug-8_CelCurveTexture-ramp.png using Guid(f18f259c2f45e489e9380c0a7c425d42) Importer(815301076,1909f56bfc062723c751e8b465ee728b)  -> (artifact id: '4fbe8f1ed8ef5354089fe8fbfebca7cd') in 0.017122 seconds
Number of updated asset objects reloaded before import = 0
Number of asset objects unloaded after import = 2
========================================================================
Received Import Request.
  Time since last request: 0.000017 seconds.
  path: Assets/FlatKit/Demos/[Demo] Fruit Vase/FruitVase-Materials/FV-Scene 3 - Mode_Steps-Toony/FV-Scene-3-Ramps/3-Vase_CelStepTexture-ramp.png
  artifactKey: Guid(98436fad2f42d43a089781f560f8d67b) Importer(815301076,1909f56bfc062723c751e8b465ee728b)
Start importing Assets/FlatKit/Demos/[Demo] Fruit Vase/FruitVase-Materials/FV-Scene 3 - Mode_Steps-Toony/FV-Scene-3-Ramps/3-Vase_CelStepTexture-ramp.png using Guid(98436fad2f42d43a089781f560f8d67b) Importer(815301076,1909f56bfc062723c751e8b465ee728b)  -> (artifact id: 'ab6d5f9f6d3afdf61dee5f5f88d2fb89') in 0.016926 seconds
Number of updated asset objects reloaded before import = 0
Number of asset objects unloaded after import = 2
========================================================================
Received Import Request.
  Time since last request: 0.000018 seconds.
  path: Assets/FlatKit/Demos/[Demo] Fruit Vase/FruitVase-Materials/FV-Scene 4 - Mode_Curve-Gradients/FV-Scene-4-Ramps/4-Plane_CelCurveTexture-ramp.png
  artifactKey: Guid(f40785d87b4df4da38be95d6cb2d0b92) Importer(815301076,1909f56bfc062723c751e8b465ee728b)
Start importing Assets/FlatKit/Demos/[Demo] Fruit Vase/FruitVase-Materials/FV-Scene 4 - Mode_Curve-Gradients/FV-Scene-4-Ramps/4-Plane_CelCurveTexture-ramp.png using Guid(f40785d87b4df4da38be95d6cb2d0b92) Importer(815301076,1909f56bfc062723c751e8b465ee728b)  -> (artifact id: '23e664139921dffcd10baa337dab6734') in 0.013854 seconds
Number of updated asset objects reloaded before import = 0
Number of asset objects unloaded after import = 2
========================================================================
Received Import Request.
  Time since last request: 0.000021 seconds.
  path: Assets/FlatKit/Demos/[Demo] Fruit Vase/FruitVase-Materials/FV-Scene 4 - Mode_Curve-Gradients/FV-Scene-4-Ramps/4-Cherries_CelCurveTexture-ramp.png
  artifactKey: Guid(ba4b66e1ec3d442d09e861e0914cc698) Importer(815301076,1909f56bfc062723c751e8b465ee728b)
Start importing Assets/FlatKit/Demos/[Demo] Fruit Vase/FruitVase-Materials/FV-Scene 4 - Mode_Curve-Gradients/FV-Scene-4-Ramps/4-Cherries_CelCurveTexture-ramp.png using Guid(ba4b66e1ec3d442d09e861e0914cc698) Importer(815301076,1909f56bfc062723c751e8b465ee728b)  -> (artifact id: '5b4f62bd96abd41b682cb4dcf3a4357f') in 0.013485 seconds
Number of updated asset objects reloaded before import = 0
Number of asset objects unloaded after import = 2
========================================================================
Received Import Request.
  Time since last request: 0.000017 seconds.
  path: Assets/Plugins/Zenject/OptionalExtras/SampleGame1 (Beginner)/Media/Imported/SpaceShip/Textures/512_TXTR+Spec.tif
  artifactKey: Guid(96dace51c0add3a46a111a286f8455a6) Importer(815301076,1909f56bfc062723c751e8b465ee728b)
Start importing Assets/Plugins/Zenject/OptionalExtras/SampleGame1 (Beginner)/Media/Imported/SpaceShip/Textures/512_TXTR+Spec.tif using Guid(96dace51c0add3a46a111a286f8455a6) Importer(815301076,1909f56bfc062723c751e8b465ee728b)  -> (artifact id: '62640d181f690cb98f262cf3fd3ca035') in 0.032208 seconds
Number of updated asset objects reloaded before import = 0
Number of asset objects unloaded after import = 2
========================================================================
Received Import Request.
  Time since last request: 0.000015 seconds.
  path: Assets/FlatKit/Demos/[Demo] Fruit Vase/FruitVase-Materials/FV-Scene 3 - Mode_Steps-Toony/FV-Scene-3-Ramps/3-Leaves_CelStepTexture-ramp.png
  artifactKey: Guid(e04f138cb02b040ddb9e637bb43675b0) Importer(815301076,1909f56bfc062723c751e8b465ee728b)
Start importing Assets/FlatKit/Demos/[Demo] Fruit Vase/FruitVase-Materials/FV-Scene 3 - Mode_Steps-Toony/FV-Scene-3-Ramps/3-Leaves_CelStepTexture-ramp.png using Guid(e04f138cb02b040ddb9e637bb43675b0) Importer(815301076,1909f56bfc062723c751e8b465ee728b)  -> (artifact id: 'c9c4f8f569998582db20d61c9bb2195e') in 0.016895 seconds
Number of updated asset objects reloaded before import = 0
Number of asset objects unloaded after import = 2
========================================================================
Received Import Request.
  Time since last request: 0.000077 seconds.
  path: Assets/FlatKit/Demos/[Demo] Fruit Vase/FruitVase-Materials/FV-Scene 3 - Mode_Steps-Toony/FV-Scene-3-Ramps/3-Grape_CelStepTexture-ramp.png
  artifactKey: Guid(e45f4cf5eba4b4de589c2f41bb52cc58) Importer(815301076,1909f56bfc062723c751e8b465ee728b)
Start importing Assets/FlatKit/Demos/[Demo] Fruit Vase/FruitVase-Materials/FV-Scene 3 - Mode_Steps-Toony/FV-Scene-3-Ramps/3-Grape_CelStepTexture-ramp.png using Guid(e45f4cf5eba4b4de589c2f41bb52cc58) Importer(815301076,1909f56bfc062723c751e8b465ee728b)  -> (artifact id: '5998b9185dd41de915d626f9a7c82949') in 0.023645 seconds
Number of updated asset objects reloaded before import = 0
Number of asset objects unloaded after import = 2
========================================================================
Received Import Request.
  Time since last request: 0.000027 seconds.
  path: Assets/FlatKit/Demos/[Demo] Fruit Vase/FruitVase-Materials/FV-Scene 4 - Mode_Curve-Gradients/FV-Scene-4-Ramps/4-Grenade_CelCurveTexture-ramp.png
  artifactKey: Guid(f6c5192c3616b495caa2282ec6670c1f) Importer(815301076,1909f56bfc062723c751e8b465ee728b)
Start importing Assets/FlatKit/Demos/[Demo] Fruit Vase/FruitVase-Materials/FV-Scene 4 - Mode_Curve-Gradients/FV-Scene-4-Ramps/4-Grenade_CelCurveTexture-ramp.png using Guid(f6c5192c3616b495caa2282ec6670c1f) Importer(815301076,1909f56bfc062723c751e8b465ee728b)  -> (artifact id: '8d44bd2fc86fe76988b8f9675bd938d4') in 0.024165 seconds
Number of updated asset objects reloaded before import = 0
Number of asset objects unloaded after import = 2
========================================================================
Received Import Request.
  Time since last request: 0.000021 seconds.
  path: Assets/FlatKit/Demos/[Demo] Fruit Vase/FruitVase-Materials/FV-Scene 4 - Mode_Curve-Gradients/FV-Scene-4-Ramps/4-Strawberry_CelCurveTexture-ramp.png
  artifactKey: Guid(518f52c8c275d4f11b61ab99d5ab7f7f) Importer(815301076,1909f56bfc062723c751e8b465ee728b)
Start importing Assets/FlatKit/Demos/[Demo] Fruit Vase/FruitVase-Materials/FV-Scene 4 - Mode_Curve-Gradients/FV-Scene-4-Ramps/4-Strawberry_CelCurveTexture-ramp.png using Guid(518f52c8c275d4f11b61ab99d5ab7f7f) Importer(815301076,1909f56bfc062723c751e8b465ee728b)  -> (artifact id: 'd30a6da7122fcc7603938c4ab8f2d1b7') in 0.019074 seconds
Number of updated asset objects reloaded before import = 0
Number of asset objects unloaded after import = 2
========================================================================
Received Import Request.
  Time since last request: 0.000023 seconds.
  path: Assets/FlatKit/Demos/[Demo] Fruit Vase/FruitVase-Materials/FV-Scene 3 - Mode_Steps-Toony/FV-Scene-3-Ramps/3-Plane2_CelStepTexture-ramp.png
  artifactKey: Guid(9a948dead24d448ad9ff6de57a5240fd) Importer(815301076,1909f56bfc062723c751e8b465ee728b)
Start importing Assets/FlatKit/Demos/[Demo] Fruit Vase/FruitVase-Materials/FV-Scene 3 - Mode_Steps-Toony/FV-Scene-3-Ramps/3-Plane2_CelStepTexture-ramp.png using Guid(9a948dead24d448ad9ff6de57a5240fd) Importer(815301076,1909f56bfc062723c751e8b465ee728b)  -> (artifact id: '39ea81f725ad48af2099c8d7b6ac6a77') in 0.017779 seconds
Number of updated asset objects reloaded before import = 0
Number of asset objects unloaded after import = 2
========================================================================
Received Import Request.
  Time since last request: 0.000017 seconds.
  path: Assets/FlatKit/Demos/[Demo] Fruit Vase/FruitVase-Materials/FV-Scene 3 - Mode_Steps-Toony/FV-Scene-3-Ramps/3-Strawberry_CelStepTexture-ramp.png
  artifactKey: Guid(bbc15913f91d743f2988eb8931e4cc6c) Importer(815301076,1909f56bfc062723c751e8b465ee728b)
Start importing Assets/FlatKit/Demos/[Demo] Fruit Vase/FruitVase-Materials/FV-Scene 3 - Mode_Steps-Toony/FV-Scene-3-Ramps/3-Strawberry_CelStepTexture-ramp.png using Guid(bbc15913f91d743f2988eb8931e4cc6c) Importer(815301076,1909f56bfc062723c751e8b465ee728b)  -> (artifact id: '85cb34d14c3b630098f2d5af54d5fb88') in 0.018432 seconds
Number of updated asset objects reloaded before import = 0
Number of asset objects unloaded after import = 2
========================================================================
Received Import Request.
  Time since last request: 0.000017 seconds.
  path: Assets/FlatKit/Demos/[Demo] Fruit Vase/FruitVase-Materials/FV-Scene 4 - Mode_Curve-Gradients/FV-Scene-4-Ramps/4-Grape_CelCurveTexture-ramp.png
  artifactKey: Guid(c969af59ed06a4347bee8eb2a3c15df4) Importer(815301076,1909f56bfc062723c751e8b465ee728b)
Start importing Assets/FlatKit/Demos/[Demo] Fruit Vase/FruitVase-Materials/FV-Scene 4 - Mode_Curve-Gradients/FV-Scene-4-Ramps/4-Grape_CelCurveTexture-ramp.png using Guid(c969af59ed06a4347bee8eb2a3c15df4) Importer(815301076,1909f56bfc062723c751e8b465ee728b)  -> (artifact id: '327f4c11d1c8b661a3c122e64c51fc5b') in 0.027484 seconds
Number of updated asset objects reloaded before import = 0
Number of asset objects unloaded after import = 2
========================================================================
Received Import Request.
  Time since last request: 0.000016 seconds.
  path: Assets/Plugins/Zenject/OptionalExtras/SampleGame1 (Beginner)/Media/Imported/SpaceShip/Space_Shooter.fbm/1K_Spec.jpg
  artifactKey: Guid(655ab62be1e02e34e88e39ed8c91a0c4) Importer(815301076,1909f56bfc062723c751e8b465ee728b)
Start importing Assets/Plugins/Zenject/OptionalExtras/SampleGame1 (Beginner)/Media/Imported/SpaceShip/Space_Shooter.fbm/1K_Spec.jpg using Guid(655ab62be1e02e34e88e39ed8c91a0c4) Importer(815301076,1909f56bfc062723c751e8b465ee728b)  -> (artifact id: '3df326670bbb9e801c03d9da4782f5f0') in 0.040181 seconds
Number of updated asset objects reloaded before import = 0
Number of asset objects unloaded after import = 2
========================================================================
Received Import Request.
  Time since last request: 0.000020 seconds.
  path: Assets/FlatKit/Demos/[Demo] Mugs/Resources/02.2-BlueprintGrid-Mug-3-step-ramp.png
  artifactKey: Guid(38539fc7f4d6b4360b2315e4ca9392a0) Importer(815301076,1909f56bfc062723c751e8b465ee728b)
Start importing Assets/FlatKit/Demos/[Demo] Mugs/Resources/02.2-BlueprintGrid-Mug-3-step-ramp.png using Guid(38539fc7f4d6b4360b2315e4ca9392a0) Importer(815301076,1909f56bfc062723c751e8b465ee728b)  -> (artifact id: 'cb148160b06f00f3903a84ba4d5661d3') in 0.019893 seconds
Number of updated asset objects reloaded before import = 0
Number of asset objects unloaded after import = 2
========================================================================
Received Import Request.
  Time since last request: 1.939568 seconds.
  path: Assets/Plugins/Zenject/OptionalExtras/SampleGame1 (Beginner)/Media/Imported/Textures/Campfireright.psd
  artifactKey: Guid(f6a7e4120ea5b4ca39d145c3f3b9669d) Importer(815301076,1909f56bfc062723c751e8b465ee728b)
Start importing Assets/Plugins/Zenject/OptionalExtras/SampleGame1 (Beginner)/Media/Imported/Textures/Campfireright.psd using Guid(f6a7e4120ea5b4ca39d145c3f3b9669d) Importer(815301076,1909f56bfc062723c751e8b465ee728b)  -> (artifact id: '65c8da8e47bd46b706fa6f67c5497eda') in 0.020623 seconds
Number of updated asset objects reloaded before import = 0
Number of asset objects unloaded after import = 2
========================================================================
Received Import Request.
  Time since last request: 0.000033 seconds.
  path: Assets/AddedAssets/Kevin Iglesias/Caster Mage Animations/Textures/CasterMageFloor.png
  artifactKey: Guid(010ef55df2842794aabcb7987e177680) Importer(815301076,1909f56bfc062723c751e8b465ee728b)
Start importing Assets/AddedAssets/Kevin Iglesias/Caster Mage Animations/Textures/CasterMageFloor.png using Guid(010ef55df2842794aabcb7987e177680) Importer(815301076,1909f56bfc062723c751e8b465ee728b)  -> (artifact id: 'ed3633d1d30982e32c613428fafc816d') in 0.027875 seconds
Number of updated asset objects reloaded before import = 0
Number of asset objects unloaded after import = 2
========================================================================
Received Import Request.
  Time since last request: 0.000015 seconds.
  path: Assets/AddedAssets/Props/CoindropAssets/Textures/GarbageCan_StoneTiles_Grass.psd
  artifactKey: Guid(0d04d7dc6e7263546883e1c63536883f) Importer(815301076,1909f56bfc062723c751e8b465ee728b)
Start importing Assets/AddedAssets/Props/CoindropAssets/Textures/GarbageCan_StoneTiles_Grass.psd using Guid(0d04d7dc6e7263546883e1c63536883f) Importer(815301076,1909f56bfc062723c751e8b465ee728b)  -> (artifact id: '62eb19f2e2452d89ef76d3c9b1742b58') in 0.030584 seconds
Number of updated asset objects reloaded before import = 0
Number of asset objects unloaded after import = 2
========================================================================
Received Import Request.
  Time since last request: 0.000017 seconds.
  path: Assets/AddedAssets/Characters/LowpolyHats/Textures/mat_LeatherCap01_Albedo.png
  artifactKey: Guid(be2d684bab76632438a2d18868b2336e) Importer(815301076,1909f56bfc062723c751e8b465ee728b)
Start importing Assets/AddedAssets/Characters/LowpolyHats/Textures/mat_LeatherCap01_Albedo.png using Guid(be2d684bab76632438a2d18868b2336e) Importer(815301076,1909f56bfc062723c751e8b465ee728b)  -> (artifact id: 'd31757fabd8874e989dc74b2d72ea0ef') in 0.076035 seconds
Number of updated asset objects reloaded before import = 0
Number of asset objects unloaded after import = 2
========================================================================
Received Import Request.
  Time since last request: 0.000022 seconds.
  path: Assets/AddedAssets/Characters/Quirky Series Vol.4 [v1.3]/River Vol.2/Textures/T_CapybaraChainsaw — копия.png
  artifactKey: Guid(7dc9093750d03ab488cd8cb185203dec) Importer(815301076,1909f56bfc062723c751e8b465ee728b)
Start importing Assets/AddedAssets/Characters/Quirky Series Vol.4 [v1.3]/River Vol.2/Textures/T_CapybaraChainsaw — копия.png using Guid(7dc9093750d03ab488cd8cb185203dec) Importer(815301076,1909f56bfc062723c751e8b465ee728b)  -> (artifact id: '839b528f2f0161ddbc833942f67e00e0') in 0.033861 seconds
Number of updated asset objects reloaded before import = 0
Number of asset objects unloaded after import = 2
========================================================================
Received Import Request.
  Time since last request: 0.000031 seconds.
  path: Assets/AddedAssets/Characters/LowpolyHats/Textures/mat_CandleHat01_Albedo.png
  artifactKey: Guid(54c066c71e9b9824f83a8ae35aca59b3) Importer(815301076,1909f56bfc062723c751e8b465ee728b)
Start importing Assets/AddedAssets/Characters/LowpolyHats/Textures/mat_CandleHat01_Albedo.png using Guid(54c066c71e9b9824f83a8ae35aca59b3) Importer(815301076,1909f56bfc062723c751e8b465ee728b)  -> (artifact id: 'a7be5be49b8edef7e6ac121110872bc7') in 0.055053 seconds
Number of updated asset objects reloaded before import = 0
Number of asset objects unloaded after import = 2
========================================================================
Received Import Request.
  Time since last request: 0.000019 seconds.
  path: Assets/Plugins/Zenject/OptionalExtras/SampleGame1 (Beginner)/Media/Imported/Textures/Candle.psd
  artifactKey: Guid(ea3fc985fb308433eb7ea824447f0426) Importer(815301076,1909f56bfc062723c751e8b465ee728b)
Start importing Assets/Plugins/Zenject/OptionalExtras/SampleGame1 (Beginner)/Media/Imported/Textures/Candle.psd using Guid(ea3fc985fb308433eb7ea824447f0426) Importer(815301076,1909f56bfc062723c751e8b465ee728b)  -> (artifact id: '187c54d2332629be7c567627f38b2fd2') in 0.023445 seconds
Number of updated asset objects reloaded before import = 0
Number of asset objects unloaded after import = 2
========================================================================
Received Import Request.
  Time since last request: 115.577034 seconds.
  path: Assets/Prefabs/Characters/ArmyCapybara.prefab
  artifactKey: Guid(b5ce718823f35cb4bad7184bfeed8bdd) Importer(815301076,1909f56bfc062723c751e8b465ee728b)
Start importing Assets/Prefabs/Characters/ArmyCapybara.prefab using Guid(b5ce718823f35cb4bad7184bfeed8bdd) Importer(815301076,1909f56bfc062723c751e8b465ee728b)  -> (artifact id: '1f5e7226639b8afb0954bf6edc453e2f') in 0.103288 seconds
Number of updated asset objects reloaded before import = 0
Number of asset objects unloaded after import = 75
