Using pre-set license
Built from '2022.3/staging' branch; Version is '2022.3.10f1 (ff3792e53c62) revision 16725906'; Using compiler version '192829333'; Build Type 'Release'
OS: 'Windows 10  (10.0.19045) 64bit Professional' Language: 'ru' Physical Memory: 16221 MB
BatchMode: 1, IsHumanControllingUs: 0, StartBugReporterOnCrash: 0, Is64bit: 1, IsPro: 1

COMMAND LINE ARGUMENTS:
C:\Program Files\Unity\Hub\Editor\2022.3.10f1\Editor\Unity.exe
-adb2
-batchMode
-noUpm
-name
AssetImportWorker13
-projectPath
C:/Users/darkc/Documents/GitHub/Rob/Rob
-logFile
Logs/AssetImportWorker13.log
-srvPort
51963
Successfully changed project path to: C:/Users/darkc/Documents/GitHub/Rob/Rob
C:/Users/darkc/Documents/GitHub/Rob/Rob
[UnityMemory] Configuration Parameters - Can be set up in boot.config
    "memorysetup-bucket-allocator-granularity=16"
    "memorysetup-bucket-allocator-bucket-count=8"
    "memorysetup-bucket-allocator-block-size=33554432"
    "memorysetup-bucket-allocator-block-count=8"
    "memorysetup-main-allocator-block-size=16777216"
    "memorysetup-thread-allocator-block-size=16777216"
    "memorysetup-gfx-main-allocator-block-size=16777216"
    "memorysetup-gfx-thread-allocator-block-size=16777216"
    "memorysetup-cache-allocator-block-size=4194304"
    "memorysetup-typetree-allocator-block-size=2097152"
    "memorysetup-profiler-bucket-allocator-granularity=16"
    "memorysetup-profiler-bucket-allocator-bucket-count=8"
    "memorysetup-profiler-bucket-allocator-block-size=33554432"
    "memorysetup-profiler-bucket-allocator-block-count=8"
    "memorysetup-profiler-allocator-block-size=16777216"
    "memorysetup-profiler-editor-allocator-block-size=1048576"
    "memorysetup-temp-allocator-size-main=16777216"
    "memorysetup-job-temp-allocator-block-size=2097152"
    "memorysetup-job-temp-allocator-block-size-background=1048576"
    "memorysetup-job-temp-allocator-reduction-small-platforms=262144"
    "memorysetup-allocator-temp-initial-block-size-main=262144"
    "memorysetup-allocator-temp-initial-block-size-worker=262144"
    "memorysetup-temp-allocator-size-background-worker=32768"
    "memorysetup-temp-allocator-size-job-worker=262144"
    "memorysetup-temp-allocator-size-preload-manager=33554432"
    "memorysetup-temp-allocator-size-nav-mesh-worker=65536"
    "memorysetup-temp-allocator-size-audio-worker=65536"
    "memorysetup-temp-allocator-size-cloud-worker=32768"
    "memorysetup-temp-allocator-size-gi-baking-worker=262144"
    "memorysetup-temp-allocator-size-gfx=262144"
Player connection [1576] Host "[IP] 10.54.235.250 [Port] 0 [Flags] 2 [Guid] 2455953521 [EditorId] 2455953521 [Version] 1048832 [Id] WindowsEditor(7,DESKTOP-BVBJ8MC) [Debug] 1 [PackageName] WindowsEditor [ProjectName] Editor" joined multi-casting on [225.0.0.222:54997]...

Player connection [1576] Host "[IP] 10.54.235.250 [Port] 0 [Flags] 2 [Guid] 2455953521 [EditorId] 2455953521 [Version] 1048832 [Id] WindowsEditor(7,DESKTOP-BVBJ8MC) [Debug] 1 [PackageName] WindowsEditor [ProjectName] Editor" joined alternative multi-casting on [225.0.0.222:34997]...

[Physics::Module] Initialized MultithreadedJobDispatcher with 11 workers.
Refreshing native plugins compatible for Editor in 34.40 ms, found 6 plugins.
Preloading 0 native plugins for Editor in 0.00 ms.
Initialize engine version: 2022.3.10f1 (ff3792e53c62)
[Subsystems] Discovering subsystems at path C:/Program Files/Unity/Hub/Editor/2022.3.10f1/Editor/Data/Resources/UnitySubsystems
[Subsystems] Discovering subsystems at path C:/Users/darkc/Documents/GitHub/Rob/Rob/Assets
GfxDevice: creating device client; threaded=0; jobified=0
Direct3D:
    Version:  Direct3D 11.0 [level 11.1]
    Renderer: NVIDIA GeForce GTX 1650 (ID=0x1f99)
    Vendor:   NVIDIA
    VRAM:     3962 MB
    Driver:   31.0.15.2230
Initialize mono
Mono path[0] = 'C:/Program Files/Unity/Hub/Editor/2022.3.10f1/Editor/Data/Managed'
Mono path[1] = 'C:/Program Files/Unity/Hub/Editor/2022.3.10f1/Editor/Data/MonoBleedingEdge/lib/mono/unityjit-win32'
Mono config path = 'C:/Program Files/Unity/Hub/Editor/2022.3.10f1/Editor/Data/MonoBleedingEdge/etc'
Using monoOptions --debugger-agent=transport=dt_socket,embedding=1,server=y,suspend=n,address=127.0.0.1:56656
Begin MonoManager ReloadAssembly
Registering precompiled unity dll's ...
Register platform support module: C:/Program Files/Unity/Hub/Editor/2022.3.10f1/Editor/Data/PlaybackEngines/WebGLSupport/UnityEditor.WebGL.Extensions.dll
Register platform support module: C:/Program Files/Unity/Hub/Editor/2022.3.10f1/Editor/Data/PlaybackEngines/WindowsStandaloneSupport/UnityEditor.WindowsStandalone.Extensions.dll
Registered in 0.010148 seconds.
- Loaded All Assemblies, in  0.340 seconds
Native extension for WindowsStandalone target not found
Native extension for WebGL target not found
Mono: successfully reloaded assembly
- Finished resetting the current domain, in  0.243 seconds
Domain Reload Profiling: 582ms
	BeginReloadAssembly (100ms)
		ExecutionOrderSort (0ms)
		DisableScriptedObjects (0ms)
		BackupInstance (0ms)
		ReleaseScriptingObjects (0ms)
		CreateAndSetChildDomain (1ms)
	RebuildCommonClasses (32ms)
	RebuildNativeTypeToScriptingClass (10ms)
	initialDomainReloadingComplete (57ms)
	LoadAllAssembliesAndSetupDomain (139ms)
		LoadAssemblies (98ms)
		RebuildTransferFunctionScriptingTraits (0ms)
		AnalyzeDomain (137ms)
			TypeCache.Refresh (136ms)
				TypeCache.ScanAssembly (121ms)
			ScanForSourceGeneratedMonoScriptInfo (0ms)
			ResolveRequiredComponents (0ms)
	FinalizeReload (243ms)
		ReleaseScriptCaches (0ms)
		RebuildScriptCaches (0ms)
		SetupLoadedEditorAssemblies (186ms)
			LogAssemblyErrors (0ms)
			InitializePlatformSupportModulesInManaged (10ms)
			SetLoadedEditorAssemblies (6ms)
			RefreshPlugins (0ms)
			BeforeProcessingInitializeOnLoad (2ms)
			ProcessInitializeOnLoadAttributes (125ms)
			ProcessInitializeOnLoadMethodAttributes (43ms)
			AfterProcessingInitializeOnLoad (0ms)
			EditorAssembliesLoaded (0ms)
		ExecutionOrderSort2 (0ms)
		AwakeInstancesAfterBackupRestoration (0ms)
========================================================================
Worker process is ready to serve import requests
Begin MonoManager ReloadAssembly
- Loaded All Assemblies, in  1.013 seconds
Refreshing native plugins compatible for Editor in 8.11 ms, found 6 plugins.
Native extension for WindowsStandalone target not found
Native extension for WebGL target not found
Package Manager log level set to [2]
[Package Manager] Server::EnsureServerProcessIsRunning -- launch failed, reason: Unity was launched with the -noUpm command-line argument
[Package Manager] UpmClient::Send -- Unable to send message (not connected to UPM process).
[Package Manager] Cannot connect to Unity Package Manager local server
Launched and connected shader compiler UnityShaderCompiler.exe after 0.05 seconds
Mono: successfully reloaded assembly
- Finished resetting the current domain, in  1.182 seconds
Domain Reload Profiling: 2192ms
	BeginReloadAssembly (144ms)
		ExecutionOrderSort (0ms)
		DisableScriptedObjects (5ms)
		BackupInstance (0ms)
		ReleaseScriptingObjects (0ms)
		CreateAndSetChildDomain (20ms)
	RebuildCommonClasses (33ms)
	RebuildNativeTypeToScriptingClass (11ms)
	initialDomainReloadingComplete (48ms)
	LoadAllAssembliesAndSetupDomain (774ms)
		LoadAssemblies (429ms)
		RebuildTransferFunctionScriptingTraits (0ms)
		AnalyzeDomain (428ms)
			TypeCache.Refresh (381ms)
				TypeCache.ScanAssembly (358ms)
			ScanForSourceGeneratedMonoScriptInfo (32ms)
			ResolveRequiredComponents (14ms)
	FinalizeReload (1183ms)
		ReleaseScriptCaches (0ms)
		RebuildScriptCaches (0ms)
		SetupLoadedEditorAssemblies (1024ms)
			LogAssemblyErrors (0ms)
			InitializePlatformSupportModulesInManaged (8ms)
			SetLoadedEditorAssemblies (6ms)
			RefreshPlugins (0ms)
			BeforeProcessingInitializeOnLoad (95ms)
			ProcessInitializeOnLoadAttributes (540ms)
			ProcessInitializeOnLoadMethodAttributes (368ms)
			AfterProcessingInitializeOnLoad (7ms)
			EditorAssembliesLoaded (0ms)
		ExecutionOrderSort2 (0ms)
		AwakeInstancesAfterBackupRestoration (6ms)
Refreshing native plugins compatible for Editor in 8.28 ms, found 6 plugins.
Preloading 0 native plugins for Editor in 0.00 ms.
Unloading 6506 Unused Serialized files (Serialized files now loaded: 0)
Unloading 113 unused Assets / (66.5 MB). Loaded Objects now: 7026.
Memory consumption went from 482.0 MB to 415.4 MB.
Total: 20.360500 ms (FindLiveObjects: 0.468800 ms CreateObjectMapping: 0.404500 ms MarkObjects: 15.527700 ms  DeleteObjects: 3.958700 ms)

AssetImportParameters requested are different than current active one (requested -> active):
  custom:container-demuxer-ogg: 62fdf1f143b41e24485cea50d1cbac27 -> 
  custom:scripting/monoscript/fileName/EpiShowcase.cs: bc786fe5107a676209768b89581ed7ca -> 560d903eb64b2fb30588ee6fc53dcb76
  custom:framework-win-MediaFoundation: 216162199b28c13a410421893ffa2e32 -> 
  custom:container-muxer-webm: aa71ff27fc2769a1b78a27578f13a17b -> 
  custom:video-decoder-webm-vp8: 9c59270c3fd7afecdb556c50c9e8de78 -> 
  custom:SearchIndexIgnoredProperties: e643bd26f0fe6173181afceb89e7c659 -> 
  custom:AudioImporter_EditorPlatform: d09bf68614088b80899f8185d706f6e7 -> 
  custom:audio-decoder-ogg-vorbis: bf7c407c2cedff20999df2af8eb42d56 -> 
  custom:audio-encoder-webm-vorbis: bf7c407c2cedff20999df2af8eb42d56 -> 
  custom:video-decoder-ogg-theora: a1e56fd34408186e4bbccfd4996cb3dc -> 
  custom:CustomObjectIndexerAttribute: a3ef5dd2817f97addfee359851a9dba5 -> 
  custom:container-demuxer-webm: 4f35f7cbe854078d1ac9338744f61a02 -> 
  custom:video-encoder-webm-vp8: eb34c28f22e8b96e1ab97ce403110664 -> 
========================================================================
Received Import Request.
  Time since last request: 437575.127029 seconds.
  path: Assets/AddedAssets/Props/polyperfect/Low Poly Ultimate Pack/M/- Prefabs_M/People_M/boy-shirt.prefab
  artifactKey: Guid(0d46f7bdd93ffc44787bcdf35b4741bb) Importer(815301076,1909f56bfc062723c751e8b465ee728b)
Start importing Assets/AddedAssets/Props/polyperfect/Low Poly Ultimate Pack/M/- Prefabs_M/People_M/boy-shirt.prefab using Guid(0d46f7bdd93ffc44787bcdf35b4741bb) Importer(815301076,1909f56bfc062723c751e8b465ee728b)  -> (artifact id: 'eb79d3a9837e7a8d935a46e57b0dfd5d') in 0.118626 seconds
Number of updated asset objects reloaded before import = 0
Number of asset objects unloaded after import = 13
========================================================================
Received Import Request.
  Time since last request: 0.000027 seconds.
  path: Assets/AddedAssets/Props/polyperfect/Low Poly Ultimate Pack/M/- Prefabs_M/People_M/man-fire.prefab
  artifactKey: Guid(78801ed235633144283e4c6f50e471bf) Importer(815301076,1909f56bfc062723c751e8b465ee728b)
Start importing Assets/AddedAssets/Props/polyperfect/Low Poly Ultimate Pack/M/- Prefabs_M/People_M/man-fire.prefab using Guid(78801ed235633144283e4c6f50e471bf) Importer(815301076,1909f56bfc062723c751e8b465ee728b)  -> (artifact id: '17c1684bb298fe4d513333f7aeacd299') in 0.038553 seconds
Number of updated asset objects reloaded before import = 0
Number of asset objects unloaded after import = 14
========================================================================
Received Import Request.
  Time since last request: 0.000039 seconds.
  path: Assets/AddedAssets/Props/polyperfect/Low Poly Ultimate Pack/M/- Prefabs_M/People_M/man-astronaut.prefab
  artifactKey: Guid(ec7512bc8a5df45bf8e33c8f41fc209f) Importer(815301076,1909f56bfc062723c751e8b465ee728b)
Start importing Assets/AddedAssets/Props/polyperfect/Low Poly Ultimate Pack/M/- Prefabs_M/People_M/man-astronaut.prefab using Guid(ec7512bc8a5df45bf8e33c8f41fc209f) Importer(815301076,1909f56bfc062723c751e8b465ee728b)  -> (artifact id: '1462e202ccd89cc06e49825d06003879') in 0.035588 seconds
Number of updated asset objects reloaded before import = 0
Number of asset objects unloaded after import = 11
========================================================================
Received Import Request.
  Time since last request: 0.000021 seconds.
  path: Assets/AddedAssets/Props/polyperfect/Low Poly Ultimate Pack/M/- Prefabs_M/People_M/man-golf.prefab
  artifactKey: Guid(2724929ad3ebe4d4fbd6c08179d71673) Importer(815301076,1909f56bfc062723c751e8b465ee728b)
Start importing Assets/AddedAssets/Props/polyperfect/Low Poly Ultimate Pack/M/- Prefabs_M/People_M/man-golf.prefab using Guid(2724929ad3ebe4d4fbd6c08179d71673) Importer(815301076,1909f56bfc062723c751e8b465ee728b)  -> (artifact id: 'c551e619bd3de10b2790a963e4b0348f') in 0.024583 seconds
Number of updated asset objects reloaded before import = 0
Number of asset objects unloaded after import = 12
========================================================================
Received Import Request.
  Time since last request: 0.000023 seconds.
  path: Assets/AddedAssets/Props/polyperfect/Low Poly Ultimate Pack/M/- Prefabs_M/People_M/man-casteway.prefab
  artifactKey: Guid(11313da44ee7f0b43b0010e4587786d0) Importer(815301076,1909f56bfc062723c751e8b465ee728b)
Start importing Assets/AddedAssets/Props/polyperfect/Low Poly Ultimate Pack/M/- Prefabs_M/People_M/man-casteway.prefab using Guid(11313da44ee7f0b43b0010e4587786d0) Importer(815301076,1909f56bfc062723c751e8b465ee728b)  -> (artifact id: '78c3cfa2b5f59b44fd92e505cb34aa68') in 0.059579 seconds
Number of updated asset objects reloaded before import = 0
Number of asset objects unloaded after import = 11
========================================================================
Received Import Request.
  Time since last request: 0.000018 seconds.
  path: Assets/AddedAssets/Props/polyperfect/Low Poly Ultimate Pack/M/- Prefabs_M/People_M/man-explorer.prefab
  artifactKey: Guid(0549ae0ec4fc51546941075204bd346c) Importer(815301076,1909f56bfc062723c751e8b465ee728b)
Start importing Assets/AddedAssets/Props/polyperfect/Low Poly Ultimate Pack/M/- Prefabs_M/People_M/man-explorer.prefab using Guid(0549ae0ec4fc51546941075204bd346c) Importer(815301076,1909f56bfc062723c751e8b465ee728b)  -> (artifact id: '498303b62ace8832ba362049d0308d79') in 0.031463 seconds
Number of updated asset objects reloaded before import = 0
Number of asset objects unloaded after import = 12
========================================================================
Received Import Request.
  Time since last request: 0.000020 seconds.
  path: Assets/AddedAssets/Props/polyperfect/Low Poly Ultimate Pack/M/- Prefabs_M/People_M/man-football.prefab
  artifactKey: Guid(f3cd3628ab6d85a4e8de408649be6dcf) Importer(815301076,1909f56bfc062723c751e8b465ee728b)
Start importing Assets/AddedAssets/Props/polyperfect/Low Poly Ultimate Pack/M/- Prefabs_M/People_M/man-football.prefab using Guid(f3cd3628ab6d85a4e8de408649be6dcf) Importer(815301076,1909f56bfc062723c751e8b465ee728b)  -> (artifact id: 'd289f82e018825f32a34da6281c5ee8f') in 0.020933 seconds
Number of updated asset objects reloaded before import = 0
Number of asset objects unloaded after import = 11
========================================================================
Received Import Request.
  Time since last request: 6.274937 seconds.
  path: Assets/AddedAssets/Props/polyperfect/Low Poly Ultimate Pack/M/- Prefabs_M/Props_M/balloons-bunch.prefab
  artifactKey: Guid(33d2b726b89949e479e109b1bc50656f) Importer(815301076,1909f56bfc062723c751e8b465ee728b)
Start importing Assets/AddedAssets/Props/polyperfect/Low Poly Ultimate Pack/M/- Prefabs_M/Props_M/balloons-bunch.prefab using Guid(33d2b726b89949e479e109b1bc50656f) Importer(815301076,1909f56bfc062723c751e8b465ee728b)  -> (artifact id: '378450760d848abea19819e73997b6e5') in 0.019427 seconds
Number of updated asset objects reloaded before import = 0
Number of asset objects unloaded after import = 10
========================================================================
Received Import Request.
  Time since last request: 0.000014 seconds.
  path: Assets/AddedAssets/Props/polyperfect/Low Poly Ultimate Pack/M/- Prefabs_M/Props_M/beer-keg-medium.prefab
  artifactKey: Guid(773d9c36d28632849bb9d328fa9eb514) Importer(815301076,1909f56bfc062723c751e8b465ee728b)
Start importing Assets/AddedAssets/Props/polyperfect/Low Poly Ultimate Pack/M/- Prefabs_M/Props_M/beer-keg-medium.prefab using Guid(773d9c36d28632849bb9d328fa9eb514) Importer(815301076,1909f56bfc062723c751e8b465ee728b)  -> (artifact id: '1162eae798f3e40b5d1057a13d132dde') in 0.018703 seconds
Number of updated asset objects reloaded before import = 0
Number of asset objects unloaded after import = 9
========================================================================
Received Import Request.
  Time since last request: 0.000015 seconds.
  path: Assets/AddedAssets/Props/polyperfect/Low Poly Ultimate Pack/M/- Prefabs_M/Props_M/cake-wedding.prefab
  artifactKey: Guid(f2ad965d8ad7c76499b86b4363b8c5f6) Importer(815301076,1909f56bfc062723c751e8b465ee728b)
Start importing Assets/AddedAssets/Props/polyperfect/Low Poly Ultimate Pack/M/- Prefabs_M/Props_M/cake-wedding.prefab using Guid(f2ad965d8ad7c76499b86b4363b8c5f6) Importer(815301076,1909f56bfc062723c751e8b465ee728b)  -> (artifact id: '33fb1c0329d94a7bc8fe8334e08513da') in 0.020040 seconds
Number of updated asset objects reloaded before import = 0
Number of asset objects unloaded after import = 13
========================================================================
Received Import Request.
  Time since last request: 0.000025 seconds.
  path: Assets/AddedAssets/Props/polyperfect/Low Poly Ultimate Pack/M/- Prefabs_M/Props_M/flag-big.prefab
  artifactKey: Guid(0c97a3e3c2d9043a6b0efcc564af127a) Importer(815301076,1909f56bfc062723c751e8b465ee728b)
Start importing Assets/AddedAssets/Props/polyperfect/Low Poly Ultimate Pack/M/- Prefabs_M/Props_M/flag-big.prefab using Guid(0c97a3e3c2d9043a6b0efcc564af127a) Importer(815301076,1909f56bfc062723c751e8b465ee728b)  -> (artifact id: '9d35f7254fa1bb1c5632a6d7ac93a202') in 0.018035 seconds
Number of updated asset objects reloaded before import = 0
Number of asset objects unloaded after import = 9
========================================================================
Received Import Request.
  Time since last request: 0.000031 seconds.
  path: Assets/AddedAssets/Props/polyperfect/Low Poly Ultimate Pack/M/- Prefabs_M/Props_M/cat-ball.prefab
  artifactKey: Guid(9d6b3eb678ff24c81a7f772f730c54d5) Importer(815301076,1909f56bfc062723c751e8b465ee728b)
Start importing Assets/AddedAssets/Props/polyperfect/Low Poly Ultimate Pack/M/- Prefabs_M/Props_M/cat-ball.prefab using Guid(9d6b3eb678ff24c81a7f772f730c54d5) Importer(815301076,1909f56bfc062723c751e8b465ee728b)  -> (artifact id: '4d9e939efc8b14c7e7c331ea922dd511') in 0.018410 seconds
Number of updated asset objects reloaded before import = 0
Number of asset objects unloaded after import = 9
========================================================================
Received Import Request.
  Time since last request: 0.000026 seconds.
  path: Assets/AddedAssets/Props/polyperfect/Low Poly Ultimate Pack/M/- Prefabs_M/Props_M/cargo-shipping.prefab
  artifactKey: Guid(a9b5436c77c79497486ac04c79b37e2f) Importer(815301076,1909f56bfc062723c751e8b465ee728b)
Start importing Assets/AddedAssets/Props/polyperfect/Low Poly Ultimate Pack/M/- Prefabs_M/Props_M/cargo-shipping.prefab using Guid(a9b5436c77c79497486ac04c79b37e2f) Importer(815301076,1909f56bfc062723c751e8b465ee728b)  -> (artifact id: '8bcc94ef3a519bc8506c0d9628d4b40a') in 0.031504 seconds
Number of updated asset objects reloaded before import = 0
Number of asset objects unloaded after import = 25
========================================================================
Received Import Request.
  Time since last request: 0.000029 seconds.
  path: Assets/AddedAssets/Props/polyperfect/Low Poly Ultimate Pack/M/- Prefabs_M/Props_M/package-box-open.prefab
  artifactKey: Guid(7a22b1a6ac8514b94be5436867998358) Importer(815301076,1909f56bfc062723c751e8b465ee728b)
Start importing Assets/AddedAssets/Props/polyperfect/Low Poly Ultimate Pack/M/- Prefabs_M/Props_M/package-box-open.prefab using Guid(7a22b1a6ac8514b94be5436867998358) Importer(815301076,1909f56bfc062723c751e8b465ee728b)  -> (artifact id: '38905ecbe1e6a216287c471ff0c77d06') in 0.029217 seconds
Number of updated asset objects reloaded before import = 0
Number of asset objects unloaded after import = 12
========================================================================
Received Import Request.
  Time since last request: 0.000024 seconds.
  path: Assets/AddedAssets/Props/polyperfect/Low Poly Ultimate Pack/M/- Prefabs_M/Props_M/hourglass.prefab
  artifactKey: Guid(bef584d445058ad46abaf52ebda6524c) Importer(815301076,1909f56bfc062723c751e8b465ee728b)
Start importing Assets/AddedAssets/Props/polyperfect/Low Poly Ultimate Pack/M/- Prefabs_M/Props_M/hourglass.prefab using Guid(bef584d445058ad46abaf52ebda6524c) Importer(815301076,1909f56bfc062723c751e8b465ee728b)  -> (artifact id: '95dd27c7d86fd92069efaa0a5f613117') in 0.064652 seconds
Number of updated asset objects reloaded before import = 0
Number of asset objects unloaded after import = 12
========================================================================
Received Import Request.
  Time since last request: 0.000021 seconds.
  path: Assets/AddedAssets/Props/polyperfect/Low Poly Ultimate Pack/M/- Prefabs_M/Props_M/guidepost.prefab
  artifactKey: Guid(93f2cf05cb2a1aa4eb3ac783c5adcc76) Importer(815301076,1909f56bfc062723c751e8b465ee728b)
Start importing Assets/AddedAssets/Props/polyperfect/Low Poly Ultimate Pack/M/- Prefabs_M/Props_M/guidepost.prefab using Guid(93f2cf05cb2a1aa4eb3ac783c5adcc76) Importer(815301076,1909f56bfc062723c751e8b465ee728b)  -> (artifact id: '160139eebf5c9fe0670102a646ecfb8e') in 0.024645 seconds
Number of updated asset objects reloaded before import = 0
Number of asset objects unloaded after import = 11
========================================================================
Received Import Request.
  Time since last request: 0.845595 seconds.
  path: Assets/AddedAssets/Props/polyperfect/Low Poly Ultimate Pack/M/- Prefabs_M/Props_M/tent-party.prefab
  artifactKey: Guid(fce61f00c40623a488141e8b86442cbe) Importer(815301076,1909f56bfc062723c751e8b465ee728b)
Start importing Assets/AddedAssets/Props/polyperfect/Low Poly Ultimate Pack/M/- Prefabs_M/Props_M/tent-party.prefab using Guid(fce61f00c40623a488141e8b86442cbe) Importer(815301076,1909f56bfc062723c751e8b465ee728b)  -> (artifact id: '29418ae22feb3061afbfb1c2cfadb9ce') in 0.022553 seconds
Number of updated asset objects reloaded before import = 0
Number of asset objects unloaded after import = 10
========================================================================
Received Import Request.
  Time since last request: 0.000034 seconds.
  path: Assets/AddedAssets/Props/polyperfect/Low Poly Ultimate Pack/M/- Prefabs_M/Props_M/wedding-arch.prefab
  artifactKey: Guid(24a02cbcbf0ddb94fa9318e38b4624d2) Importer(815301076,1909f56bfc062723c751e8b465ee728b)
Start importing Assets/AddedAssets/Props/polyperfect/Low Poly Ultimate Pack/M/- Prefabs_M/Props_M/wedding-arch.prefab using Guid(24a02cbcbf0ddb94fa9318e38b4624d2) Importer(815301076,1909f56bfc062723c751e8b465ee728b)  -> (artifact id: '0a33a73266b4fbb944e5ff14c1010b63') in 0.028014 seconds
Number of updated asset objects reloaded before import = 0
Number of asset objects unloaded after import = 9
========================================================================
Received Import Request.
  Time since last request: 3.319898 seconds.
  path: Assets/AddedAssets/Props/polyperfect/Low Poly Ultimate Pack/M/- Prefabs_M/Tools_M/broom.prefab
  artifactKey: Guid(a8f1a4cb0619b4d78bfc4ff4e62e2ac6) Importer(815301076,1909f56bfc062723c751e8b465ee728b)
Start importing Assets/AddedAssets/Props/polyperfect/Low Poly Ultimate Pack/M/- Prefabs_M/Tools_M/broom.prefab using Guid(a8f1a4cb0619b4d78bfc4ff4e62e2ac6) Importer(815301076,1909f56bfc062723c751e8b465ee728b)  -> (artifact id: 'da3ca777b2a9584209a4732c7d4586a5') in 0.018392 seconds
Number of updated asset objects reloaded before import = 0
Number of asset objects unloaded after import = 10
========================================================================
Received Import Request.
  Time since last request: 0.000015 seconds.
  path: Assets/AddedAssets/Props/polyperfect/Low Poly Ultimate Pack/M/- Prefabs_M/Tools_M/fish-line.prefab
  artifactKey: Guid(1916c7d320645134d8bd732b4f7bd70a) Importer(815301076,1909f56bfc062723c751e8b465ee728b)
Start importing Assets/AddedAssets/Props/polyperfect/Low Poly Ultimate Pack/M/- Prefabs_M/Tools_M/fish-line.prefab using Guid(1916c7d320645134d8bd732b4f7bd70a) Importer(815301076,1909f56bfc062723c751e8b465ee728b)  -> (artifact id: '8ffd7db3474fffec7e8df2bb72689b35') in 0.019874 seconds
Number of updated asset objects reloaded before import = 0
Number of asset objects unloaded after import = 10
========================================================================
Received Import Request.
  Time since last request: 0.000017 seconds.
  path: Assets/AddedAssets/Props/polyperfect/Low Poly Ultimate Pack/M/- Prefabs_M/Tools_M/wheels.prefab
  artifactKey: Guid(b2b39398f6848dc42a7b687287c18667) Importer(815301076,1909f56bfc062723c751e8b465ee728b)
Start importing Assets/AddedAssets/Props/polyperfect/Low Poly Ultimate Pack/M/- Prefabs_M/Tools_M/wheels.prefab using Guid(b2b39398f6848dc42a7b687287c18667) Importer(815301076,1909f56bfc062723c751e8b465ee728b)  -> (artifact id: '40eb155bef285c437e6c4e1df1b42f72') in 0.027443 seconds
Number of updated asset objects reloaded before import = 0
Number of asset objects unloaded after import = 11
========================================================================
Received Import Request.
  Time since last request: 0.000038 seconds.
  path: Assets/AddedAssets/Props/polyperfect/Low Poly Ultimate Pack/M/- Prefabs_M/Tools_M/pitchfork.prefab
  artifactKey: Guid(f53cd1e7764184fc8a8eb20c61c8286f) Importer(815301076,1909f56bfc062723c751e8b465ee728b)
Start importing Assets/AddedAssets/Props/polyperfect/Low Poly Ultimate Pack/M/- Prefabs_M/Tools_M/pitchfork.prefab using Guid(f53cd1e7764184fc8a8eb20c61c8286f) Importer(815301076,1909f56bfc062723c751e8b465ee728b)  -> (artifact id: 'db1f23f7661aa4dffef0a4f6a13d76d3') in 0.028756 seconds
Number of updated asset objects reloaded before import = 0
Number of asset objects unloaded after import = 10
========================================================================
Received Import Request.
  Time since last request: 0.000020 seconds.
  path: Assets/AddedAssets/Props/polyperfect/Low Poly Ultimate Pack/M/- Prefabs_M/Tools_M/magnifying-glass.prefab
  artifactKey: Guid(6ba98fa88cebd8f4dba5e79549449e08) Importer(815301076,1909f56bfc062723c751e8b465ee728b)
Start importing Assets/AddedAssets/Props/polyperfect/Low Poly Ultimate Pack/M/- Prefabs_M/Tools_M/magnifying-glass.prefab using Guid(6ba98fa88cebd8f4dba5e79549449e08) Importer(815301076,1909f56bfc062723c751e8b465ee728b)  -> (artifact id: 'f05c30dfa7204e1373d0ccbaea08590b') in 0.044733 seconds
Number of updated asset objects reloaded before import = 0
Number of asset objects unloaded after import = 12
========================================================================
Received Import Request.
  Time since last request: 15.534120 seconds.
  path: Assets/AddedAssets/Props/polyperfect/Low Poly Ultimate Pack/T/- Prefabs_T/Sport_T/basketball-stand.prefab
  artifactKey: Guid(2b5b051aaca5b4d588b94c319cb707bb) Importer(815301076,1909f56bfc062723c751e8b465ee728b)
Start importing Assets/AddedAssets/Props/polyperfect/Low Poly Ultimate Pack/T/- Prefabs_T/Sport_T/basketball-stand.prefab using Guid(2b5b051aaca5b4d588b94c319cb707bb) Importer(815301076,1909f56bfc062723c751e8b465ee728b)  -> (artifact id: 'eb92c4df3e584af60cd096094274579c') in 0.069540 seconds
Number of updated asset objects reloaded before import = 0
Number of asset objects unloaded after import = 12
========================================================================
Received Import Request.
  Time since last request: 0.000018 seconds.
  path: Assets/AddedAssets/Props/polyperfect/Low Poly Ultimate Pack/T/- Prefabs_T/Sport_T/ski-lift-seat.prefab
  artifactKey: Guid(7bea0282fffbf4a44926ba90e29928bb) Importer(815301076,1909f56bfc062723c751e8b465ee728b)
Start importing Assets/AddedAssets/Props/polyperfect/Low Poly Ultimate Pack/T/- Prefabs_T/Sport_T/ski-lift-seat.prefab using Guid(7bea0282fffbf4a44926ba90e29928bb) Importer(815301076,1909f56bfc062723c751e8b465ee728b)  -> (artifact id: '1b971c347a256110d62cc02359980b62') in 0.037253 seconds
Number of updated asset objects reloaded before import = 0
Number of asset objects unloaded after import = 12
========================================================================
Received Import Request.
  Time since last request: 0.000028 seconds.
  path: Assets/AddedAssets/Props/polyperfect/Low Poly Ultimate Pack/T/- Prefabs_T/Sport_T/snow-jump.prefab
  artifactKey: Guid(099dab80ef8a518469e04e28f893813d) Importer(815301076,1909f56bfc062723c751e8b465ee728b)
Start importing Assets/AddedAssets/Props/polyperfect/Low Poly Ultimate Pack/T/- Prefabs_T/Sport_T/snow-jump.prefab using Guid(099dab80ef8a518469e04e28f893813d) Importer(815301076,1909f56bfc062723c751e8b465ee728b)  -> (artifact id: '18a8bbccbc9eba4f87a864a4d9bf5d6c') in 0.042066 seconds
Number of updated asset objects reloaded before import = 0
Number of asset objects unloaded after import = 12
========================================================================
Received Import Request.
  Time since last request: 0.000018 seconds.
  path: Assets/AddedAssets/Props/polyperfect/Low Poly Ultimate Pack/T/- Prefabs_T/Sport_T/snowboard.prefab
  artifactKey: Guid(e85b7ad7f7e546a4db7547bbee43732c) Importer(815301076,1909f56bfc062723c751e8b465ee728b)
Start importing Assets/AddedAssets/Props/polyperfect/Low Poly Ultimate Pack/T/- Prefabs_T/Sport_T/snowboard.prefab using Guid(e85b7ad7f7e546a4db7547bbee43732c) Importer(815301076,1909f56bfc062723c751e8b465ee728b)  -> (artifact id: 'bacb67d73fdfa8011abc1ce69dde08b3') in 0.044788 seconds
Number of updated asset objects reloaded before import = 0
Number of asset objects unloaded after import = 12
========================================================================
Received Import Request.
  Time since last request: 0.000018 seconds.
  path: Assets/AddedAssets/Props/polyperfect/Low Poly Ultimate Pack/T/- Prefabs_T/Sport_T/soccer-ball.prefab
  artifactKey: Guid(c92580421db14434b8b94d3eff0e6918) Importer(815301076,1909f56bfc062723c751e8b465ee728b)
Start importing Assets/AddedAssets/Props/polyperfect/Low Poly Ultimate Pack/T/- Prefabs_T/Sport_T/soccer-ball.prefab using Guid(c92580421db14434b8b94d3eff0e6918) Importer(815301076,1909f56bfc062723c751e8b465ee728b)  -> (artifact id: 'a448ca9d68331685752e164cbc04b214') in 0.043181 seconds
Number of updated asset objects reloaded before import = 0
Number of asset objects unloaded after import = 12
========================================================================
Received Import Request.
  Time since last request: 0.000017 seconds.
  path: Assets/AddedAssets/Props/polyperfect/Low Poly Ultimate Pack/T/- Prefabs_T/Sport_T/skateboard.prefab
  artifactKey: Guid(c66152dc4b79631458652cad281eab4a) Importer(815301076,1909f56bfc062723c751e8b465ee728b)
Start importing Assets/AddedAssets/Props/polyperfect/Low Poly Ultimate Pack/T/- Prefabs_T/Sport_T/skateboard.prefab using Guid(c66152dc4b79631458652cad281eab4a) Importer(815301076,1909f56bfc062723c751e8b465ee728b)  -> (artifact id: '20dad1f9358893759c0776d4f6a4eb3e') in 0.043930 seconds
Number of updated asset objects reloaded before import = 0
Number of asset objects unloaded after import = 12
========================================================================
Received Import Request.
  Time since last request: 7.593014 seconds.
  path: Assets/AddedAssets/Props/polyperfect/Low Poly Ultimate Pack/T/- Prefabs_T/People_T/boy-shirt.prefab
  artifactKey: Guid(510756cd1f9bb3049ba2f38db181a1bb) Importer(815301076,1909f56bfc062723c751e8b465ee728b)
Start importing Assets/AddedAssets/Props/polyperfect/Low Poly Ultimate Pack/T/- Prefabs_T/People_T/boy-shirt.prefab using Guid(510756cd1f9bb3049ba2f38db181a1bb) Importer(815301076,1909f56bfc062723c751e8b465ee728b)  -> (artifact id: '12be5f78b9ead17769b14e129d0be403') in 0.049569 seconds
Number of updated asset objects reloaded before import = 0
Number of asset objects unloaded after import = 12
========================================================================
Received Import Request.
  Time since last request: 0.000023 seconds.
  path: Assets/AddedAssets/Props/polyperfect/Low Poly Ultimate Pack/T/- Prefabs_T/People_T/giant.prefab
  artifactKey: Guid(0e6dd0455797e4231bd6f52961a75b33) Importer(815301076,1909f56bfc062723c751e8b465ee728b)
Start importing Assets/AddedAssets/Props/polyperfect/Low Poly Ultimate Pack/T/- Prefabs_T/People_T/giant.prefab using Guid(0e6dd0455797e4231bd6f52961a75b33) Importer(815301076,1909f56bfc062723c751e8b465ee728b)  -> (artifact id: '4bee0b48293bfe5aa5fc0b8534367100') in 0.044236 seconds
Number of updated asset objects reloaded before import = 0
Number of asset objects unloaded after import = 12
========================================================================
Received Import Request.
  Time since last request: 0.000015 seconds.
  path: Assets/AddedAssets/Props/polyperfect/Low Poly Ultimate Pack/T/- Prefabs_T/People_T/man-eskimo.prefab
  artifactKey: Guid(b83bb44ce642c41d4a685640b3667904) Importer(815301076,1909f56bfc062723c751e8b465ee728b)
Start importing Assets/AddedAssets/Props/polyperfect/Low Poly Ultimate Pack/T/- Prefabs_T/People_T/man-eskimo.prefab using Guid(b83bb44ce642c41d4a685640b3667904) Importer(815301076,1909f56bfc062723c751e8b465ee728b)  -> (artifact id: '67d58911acb4e7051c2a90403d437715') in 0.037954 seconds
Number of updated asset objects reloaded before import = 0
Number of asset objects unloaded after import = 12
========================================================================
Received Import Request.
  Time since last request: 0.000018 seconds.
  path: Assets/AddedAssets/Props/polyperfect/Low Poly Ultimate Pack/T/- Prefabs_T/People_T/man-egypt-soldier.prefab
  artifactKey: Guid(357dfbedf28dd704f8b5a52c82c35fe4) Importer(815301076,1909f56bfc062723c751e8b465ee728b)
Start importing Assets/AddedAssets/Props/polyperfect/Low Poly Ultimate Pack/T/- Prefabs_T/People_T/man-egypt-soldier.prefab using Guid(357dfbedf28dd704f8b5a52c82c35fe4) Importer(815301076,1909f56bfc062723c751e8b465ee728b)  -> (artifact id: 'e7c5b6d2378d337e7353b4f886ab134a') in 0.050434 seconds
Number of updated asset objects reloaded before import = 0
Number of asset objects unloaded after import = 12
========================================================================
Received Import Request.
  Time since last request: 0.000023 seconds.
  path: Assets/AddedAssets/Props/polyperfect/Low Poly Ultimate Pack/T/- Prefabs_T/People_T/man-fire.prefab
  artifactKey: Guid(7f496d7b544485340b571ebb5a64c45e) Importer(815301076,1909f56bfc062723c751e8b465ee728b)
Start importing Assets/AddedAssets/Props/polyperfect/Low Poly Ultimate Pack/T/- Prefabs_T/People_T/man-fire.prefab using Guid(7f496d7b544485340b571ebb5a64c45e) Importer(815301076,1909f56bfc062723c751e8b465ee728b)  -> (artifact id: '7fe6f218abb93f52b1620ccb5da71d21') in 0.110201 seconds
Number of updated asset objects reloaded before import = 0
Number of asset objects unloaded after import = 12
========================================================================
Received Import Request.
  Time since last request: 0.000015 seconds.
  path: Assets/AddedAssets/Props/polyperfect/Low Poly Ultimate Pack/T/- Prefabs_T/People_T/man-construction-worker.prefab
  artifactKey: Guid(81b11e7ece39745238e4fcde81f8a6cd) Importer(815301076,1909f56bfc062723c751e8b465ee728b)
Start importing Assets/AddedAssets/Props/polyperfect/Low Poly Ultimate Pack/T/- Prefabs_T/People_T/man-construction-worker.prefab using Guid(81b11e7ece39745238e4fcde81f8a6cd) Importer(815301076,1909f56bfc062723c751e8b465ee728b)  -> (artifact id: '32ed123286f5ecbc1d76b896226cc440') in 0.045181 seconds
Number of updated asset objects reloaded before import = 0
Number of asset objects unloaded after import = 12
========================================================================
Received Import Request.
  Time since last request: 0.000021 seconds.
  path: Assets/AddedAssets/Props/polyperfect/Low Poly Ultimate Pack/T/- Prefabs_T/People_T/girl-winter.prefab
  artifactKey: Guid(4522d5ad7ad32ff418b04aaae64a1920) Importer(815301076,1909f56bfc062723c751e8b465ee728b)
Start importing Assets/AddedAssets/Props/polyperfect/Low Poly Ultimate Pack/T/- Prefabs_T/People_T/girl-winter.prefab using Guid(4522d5ad7ad32ff418b04aaae64a1920) Importer(815301076,1909f56bfc062723c751e8b465ee728b)  -> (artifact id: '0188f1d076b2bffc807acd39a42863d6') in 0.048327 seconds
Number of updated asset objects reloaded before import = 0
Number of asset objects unloaded after import = 12
========================================================================
Received Import Request.
  Time since last request: 0.000022 seconds.
  path: Assets/AddedAssets/Props/polyperfect/Low Poly Ultimate Pack/T/- Prefabs_T/People_T/man-farm.prefab
  artifactKey: Guid(d267c0ded21164d689a953e95fdbf17c) Importer(815301076,1909f56bfc062723c751e8b465ee728b)
Start importing Assets/AddedAssets/Props/polyperfect/Low Poly Ultimate Pack/T/- Prefabs_T/People_T/man-farm.prefab using Guid(d267c0ded21164d689a953e95fdbf17c) Importer(815301076,1909f56bfc062723c751e8b465ee728b)  -> (artifact id: 'd59f7f26330723409a46180a1c27d946') in 0.044692 seconds
Number of updated asset objects reloaded before import = 0
Number of asset objects unloaded after import = 12
========================================================================
Received Import Request.
  Time since last request: 0.000033 seconds.
  path: Assets/AddedAssets/Props/polyperfect/Low Poly Ultimate Pack/T/- Prefabs_T/People_T/man-golf.prefab
  artifactKey: Guid(b37b2a458e09bb846b55fa157c13bd8b) Importer(815301076,1909f56bfc062723c751e8b465ee728b)
Start importing Assets/AddedAssets/Props/polyperfect/Low Poly Ultimate Pack/T/- Prefabs_T/People_T/man-golf.prefab using Guid(b37b2a458e09bb846b55fa157c13bd8b) Importer(815301076,1909f56bfc062723c751e8b465ee728b)  -> (artifact id: 'cd9c245b9e9237e18c45542b1746e862') in 0.043154 seconds
Number of updated asset objects reloaded before import = 0
Number of asset objects unloaded after import = 12
========================================================================
Received Import Request.
  Time since last request: 0.000020 seconds.
  path: Assets/AddedAssets/Props/polyperfect/Low Poly Ultimate Pack/T/- Prefabs_T/People_T/man-football.prefab
  artifactKey: Guid(b2c6409d73aab4c4faf992258e3d29d1) Importer(815301076,1909f56bfc062723c751e8b465ee728b)
Start importing Assets/AddedAssets/Props/polyperfect/Low Poly Ultimate Pack/T/- Prefabs_T/People_T/man-football.prefab using Guid(b2c6409d73aab4c4faf992258e3d29d1) Importer(815301076,1909f56bfc062723c751e8b465ee728b)  -> (artifact id: 'fc54f6094276a700488eb982bb304da4') in 0.036075 seconds
Number of updated asset objects reloaded before import = 0
Number of asset objects unloaded after import = 12
========================================================================
Received Import Request.
  Time since last request: 6.704094 seconds.
  path: Assets/AddedAssets/Props/polyperfect/Low Poly Ultimate Pack/T/- Prefabs_T/People_T/man-lad.prefab
  artifactKey: Guid(7588308e83cba5540b08d88746672f02) Importer(815301076,1909f56bfc062723c751e8b465ee728b)
Start importing Assets/AddedAssets/Props/polyperfect/Low Poly Ultimate Pack/T/- Prefabs_T/People_T/man-lad.prefab using Guid(7588308e83cba5540b08d88746672f02) Importer(815301076,1909f56bfc062723c751e8b465ee728b)  -> (artifact id: '563eeae7fea8a49e5703a96d359c6807') in 0.039919 seconds
Number of updated asset objects reloaded before import = 0
Number of asset objects unloaded after import = 12
========================================================================
Received Import Request.
  Time since last request: 0.000015 seconds.
  path: Assets/AddedAssets/Props/polyperfect/Low Poly Ultimate Pack/T/- Prefabs_T/People_T/man-monk.prefab
  artifactKey: Guid(7b12a735d73cf7e4889b986d0fccb8e5) Importer(815301076,1909f56bfc062723c751e8b465ee728b)
Start importing Assets/AddedAssets/Props/polyperfect/Low Poly Ultimate Pack/T/- Prefabs_T/People_T/man-monk.prefab using Guid(7b12a735d73cf7e4889b986d0fccb8e5) Importer(815301076,1909f56bfc062723c751e8b465ee728b)  -> (artifact id: 'e2a7d63a1d333534ed5f644500446603') in 0.040021 seconds
Number of updated asset objects reloaded before import = 0
Number of asset objects unloaded after import = 12
========================================================================
Received Import Request.
  Time since last request: 0.000020 seconds.
  path: Assets/AddedAssets/Props/polyperfect/Low Poly Ultimate Pack/T/- Prefabs_T/People_T/man-pedestrian.prefab
  artifactKey: Guid(696245589a4c90347993ef33dc1c2a0d) Importer(815301076,1909f56bfc062723c751e8b465ee728b)
Start importing Assets/AddedAssets/Props/polyperfect/Low Poly Ultimate Pack/T/- Prefabs_T/People_T/man-pedestrian.prefab using Guid(696245589a4c90347993ef33dc1c2a0d) Importer(815301076,1909f56bfc062723c751e8b465ee728b)  -> (artifact id: '9e603882857982af49576038179e1abc') in 0.049460 seconds
Number of updated asset objects reloaded before import = 0
Number of asset objects unloaded after import = 12
========================================================================
Received Import Request.
  Time since last request: 0.000022 seconds.
  path: Assets/AddedAssets/Props/polyperfect/Low Poly Ultimate Pack/T/- Prefabs_T/People_T/man-pablo.prefab
  artifactKey: Guid(5bf1279f41337784fa0fa31ece1b61ed) Importer(815301076,1909f56bfc062723c751e8b465ee728b)
Start importing Assets/AddedAssets/Props/polyperfect/Low Poly Ultimate Pack/T/- Prefabs_T/People_T/man-pablo.prefab using Guid(5bf1279f41337784fa0fa31ece1b61ed) Importer(815301076,1909f56bfc062723c751e8b465ee728b)  -> (artifact id: 'd3d376adf1fd5573b8da24a467023411') in 0.046818 seconds
Number of updated asset objects reloaded before import = 0
Number of asset objects unloaded after import = 12
========================================================================
Received Import Request.
  Time since last request: 0.000034 seconds.
  path: Assets/AddedAssets/Props/polyperfect/Low Poly Ultimate Pack/T/- Prefabs_T/People_T/man-lad-rival.prefab
  artifactKey: Guid(341b5e548f9364d40895793517b31196) Importer(815301076,1909f56bfc062723c751e8b465ee728b)
Start importing Assets/AddedAssets/Props/polyperfect/Low Poly Ultimate Pack/T/- Prefabs_T/People_T/man-lad-rival.prefab using Guid(341b5e548f9364d40895793517b31196) Importer(815301076,1909f56bfc062723c751e8b465ee728b)  -> (artifact id: '6b1aa85f33fa6c101b3fa89bc735d208') in 0.047198 seconds
Number of updated asset objects reloaded before import = 0
Number of asset objects unloaded after import = 12
========================================================================
Received Import Request.
  Time since last request: 0.000019 seconds.
  path: Assets/AddedAssets/Props/polyperfect/Low Poly Ultimate Pack/T/- Prefabs_T/People_T/man-native.prefab
  artifactKey: Guid(e3ed5860c5e9903428590482dca65348) Importer(815301076,1909f56bfc062723c751e8b465ee728b)
Start importing Assets/AddedAssets/Props/polyperfect/Low Poly Ultimate Pack/T/- Prefabs_T/People_T/man-native.prefab using Guid(e3ed5860c5e9903428590482dca65348) Importer(815301076,1909f56bfc062723c751e8b465ee728b)  -> (artifact id: 'db0deba02976a1699652fadd8bfcd86c') in 0.050900 seconds
Number of updated asset objects reloaded before import = 0
Number of asset objects unloaded after import = 12
Editor requested this worker to shutdown with reason: Scaling down because of idle timeout
TcpMessagingSession - receive error: operation aborted. errorcode: 995, details: Îďĺđŕöč˙ ââîäŕ/âűâîäŕ áűëŕ ďđĺđâŕíŕ čç-çŕ çŕâĺđřĺíč˙ ďîňîęŕ ęîěŕíä čëč ďî çŕďđîńó ďđčëîćĺíč˙.
AssetImportWorker is now disconnected from the server
Process exiting
Exiting without the bug reporter. Application will terminate with return code 0